#
# A fatal error has been detected by the Java Runtime Environment:
#
#  SIGSEGV (0xb) at pc=0x00007f0de8275f7d, pid=3356, tid=3358
#
# JRE version: OpenJDK Runtime Environment Corretto-16.0.2.7.1 (16.0.2+7) (build 16.0.2+7)
# Java VM: OpenJDK 64-Bit Server VM Corretto-16.0.2.7.1 (16.0.2+7, mixed mode, sharing, tiered, compressed oops, compressed class ptrs, g1 gc, linux-amd64)
# Problematic frame:
# C  [liblwjgl_remotery.so+0x1f7d]
#
# Core dump will be written. Default location: Core dumps may be processed with "/usr/lib/systemd/systemd-coredump %P %u %g %s %t %c %h" (or dumping to /home/snoweuph/Git/GameEngine/GameEngine/core.3356)
#
# If you would like to submit a bug report, please visit:
#   https://github.com/corretto/corretto-jdk/issues/
# The crash happened outside the Java Virtual Machine in native code.
# See problematic frame for where to report the bug.
#

---------------  S U M M A R Y ------------

Command Line: -Dfile.encoding=UTF-8 -Duser.country=DE -Duser.language=de -Duser.variant org.euph.Main

Host: AMD Ryzen 5 1400 Quad-Core Processor, 8 cores, 15G, Freedesktop.org 21.08.14 (Flatpak runtime)
Time: Thu Jul 28 23:18:45 2022 CEST elapsed time: 9.376468 seconds (0d 0h 0m 9s)

---------------  T H R E A D  ---------------

Current thread (0x00007f0e18023ee0):  JavaThread "main" [_thread_in_native, id=3358, stack(0x00007f0e1f412000,0x00007f0e1f513000)]

Stack: [0x00007f0e1f412000,0x00007f0e1f513000],  sp=0x00007f0e1f511760,  free space=1021k
Native frames: (J=compiled Java code, A=aot compiled Java code, j=interpreted, Vv=VM code, C=native code)
C  [liblwjgl_remotery.so+0x1f7d]

Java frames: (J=compiled Java code, j=interpreted, Vv=VM code)
j  org.lwjgl.util.remotery.Remotery.nrmt_DestroyGlobalInstance(J)V+0
j  org.lwjgl.util.remotery.Remotery.rmt_DestroyGlobalInstance(J)V+12
j  org.euph.Main.main([Ljava/lang/String;)V+92
v  ~StubRoutines::call_stub

siginfo: si_signo: 11 (SIGSEGV), si_code: 1 (SEGV_MAPERR), si_addr: 0x0000000000000048

Register to memory mapping:

RAX=0x0 is NULL
RBX=0x00007f0e186e1250 points into unknown readable memory: 0x00007f0e186e7f60 | 60 7f 6e 18 0e 7f 00 00
RCX=0x00007f0e18000038 points into unknown readable memory: 0x0000000000000000 | 00 00 00 00 00 00 00 00
RDX=0x00007f0e186e1250 points into unknown readable memory: 0x00007f0e186e7f60 | 60 7f 6e 18 0e 7f 00 00
RSP=0x00007f0e1f511760 is pointing into the stack for thread: 0x00007f0e18023ee0
RBP=0x00007f0e186e7f60 points into unknown readable memory: 0x00007f0e186e9230 | 30 92 6e 18 0e 7f 00 00
RSI=0x00007f0e18643b18 points into unknown readable memory: 0x0000000200000001 | 01 00 00 00 02 00 00 00
RDI=0x0000000000000002 is an unknown value
R8 =0x0000000000000007 is an unknown value
R9 =0x00007f0e18643b80 points into unknown readable memory: 0x00007f0e1845df60 | 60 df 45 18 0e 7f 00 00
R10=0x0 is NULL
R11=0x0000000000000246 is an unknown value
R12=0x00007f0e18643b30 points into unknown readable memory: 0x00007f0e18644040 | 40 40 64 18 0e 7f 00 00
R13=0x00007f0e184a0720 points into unknown readable memory: 0x00007f0e1849c458 | 58 c4 49 18 0e 7f 00 00
R14=0x00007f0e184a0740 points into unknown readable memory: 0x0000000000000000 | 00 00 00 00 00 00 00 00
R15=0x00007f0e18023ee0 is a thread


Registers:
RAX=0x0000000000000000, RBX=0x00007f0e186e1250, RCX=0x00007f0e18000038, RDX=0x00007f0e186e1250
RSP=0x00007f0e1f511760, RBP=0x00007f0e186e7f60, RSI=0x00007f0e18643b18, RDI=0x0000000000000002
R8 =0x0000000000000007, R9 =0x00007f0e18643b80, R10=0x0000000000000000, R11=0x0000000000000246
R12=0x00007f0e18643b30, R13=0x00007f0e184a0720, R14=0x00007f0e184a0740, R15=0x00007f0e18023ee0
RIP=0x00007f0de8275f7d, EFLAGS=0x0000000000010206, CSGSFS=0x002b000000000033, ERR=0x0000000000000004
  TRAPNO=0x000000000000000e

Top of Stack: (sp=0x00007f0e1f511760)
0x00007f0e1f511760:   00007f0e18644040 00007f0de8278ea6
0x00007f0e1f511770:   00007f0e184a09d0 00007f0e184a09e0
0x00007f0e1f511780:   0000000000000003 00007f0de827c00e
0x00007f0e1f511790:   00007f0e1849c450 00007f0e184ab110 

Instructions: (pc=0x00007f0de8275f7d)
0x00007f0de8275e7d:   39 c9 75 df e9 67 ff ff ff 66 2e 0f 1f 84 00 00
0x00007f0de8275e8d:   00 00 00 b8 97 01 00 00 c3 66 2e 0f 1f 84 00 00
0x00007f0de8275e9d:   00 00 00 b8 94 01 00 00 c3 49 89 f8 0f 1f 80 00
0x00007f0de8275ead:   00 00 00 41 c6 00 00 31 c0 c3 66 0f 1f 84 00 00
0x00007f0de8275ebd:   00 00 00 c6 00 00 31 c0 c3 66 2e 0f 1f 84 00 00
0x00007f0de8275ecd:   00 00 00 b8 23 00 00 00 48 c7 07 00 00 00 00 c7
0x00007f0de8275edd:   47 08 00 00 00 00 66 89 47 14 48 c7 47 0c 00 00
0x00007f0de8275eed:   00 00 31 c0 c6 47 1b 00 48 c7 47 20 00 00 00 00
0x00007f0de8275efd:   48 c7 47 28 00 00 00 00 48 c7 47 30 00 00 00 00
0x00007f0de8275f0d:   48 c7 47 38 00 00 00 00 c7 47 40 00 00 00 00 48
0x00007f0de8275f1d:   c7 47 48 00 00 00 00 48 c7 47 50 00 00 00 00 48
0x00007f0de8275f2d:   c7 47 58 00 00 00 00 48 c7 47 60 00 00 00 00 48
0x00007f0de8275f3d:   c7 47 68 00 00 00 00 c3 90 66 2e 0f 1f 84 00 00
0x00007f0de8275f4d:   00 00 00 f3 c3 0f 1f 40 00 66 2e 0f 1f 84 00 00
0x00007f0de8275f5d:   00 00 00 48 8b 77 70 48 85 f6 74 37 48 8b 05 28
0x00007f0de8275f6d:   f3 20 00 53 48 89 fb 48 83 c6 08 bf 02 00 00 00
0x00007f0de8275f7d:   48 8b 40 48 ff 50 18 48 8b 73 70 48 8b 3d e9 f2
0x00007f0de8275f8d:   20 00 ff 15 db f2 20 00 48 c7 43 70 00 00 00 00
0x00007f0de8275f9d:   5b c3 90 f3 c3 0f 1f 40 00 66 2e 0f 1f 84 00 00
0x00007f0de8275fad:   00 00 00 55 53 b8 23 00 00 00 48 89 fb be 18 00
0x00007f0de8275fbd:   00 00 48 83 ec 08 48 c7 07 00 00 00 00 48 c7 47
0x00007f0de8275fcd:   0c 00 00 00 00 66 89 47 14 c6 47 1b 00 48 c7 47
0x00007f0de8275fdd:   20 00 00 00 00 48 c7 47 28 00 00 00 00 48 c7 47
0x00007f0de8275fed:   30 00 00 00 00 48 c7 47 38 00 00 00 00 c7 47 40
0x00007f0de8275ffd:   00 00 00 00 48 c7 47 48 00 00 00 00 48 c7 47 50
0x00007f0de827600d:   00 00 00 00 48 c7 47 58 00 00 00 00 48 c7 47 60
0x00007f0de827601d:   00 00 00 00 48 c7 47 68 00 00 00 00 c7 47 08 03
0x00007f0de827602d:   00 00 00 48 8b 3d 41 f2 20 00 ff 15 23 f2 20 00
0x00007f0de827603d:   48 85 c0 48 89 43 70 74 73 48 89 c5 48 c7 00 00
0x00007f0de827604d:   00 00 00 48 c7 40 08 00 00 00 00 48 c7 40 10 00
0x00007f0de827605d:   00 00 00 eb 18 0f 1f 40 00 66 2e 0f 1f 84 00 00
0x00007f0de827606d:   00 00 00 ff d0 85 c0 0f 84 a6 00 00 00 48 8b 05 


Stack slot to memory mapping:
stack at sp + 0 slots: 0x00007f0e18644040 points into unknown readable memory: 0x0000000700000078 | 78 00 00 00 07 00 00 00
stack at sp + 1 slots: 0x00007f0de8278ea6: <offset 0x0000000000004ea6> in /tmp/lwjglsnoweuph/3.3.1-build-7/liblwjgl_remotery.so at 0x00007f0de8274000
stack at sp + 2 slots: 0x00007f0e184a09d0 points into unknown readable memory: 0x00007f0e18643b30 | 30 3b 64 18 0e 7f 00 00
stack at sp + 3 slots: 0x00007f0e184a09e0 points into unknown readable memory: 0x0000000000000000 | 00 00 00 00 00 00 00 00
stack at sp + 4 slots: 0x0000000000000003 is an unknown value
stack at sp + 5 slots: 0x00007f0de827c00e: <offset 0x000000000000800e> in /tmp/lwjglsnoweuph/3.3.1-build-7/liblwjgl_remotery.so at 0x00007f0de8274000
stack at sp + 6 slots: 0x00007f0e1849c450 points into unknown readable memory: 0x00007f0e1848c420 | 20 c4 48 18 0e 7f 00 00
stack at sp + 7 slots: 0x00007f0e184ab110 points into unknown readable memory: 0x00007f0e184aaf80 | 80 af 4a 18 0e 7f 00 00


---------------  P R O C E S S  ---------------

Threads class SMR info:
_java_thread_list=0x00007f0e181c3620, length=11, elements={
0x00007f0e18023ee0, 0x00007f0e18177c60, 0x00007f0e181791e0, 0x00007f0e181a6140,
0x00007f0e181a7690, 0x00007f0e181a8bb0, 0x00007f0e181aa690, 0x00007f0e181abcf0,
0x00007f0e181b5280, 0x00007f0e181bc920, 0x00007f0e181c2520
}

Java Threads: ( => current thread )
=>0x00007f0e18023ee0 JavaThread "main" [_thread_in_native, id=3358, stack(0x00007f0e1f412000,0x00007f0e1f513000)]
  0x00007f0e18177c60 JavaThread "Reference Handler" daemon [_thread_blocked, id=3365, stack(0x00007f0df8702000,0x00007f0df8803000)]
  0x00007f0e181791e0 JavaThread "Finalizer" daemon [_thread_blocked, id=3366, stack(0x00007f0df8601000,0x00007f0df8702000)]
  0x00007f0e181a6140 JavaThread "Signal Dispatcher" daemon [_thread_blocked, id=3367, stack(0x00007f0df8233000,0x00007f0df8334000)]
  0x00007f0e181a7690 JavaThread "Service Thread" daemon [_thread_blocked, id=3368, stack(0x00007f0df8132000,0x00007f0df8233000)]
  0x00007f0e181a8bb0 JavaThread "Monitor Deflation Thread" daemon [_thread_blocked, id=3369, stack(0x00007f0df8031000,0x00007f0df8132000)]
  0x00007f0e181aa690 JavaThread "C2 CompilerThread0" daemon [_thread_blocked, id=3370, stack(0x00007f0de9eff000,0x00007f0dea000000)]
  0x00007f0e181abcf0 JavaThread "C1 CompilerThread0" daemon [_thread_blocked, id=3371, stack(0x00007f0de9dfe000,0x00007f0de9eff000)]
  0x00007f0e181b5280 JavaThread "Sweeper thread" daemon [_thread_blocked, id=3372, stack(0x00007f0de9cfd000,0x00007f0de9dfe000)]
  0x00007f0e181bc920 JavaThread "Notification Thread" daemon [_thread_blocked, id=3373, stack(0x00007f0de92ff000,0x00007f0de9400000)]
  0x00007f0e181c2520 JavaThread "Common-Cleaner" daemon [_thread_blocked, id=3375, stack(0x00007f0de90fc000,0x00007f0de91fd000)]

Other Threads:
  0x00007f0e181756a0 VMThread "VM Thread" [stack: 0x00007f0df8805000,0x00007f0df8905000] [id=3364]
  0x00007f0e181be3f0 WatcherThread [stack: 0x00007f0de91ff000,0x00007f0de92ff000] [id=3374]
  0x00007f0e180738d0 GCTaskThread "GC Thread#0" [stack: 0x00007f0e1ccfd000,0x00007f0e1cdfd000] [id=3359]
  0x00007f0e18084880 ConcurrentGCThread "G1 Main Marker" [stack: 0x00007f0e1cbfb000,0x00007f0e1ccfb000] [id=3360]
  0x00007f0e18085910 ConcurrentGCThread "G1 Conc#0" [stack: 0x00007f0e1caf9000,0x00007f0e1cbf9000] [id=3361]
  0x00007f0e1813b610 ConcurrentGCThread "G1 Refine#0" [stack: 0x00007f0e1c1ef000,0x00007f0e1c2ef000] [id=3362]
  0x00007f0e1813c630 ConcurrentGCThread "G1 Service" [stack: 0x00007f0e1c0ed000,0x00007f0e1c1ed000] [id=3363]

Threads with active compile tasks:

VM state: not at safepoint (normal execution)

VM Mutex/Monitor currently owned by a thread: None

Heap address: 0x0000000707c00000, size: 3972 MB, Compressed Oops mode: Zero based, Oop shift amount: 3

CDS archive(s) mapped at: [0x0000000800000000-0x0000000800bf7000-0x0000000800bf7000), size 12546048, SharedBaseAddress: 0x0000000800000000, ArchiveRelocationMode: 0.
Compressed class space mapped at: 0x0000000800c00000-0x0000000840c00000, reserved size: 1073741824
Narrow klass base: 0x0000000800000000, Narrow klass shift: 3, Narrow klass range: 0x100000000

GC Precious Log:
 CPUs: 8 total, 8 available
 Memory: 15881M
 Large Page Support: Disabled
 NUMA Support: Disabled
 Compressed Oops: Enabled (Zero based)
 Heap Region Size: 2M
 Heap Min Capacity: 8M
 Heap Initial Capacity: 250M
 Heap Max Capacity: 3972M
 Pre-touch: Disabled
 Parallel Workers: 8
 Concurrent Workers: 2
 Concurrent Refinement Workers: 8
 Periodic GC: Disabled

Heap:
 garbage-first heap   total 260096K, used 10232K [0x0000000707c00000, 0x0000000800000000)
  region size 2048K, 5 young (10240K), 0 survivors (0K)
 Metaspace       used 3014K, committed 3200K, reserved 1056768K
  class space    used 181K, committed 256K, reserved 1048576K

Heap Regions: E=young(eden), S=young(survivor), O=old, HS=humongous(starts), HC=humongous(continues), CS=collection set, F=free, OA=open archive, CA=closed archive, TAMS=top-at-mark-start (previous, next)
|   0|0x0000000707c00000, 0x0000000707c00000, 0x0000000707e00000|  0%| F|  |TAMS 0x0000000707c00000, 0x0000000707c00000| Untracked 
|   1|0x0000000707e00000, 0x0000000707e00000, 0x0000000708000000|  0%| F|  |TAMS 0x0000000707e00000, 0x0000000707e00000| Untracked 
|   2|0x0000000708000000, 0x0000000708000000, 0x0000000708200000|  0%| F|  |TAMS 0x0000000708000000, 0x0000000708000000| Untracked 
|   3|0x0000000708200000, 0x0000000708200000, 0x0000000708400000|  0%| F|  |TAMS 0x0000000708200000, 0x0000000708200000| Untracked 
|   4|0x0000000708400000, 0x0000000708400000, 0x0000000708600000|  0%| F|  |TAMS 0x0000000708400000, 0x0000000708400000| Untracked 
|   5|0x0000000708600000, 0x0000000708600000, 0x0000000708800000|  0%| F|  |TAMS 0x0000000708600000, 0x0000000708600000| Untracked 
|   6|0x0000000708800000, 0x0000000708800000, 0x0000000708a00000|  0%| F|  |TAMS 0x0000000708800000, 0x0000000708800000| Untracked 
|   7|0x0000000708a00000, 0x0000000708a00000, 0x0000000708c00000|  0%| F|  |TAMS 0x0000000708a00000, 0x0000000708a00000| Untracked 
|   8|0x0000000708c00000, 0x0000000708c00000, 0x0000000708e00000|  0%| F|  |TAMS 0x0000000708c00000, 0x0000000708c00000| Untracked 
|   9|0x0000000708e00000, 0x0000000708e00000, 0x0000000709000000|  0%| F|  |TAMS 0x0000000708e00000, 0x0000000708e00000| Untracked 
|  10|0x0000000709000000, 0x0000000709000000, 0x0000000709200000|  0%| F|  |TAMS 0x0000000709000000, 0x0000000709000000| Untracked 
|  11|0x0000000709200000, 0x0000000709200000, 0x0000000709400000|  0%| F|  |TAMS 0x0000000709200000, 0x0000000709200000| Untracked 
|  12|0x0000000709400000, 0x0000000709400000, 0x0000000709600000|  0%| F|  |TAMS 0x0000000709400000, 0x0000000709400000| Untracked 
|  13|0x0000000709600000, 0x0000000709600000, 0x0000000709800000|  0%| F|  |TAMS 0x0000000709600000, 0x0000000709600000| Untracked 
|  14|0x0000000709800000, 0x0000000709800000, 0x0000000709a00000|  0%| F|  |TAMS 0x0000000709800000, 0x0000000709800000| Untracked 
|  15|0x0000000709a00000, 0x0000000709a00000, 0x0000000709c00000|  0%| F|  |TAMS 0x0000000709a00000, 0x0000000709a00000| Untracked 
|  16|0x0000000709c00000, 0x0000000709c00000, 0x0000000709e00000|  0%| F|  |TAMS 0x0000000709c00000, 0x0000000709c00000| Untracked 
|  17|0x0000000709e00000, 0x0000000709e00000, 0x000000070a000000|  0%| F|  |TAMS 0x0000000709e00000, 0x0000000709e00000| Untracked 
|  18|0x000000070a000000, 0x000000070a000000, 0x000000070a200000|  0%| F|  |TAMS 0x000000070a000000, 0x000000070a000000| Untracked 
|  19|0x000000070a200000, 0x000000070a200000, 0x000000070a400000|  0%| F|  |TAMS 0x000000070a200000, 0x000000070a200000| Untracked 
|  20|0x000000070a400000, 0x000000070a400000, 0x000000070a600000|  0%| F|  |TAMS 0x000000070a400000, 0x000000070a400000| Untracked 
|  21|0x000000070a600000, 0x000000070a600000, 0x000000070a800000|  0%| F|  |TAMS 0x000000070a600000, 0x000000070a600000| Untracked 
|  22|0x000000070a800000, 0x000000070a800000, 0x000000070aa00000|  0%| F|  |TAMS 0x000000070a800000, 0x000000070a800000| Untracked 
|  23|0x000000070aa00000, 0x000000070aa00000, 0x000000070ac00000|  0%| F|  |TAMS 0x000000070aa00000, 0x000000070aa00000| Untracked 
|  24|0x000000070ac00000, 0x000000070ac00000, 0x000000070ae00000|  0%| F|  |TAMS 0x000000070ac00000, 0x000000070ac00000| Untracked 
|  25|0x000000070ae00000, 0x000000070ae00000, 0x000000070b000000|  0%| F|  |TAMS 0x000000070ae00000, 0x000000070ae00000| Untracked 
|  26|0x000000070b000000, 0x000000070b000000, 0x000000070b200000|  0%| F|  |TAMS 0x000000070b000000, 0x000000070b000000| Untracked 
|  27|0x000000070b200000, 0x000000070b200000, 0x000000070b400000|  0%| F|  |TAMS 0x000000070b200000, 0x000000070b200000| Untracked 
|  28|0x000000070b400000, 0x000000070b400000, 0x000000070b600000|  0%| F|  |TAMS 0x000000070b400000, 0x000000070b400000| Untracked 
|  29|0x000000070b600000, 0x000000070b600000, 0x000000070b800000|  0%| F|  |TAMS 0x000000070b600000, 0x000000070b600000| Untracked 
|  30|0x000000070b800000, 0x000000070b800000, 0x000000070ba00000|  0%| F|  |TAMS 0x000000070b800000, 0x000000070b800000| Untracked 
|  31|0x000000070ba00000, 0x000000070ba00000, 0x000000070bc00000|  0%| F|  |TAMS 0x000000070ba00000, 0x000000070ba00000| Untracked 
|  32|0x000000070bc00000, 0x000000070bc00000, 0x000000070be00000|  0%| F|  |TAMS 0x000000070bc00000, 0x000000070bc00000| Untracked 
|  33|0x000000070be00000, 0x000000070be00000, 0x000000070c000000|  0%| F|  |TAMS 0x000000070be00000, 0x000000070be00000| Untracked 
|  34|0x000000070c000000, 0x000000070c000000, 0x000000070c200000|  0%| F|  |TAMS 0x000000070c000000, 0x000000070c000000| Untracked 
|  35|0x000000070c200000, 0x000000070c200000, 0x000000070c400000|  0%| F|  |TAMS 0x000000070c200000, 0x000000070c200000| Untracked 
|  36|0x000000070c400000, 0x000000070c400000, 0x000000070c600000|  0%| F|  |TAMS 0x000000070c400000, 0x000000070c400000| Untracked 
|  37|0x000000070c600000, 0x000000070c600000, 0x000000070c800000|  0%| F|  |TAMS 0x000000070c600000, 0x000000070c600000| Untracked 
|  38|0x000000070c800000, 0x000000070c800000, 0x000000070ca00000|  0%| F|  |TAMS 0x000000070c800000, 0x000000070c800000| Untracked 
|  39|0x000000070ca00000, 0x000000070ca00000, 0x000000070cc00000|  0%| F|  |TAMS 0x000000070ca00000, 0x000000070ca00000| Untracked 
|  40|0x000000070cc00000, 0x000000070cc00000, 0x000000070ce00000|  0%| F|  |TAMS 0x000000070cc00000, 0x000000070cc00000| Untracked 
|  41|0x000000070ce00000, 0x000000070ce00000, 0x000000070d000000|  0%| F|  |TAMS 0x000000070ce00000, 0x000000070ce00000| Untracked 
|  42|0x000000070d000000, 0x000000070d000000, 0x000000070d200000|  0%| F|  |TAMS 0x000000070d000000, 0x000000070d000000| Untracked 
|  43|0x000000070d200000, 0x000000070d200000, 0x000000070d400000|  0%| F|  |TAMS 0x000000070d200000, 0x000000070d200000| Untracked 
|  44|0x000000070d400000, 0x000000070d400000, 0x000000070d600000|  0%| F|  |TAMS 0x000000070d400000, 0x000000070d400000| Untracked 
|  45|0x000000070d600000, 0x000000070d600000, 0x000000070d800000|  0%| F|  |TAMS 0x000000070d600000, 0x000000070d600000| Untracked 
|  46|0x000000070d800000, 0x000000070d800000, 0x000000070da00000|  0%| F|  |TAMS 0x000000070d800000, 0x000000070d800000| Untracked 
|  47|0x000000070da00000, 0x000000070da00000, 0x000000070dc00000|  0%| F|  |TAMS 0x000000070da00000, 0x000000070da00000| Untracked 
|  48|0x000000070dc00000, 0x000000070dc00000, 0x000000070de00000|  0%| F|  |TAMS 0x000000070dc00000, 0x000000070dc00000| Untracked 
|  49|0x000000070de00000, 0x000000070de00000, 0x000000070e000000|  0%| F|  |TAMS 0x000000070de00000, 0x000000070de00000| Untracked 
|  50|0x000000070e000000, 0x000000070e000000, 0x000000070e200000|  0%| F|  |TAMS 0x000000070e000000, 0x000000070e000000| Untracked 
|  51|0x000000070e200000, 0x000000070e200000, 0x000000070e400000|  0%| F|  |TAMS 0x000000070e200000, 0x000000070e200000| Untracked 
|  52|0x000000070e400000, 0x000000070e400000, 0x000000070e600000|  0%| F|  |TAMS 0x000000070e400000, 0x000000070e400000| Untracked 
|  53|0x000000070e600000, 0x000000070e600000, 0x000000070e800000|  0%| F|  |TAMS 0x000000070e600000, 0x000000070e600000| Untracked 
|  54|0x000000070e800000, 0x000000070e800000, 0x000000070ea00000|  0%| F|  |TAMS 0x000000070e800000, 0x000000070e800000| Untracked 
|  55|0x000000070ea00000, 0x000000070ea00000, 0x000000070ec00000|  0%| F|  |TAMS 0x000000070ea00000, 0x000000070ea00000| Untracked 
|  56|0x000000070ec00000, 0x000000070ec00000, 0x000000070ee00000|  0%| F|  |TAMS 0x000000070ec00000, 0x000000070ec00000| Untracked 
|  57|0x000000070ee00000, 0x000000070ee00000, 0x000000070f000000|  0%| F|  |TAMS 0x000000070ee00000, 0x000000070ee00000| Untracked 
|  58|0x000000070f000000, 0x000000070f000000, 0x000000070f200000|  0%| F|  |TAMS 0x000000070f000000, 0x000000070f000000| Untracked 
|  59|0x000000070f200000, 0x000000070f200000, 0x000000070f400000|  0%| F|  |TAMS 0x000000070f200000, 0x000000070f200000| Untracked 
|  60|0x000000070f400000, 0x000000070f400000, 0x000000070f600000|  0%| F|  |TAMS 0x000000070f400000, 0x000000070f400000| Untracked 
|  61|0x000000070f600000, 0x000000070f600000, 0x000000070f800000|  0%| F|  |TAMS 0x000000070f600000, 0x000000070f600000| Untracked 
|  62|0x000000070f800000, 0x000000070f800000, 0x000000070fa00000|  0%| F|  |TAMS 0x000000070f800000, 0x000000070f800000| Untracked 
|  63|0x000000070fa00000, 0x000000070fa00000, 0x000000070fc00000|  0%| F|  |TAMS 0x000000070fa00000, 0x000000070fa00000| Untracked 
|  64|0x000000070fc00000, 0x000000070fc00000, 0x000000070fe00000|  0%| F|  |TAMS 0x000000070fc00000, 0x000000070fc00000| Untracked 
|  65|0x000000070fe00000, 0x000000070fe00000, 0x0000000710000000|  0%| F|  |TAMS 0x000000070fe00000, 0x000000070fe00000| Untracked 
|  66|0x0000000710000000, 0x0000000710000000, 0x0000000710200000|  0%| F|  |TAMS 0x0000000710000000, 0x0000000710000000| Untracked 
|  67|0x0000000710200000, 0x0000000710200000, 0x0000000710400000|  0%| F|  |TAMS 0x0000000710200000, 0x0000000710200000| Untracked 
|  68|0x0000000710400000, 0x0000000710400000, 0x0000000710600000|  0%| F|  |TAMS 0x0000000710400000, 0x0000000710400000| Untracked 
|  69|0x0000000710600000, 0x0000000710600000, 0x0000000710800000|  0%| F|  |TAMS 0x0000000710600000, 0x0000000710600000| Untracked 
|  70|0x0000000710800000, 0x0000000710800000, 0x0000000710a00000|  0%| F|  |TAMS 0x0000000710800000, 0x0000000710800000| Untracked 
|  71|0x0000000710a00000, 0x0000000710a00000, 0x0000000710c00000|  0%| F|  |TAMS 0x0000000710a00000, 0x0000000710a00000| Untracked 
|  72|0x0000000710c00000, 0x0000000710c00000, 0x0000000710e00000|  0%| F|  |TAMS 0x0000000710c00000, 0x0000000710c00000| Untracked 
|  73|0x0000000710e00000, 0x0000000710e00000, 0x0000000711000000|  0%| F|  |TAMS 0x0000000710e00000, 0x0000000710e00000| Untracked 
|  74|0x0000000711000000, 0x0000000711000000, 0x0000000711200000|  0%| F|  |TAMS 0x0000000711000000, 0x0000000711000000| Untracked 
|  75|0x0000000711200000, 0x0000000711200000, 0x0000000711400000|  0%| F|  |TAMS 0x0000000711200000, 0x0000000711200000| Untracked 
|  76|0x0000000711400000, 0x0000000711400000, 0x0000000711600000|  0%| F|  |TAMS 0x0000000711400000, 0x0000000711400000| Untracked 
|  77|0x0000000711600000, 0x0000000711600000, 0x0000000711800000|  0%| F|  |TAMS 0x0000000711600000, 0x0000000711600000| Untracked 
|  78|0x0000000711800000, 0x0000000711800000, 0x0000000711a00000|  0%| F|  |TAMS 0x0000000711800000, 0x0000000711800000| Untracked 
|  79|0x0000000711a00000, 0x0000000711a00000, 0x0000000711c00000|  0%| F|  |TAMS 0x0000000711a00000, 0x0000000711a00000| Untracked 
|  80|0x0000000711c00000, 0x0000000711c00000, 0x0000000711e00000|  0%| F|  |TAMS 0x0000000711c00000, 0x0000000711c00000| Untracked 
|  81|0x0000000711e00000, 0x0000000711e00000, 0x0000000712000000|  0%| F|  |TAMS 0x0000000711e00000, 0x0000000711e00000| Untracked 
|  82|0x0000000712000000, 0x0000000712000000, 0x0000000712200000|  0%| F|  |TAMS 0x0000000712000000, 0x0000000712000000| Untracked 
|  83|0x0000000712200000, 0x0000000712200000, 0x0000000712400000|  0%| F|  |TAMS 0x0000000712200000, 0x0000000712200000| Untracked 
|  84|0x0000000712400000, 0x0000000712400000, 0x0000000712600000|  0%| F|  |TAMS 0x0000000712400000, 0x0000000712400000| Untracked 
|  85|0x0000000712600000, 0x0000000712600000, 0x0000000712800000|  0%| F|  |TAMS 0x0000000712600000, 0x0000000712600000| Untracked 
|  86|0x0000000712800000, 0x0000000712800000, 0x0000000712a00000|  0%| F|  |TAMS 0x0000000712800000, 0x0000000712800000| Untracked 
|  87|0x0000000712a00000, 0x0000000712a00000, 0x0000000712c00000|  0%| F|  |TAMS 0x0000000712a00000, 0x0000000712a00000| Untracked 
|  88|0x0000000712c00000, 0x0000000712c00000, 0x0000000712e00000|  0%| F|  |TAMS 0x0000000712c00000, 0x0000000712c00000| Untracked 
|  89|0x0000000712e00000, 0x0000000712e00000, 0x0000000713000000|  0%| F|  |TAMS 0x0000000712e00000, 0x0000000712e00000| Untracked 
|  90|0x0000000713000000, 0x0000000713000000, 0x0000000713200000|  0%| F|  |TAMS 0x0000000713000000, 0x0000000713000000| Untracked 
|  91|0x0000000713200000, 0x0000000713200000, 0x0000000713400000|  0%| F|  |TAMS 0x0000000713200000, 0x0000000713200000| Untracked 
|  92|0x0000000713400000, 0x0000000713400000, 0x0000000713600000|  0%| F|  |TAMS 0x0000000713400000, 0x0000000713400000| Untracked 
|  93|0x0000000713600000, 0x0000000713600000, 0x0000000713800000|  0%| F|  |TAMS 0x0000000713600000, 0x0000000713600000| Untracked 
|  94|0x0000000713800000, 0x0000000713800000, 0x0000000713a00000|  0%| F|  |TAMS 0x0000000713800000, 0x0000000713800000| Untracked 
|  95|0x0000000713a00000, 0x0000000713a00000, 0x0000000713c00000|  0%| F|  |TAMS 0x0000000713a00000, 0x0000000713a00000| Untracked 
|  96|0x0000000713c00000, 0x0000000713c00000, 0x0000000713e00000|  0%| F|  |TAMS 0x0000000713c00000, 0x0000000713c00000| Untracked 
|  97|0x0000000713e00000, 0x0000000713e00000, 0x0000000714000000|  0%| F|  |TAMS 0x0000000713e00000, 0x0000000713e00000| Untracked 
|  98|0x0000000714000000, 0x0000000714000000, 0x0000000714200000|  0%| F|  |TAMS 0x0000000714000000, 0x0000000714000000| Untracked 
|  99|0x0000000714200000, 0x0000000714200000, 0x0000000714400000|  0%| F|  |TAMS 0x0000000714200000, 0x0000000714200000| Untracked 
| 100|0x0000000714400000, 0x0000000714400000, 0x0000000714600000|  0%| F|  |TAMS 0x0000000714400000, 0x0000000714400000| Untracked 
| 101|0x0000000714600000, 0x0000000714600000, 0x0000000714800000|  0%| F|  |TAMS 0x0000000714600000, 0x0000000714600000| Untracked 
| 102|0x0000000714800000, 0x0000000714800000, 0x0000000714a00000|  0%| F|  |TAMS 0x0000000714800000, 0x0000000714800000| Untracked 
| 103|0x0000000714a00000, 0x0000000714a00000, 0x0000000714c00000|  0%| F|  |TAMS 0x0000000714a00000, 0x0000000714a00000| Untracked 
| 104|0x0000000714c00000, 0x0000000714c00000, 0x0000000714e00000|  0%| F|  |TAMS 0x0000000714c00000, 0x0000000714c00000| Untracked 
| 105|0x0000000714e00000, 0x0000000714e00000, 0x0000000715000000|  0%| F|  |TAMS 0x0000000714e00000, 0x0000000714e00000| Untracked 
| 106|0x0000000715000000, 0x0000000715000000, 0x0000000715200000|  0%| F|  |TAMS 0x0000000715000000, 0x0000000715000000| Untracked 
| 107|0x0000000715200000, 0x0000000715200000, 0x0000000715400000|  0%| F|  |TAMS 0x0000000715200000, 0x0000000715200000| Untracked 
| 108|0x0000000715400000, 0x0000000715400000, 0x0000000715600000|  0%| F|  |TAMS 0x0000000715400000, 0x0000000715400000| Untracked 
| 109|0x0000000715600000, 0x0000000715600000, 0x0000000715800000|  0%| F|  |TAMS 0x0000000715600000, 0x0000000715600000| Untracked 
| 110|0x0000000715800000, 0x0000000715800000, 0x0000000715a00000|  0%| F|  |TAMS 0x0000000715800000, 0x0000000715800000| Untracked 
| 111|0x0000000715a00000, 0x0000000715a00000, 0x0000000715c00000|  0%| F|  |TAMS 0x0000000715a00000, 0x0000000715a00000| Untracked 
| 112|0x0000000715c00000, 0x0000000715c00000, 0x0000000715e00000|  0%| F|  |TAMS 0x0000000715c00000, 0x0000000715c00000| Untracked 
| 113|0x0000000715e00000, 0x0000000715e00000, 0x0000000716000000|  0%| F|  |TAMS 0x0000000715e00000, 0x0000000715e00000| Untracked 
| 114|0x0000000716000000, 0x0000000716000000, 0x0000000716200000|  0%| F|  |TAMS 0x0000000716000000, 0x0000000716000000| Untracked 
| 115|0x0000000716200000, 0x0000000716200000, 0x0000000716400000|  0%| F|  |TAMS 0x0000000716200000, 0x0000000716200000| Untracked 
| 116|0x0000000716400000, 0x0000000716400000, 0x0000000716600000|  0%| F|  |TAMS 0x0000000716400000, 0x0000000716400000| Untracked 
| 117|0x0000000716600000, 0x0000000716600000, 0x0000000716800000|  0%| F|  |TAMS 0x0000000716600000, 0x0000000716600000| Untracked 
| 118|0x0000000716800000, 0x0000000716800000, 0x0000000716a00000|  0%| F|  |TAMS 0x0000000716800000, 0x0000000716800000| Untracked 
| 119|0x0000000716a00000, 0x0000000716a00000, 0x0000000716c00000|  0%| F|  |TAMS 0x0000000716a00000, 0x0000000716a00000| Untracked 
| 120|0x0000000716c00000, 0x0000000716ce1cc8, 0x0000000716e00000| 44%| E|  |TAMS 0x0000000716c00000, 0x0000000716c00000| Complete 
| 121|0x0000000716e00000, 0x0000000717000000, 0x0000000717000000|100%| E|CS|TAMS 0x0000000716e00000, 0x0000000716e00000| Complete 
| 122|0x0000000717000000, 0x0000000717200000, 0x0000000717200000|100%| E|CS|TAMS 0x0000000717000000, 0x0000000717000000| Complete 
| 123|0x0000000717200000, 0x0000000717400000, 0x0000000717400000|100%| E|CS|TAMS 0x0000000717200000, 0x0000000717200000| Complete 
| 124|0x0000000717400000, 0x0000000717600000, 0x0000000717600000|100%| E|CS|TAMS 0x0000000717400000, 0x0000000717400000| Complete 
|1984|0x00000007ffc00000, 0x00000007ffd76000, 0x00000007ffe00000| 73%|OA|  |TAMS 0x00000007ffc00000, 0x00000007ffc00000| Untracked 
|1985|0x00000007ffe00000, 0x00000007ffe88000, 0x0000000800000000| 26%|CA|  |TAMS 0x00000007ffe00000, 0x00000007ffe00000| Untracked 

Card table byte_map: [0x00007f0e1d640000,0x00007f0e1de02000] _byte_map_base: 0x00007f0e19e02000

Marking Bits (Prev, Next): (CMBitMap*) 0x00007f0e18074480, (CMBitMap*) 0x00007f0e180744c0
 Prev Bits: [0x00007f0dfc796000, 0x00007f0e005a6000)
 Next Bits: [0x00007f0df8986000, 0x00007f0dfc796000)

Polling page: 0x00007f0e20e6f000

Metaspace:

Usage:
  Non-class:      2,77 MB used.
      Class:    181,50 KB used.
       Both:      2,94 MB used.

Virtual space:
  Non-class space:        8,00 MB reserved,       2,88 MB ( 36%) committed,  1 nodes.
      Class space:        1,00 GB reserved,     256,00 KB ( <1%) committed,  1 nodes.
              Both:        1,01 GB reserved,       3,12 MB ( <1%) committed. 

Chunk freelists:
   Non-Class:  2,54 MB
       Class:  3,63 MB
        Both:  6,17 MB

MaxMetaspaceSize: 17179869184,00 GB
CompressedClassSpaceSize: 1,00 GB
 - commit_granule_bytes: 65536.
 - commit_granule_words: 8192.
 - virtual_space_node_default_size: 1048576.
 - enlarge_chunks_in_place: 1.
 - new_chunks_are_fully_committed: 0.
 - uncommit_free_chunks: 1.
 - use_allocation_guard: 0.
 - handle_deallocations: 1.


Internal statistics:

num_allocs_failed_limit: 0.
num_arena_births: 82.
num_arena_deaths: 0.
num_vsnodes_births: 2.
num_vsnodes_deaths: 0.
num_space_committed: 48.
num_space_uncommitted: 0.
num_chunks_returned_to_freelist: 0.
num_chunks_taken_from_freelist: 162.
num_chunk_merges: 0.
num_chunk_splits: 96.
num_chunks_enlarged: 62.
num_purges: 0.

CodeHeap 'non-profiled nmethods': size=120028Kb used=211Kb max_used=211Kb free=119816Kb
 bounds [0x00007f0e0806f000, 0x00007f0e082df000, 0x00007f0e0f5a6000]
CodeHeap 'profiled nmethods': size=120028Kb used=1086Kb max_used=1086Kb free=118941Kb
 bounds [0x00007f0e00b38000, 0x00007f0e00da8000, 0x00007f0e0806f000]
CodeHeap 'non-nmethods': size=5704Kb used=1521Kb max_used=1535Kb free=4183Kb
 bounds [0x00007f0e005a6000, 0x00007f0e00816000, 0x00007f0e00b38000]
 total_blobs=1642 nmethods=717 adapters=839
 compilation: enabled
              stopped_count=0, restarted_count=0
 full_count=0

Compilation events (20 events):
Event: 3,838 Thread 0x00007f0e181abcf0  705       3       java.lang.invoke.DirectMethodHandle$Holder::invokeStatic (17 bytes)
Event: 3,838 Thread 0x00007f0e181abcf0 nmethod 705 0x00007f0e00c43790 code [0x00007f0e00c43960, 0x00007f0e00c43db0]
Event: 3,838 Thread 0x00007f0e181abcf0  706       3       java.lang.invoke.DirectMethodHandle$Holder::invokeStatic (14 bytes)
Event: 3,838 Thread 0x00007f0e181abcf0 nmethod 706 0x00007f0e00c43f10 code [0x00007f0e00c440e0, 0x00007f0e00c444d0]
Event: 3,838 Thread 0x00007f0e181abcf0  707       3       java.lang.invoke.LambdaForm$MH/0x0000000800c1cc00::invoke (32 bytes)
Event: 3,839 Thread 0x00007f0e181abcf0 nmethod 707 0x00007f0e00c44610 code [0x00007f0e00c447e0, 0x00007f0e00c44cb0]
Event: 3,839 Thread 0x00007f0e181abcf0  708       3       java.lang.invoke.DirectMethodHandle$Holder::invokeStatic (21 bytes)
Event: 3,839 Thread 0x00007f0e181abcf0 nmethod 708 0x00007f0e00c44e10 code [0x00007f0e00c44fe0, 0x00007f0e00c45470]
Event: 3,839 Thread 0x00007f0e181abcf0  709       3       java.lang.StringConcatHelper::prepend (22 bytes)
Event: 3,839 Thread 0x00007f0e181abcf0 nmethod 709 0x00007f0e00c45590 code [0x00007f0e00c45740, 0x00007f0e00c458d0]
Event: 3,839 Thread 0x00007f0e181abcf0  710       3       java.lang.invoke.DirectMethodHandle$Holder::invokeStatic (17 bytes)
Event: 3,840 Thread 0x00007f0e181abcf0 nmethod 710 0x00007f0e00c45990 code [0x00007f0e00c45b60, 0x00007f0e00c46010]
Event: 4,321 Thread 0x00007f0e181abcf0  711       3       jdk.internal.math.FloatingDecimal$BinaryToASCIIBuffer::roundup (104 bytes)
Event: 4,321 Thread 0x00007f0e181abcf0 nmethod 711 0x00007f0e00c46110 code [0x00007f0e00c462e0, 0x00007f0e00c46630]
Event: 4,564 Thread 0x00007f0e181abcf0  712   !   3       org.lwjgl.util.remotery.Remotery::rmt_LogText (44 bytes)
Event: 4,565 Thread 0x00007f0e181abcf0 nmethod 712 0x00007f0e00c46790 code [0x00007f0e00c469e0, 0x00007f0e00c47510]
Event: 5,199 Thread 0x00007f0e181aa690  716       4       java.lang.StringUTF16::compress (50 bytes)
Event: 5,211 Thread 0x00007f0e181aa690 nmethod 716 0x00007f0e080a3490 code [0x00007f0e080a3620, 0x00007f0e080a39d8]
Event: 7,801 Thread 0x00007f0e181aa690  717       4       org.lwjgl.system.MemoryStack::nmalloc (61 bytes)
Event: 7,802 Thread 0x00007f0e181aa690 nmethod 717 0x00007f0e080a3b10 code [0x00007f0e080a3ca0, 0x00007f0e080a3d58]

GC Heap History (0 events):
No events

Deoptimization events (16 events):
Event: 0,149 Thread 0x00007f0e18023ee0 DEOPT PACKING pc=0x00007f0e00b3ef5a sp=0x00007f0e1f50e810
Event: 0,149 Thread 0x00007f0e18023ee0 DEOPT UNPACKING pc=0x00007f0e005f3bba sp=0x00007f0e1f50dc50 mode 0
Event: 0,152 Thread 0x00007f0e18023ee0 DEOPT PACKING pc=0x00007f0e00b39d4e sp=0x00007f0e1f50da90
Event: 0,152 Thread 0x00007f0e18023ee0 DEOPT UNPACKING pc=0x00007f0e005f3bba sp=0x00007f0e1f50cf28 mode 0
Event: 0,177 Thread 0x00007f0e18023ee0 Uncommon trap: trap_request=0xffffff45 fr.pc=0x00007f0e0806f57c relative=0x000000000000005c
Event: 0,177 Thread 0x00007f0e18023ee0 Uncommon trap: reason=unstable_if action=reinterpret pc=0x00007f0e0806f57c method=java.lang.String.isLatin1()Z @ 10 c2
Event: 0,177 Thread 0x00007f0e18023ee0 DEOPT PACKING pc=0x00007f0e0806f57c sp=0x00007f0e1f50eec0
Event: 0,177 Thread 0x00007f0e18023ee0 DEOPT UNPACKING pc=0x00007f0e005f3424 sp=0x00007f0e1f50ee70 mode 2
Event: 0,202 Thread 0x00007f0e18023ee0 DEOPT PACKING pc=0x00007f0e00b3bc6e sp=0x00007f0e1f50fa10
Event: 0,202 Thread 0x00007f0e18023ee0 DEOPT UNPACKING pc=0x00007f0e005f3bba sp=0x00007f0e1f50eea8 mode 0
Event: 0,213 Thread 0x00007f0e18023ee0 DEOPT PACKING pc=0x00007f0e00b3bc6e sp=0x00007f0e1f50f800
Event: 0,213 Thread 0x00007f0e18023ee0 DEOPT UNPACKING pc=0x00007f0e005f3bba sp=0x00007f0e1f50ec70 mode 0
Event: 0,355 Thread 0x00007f0e18023ee0 Uncommon trap: trap_request=0xffffff54 fr.pc=0x00007f0e08098880 relative=0x0000000000000060
Event: 0,355 Thread 0x00007f0e18023ee0 Uncommon trap: reason=speculate_null_assert action=make_not_entrant pc=0x00007f0e08098880 method=sun.misc.Unsafe.putLong(Ljava/lang/Object;JJ)V @ 7 c2
Event: 0,355 Thread 0x00007f0e18023ee0 DEOPT PACKING pc=0x00007f0e08098880 sp=0x00007f0e1f5113b0
Event: 0,355 Thread 0x00007f0e18023ee0 DEOPT UNPACKING pc=0x00007f0e005f3424 sp=0x00007f0e1f511348 mode 2

Classes unloaded (0 events):
No events

Classes redefined (0 events):
No events

Internal exceptions (18 events):
Event: 0,111 Thread 0x00007f0e18023ee0 Exception <a 'java/lang/NoSuchMethodError'{0x0000000717319580}: 'java.lang.Object java.lang.invoke.DirectMethodHandle$Holder.invokeStatic(java.lang.Object)'> (0x0000000717319580) 
thrown [./src/hotspot/share/interpreter/linkResolver.cpp, line 790]
Event: 0,112 Thread 0x00007f0e18023ee0 Exception <a 'java/lang/NoSuchMethodError'{0x000000071731ccd0}: 'java.lang.Object java.lang.invoke.DirectMethodHandle$Holder.invokeStaticInit(java.lang.Object)'> (0x000000071731ccd0) 
thrown [./src/hotspot/share/interpreter/linkResolver.cpp, line 790]
Event: 0,127 Thread 0x00007f0e18023ee0 Exception <a 'java/lang/NoSuchMethodError'{0x00000007173847a8}: 'void java.lang.invoke.DirectMethodHandle$Holder.invokeStatic(java.lang.Object, java.lang.Object)'> (0x00000007173847a8) 
thrown [./src/hotspot/share/interpreter/linkResolver.cpp, line 790]
Event: 0,128 Thread 0x00007f0e18023ee0 Exception <a 'java/lang/NoSuchMethodError'{0x0000000717389bd8}: 'void java.lang.invoke.DirectMethodHandle$Holder.invokeSpecial(java.lang.Object, java.lang.Object, java.lang.Object)'> (0x0000000717389bd8) 
thrown [./src/hotspot/share/interpreter/linkResolver.cpp, line 790]
Event: 0,131 Thread 0x00007f0e18023ee0 Exception <a 'java/lang/NoSuchMethodError'{0x000000071739e170}: 'java.lang.Object java.lang.invoke.DirectMethodHandle$Holder.invokeStatic(java.lang.Object, java.lang.Object, int)'> (0x000000071739e170) 
thrown [./src/hotspot/share/interpreter/linkResolver.cpp, line 790]
Event: 0,133 Thread 0x00007f0e18023ee0 Exception <a 'java/lang/NoSuchMethodError'{0x00000007173aa2e0}: 'void java.lang.invoke.DelegatingMethodHandle$Holder.delegate(java.lang.Object, java.lang.Object, int, java.lang.Object)'> (0x00000007173aa2e0) 
thrown [./src/hotspot/share/interpreter/linkResolver.cpp, line 790]
Event: 0,134 Thread 0x00007f0e18023ee0 Exception <a 'java/lang/NoSuchMethodError'{0x00000007173ae608}: 'int java.lang.invoke.DirectMethodHandle$Holder.invokeSpecial(java.lang.Object, java.lang.Object, java.lang.Object)'> (0x00000007173ae608) 
thrown [./src/hotspot/share/interpreter/linkResolver.cpp, line 790]
Event: 0,163 Thread 0x00007f0e18023ee0 Exception <a 'sun/nio/fs/UnixException'{0x0000000717064170}> (0x0000000717064170) 
thrown [./src/hotspot/share/prims/jni.cpp, line 579]
Event: 0,193 Thread 0x00007f0e18023ee0 Exception <a 'java/lang/NoSuchMethodError'{0x0000000717114ad8}: 'int java.lang.invoke.DirectMethodHandle$Holder.invokeStaticInit(java.lang.Object, java.lang.Object, int, long)'> (0x0000000717114ad8) 
thrown [./src/hotspot/share/interpreter/linkResolver.cpp, line 790]
Event: 0,194 Thread 0x00007f0e18023ee0 Exception <a 'java/lang/NoSuchMethodError'{0x000000071711a5a8}: 'java.lang.Object java.lang.invoke.DirectMethodHandle$Holder.newInvokeSpecial(java.lang.Object, java.lang.Object, int)'> (0x000000071711a5a8) 
thrown [./src/hotspot/share/interpreter/linkResolver.cpp, line 790]
Event: 0,196 Thread 0x00007f0e18023ee0 Exception <a 'java/lang/NoSuchMethodError'{0x000000071712cb78}: 'int java.lang.invoke.DirectMethodHandle$Holder.invokeStaticInit(java.lang.Object, java.lang.Object, long, long)'> (0x000000071712cb78) 
thrown [./src/hotspot/share/interpreter/linkResolver.cpp, line 790]
Event: 0,197 Thread 0x00007f0e18023ee0 Exception <a 'java/lang/NoSuchMethodError'{0x0000000717132f20}: 'java.lang.Object java.lang.invoke.DirectMethodHandle$Holder.newInvokeSpecial(java.lang.Object, java.lang.Object, long)'> (0x0000000717132f20) 
thrown [./src/hotspot/share/interpreter/linkResolver.cpp, line 790]
Event: 0,198 Thread 0x00007f0e18023ee0 Exception <a 'java/lang/NoSuchMethodError'{0x0000000717137078}: 'java.lang.Object java.lang.invoke.Invokers$Holder.linkToTargetMethod(java.lang.Object, long, java.lang.Object)'> (0x0000000717137078) 
thrown [./src/hotspot/share/interpreter/linkResolver.cpp, line 790]
Event: 0,198 Thread 0x00007f0e18023ee0 Exception <a 'java/lang/NoSuchMethodError'{0x000000071713eb20}: 'int java.lang.invoke.DirectMethodHandle$Holder.invokeStaticInit(java.lang.Object, java.lang.Object, java.lang.Object, long)'> (0x000000071713eb20) 
thrown [./src/hotspot/share/interpreter/linkResolver.cpp, line 790]
Event: 0,227 Thread 0x00007f0e18023ee0 Exception <a 'sun/nio/fs/UnixException'{0x0000000716e332d8}> (0x0000000716e332d8) 
thrown [./src/hotspot/share/prims/jni.cpp, line 579]
Event: 0,259 Thread 0x00007f0e18023ee0 Exception <a 'sun/nio/fs/UnixException'{0x0000000716eb7010}> (0x0000000716eb7010) 
thrown [./src/hotspot/share/prims/jni.cpp, line 579]
Event: 0,339 Thread 0x00007f0e18023ee0 Exception <a 'sun/nio/fs/UnixException'{0x0000000716f169a0}> (0x0000000716f169a0) 
thrown [./src/hotspot/share/prims/jni.cpp, line 579]
Event: 0,342 Thread 0x00007f0e18023ee0 Exception <a 'sun/nio/fs/UnixException'{0x0000000716f27828}> (0x0000000716f27828) 
thrown [./src/hotspot/share/prims/jni.cpp, line 579]

Events (20 events):
Event: 0,200 loading class java/nio/InvalidMarkException
Event: 0,200 loading class java/nio/InvalidMarkException done
Event: 0,201 loading class java/nio/BufferUnderflowException
Event: 0,201 loading class java/nio/BufferUnderflowException done
Event: 0,227 loading class java/lang/NoSuchFieldError
Event: 0,227 loading class java/lang/NoSuchFieldError done
Event: 0,230 loading class jdk/internal/reflect/UnsafeQualifiedStaticIntegerFieldAccessorImpl
Event: 0,230 loading class jdk/internal/reflect/UnsafeQualifiedStaticIntegerFieldAccessorImpl done
Event: 0,234 loading class jdk/internal/misc/ScopedMemoryAccess$Scope
Event: 0,234 loading class jdk/internal/misc/ScopedMemoryAccess$Scope done
Event: 0,260 Loaded shared library /tmp/lwjglsnoweuph/3.3.1-build-7/liblwjgl_remotery.so
Event: 0,339 Loaded shared library /tmp/lwjglsnoweuph/3.3.1-build-7/liblwjgl_opengl.so
Event: 1,158 Executing  VM operation: Cleanup
Event: 1,158 Executing  VM operation: Cleanup done
Event: 3,158 Executing  VM operation: Cleanup
Event: 3,158 Executing  VM operation: Cleanup done
Event: 4,158 Executing  VM operation: Cleanup
Event: 4,158 Executing  VM operation: Cleanup done
Event: 9,159 Executing  VM operation: Cleanup
Event: 9,159 Executing  VM operation: Cleanup done


Dynamic libraries:
707c00000-717600000 rw-p 00000000 00:00 0 
717600000-7ffc00000 ---p 00000000 00:00 0 
7ffc00000-7ffd00000 rw-p 00000000 00:00 0 
7ffd00000-7ffd76000 rw-p 00cb8000 00:21 724464                           /home/snoweuph/.jdks/corretto-16.0.2/lib/server/classes.jsa
7ffd76000-7ffe00000 rw-p 00000000 00:00 0 
7ffe00000-7ffe88000 rw-p 00c30000 00:21 724464                           /home/snoweuph/.jdks/corretto-16.0.2/lib/server/classes.jsa
7ffe88000-800000000 rw-p 00000000 00:00 0 
800000000-800003000 rwxp 00001000 00:21 724464                           /home/snoweuph/.jdks/corretto-16.0.2/lib/server/classes.jsa
800003000-80043c000 rw-p 00004000 00:21 724464                           /home/snoweuph/.jdks/corretto-16.0.2/lib/server/classes.jsa
80043c000-800bf7000 r--p 0043d000 00:21 724464                           /home/snoweuph/.jdks/corretto-16.0.2/lib/server/classes.jsa
800bf7000-800c00000 ---p 00000000 00:00 0 
800c00000-800c20000 rw-p 00000000 00:00 0 
800c20000-800c40000 ---p 00000000 00:00 0 
800c40000-800c60000 rw-p 00000000 00:00 0 
800c60000-840c00000 ---p 00000000 00:00 0 
55623e000000-55623e001000 r-xp 00000000 00:21 724575                     /home/snoweuph/.jdks/corretto-16.0.2/bin/java
55623e201000-55623e202000 r--p 00001000 00:21 724575                     /home/snoweuph/.jdks/corretto-16.0.2/bin/java
55623e202000-55623e203000 rw-p 00002000 00:21 724575                     /home/snoweuph/.jdks/corretto-16.0.2/bin/java
55623f735000-55623f756000 rw-p 00000000 00:00 0                          [heap]
7f0d64000000-7f0d64021000 rw-p 00000000 00:00 0 
7f0d64021000-7f0d68000000 ---p 00000000 00:00 0 
7f0d68000000-7f0d68021000 rw-p 00000000 00:00 0 
7f0d68021000-7f0d6c000000 ---p 00000000 00:00 0 
7f0d6c000000-7f0d6c021000 rw-p 00000000 00:00 0 
7f0d6c021000-7f0d70000000 ---p 00000000 00:00 0 
7f0d70000000-7f0d70021000 rw-p 00000000 00:00 0 
7f0d70021000-7f0d74000000 ---p 00000000 00:00 0 
7f0d74000000-7f0d74021000 rw-p 00000000 00:00 0 
7f0d74021000-7f0d78000000 ---p 00000000 00:00 0 
7f0d791a4000-7f0d791fa000 r-xp 00000000 00:39 1206                       /tmp/lwjglsnoweuph/3.3.1-build-7/liblwjgl_opengl.so
7f0d791fa000-7f0d793f9000 ---p 00056000 00:39 1206                       /tmp/lwjglsnoweuph/3.3.1-build-7/liblwjgl_opengl.so
7f0d793f9000-7f0d793fa000 r--p 00055000 00:39 1206                       /tmp/lwjglsnoweuph/3.3.1-build-7/liblwjgl_opengl.so
7f0d793fa000-7f0d793fb000 rw-p 00056000 00:39 1206                       /tmp/lwjglsnoweuph/3.3.1-build-7/liblwjgl_opengl.so
7f0d7c000000-7f0d7c021000 rw-p 00000000 00:00 0 
7f0d7c021000-7f0d80000000 ---p 00000000 00:00 0 
7f0d80000000-7f0d80021000 rw-p 00000000 00:00 0 
7f0d80021000-7f0d84000000 ---p 00000000 00:00 0 
7f0d84000000-7f0d84082000 rw-p 00000000 00:00 0 
7f0d84082000-7f0d88000000 ---p 00000000 00:00 0 
7f0d88000000-7f0d8805a000 rw-p 00000000 00:00 0 
7f0d8805a000-7f0d8c000000 ---p 00000000 00:00 0 
7f0d8c000000-7f0d8c08e000 rw-p 00000000 00:00 0 
7f0d8c08e000-7f0d90000000 ---p 00000000 00:00 0 
7f0d90000000-7f0d90082000 rw-p 00000000 00:00 0 
7f0d90082000-7f0d94000000 ---p 00000000 00:00 0 
7f0d94000000-7f0d94021000 rw-p 00000000 00:00 0 
7f0d94021000-7f0d98000000 ---p 00000000 00:00 0 
7f0d9b9f4000-7f0d9b9f5000 ---p 00000000 00:00 0 
7f0d9b9f5000-7f0d9c1f5000 rw-p 00000000 00:00 0 
7f0d9c1f5000-7f0d9c919000 r--p 00000000 00:21 283095                     /usr/lib/x86_64-linux-gnu/GL/default/lib/libLLVM-12.so
7f0d9c919000-7f0d9ece0000 r-xp 00724000 00:21 283095                     /usr/lib/x86_64-linux-gnu/GL/default/lib/libLLVM-12.so
7f0d9ece0000-7f0d9fcf9000 r--p 02aeb000 00:21 283095                     /usr/lib/x86_64-linux-gnu/GL/default/lib/libLLVM-12.so
7f0d9fcf9000-7f0d9ff97000 r--p 03b03000 00:21 283095                     /usr/lib/x86_64-linux-gnu/GL/default/lib/libLLVM-12.so
7f0d9ff97000-7f0d9ff9f000 rw-p 03da1000 00:21 283095                     /usr/lib/x86_64-linux-gnu/GL/default/lib/libLLVM-12.so
7f0d9ff9f000-7f0da0000000 rw-p 00000000 00:00 0 
7f0da0000000-7f0da0021000 rw-p 00000000 00:00 0 
7f0da0021000-7f0da4000000 ---p 00000000 00:00 0 
7f0da4000000-7f0da4021000 rw-p 00000000 00:00 0 
7f0da4021000-7f0da8000000 ---p 00000000 00:00 0 
7f0da8000000-7f0da8021000 rw-p 00000000 00:00 0 
7f0da8021000-7f0dac000000 ---p 00000000 00:00 0 
7f0dac000000-7f0dac021000 rw-p 00000000 00:00 0 
7f0dac021000-7f0db0000000 ---p 00000000 00:00 0 
7f0db0466000-7f0db0475000 r--p 00000000 00:21 295902                     /usr/lib/x86_64-linux-gnu/libtinfo.so.6.2
7f0db0475000-7f0db048e000 r-xp 0000f000 00:21 295902                     /usr/lib/x86_64-linux-gnu/libtinfo.so.6.2
7f0db048e000-7f0db049d000 r--p 00028000 00:21 295902                     /usr/lib/x86_64-linux-gnu/libtinfo.so.6.2
7f0db049d000-7f0db049e000 ---p 00037000 00:21 295902                     /usr/lib/x86_64-linux-gnu/libtinfo.so.6.2
7f0db049e000-7f0db04a2000 r--p 00037000 00:21 295902                     /usr/lib/x86_64-linux-gnu/libtinfo.so.6.2
7f0db04a2000-7f0db04a3000 rw-p 0003b000 00:21 295902                     /usr/lib/x86_64-linux-gnu/libtinfo.so.6.2
7f0db04a3000-7f0db04a5000 r--p 00000000 00:21 289226                     /usr/lib/x86_64-linux-gnu/libffi.so.7.1.0
7f0db04a5000-7f0db04ab000 r-xp 00002000 00:21 289226                     /usr/lib/x86_64-linux-gnu/libffi.so.7.1.0
7f0db04ab000-7f0db04ac000 r--p 00008000 00:21 289226                     /usr/lib/x86_64-linux-gnu/libffi.so.7.1.0
7f0db04ac000-7f0db04ad000 ---p 00009000 00:21 289226                     /usr/lib/x86_64-linux-gnu/libffi.so.7.1.0
7f0db04ad000-7f0db04ae000 r--p 00009000 00:21 289226                     /usr/lib/x86_64-linux-gnu/libffi.so.7.1.0
7f0db04ae000-7f0db04af000 rw-p 0000a000 00:21 289226                     /usr/lib/x86_64-linux-gnu/libffi.so.7.1.0
7f0db04af000-7f0db04c5000 r--p 00000000 00:21 287179                     /usr/lib/x86_64-linux-gnu/libvulkan.so.1.2.198
7f0db04c5000-7f0db04f7000 r-xp 00016000 00:21 287179                     /usr/lib/x86_64-linux-gnu/libvulkan.so.1.2.198
7f0db04f7000-7f0db050c000 r--p 00048000 00:21 287179                     /usr/lib/x86_64-linux-gnu/libvulkan.so.1.2.198
7f0db050c000-7f0db050f000 r--p 0005c000 00:21 287179                     /usr/lib/x86_64-linux-gnu/libvulkan.so.1.2.198
7f0db050f000-7f0db0510000 rw-p 0005f000 00:21 287179                     /usr/lib/x86_64-linux-gnu/libvulkan.so.1.2.198
7f0db0510000-7f0db0513000 r--p 00000000 00:21 282911                     /usr/lib/x86_64-linux-gnu/GL/default/lib/libdrm_amdgpu.so.1.0.0
7f0db0513000-7f0db0519000 r-xp 00003000 00:21 282911                     /usr/lib/x86_64-linux-gnu/GL/default/lib/libdrm_amdgpu.so.1.0.0
7f0db0519000-7f0db051b000 r--p 00009000 00:21 282911                     /usr/lib/x86_64-linux-gnu/GL/default/lib/libdrm_amdgpu.so.1.0.0
7f0db051b000-7f0db051c000 r--p 0000a000 00:21 282911                     /usr/lib/x86_64-linux-gnu/GL/default/lib/libdrm_amdgpu.so.1.0.0
7f0db051c000-7f0db051d000 rw-p 0000b000 00:21 282911                     /usr/lib/x86_64-linux-gnu/GL/default/lib/libdrm_amdgpu.so.1.0.0
7f0db051d000-7f0db0521000 r--p 00000000 00:21 290105                     /usr/lib/x86_64-linux-gnu/libelf-0.185.so
7f0db0521000-7f0db0532000 r-xp 00004000 00:21 290105                     /usr/lib/x86_64-linux-gnu/libelf-0.185.so
7f0db0532000-7f0db0536000 r--p 00015000 00:21 290105                     /usr/lib/x86_64-linux-gnu/libelf-0.185.so
7f0db0536000-7f0db0537000 ---p 00019000 00:21 290105                     /usr/lib/x86_64-linux-gnu/libelf-0.185.so
7f0db0537000-7f0db0538000 r--p 00019000 00:21 290105                     /usr/lib/x86_64-linux-gnu/libelf-0.185.so
7f0db0538000-7f0db0539000 rw-p 0001a000 00:21 290105                     /usr/lib/x86_64-linux-gnu/libelf-0.185.so
7f0db0539000-7f0db053b000 r--p 00000000 00:21 282903                     /usr/lib/x86_64-linux-gnu/GL/default/lib/libdrm_radeon.so.1.0.1
7f0db053b000-7f0db0542000 r-xp 00002000 00:21 282903                     /usr/lib/x86_64-linux-gnu/GL/default/lib/libdrm_radeon.so.1.0.1
7f0db0542000-7f0db0546000 r--p 00009000 00:21 282903                     /usr/lib/x86_64-linux-gnu/GL/default/lib/libdrm_radeon.so.1.0.1
7f0db0546000-7f0db0547000 r--p 0000c000 00:21 282903                     /usr/lib/x86_64-linux-gnu/GL/default/lib/libdrm_radeon.so.1.0.1
7f0db0547000-7f0db0548000 rw-p 0000d000 00:21 282903                     /usr/lib/x86_64-linux-gnu/GL/default/lib/libdrm_radeon.so.1.0.1
7f0db0548000-7f0db054d000 r--p 00000000 00:21 299153                     /usr/lib/x86_64-linux-gnu/libzstd.so.1.5.0
7f0db054d000-7f0db064a000 r-xp 00005000 00:21 299153                     /usr/lib/x86_64-linux-gnu/libzstd.so.1.5.0
7f0db064a000-7f0db065a000 r--p 00102000 00:21 299153                     /usr/lib/x86_64-linux-gnu/libzstd.so.1.5.0
7f0db065a000-7f0db065b000 r--p 00111000 00:21 299153                     /usr/lib/x86_64-linux-gnu/libzstd.so.1.5.0
7f0db065b000-7f0db065c000 rw-p 00112000 00:21 299153                     /usr/lib/x86_64-linux-gnu/libzstd.so.1.5.0
7f0db065c000-7f0db065f000 r--p 00000000 00:21 287603                     /usr/lib/x86_64-linux-gnu/libz.so.1.2.11
7f0db065f000-7f0db066d000 r-xp 00003000 00:21 287603                     /usr/lib/x86_64-linux-gnu/libz.so.1.2.11
7f0db066d000-7f0db0673000 r--p 00011000 00:21 287603                     /usr/lib/x86_64-linux-gnu/libz.so.1.2.11
7f0db0673000-7f0db0674000 r--p 00016000 00:21 287603                     /usr/lib/x86_64-linux-gnu/libz.so.1.2.11
7f0db0674000-7f0db0675000 rw-p 00017000 00:21 287603                     /usr/lib/x86_64-linux-gnu/libz.so.1.2.11
7f0db0675000-7f0db081b000 r--p 00000000 00:21 283019                     /usr/lib/x86_64-linux-gnu/GL/default/lib/dri/libgallium_dri.so
7f0db081b000-7f0db18cb000 r-xp 001a6000 00:21 283019                     /usr/lib/x86_64-linux-gnu/GL/default/lib/dri/libgallium_dri.so
7f0db18cb000-7f0db1d1c000 r--p 01256000 00:21 283019                     /usr/lib/x86_64-linux-gnu/GL/default/lib/dri/libgallium_dri.so
7f0db1d1c000-7f0db1e4c000 r--p 016a6000 00:21 283019                     /usr/lib/x86_64-linux-gnu/GL/default/lib/dri/libgallium_dri.so
7f0db1e4c000-7f0db1fa2000 rw-p 017d6000 00:21 283019                     /usr/lib/x86_64-linux-gnu/GL/default/lib/dri/libgallium_dri.so
7f0db1fa2000-7f0db21cd000 rw-p 00000000 00:00 0 
7f0db21cd000-7f0db226e000 r--p 00000000 00:21 297042                     /usr/lib/x86_64-linux-gnu/libstdc++.so.6.0.29
7f0db226e000-7f0db2380000 r-xp 000a1000 00:21 297042                     /usr/lib/x86_64-linux-gnu/libstdc++.so.6.0.29
7f0db2380000-7f0db23eb000 r--p 001b3000 00:21 297042                     /usr/lib/x86_64-linux-gnu/libstdc++.so.6.0.29
7f0db23eb000-7f0db23ec000 ---p 0021e000 00:21 297042                     /usr/lib/x86_64-linux-gnu/libstdc++.so.6.0.29
7f0db23ec000-7f0db23f7000 r--p 0021e000 00:21 297042                     /usr/lib/x86_64-linux-gnu/libstdc++.so.6.0.29
7f0db23f7000-7f0db23fa000 rw-p 00229000 00:21 297042                     /usr/lib/x86_64-linux-gnu/libstdc++.so.6.0.29
7f0db23fa000-7f0db23fd000 rw-p 00000000 00:00 0 
7f0db23fd000-7f0db23fe000 ---p 00000000 00:00 0 
7f0db23fe000-7f0db2bfe000 rw-p 00000000 00:00 0 
7f0db2bfe000-7f0db2bff000 ---p 00000000 00:00 0 
7f0db2bff000-7f0db33ff000 rw-p 00000000 00:00 0 
7f0db33ff000-7f0db3400000 ---p 00000000 00:00 0 
7f0db3400000-7f0db3c00000 rw-p 00000000 00:00 0 
7f0db3c00000-7f0db3d00000 rw-s 00000000 00:56 33                         /dev/shm/ring-buffer-R67KNX (deleted)
7f0db3d00000-7f0db3e00000 rw-s 00000000 00:56 33                         /dev/shm/ring-buffer-R67KNX (deleted)
7f0db3e00000-7f0db3f00000 rw-s 00000000 00:56 32                         /dev/shm/ring-buffer-t0LrVI (deleted)
7f0db3f00000-7f0db4000000 rw-s 00000000 00:56 32                         /dev/shm/ring-buffer-t0LrVI (deleted)
7f0db4000000-7f0db4021000 rw-p 00000000 00:00 0 
7f0db4021000-7f0db8000000 ---p 00000000 00:00 0 
7f0db8000000-7f0db8021000 rw-p 00000000 00:00 0 
7f0db8021000-7f0dbc000000 ---p 00000000 00:00 0 
7f0dbc000000-7f0dbc188000 rw-p 00000000 00:00 0 
7f0dbc188000-7f0dc0000000 ---p 00000000 00:00 0 
7f0dc0000000-7f0dc0021000 rw-p 00000000 00:00 0 
7f0dc0021000-7f0dc4000000 ---p 00000000 00:00 0 
7f0dc4000000-7f0dc4021000 rw-p 00000000 00:00 0 
7f0dc4021000-7f0dc8000000 ---p 00000000 00:00 0 
7f0dc8000000-7f0dc8131000 rw-p 00000000 00:00 0 
7f0dc8131000-7f0dcc000000 ---p 00000000 00:00 0 
7f0dcc000000-7f0dcc021000 rw-p 00000000 00:00 0 
7f0dcc021000-7f0dd0000000 ---p 00000000 00:00 0 
7f0dd0000000-7f0dd0021000 rw-p 00000000 00:00 0 
7f0dd0021000-7f0dd4000000 ---p 00000000 00:00 0 
7f0dd4000000-7f0dd4021000 rw-p 00000000 00:00 0 
7f0dd4021000-7f0dd8000000 ---p 00000000 00:00 0 
7f0dd8000000-7f0dd8021000 rw-p 00000000 00:00 0 
7f0dd8021000-7f0ddc000000 ---p 00000000 00:00 0 
7f0ddc000000-7f0ddc021000 rw-p 00000000 00:00 0 
7f0ddc021000-7f0de0000000 ---p 00000000 00:00 0 
7f0de0000000-7f0de0021000 rw-p 00000000 00:00 0 
7f0de0021000-7f0de4000000 ---p 00000000 00:00 0 
7f0de4000000-7f0de4021000 rw-p 00000000 00:00 0 
7f0de4021000-7f0de8000000 ---p 00000000 00:00 0 
7f0de8001000-7f0de8003000 r--p 00000000 00:21 282958                     /usr/lib/x86_64-linux-gnu/GL/default/lib/libdrm_nouveau.so.2.0.0
7f0de8003000-7f0de8008000 r-xp 00002000 00:21 282958                     /usr/lib/x86_64-linux-gnu/GL/default/lib/libdrm_nouveau.so.2.0.0
7f0de8008000-7f0de8009000 r--p 00007000 00:21 282958                     /usr/lib/x86_64-linux-gnu/GL/default/lib/libdrm_nouveau.so.2.0.0
7f0de8009000-7f0de800a000 ---p 00008000 00:21 282958                     /usr/lib/x86_64-linux-gnu/GL/default/lib/libdrm_nouveau.so.2.0.0
7f0de800a000-7f0de800b000 r--p 00008000 00:21 282958                     /usr/lib/x86_64-linux-gnu/GL/default/lib/libdrm_nouveau.so.2.0.0
7f0de800b000-7f0de800c000 rw-p 00009000 00:21 282958                     /usr/lib/x86_64-linux-gnu/GL/default/lib/libdrm_nouveau.so.2.0.0
7f0de800c000-7f0de8031000 r--p 00000000 00:21 283831                     /usr/share/runtime/locale/de/share/de/LC_MESSAGES/libc.mo
7f0de8031000-7f0de8034000 r--p 00000000 00:21 293049                     /usr/lib/x86_64-linux-gnu/libgcc_s.so.1
7f0de8034000-7f0de8046000 r-xp 00003000 00:21 293049                     /usr/lib/x86_64-linux-gnu/libgcc_s.so.1
7f0de8046000-7f0de8049000 r--p 00015000 00:21 293049                     /usr/lib/x86_64-linux-gnu/libgcc_s.so.1
7f0de8049000-7f0de804a000 r--p 00017000 00:21 293049                     /usr/lib/x86_64-linux-gnu/libgcc_s.so.1
7f0de804a000-7f0de804b000 rw-p 00018000 00:21 293049                     /usr/lib/x86_64-linux-gnu/libgcc_s.so.1
7f0de804b000-7f0de804e000 r--p 00000000 00:21 285859                     /usr/lib/x86_64-linux-gnu/libxcb-xfixes.so.0.0.0
7f0de804e000-7f0de8051000 r-xp 00003000 00:21 285859                     /usr/lib/x86_64-linux-gnu/libxcb-xfixes.so.0.0.0
7f0de8051000-7f0de8053000 r--p 00006000 00:21 285859                     /usr/lib/x86_64-linux-gnu/libxcb-xfixes.so.0.0.0
7f0de8053000-7f0de8054000 r--p 00007000 00:21 285859                     /usr/lib/x86_64-linux-gnu/libxcb-xfixes.so.0.0.0
7f0de8054000-7f0de8055000 rw-p 00008000 00:21 285859                     /usr/lib/x86_64-linux-gnu/libxcb-xfixes.so.0.0.0
7f0de8055000-7f0de8056000 r--p 00000000 00:21 291660                     /usr/lib/x86_64-linux-gnu/libxshmfence.so.1.0.0
7f0de8056000-7f0de8057000 r-xp 00001000 00:21 291660                     /usr/lib/x86_64-linux-gnu/libxshmfence.so.1.0.0
7f0de8057000-7f0de8058000 r--p 00002000 00:21 291660                     /usr/lib/x86_64-linux-gnu/libxshmfence.so.1.0.0
7f0de8058000-7f0de8059000 r--p 00002000 00:21 291660                     /usr/lib/x86_64-linux-gnu/libxshmfence.so.1.0.0
7f0de8059000-7f0de805a000 rw-p 00003000 00:21 291660                     /usr/lib/x86_64-linux-gnu/libxshmfence.so.1.0.0
7f0de805a000-7f0de805d000 r--p 00000000 00:21 290613                     /usr/lib/x86_64-linux-gnu/libxcb-sync.so.1.0.0
7f0de805d000-7f0de8060000 r-xp 00003000 00:21 290613                     /usr/lib/x86_64-linux-gnu/libxcb-sync.so.1.0.0
7f0de8060000-7f0de8061000 r--p 00006000 00:21 290613                     /usr/lib/x86_64-linux-gnu/libxcb-sync.so.1.0.0
7f0de8061000-7f0de8062000 ---p 00007000 00:21 290613                     /usr/lib/x86_64-linux-gnu/libxcb-sync.so.1.0.0
7f0de8062000-7f0de8063000 r--p 00007000 00:21 290613                     /usr/lib/x86_64-linux-gnu/libxcb-sync.so.1.0.0
7f0de8063000-7f0de8064000 rw-p 00008000 00:21 290613                     /usr/lib/x86_64-linux-gnu/libxcb-sync.so.1.0.0
7f0de8064000-7f0de8065000 r--p 00000000 00:21 286385                     /usr/lib/x86_64-linux-gnu/libxcb-present.so.0.0.0
7f0de8065000-7f0de8066000 r-xp 00001000 00:21 286385                     /usr/lib/x86_64-linux-gnu/libxcb-present.so.0.0.0
7f0de8066000-7f0de8067000 r--p 00002000 00:21 286385                     /usr/lib/x86_64-linux-gnu/libxcb-present.so.0.0.0
7f0de8067000-7f0de8068000 r--p 00002000 00:21 286385                     /usr/lib/x86_64-linux-gnu/libxcb-present.so.0.0.0
7f0de8068000-7f0de8069000 rw-p 00003000 00:21 286385                     /usr/lib/x86_64-linux-gnu/libxcb-present.so.0.0.0
7f0de8069000-7f0de806b000 r--p 00000000 00:21 290923                     /usr/lib/x86_64-linux-gnu/libxcb-dri3.so.0.0.0
7f0de806b000-7f0de806d000 r-xp 00002000 00:21 290923                     /usr/lib/x86_64-linux-gnu/libxcb-dri3.so.0.0.0
7f0de806d000-7f0de806e000 r--p 00004000 00:21 290923                     /usr/lib/x86_64-linux-gnu/libxcb-dri3.so.0.0.0
7f0de806e000-7f0de806f000 r--p 00004000 00:21 290923                     /usr/lib/x86_64-linux-gnu/libxcb-dri3.so.0.0.0
7f0de806f000-7f0de8070000 rw-p 00005000 00:21 290923                     /usr/lib/x86_64-linux-gnu/libxcb-dri3.so.0.0.0
7f0de8070000-7f0de8074000 r--p 00000000 00:21 286773                     /usr/lib/x86_64-linux-gnu/libexpat.so.1.8.6
7f0de8074000-7f0de8093000 r-xp 00004000 00:21 286773                     /usr/lib/x86_64-linux-gnu/libexpat.so.1.8.6
7f0de8093000-7f0de809d000 r--p 00023000 00:21 286773                     /usr/lib/x86_64-linux-gnu/libexpat.so.1.8.6
7f0de809d000-7f0de809e000 ---p 0002d000 00:21 286773                     /usr/lib/x86_64-linux-gnu/libexpat.so.1.8.6
7f0de809e000-7f0de80a0000 r--p 0002d000 00:21 286773                     /usr/lib/x86_64-linux-gnu/libexpat.so.1.8.6
7f0de80a0000-7f0de80a1000 rw-p 0002f000 00:21 286773                     /usr/lib/x86_64-linux-gnu/libexpat.so.1.8.6
7f0de80a1000-7f0de80a2000 r--p 00000000 00:21 291828                     /usr/lib/x86_64-linux-gnu/libxcb-shm.so.0.0.0
7f0de80a2000-7f0de80a3000 r-xp 00001000 00:21 291828                     /usr/lib/x86_64-linux-gnu/libxcb-shm.so.0.0.0
7f0de80a3000-7f0de80a4000 r--p 00002000 00:21 291828                     /usr/lib/x86_64-linux-gnu/libxcb-shm.so.0.0.0
7f0de80a4000-7f0de80a5000 r--p 00002000 00:21 291828                     /usr/lib/x86_64-linux-gnu/libxcb-shm.so.0.0.0
7f0de80a5000-7f0de80a6000 rw-p 00003000 00:21 291828                     /usr/lib/x86_64-linux-gnu/libxcb-shm.so.0.0.0
7f0de80a6000-7f0de80b2000 r--p 00000000 00:21 289839                     /usr/lib/x86_64-linux-gnu/libxcb-glx.so.0.0.0
7f0de80b2000-7f0de80bb000 r-xp 0000c000 00:21 289839                     /usr/lib/x86_64-linux-gnu/libxcb-glx.so.0.0.0
7f0de80bb000-7f0de80c0000 r--p 00015000 00:21 289839                     /usr/lib/x86_64-linux-gnu/libxcb-glx.so.0.0.0
7f0de80c0000-7f0de80c1000 ---p 0001a000 00:21 289839                     /usr/lib/x86_64-linux-gnu/libxcb-glx.so.0.0.0
7f0de80c1000-7f0de80c3000 r--p 0001a000 00:21 289839                     /usr/lib/x86_64-linux-gnu/libxcb-glx.so.0.0.0
7f0de80c3000-7f0de80c4000 rw-p 0001c000 00:21 289839                     /usr/lib/x86_64-linux-gnu/libxcb-glx.so.0.0.0
7f0de80c4000-7f0de80c9000 r--p 00000000 00:21 286717                     /usr/lib/x86_64-linux-gnu/libdrm.so.2.4.0
7f0de80c9000-7f0de80d4000 r-xp 00005000 00:21 286717                     /usr/lib/x86_64-linux-gnu/libdrm.so.2.4.0
7f0de80d4000-7f0de80d8000 r--p 00010000 00:21 286717                     /usr/lib/x86_64-linux-gnu/libdrm.so.2.4.0
7f0de80d8000-7f0de80d9000 r--p 00013000 00:21 286717                     /usr/lib/x86_64-linux-gnu/libdrm.so.2.4.0
7f0de80d9000-7f0de80da000 rw-p 00014000 00:21 286717                     /usr/lib/x86_64-linux-gnu/libdrm.so.2.4.0
7f0de80da000-7f0de80e7000 r--p 00000000 00:21 282897                     /usr/lib/x86_64-linux-gnu/GL/default/lib/libglapi.so.0.0.0
7f0de80e7000-7f0de80f5000 r-xp 0000d000 00:21 282897                     /usr/lib/x86_64-linux-gnu/GL/default/lib/libglapi.so.0.0.0
7f0de80f5000-7f0de810e000 r--p 0001b000 00:21 282897                     /usr/lib/x86_64-linux-gnu/GL/default/lib/libglapi.so.0.0.0
7f0de810e000-7f0de810f000 ---p 00034000 00:21 282897                     /usr/lib/x86_64-linux-gnu/GL/default/lib/libglapi.so.0.0.0
7f0de810f000-7f0de8113000 r--p 00034000 00:21 282897                     /usr/lib/x86_64-linux-gnu/GL/default/lib/libglapi.so.0.0.0
7f0de8113000-7f0de8114000 rw-p 00038000 00:21 282897                     /usr/lib/x86_64-linux-gnu/GL/default/lib/libglapi.so.0.0.0
7f0de8114000-7f0de8115000 rw-p 00000000 00:00 0 
7f0de8115000-7f0de8131000 r--p 00000000 00:21 282913                     /usr/lib/x86_64-linux-gnu/GL/default/lib/libGLX_mesa.so.0.0.0
7f0de8131000-7f0de8171000 r-xp 0001c000 00:21 282913                     /usr/lib/x86_64-linux-gnu/GL/default/lib/libGLX_mesa.so.0.0.0
7f0de8171000-7f0de8183000 r--p 0005c000 00:21 282913                     /usr/lib/x86_64-linux-gnu/GL/default/lib/libGLX_mesa.so.0.0.0
7f0de8183000-7f0de8184000 ---p 0006e000 00:21 282913                     /usr/lib/x86_64-linux-gnu/GL/default/lib/libGLX_mesa.so.0.0.0
7f0de8184000-7f0de8187000 r--p 0006e000 00:21 282913                     /usr/lib/x86_64-linux-gnu/GL/default/lib/libGLX_mesa.so.0.0.0
7f0de8187000-7f0de8188000 rw-p 00071000 00:21 282913                     /usr/lib/x86_64-linux-gnu/GL/default/lib/libGLX_mesa.so.0.0.0
7f0de8188000-7f0de81c9000 r--p 00000000 00:21 295921                     /usr/lib/x86_64-linux-gnu/libGLdispatch.so.0.0.0
7f0de81c9000-7f0de8208000 r-xp 00041000 00:21 295921                     /usr/lib/x86_64-linux-gnu/libGLdispatch.so.0.0.0
7f0de8208000-7f0de821b000 r--p 00080000 00:21 295921                     /usr/lib/x86_64-linux-gnu/libGLdispatch.so.0.0.0
7f0de821b000-7f0de821c000 ---p 00093000 00:21 295921                     /usr/lib/x86_64-linux-gnu/libGLdispatch.so.0.0.0
7f0de821c000-7f0de8238000 r--p 00093000 00:21 295921                     /usr/lib/x86_64-linux-gnu/libGLdispatch.so.0.0.0
7f0de8238000-7f0de8239000 rw-p 000af000 00:21 295921                     /usr/lib/x86_64-linux-gnu/libGLdispatch.so.0.0.0
7f0de8239000-7f0de8241000 rw-p 00000000 00:00 0 
7f0de8241000-7f0de8244000 r--p 00000000 00:21 286279                     /usr/lib/x86_64-linux-gnu/libGLX.so.0.0.0
7f0de8244000-7f0de825f000 r-xp 00003000 00:21 286279                     /usr/lib/x86_64-linux-gnu/libGLX.so.0.0.0
7f0de825f000-7f0de8262000 r--p 0001e000 00:21 286279                     /usr/lib/x86_64-linux-gnu/libGLX.so.0.0.0
7f0de8262000-7f0de8263000 r--p 00020000 00:21 286279                     /usr/lib/x86_64-linux-gnu/libGLX.so.0.0.0
7f0de8263000-7f0de8264000 rw-p 00021000 00:21 286279                     /usr/lib/x86_64-linux-gnu/libGLX.so.0.0.0
7f0de8264000-7f0de8274000 rw-p 00000000 00:00 0 
7f0de8274000-7f0de8285000 r-xp 00000000 00:39 1205                       /tmp/lwjglsnoweuph/3.3.1-build-7/liblwjgl_remotery.so
7f0de8285000-7f0de8484000 ---p 00011000 00:39 1205                       /tmp/lwjglsnoweuph/3.3.1-build-7/liblwjgl_remotery.so
7f0de8484000-7f0de8485000 r--p 00010000 00:39 1205                       /tmp/lwjglsnoweuph/3.3.1-build-7/liblwjgl_remotery.so
7f0de8485000-7f0de8486000 rw-p 00011000 00:39 1205                       /tmp/lwjglsnoweuph/3.3.1-build-7/liblwjgl_remotery.so
7f0de8486000-7f0de84a4000 r--p 00000000 00:21 298752                     /usr/lib/x86_64-linux-gnu/libX11.so.6.4.0
7f0de84a4000-7f0de8538000 r-xp 0001e000 00:21 298752                     /usr/lib/x86_64-linux-gnu/libX11.so.6.4.0
7f0de8538000-7f0de85c6000 r--p 000b2000 00:21 298752                     /usr/lib/x86_64-linux-gnu/libX11.so.6.4.0
7f0de85c6000-7f0de85c7000 ---p 00140000 00:21 298752                     /usr/lib/x86_64-linux-gnu/libX11.so.6.4.0
7f0de85c7000-7f0de85ca000 r--p 00140000 00:21 298752                     /usr/lib/x86_64-linux-gnu/libX11.so.6.4.0
7f0de85ca000-7f0de85ce000 rw-p 00143000 00:21 298752                     /usr/lib/x86_64-linux-gnu/libX11.so.6.4.0
7f0de85ce000-7f0de8625000 r-xp 00000000 00:39 1204                       /tmp/lwjglsnoweuph/3.3.1-build-7/libglfw.so
7f0de8625000-7f0de8824000 ---p 00057000 00:39 1204                       /tmp/lwjglsnoweuph/3.3.1-build-7/libglfw.so
7f0de8824000-7f0de8827000 r--p 00056000 00:39 1204                       /tmp/lwjglsnoweuph/3.3.1-build-7/libglfw.so
7f0de8827000-7f0de8829000 rw-p 00059000 00:39 1204                       /tmp/lwjglsnoweuph/3.3.1-build-7/libglfw.so
7f0de8829000-7f0de884c000 rw-p 00000000 00:00 0 
7f0de884c000-7f0de88b7000 r-xp 00000000 00:39 1203                       /tmp/lwjglsnoweuph/3.3.1-build-7/liblwjgl.so
7f0de88b7000-7f0de8ab6000 ---p 0006b000 00:39 1203                       /tmp/lwjglsnoweuph/3.3.1-build-7/liblwjgl.so
7f0de8ab6000-7f0de8ab7000 r--p 0006a000 00:39 1203                       /tmp/lwjglsnoweuph/3.3.1-build-7/liblwjgl.so
7f0de8ab7000-7f0de8ab8000 rw-p 0006b000 00:39 1203                       /tmp/lwjglsnoweuph/3.3.1-build-7/liblwjgl.so
7f0de8ab8000-7f0de8ad2000 r-xp 00000000 00:21 724469                     /home/snoweuph/.jdks/corretto-16.0.2/lib/libzip.so
7f0de8ad2000-7f0de8cd1000 ---p 0001a000 00:21 724469                     /home/snoweuph/.jdks/corretto-16.0.2/lib/libzip.so
7f0de8cd1000-7f0de8cd2000 r--p 00019000 00:21 724469                     /home/snoweuph/.jdks/corretto-16.0.2/lib/libzip.so
7f0de8cd2000-7f0de8cd3000 rw-p 00000000 00:00 0 
7f0de8cd3000-7f0de8ce7000 r-xp 00000000 00:21 724471                     /home/snoweuph/.jdks/corretto-16.0.2/lib/libnet.so
7f0de8ce7000-7f0de8ee7000 ---p 00014000 00:21 724471                     /home/snoweuph/.jdks/corretto-16.0.2/lib/libnet.so
7f0de8ee7000-7f0de8ee8000 r--p 00014000 00:21 724471                     /home/snoweuph/.jdks/corretto-16.0.2/lib/libnet.so
7f0de8ee8000-7f0de8ee9000 rw-p 00015000 00:21 724471                     /home/snoweuph/.jdks/corretto-16.0.2/lib/libnet.so
7f0de8ee9000-7f0de8efb000 r-xp 00000000 00:21 724472                     /home/snoweuph/.jdks/corretto-16.0.2/lib/libnio.so
7f0de8efb000-7f0de90fa000 ---p 00012000 00:21 724472                     /home/snoweuph/.jdks/corretto-16.0.2/lib/libnio.so
7f0de90fa000-7f0de90fb000 r--p 00011000 00:21 724472                     /home/snoweuph/.jdks/corretto-16.0.2/lib/libnio.so
7f0de90fb000-7f0de90fc000 rw-p 00012000 00:21 724472                     /home/snoweuph/.jdks/corretto-16.0.2/lib/libnio.so
7f0de90fc000-7f0de9100000 ---p 00000000 00:00 0 
7f0de9100000-7f0de91fd000 rw-p 00000000 00:00 0 
7f0de91fd000-7f0de91fe000 ---p 00000000 00:00 0 
7f0de91fe000-7f0de92ff000 rw-p 00000000 00:00 0 
7f0de92ff000-7f0de9303000 ---p 00000000 00:00 0 
7f0de9303000-7f0de9560000 rw-p 00000000 00:00 0 
7f0de9560000-7f0de9800000 ---p 00000000 00:00 0 
7f0de9800000-7f0de9920000 rw-p 00000000 00:00 0 
7f0de9920000-7f0de9960000 rw-p 00000000 00:00 0 
7f0de9960000-7f0de9980000 rw-p 00000000 00:00 0 
7f0de9980000-7f0de9c00000 ---p 00000000 00:00 0 
7f0de9c04000-7f0de9c06000 r--p 00000000 00:21 292005                     /usr/lib/x86_64-linux-gnu/libxcb-dri2.so.0.0.0
7f0de9c06000-7f0de9c08000 r-xp 00002000 00:21 292005                     /usr/lib/x86_64-linux-gnu/libxcb-dri2.so.0.0.0
7f0de9c08000-7f0de9c09000 r--p 00004000 00:21 292005                     /usr/lib/x86_64-linux-gnu/libxcb-dri2.so.0.0.0
7f0de9c09000-7f0de9c0a000 r--p 00004000 00:21 292005                     /usr/lib/x86_64-linux-gnu/libxcb-dri2.so.0.0.0
7f0de9c0a000-7f0de9c0b000 rw-p 00005000 00:21 292005                     /usr/lib/x86_64-linux-gnu/libxcb-dri2.so.0.0.0
7f0de9c0b000-7f0de9c54000 r--p 00000000 00:21 288686                     /usr/lib/x86_64-linux-gnu/libGL.so.1.7.0
7f0de9c54000-7f0de9c74000 r-xp 00049000 00:21 288686                     /usr/lib/x86_64-linux-gnu/libGL.so.1.7.0
7f0de9c74000-7f0de9c88000 r--p 00069000 00:21 288686                     /usr/lib/x86_64-linux-gnu/libGL.so.1.7.0
7f0de9c88000-7f0de9c89000 ---p 0007d000 00:21 288686                     /usr/lib/x86_64-linux-gnu/libGL.so.1.7.0
7f0de9c89000-7f0de9c97000 r--p 0007d000 00:21 288686                     /usr/lib/x86_64-linux-gnu/libGL.so.1.7.0
7f0de9c97000-7f0de9c98000 rw-p 0008b000 00:21 288686                     /usr/lib/x86_64-linux-gnu/libGL.so.1.7.0
7f0de9c98000-7f0de9c99000 rw-p 00000000 00:00 0 
7f0de9c99000-7f0de9c9a000 r--p 00000000 00:21 287500                     /usr/lib/x86_64-linux-gnu/libX11-xcb.so.1.0.0
7f0de9c9a000-7f0de9c9b000 r-xp 00001000 00:21 287500                     /usr/lib/x86_64-linux-gnu/libX11-xcb.so.1.0.0
7f0de9c9b000-7f0de9c9c000 r--p 00002000 00:21 287500                     /usr/lib/x86_64-linux-gnu/libX11-xcb.so.1.0.0
7f0de9c9c000-7f0de9c9d000 r--p 00002000 00:21 287500                     /usr/lib/x86_64-linux-gnu/libX11-xcb.so.1.0.0
7f0de9c9d000-7f0de9c9e000 rw-p 00003000 00:21 287500                     /usr/lib/x86_64-linux-gnu/libX11-xcb.so.1.0.0
7f0de9c9e000-7f0de9ca0000 r--p 00000000 00:21 296983                     /usr/lib/x86_64-linux-gnu/libXfixes.so.3.1.0
7f0de9ca0000-7f0de9ca3000 r-xp 00002000 00:21 296983                     /usr/lib/x86_64-linux-gnu/libXfixes.so.3.1.0
7f0de9ca3000-7f0de9ca4000 r--p 00005000 00:21 296983                     /usr/lib/x86_64-linux-gnu/libXfixes.so.3.1.0
7f0de9ca4000-7f0de9ca5000 r--p 00005000 00:21 296983                     /usr/lib/x86_64-linux-gnu/libXfixes.so.3.1.0
7f0de9ca5000-7f0de9ca6000 rw-p 00006000 00:21 296983                     /usr/lib/x86_64-linux-gnu/libXfixes.so.3.1.0
7f0de9ce1000-7f0de9ce5000 r--p 00000000 00:21 296376                     /usr/lib/x86_64-linux-gnu/libXext.so.6.4.0
7f0de9ce5000-7f0de9cf1000 r-xp 00004000 00:21 296376                     /usr/lib/x86_64-linux-gnu/libXext.so.6.4.0
7f0de9cf1000-7f0de9cf4000 r--p 00010000 00:21 296376                     /usr/lib/x86_64-linux-gnu/libXext.so.6.4.0
7f0de9cf4000-7f0de9cf5000 r--p 00012000 00:21 296376                     /usr/lib/x86_64-linux-gnu/libXext.so.6.4.0
7f0de9cf5000-7f0de9cf6000 rw-p 00013000 00:21 296376                     /usr/lib/x86_64-linux-gnu/libXext.so.6.4.0
7f0de9cf6000-7f0de9cf7000 r--p 00000000 00:21 288895                     /usr/lib/x86_64-linux-gnu/libXxf86vm.so.1.0.0
7f0de9cf7000-7f0de9cfa000 r-xp 00001000 00:21 288895                     /usr/lib/x86_64-linux-gnu/libXxf86vm.so.1.0.0
7f0de9cfa000-7f0de9cfb000 r--p 00004000 00:21 288895                     /usr/lib/x86_64-linux-gnu/libXxf86vm.so.1.0.0
7f0de9cfb000-7f0de9cfc000 r--p 00004000 00:21 288895                     /usr/lib/x86_64-linux-gnu/libXxf86vm.so.1.0.0
7f0de9cfc000-7f0de9cfd000 rw-p 00005000 00:21 288895                     /usr/lib/x86_64-linux-gnu/libXxf86vm.so.1.0.0
7f0de9cfd000-7f0de9d01000 ---p 00000000 00:00 0 
7f0de9d01000-7f0de9dfe000 rw-p 00000000 00:00 0 
7f0de9dfe000-7f0de9e02000 ---p 00000000 00:00 0 
7f0de9e02000-7f0de9eff000 rw-p 00000000 00:00 0 
7f0de9eff000-7f0de9f03000 ---p 00000000 00:00 0 
7f0de9f03000-7f0dec000000 rw-p 00000000 00:00 0 
7f0dec000000-7f0dec021000 rw-p 00000000 00:00 0 
7f0dec021000-7f0df0000000 ---p 00000000 00:00 0 
7f0df0000000-7f0df0021000 rw-p 00000000 00:00 0 
7f0df0021000-7f0df4000000 ---p 00000000 00:00 0 
7f0df4000000-7f0df4021000 rw-p 00000000 00:00 0 
7f0df4021000-7f0df8000000 ---p 00000000 00:00 0 
7f0df8005000-7f0df8012000 r--p 00000000 00:21 289198                     /usr/lib/x86_64-linux-gnu/libxcb.so.1.1.0
7f0df8012000-7f0df8025000 r-xp 0000d000 00:21 289198                     /usr/lib/x86_64-linux-gnu/libxcb.so.1.1.0
7f0df8025000-7f0df802e000 r--p 00020000 00:21 289198                     /usr/lib/x86_64-linux-gnu/libxcb.so.1.1.0
7f0df802e000-7f0df802f000 ---p 00029000 00:21 289198                     /usr/lib/x86_64-linux-gnu/libxcb.so.1.1.0
7f0df802f000-7f0df8030000 r--p 00029000 00:21 289198                     /usr/lib/x86_64-linux-gnu/libxcb.so.1.1.0
7f0df8030000-7f0df8031000 rw-p 0002a000 00:21 289198                     /usr/lib/x86_64-linux-gnu/libxcb.so.1.1.0
7f0df8031000-7f0df8035000 ---p 00000000 00:00 0 
7f0df8035000-7f0df8132000 rw-p 00000000 00:00 0 
7f0df8132000-7f0df8136000 ---p 00000000 00:00 0 
7f0df8136000-7f0df8233000 rw-p 00000000 00:00 0 
7f0df8233000-7f0df8237000 ---p 00000000 00:00 0 
7f0df8237000-7f0df8334000 rw-p 00000000 00:00 0 
7f0df8334000-7f0df8389000 r--p 00000000 00:21 283752                     /usr/share/runtime/locale/de/lib/de_DE.utf8/LC_CTYPE
7f0df8389000-7f0df8601000 r--p 00000000 00:21 283765                     /usr/share/runtime/locale/de/lib/de_DE.utf8/LC_COLLATE
7f0df8601000-7f0df8605000 ---p 00000000 00:00 0 
7f0df8605000-7f0df8702000 rw-p 00000000 00:00 0 
7f0df8702000-7f0df8706000 ---p 00000000 00:00 0 
7f0df8706000-7f0df8803000 rw-p 00000000 00:00 0 
7f0df8803000-7f0df8804000 ---p 00000000 00:00 0 
7f0df8804000-7f0df8d6e000 rw-p 00000000 00:00 0 
7f0df8d6e000-7f0dfc786000 ---p 00000000 00:00 0 
7f0dfc786000-7f0dfcb7e000 rw-p 00000000 00:00 0 
7f0dfcb7e000-7f0e00596000 ---p 00000000 00:00 0 
7f0e00596000-7f0e005a6000 rw-p 00000000 00:00 0 
7f0e005a6000-7f0e00816000 rwxp 00000000 00:00 0 
7f0e00816000-7f0e00b38000 ---p 00000000 00:00 0 
7f0e00b38000-7f0e00da8000 rwxp 00000000 00:00 0 
7f0e00da8000-7f0e0806f000 ---p 00000000 00:00 0 
7f0e0806f000-7f0e082df000 rwxp 00000000 00:00 0 
7f0e082df000-7f0e0f5a6000 ---p 00000000 00:00 0 
7f0e0f5a6000-7f0e18000000 r--s 00000000 00:21 724451                     /home/snoweuph/.jdks/corretto-16.0.2/lib/modules
7f0e18000000-7f0e186eb000 rw-p 00000000 00:00 0 
7f0e186eb000-7f0e1c000000 ---p 00000000 00:00 0 
7f0e1c002000-7f0e1c003000 r--p 00000000 00:21 284954                     /usr/lib/x86_64-linux-gnu/libXau.so.6.0.0
7f0e1c003000-7f0e1c005000 r-xp 00001000 00:21 284954                     /usr/lib/x86_64-linux-gnu/libXau.so.6.0.0
7f0e1c005000-7f0e1c006000 r--p 00003000 00:21 284954                     /usr/lib/x86_64-linux-gnu/libXau.so.6.0.0
7f0e1c006000-7f0e1c007000 r--p 00003000 00:21 284954                     /usr/lib/x86_64-linux-gnu/libXau.so.6.0.0
7f0e1c007000-7f0e1c008000 rw-p 00004000 00:21 284954                     /usr/lib/x86_64-linux-gnu/libXau.so.6.0.0
7f0e1c013000-7f0e1c014000 rwxp 00000000 00:00 0 
7f0e1c016000-7f0e1c017000 rw-p 00000000 00:00 0 
7f0e1c017000-7f0e1c018000 r-xp 00053000 00:39 1203                       /tmp/lwjglsnoweuph/3.3.1-build-7/liblwjgl.so
7f0e1c018000-7f0e1c04a000 rw-p 00000000 00:00 0 
7f0e1c04a000-7f0e1c04b000 r--p 00000000 00:21 283945                     /usr/share/runtime/locale/de/lib/de_DE.utf8/LC_NUMERIC
7f0e1c04b000-7f0e1c04c000 r--p 00000000 00:21 283813                     /usr/share/runtime/locale/de/lib/de_DE.utf8/LC_TIME
7f0e1c04c000-7f0e1c04d000 r--p 00000000 00:21 283876                     /usr/share/runtime/locale/de/lib/de_DE.utf8/LC_MONETARY
7f0e1c04d000-7f0e1c04e000 r--p 00000000 00:21 283674                     /usr/share/runtime/locale/de/lib/de_DE.utf8/LC_MESSAGES/SYS_LC_MESSAGES
7f0e1c04e000-7f0e1c04f000 r--p 00000000 00:21 283895                     /usr/share/runtime/locale/de/lib/de_DE.utf8/LC_PAPER
7f0e1c04f000-7f0e1c0eb000 rw-p 00000000 00:00 0 
7f0e1c0eb000-7f0e1c0ec000 ---p 00000000 00:00 0 
7f0e1c0ec000-7f0e1c1ed000 rw-p 00000000 00:00 0 
7f0e1c1ed000-7f0e1c1ee000 ---p 00000000 00:00 0 
7f0e1c1ee000-7f0e1caf7000 rw-p 00000000 00:00 0 
7f0e1caf7000-7f0e1caf8000 ---p 00000000 00:00 0 
7f0e1caf8000-7f0e1cbf9000 rw-p 00000000 00:00 0 
7f0e1cbf9000-7f0e1cbfa000 ---p 00000000 00:00 0 
7f0e1cbfa000-7f0e1ccfb000 rw-p 00000000 00:00 0 
7f0e1ccfb000-7f0e1ccfc000 ---p 00000000 00:00 0 
7f0e1ccfc000-7f0e1cefb000 rw-p 00000000 00:00 0 
7f0e1cefb000-7f0e1d63e000 ---p 00000000 00:00 0 
7f0e1d63e000-7f0e1d6bd000 rw-p 00000000 00:00 0 
7f0e1d6bd000-7f0e1de00000 ---p 00000000 00:00 0 
7f0e1de00000-7f0e1de7f000 rw-p 00000000 00:00 0 
7f0e1de7f000-7f0e1e5c2000 ---p 00000000 00:00 0 
7f0e1e5c2000-7f0e1edd1000 rw-p 00000000 00:00 0 
7f0e1edd1000-7f0e1eeb7000 ---p 00000000 00:00 0 
7f0e1eeb7000-7f0e1eebc000 rw-p 00000000 00:00 0 
7f0e1eebc000-7f0e1efa2000 ---p 00000000 00:00 0 
7f0e1efa2000-7f0e1efc6000 r-xp 00000000 00:21 724468                     /home/snoweuph/.jdks/corretto-16.0.2/lib/libjava.so
7f0e1efc6000-7f0e1f1c6000 ---p 00024000 00:21 724468                     /home/snoweuph/.jdks/corretto-16.0.2/lib/libjava.so
7f0e1f1c6000-7f0e1f1c7000 r--p 00024000 00:21 724468                     /home/snoweuph/.jdks/corretto-16.0.2/lib/libjava.so
7f0e1f1c7000-7f0e1f1c8000 rw-p 00025000 00:21 724468                     /home/snoweuph/.jdks/corretto-16.0.2/lib/libjava.so
7f0e1f1c8000-7f0e1f1c9000 rw-p 00000000 00:00 0 
7f0e1f1c9000-7f0e1f1cc000 r--p 00000000 00:21 2248421                    /usr/lib/x86_64-linux-gnu/libnss_files-2.33.so
7f0e1f1cc000-7f0e1f1d3000 r-xp 00003000 00:21 2248421                    /usr/lib/x86_64-linux-gnu/libnss_files-2.33.so
7f0e1f1d3000-7f0e1f1d5000 r--p 0000a000 00:21 2248421                    /usr/lib/x86_64-linux-gnu/libnss_files-2.33.so
7f0e1f1d5000-7f0e1f1d6000 r--p 0000b000 00:21 2248421                    /usr/lib/x86_64-linux-gnu/libnss_files-2.33.so
7f0e1f1d6000-7f0e1f1d7000 rw-p 0000c000 00:21 2248421                    /usr/lib/x86_64-linux-gnu/libnss_files-2.33.so
7f0e1f1d7000-7f0e1f1dd000 rw-p 00000000 00:00 0 
7f0e1f1dd000-7f0e1f1de000 r--p 00000000 00:21 284137                     /usr/share/runtime/locale/de/lib/de_DE.utf8/LC_NAME
7f0e1f1de000-7f0e1f1df000 r--p 00000000 00:21 283970                     /usr/share/runtime/locale/de/lib/de_DE.utf8/LC_ADDRESS
7f0e1f1df000-7f0e1f1e4000 rw-p 00000000 00:00 0 
7f0e1f1e4000-7f0e1f1eb000 ---p 00000000 00:00 0 
7f0e1f1eb000-7f0e1f206000 r-xp 00000000 00:21 724470                     /home/snoweuph/.jdks/corretto-16.0.2/lib/libjimage.so
7f0e1f206000-7f0e1f405000 ---p 0001b000 00:21 724470                     /home/snoweuph/.jdks/corretto-16.0.2/lib/libjimage.so
7f0e1f405000-7f0e1f407000 r--p 0001a000 00:21 724470                     /home/snoweuph/.jdks/corretto-16.0.2/lib/libjimage.so
7f0e1f407000-7f0e1f408000 rw-p 0001c000 00:21 724470                     /home/snoweuph/.jdks/corretto-16.0.2/lib/libjimage.so
7f0e1f408000-7f0e1f40a000 r--p 00000000 00:21 2247724                    /usr/lib/x86_64-linux-gnu/librt-2.33.so
7f0e1f40a000-7f0e1f40e000 r-xp 00002000 00:21 2247724                    /usr/lib/x86_64-linux-gnu/librt-2.33.so
7f0e1f40e000-7f0e1f410000 r--p 00006000 00:21 2247724                    /usr/lib/x86_64-linux-gnu/librt-2.33.so
7f0e1f410000-7f0e1f411000 r--p 00007000 00:21 2247724                    /usr/lib/x86_64-linux-gnu/librt-2.33.so
7f0e1f411000-7f0e1f412000 rw-p 00008000 00:21 2247724                    /usr/lib/x86_64-linux-gnu/librt-2.33.so
7f0e1f412000-7f0e1f416000 ---p 00000000 00:00 0 
7f0e1f416000-7f0e1f513000 rw-p 00000000 00:00 0 
7f0e1f513000-7f0e1f520000 r--p 00000000 00:21 2246123                    /usr/lib/x86_64-linux-gnu/libm-2.33.so
7f0e1f520000-7f0e1f5bf000 r-xp 0000d000 00:21 2246123                    /usr/lib/x86_64-linux-gnu/libm-2.33.so
7f0e1f5bf000-7f0e1f65a000 r--p 000ac000 00:21 2246123                    /usr/lib/x86_64-linux-gnu/libm-2.33.so
7f0e1f65a000-7f0e1f65b000 r--p 00146000 00:21 2246123                    /usr/lib/x86_64-linux-gnu/libm-2.33.so
7f0e1f65b000-7f0e1f65c000 rw-p 00147000 00:21 2246123                    /usr/lib/x86_64-linux-gnu/libm-2.33.so
7f0e1f65c000-7f0e20918000 r-xp 00000000 00:21 724461                     /home/snoweuph/.jdks/corretto-16.0.2/lib/server/libjvm.so
7f0e20918000-7f0e20b17000 ---p 012bc000 00:21 724461                     /home/snoweuph/.jdks/corretto-16.0.2/lib/server/libjvm.so
7f0e20b17000-7f0e20bcc000 r--p 012bb000 00:21 724461                     /home/snoweuph/.jdks/corretto-16.0.2/lib/server/libjvm.so
7f0e20bcc000-7f0e20c00000 rw-p 01370000 00:21 724461                     /home/snoweuph/.jdks/corretto-16.0.2/lib/server/libjvm.so
7f0e20c00000-7f0e20c5d000 rw-p 00000000 00:00 0 
7f0e20c5d000-7f0e20c7f000 r--p 00000000 00:21 2249850                    /usr/lib/x86_64-linux-gnu/libc-2.33.so
7f0e20c7f000-7f0e20de3000 r-xp 00022000 00:21 2249850                    /usr/lib/x86_64-linux-gnu/libc-2.33.so
7f0e20de3000-7f0e20e2e000 r--p 00186000 00:21 2249850                    /usr/lib/x86_64-linux-gnu/libc-2.33.so
7f0e20e2e000-7f0e20e32000 r--p 001d0000 00:21 2249850                    /usr/lib/x86_64-linux-gnu/libc-2.33.so
7f0e20e32000-7f0e20e34000 rw-p 001d4000 00:21 2249850                    /usr/lib/x86_64-linux-gnu/libc-2.33.so
7f0e20e34000-7f0e20e3d000 rw-p 00000000 00:00 0 
7f0e20e3d000-7f0e20e3e000 r--p 00000000 00:21 2248554                    /usr/lib/x86_64-linux-gnu/libdl-2.33.so
7f0e20e3e000-7f0e20e40000 r-xp 00001000 00:21 2248554                    /usr/lib/x86_64-linux-gnu/libdl-2.33.so
7f0e20e40000-7f0e20e41000 r--p 00003000 00:21 2248554                    /usr/lib/x86_64-linux-gnu/libdl-2.33.so
7f0e20e41000-7f0e20e42000 r--p 00003000 00:21 2248554                    /usr/lib/x86_64-linux-gnu/libdl-2.33.so
7f0e20e42000-7f0e20e43000 rw-p 00004000 00:21 2248554                    /usr/lib/x86_64-linux-gnu/libdl-2.33.so
7f0e20e43000-7f0e20e49000 r--p 00000000 00:21 2248972                    /usr/lib/x86_64-linux-gnu/libpthread-2.33.so
7f0e20e49000-7f0e20e58000 r-xp 00006000 00:21 2248972                    /usr/lib/x86_64-linux-gnu/libpthread-2.33.so
7f0e20e58000-7f0e20e5d000 r--p 00015000 00:21 2248972                    /usr/lib/x86_64-linux-gnu/libpthread-2.33.so
7f0e20e5d000-7f0e20e5e000 ---p 0001a000 00:21 2248972                    /usr/lib/x86_64-linux-gnu/libpthread-2.33.so
7f0e20e5e000-7f0e20e5f000 r--p 0001a000 00:21 2248972                    /usr/lib/x86_64-linux-gnu/libpthread-2.33.so
7f0e20e5f000-7f0e20e60000 rw-p 0001b000 00:21 2248972                    /usr/lib/x86_64-linux-gnu/libpthread-2.33.so
7f0e20e60000-7f0e20e64000 rw-p 00000000 00:00 0 
7f0e20e64000-7f0e20e65000 r--p 00000000 00:21 284142                     /usr/share/runtime/locale/de/lib/de_DE.utf8/LC_TELEPHONE
7f0e20e65000-7f0e20e66000 r--p 00000000 00:21 283898                     /usr/share/runtime/locale/de/lib/de_DE.utf8/LC_MEASUREMENT
7f0e20e66000-7f0e20e67000 r--p 00000000 00:21 283698                     /usr/share/runtime/locale/de/lib/de_DE.utf8/LC_IDENTIFICATION
7f0e20e67000-7f0e20e6f000 rw-s 00000000 00:39 1924                       /tmp/hsperfdata_snoweuph/3356
7f0e20e6f000-7f0e20e70000 ---p 00000000 00:00 0 
7f0e20e70000-7f0e20e71000 r--p 00000000 00:00 0 
7f0e20e71000-7f0e20e72000 ---p 00000000 00:00 0 
7f0e20e72000-7f0e20e8b000 r-xp 00000000 00:21 724466                     /home/snoweuph/.jdks/corretto-16.0.2/lib/libjli.so
7f0e20e8b000-7f0e2108a000 ---p 00019000 00:21 724466                     /home/snoweuph/.jdks/corretto-16.0.2/lib/libjli.so
7f0e2108a000-7f0e2108b000 r--p 00018000 00:21 724466                     /home/snoweuph/.jdks/corretto-16.0.2/lib/libjli.so
7f0e2108b000-7f0e2108c000 rw-p 00019000 00:21 724466                     /home/snoweuph/.jdks/corretto-16.0.2/lib/libjli.so
7f0e2108c000-7f0e2108e000 rw-p 00000000 00:00 0 
7f0e2108e000-7f0e2108f000 r--p 00000000 00:21 2246395                    /usr/lib/x86_64-linux-gnu/ld-2.33.so
7f0e2108f000-7f0e210b5000 r-xp 00001000 00:21 2246395                    /usr/lib/x86_64-linux-gnu/ld-2.33.so
7f0e210b5000-7f0e210be000 r--p 00027000 00:21 2246395                    /usr/lib/x86_64-linux-gnu/ld-2.33.so
7f0e210be000-7f0e210c0000 r--p 0002f000 00:21 2246395                    /usr/lib/x86_64-linux-gnu/ld-2.33.so
7f0e210c0000-7f0e210c2000 rw-p 00031000 00:21 2246395                    /usr/lib/x86_64-linux-gnu/ld-2.33.so
7ffc39e5b000-7ffc39e7e000 rw-p 00000000 00:00 0                          [stack]
7ffc39fa9000-7ffc39fad000 r--p 00000000 00:00 0                          [vvar]
7ffc39fad000-7ffc39faf000 r-xp 00000000 00:00 0                          [vdso]
ffffffffff600000-ffffffffff601000 --xp 00000000 00:00 0                  [vsyscall]


VM Arguments:
jvm_args: -Dfile.encoding=UTF-8 -Duser.country=DE -Duser.language=de -Duser.variant 
java_command: org.euph.Main
java_class_path (initial): /home/snoweuph/Git/GameEngine/GameEngine/build/classes/java/main:/home/snoweuph/Git/GameEngine/GameEngine/build/resources/main:/home/snoweuph/.gradle/caches/modules-2/files-2.1/org.lwjgl/lwjgl-assimp/3.3.1/312072f451794f25670aebb0160ce6ec88aff842/lwjgl-assimp-3.3.1.jar:/home/snoweuph/.gradle/caches/modules-2/files-2.1/org.lwjgl/lwjgl-assimp/3.3.1/79fdb4d7fc27bc61579eb3803c8c389b8e57af1f/lwjgl-assimp-3.3.1-natives-linux.jar:/home/snoweuph/.gradle/caches/modules-2/files-2.1/org.lwjgl/lwjgl-bgfx/3.3.1/4243b7d255d885980f10c36edfb678729493685e/lwjgl-bgfx-3.3.1.jar:/home/snoweuph/.gradle/caches/modules-2/files-2.1/org.lwjgl/lwjgl-bgfx/3.3.1/6ae3c5e24f748c6e4d0f2a724bfdbf9d5a7ec6b6/lwjgl-bgfx-3.3.1-natives-linux.jar:/home/snoweuph/.gradle/caches/modules-2/files-2.1/org.lwjgl/lwjgl-glfw/3.3.1/cbac1b8d30cb4795149c1ef540f912671a8616d0/lwjgl-glfw-3.3.1.jar:/home/snoweuph/.gradle/caches/modules-2/files-2.1/org.lwjgl/lwjgl-glfw/3.3.1/81716978214ecbda15050ca394b06ef61501a49e/lwjgl-glfw-3.3.1-natives-linux.jar:/home/snoweuph/.gradle/caches/modules-2/files-2.1/org.lwjgl/lwjgl-libdivide/3.3.1/ed21d21e4f3d508908ef1a23d885e73983f244ea/lwjgl-libdivide-3.3.1.jar:/home/snoweuph/.gradle/caches/modules-2/files-2.1/org.lwjgl/lwjgl-libdivide/3.3.1/c4312cccbfae5fea8f9e3f72b367c3a0af6b20a2/lwjgl-libdivide-3.3.1-natives-linux.jar:/home/snoweuph/.gradle/caches/modules-2/files-2.1/org.lwjgl/lwjgl-meshoptimizer/3.3.1/8cc3325a9bba8beba08190f909a6f0003d96ad8f/lwjgl-meshoptimizer-3.3.1.jar:/home/snoweuph/.gradle/caches/modules-2/files-2.1/org.lwjgl/lwjgl-meshoptimizer/3.3.1/b881a520004d291093c2540e2f398f4c2173e8a8/lwjgl-meshoptimizer-3.3.1-natives-linux.jar:/home/snoweuph/.gradle/caches/modules-2/files-2.1/org.lwjgl/lwjgl-nfd/3.3.1/622318116996ddcff449b46cb38f0fdee39b8ac3/lwjgl-nfd-3.3.1.jar:/home/snoweuph/.gradle/caches/modules-2/files-2.1/org.lwjgl/lwjgl-nfd/3.3.1/2e007667e04ed3281152ae5c6e677fb1c2211691/lwjgl-nfd-3.3.1-natives-linux.jar:/home/snoweuph/.gradle/caches/mo
Launcher Type: SUN_STANDARD

[Global flags]
     intx CICompilerCount                          = 4                                         {product} {ergonomic}
     uint ConcGCThreads                            = 2                                         {product} {ergonomic}
     uint G1ConcRefinementThreads                  = 8                                         {product} {ergonomic}
   size_t G1HeapRegionSize                         = 2097152                                   {product} {ergonomic}
    uintx GCDrainStackTargetSize                   = 64                                        {product} {ergonomic}
   size_t InitialHeapSize                          = 262144000                                 {product} {ergonomic}
   size_t MarkStackSize                            = 4194304                                   {product} {ergonomic}
   size_t MaxHeapSize                              = 4164943872                                {product} {ergonomic}
   size_t MaxNewSize                               = 2497708032                                {product} {ergonomic}
   size_t MinHeapDeltaBytes                        = 2097152                                   {product} {ergonomic}
   size_t MinHeapSize                              = 8388608                                   {product} {ergonomic}
    uintx NonNMethodCodeHeapSize                   = 5839372                                {pd product} {ergonomic}
    uintx NonProfiledCodeHeapSize                  = 122909434                              {pd product} {ergonomic}
    uintx ProfiledCodeHeapSize                     = 122909434                              {pd product} {ergonomic}
    uintx ReservedCodeCacheSize                    = 251658240                              {pd product} {ergonomic}
     bool SegmentedCodeCache                       = true                                      {product} {ergonomic}
   size_t SoftMaxHeapSize                          = 4164943872                             {manageable} {ergonomic}
     bool UseCompressedClassPointers               = true                           {product lp64_product} {ergonomic}
     bool UseCompressedOops                        = true                           {product lp64_product} {ergonomic}
     bool UseG1GC                                  = true                                      {product} {ergonomic}

Logging:
Log output configuration:
 #0: stdout all=warning uptime,level,tags
 #1: stderr all=off uptime,level,tags

Environment Variables:
PATH=/app/bin:/usr/bin
LD_LIBRARY_PATH=
SHELL=/bin/sh
DISPLAY=:99.0
LANG=de_DE.UTF-8

Signal Handlers:
SIGSEGV: [libjvm.so+0xf67e20], sa_mask[0]=11100100010111111101111111111110, sa_flags=SA_RESTART|SA_SIGINFO
SIGBUS: [libjvm.so+0xf67e20], sa_mask[0]=11100100010111111101111111111110, sa_flags=SA_RESTART|SA_SIGINFO
SIGFPE: [libjvm.so+0xf67e20], sa_mask[0]=11100100010111111101111111111110, sa_flags=SA_RESTART|SA_SIGINFO
SIGPIPE: [libjvm.so+0xe05b30], sa_mask[0]=11100100010111111101111111111110, sa_flags=SA_RESTART|SA_SIGINFO
SIGXFSZ: [libjvm.so+0xe05b30], sa_mask[0]=11100100010111111101111111111110, sa_flags=SA_RESTART|SA_SIGINFO
SIGILL: [libjvm.so+0xf67e20], sa_mask[0]=11100100010111111101111111111110, sa_flags=SA_RESTART|SA_SIGINFO
SIGUSR2: [libjvm.so+0xe05200], sa_mask[0]=00100000000000000000000000000000, sa_flags=SA_RESTART|SA_SIGINFO
SIGHUP: [libjvm.so+0xe05140], sa_mask[0]=11100100010111111101111111111110, sa_flags=SA_RESTART|SA_SIGINFO
SIGINT: [libjvm.so+0xe05140], sa_mask[0]=11100100010111111101111111111110, sa_flags=SA_RESTART|SA_SIGINFO
SIGTERM: [libjvm.so+0xe05140], sa_mask[0]=11100100010111111101111111111110, sa_flags=SA_RESTART|SA_SIGINFO
SIGQUIT: [libjvm.so+0xe05140], sa_mask[0]=11100100010111111101111111111110, sa_flags=SA_RESTART|SA_SIGINFO
SIGTRAP: [libjvm.so+0xf67e20], sa_mask[0]=11100100010111111101111111111110, sa_flags=SA_RESTART|SA_SIGINFO


---------------  S Y S T E M  ---------------

OS:
NAME=Freedesktop.org
VERSION="21.08.14 (Flatpak runtime)"
VERSION_ID=21.08.14
ID=org.freedesktop.platform
PRETTY_NAME="Freedesktop.org 21.08.14 (Flatpak runtime)"
BUG_REPORT_URL=https://gitlab.com/freedesktop-sdk/freedesktop-sdk/issues
uname: Linux 5.17.5-300.fc36.x86_64 #1 SMP PREEMPT Thu Apr 28 15:51:30 UTC 2022 x86_64
OS uptime: 0 days 2:06 hours
libc: glibc 2.33 NPTL 2.33 
rlimit (soft/hard): STACK 8192k/infinity , CORE infinity/infinity , NPROC 63055/63055 , NOFILE 1048576/1048576 , AS infinity/infinity , CPU infinity/infinity , DATA infinity/infinity , FSIZE infinity/infinity , MEMLOCK 8192k/8192k
load average: 4,07 3,57 3,44

/proc/meminfo:
MemTotal:       16262540 kB
MemFree:          799728 kB
MemAvailable:    6689628 kB
Buffers:           10672 kB
Cached:          6011636 kB
SwapCached:          668 kB
Active:          4895856 kB
Inactive:        9036828 kB
Active(anon):     691212 kB
Inactive(anon):  7333016 kB
Active(file):    4204644 kB
Inactive(file):  1703812 kB
Unevictable:        4964 kB
Mlocked:            4964 kB
SwapTotal:       8388604 kB
SwapFree:        8072956 kB
Dirty:             56376 kB
Writeback:             0 kB
AnonPages:       7914732 kB
Mapped:          1248776 kB
Shmem:            113848 kB
KReclaimable:     316636 kB
Slab:             656944 kB
SReclaimable:     316636 kB
SUnreclaim:       340308 kB
KernelStack:       33216 kB
PageTables:        73416 kB
NFS_Unstable:          0 kB
Bounce:                0 kB
WritebackTmp:          0 kB
CommitLimit:    16519872 kB
Committed_AS:   18079920 kB
VmallocTotal:   34359738367 kB
VmallocUsed:      211932 kB
VmallocChunk:          0 kB
Percpu:            46080 kB
HardwareCorrupted:     0 kB
AnonHugePages:    120832 kB
ShmemHugePages:        0 kB
ShmemPmdMapped:        0 kB
FileHugePages:         0 kB
FilePmdMapped:         0 kB
CmaTotal:              0 kB
CmaFree:               0 kB
HugePages_Total:       0
HugePages_Free:        0
HugePages_Rsvd:        0
HugePages_Surp:        0
Hugepagesize:       2048 kB
Hugetlb:               0 kB
DirectMap4k:     1744632 kB
DirectMap2M:    14856192 kB
DirectMap1G:     1048576 kB

/sys/kernel/mm/transparent_hugepage/enabled: <Not Available>
/sys/kernel/mm/transparent_hugepage/defrag (defrag/compaction efforts parameter): <Not Available>

Process Memory:
Virtual Size: 8098528K (peak: 8207112K)
Resident Set Size: 109140K (peak: 109452K) (anon: 36888K, file: 69200K, shmem: 3052K)
Swapped out: 0K
C-Heap outstanding allocations: 6835K

/proc/sys/kernel/threads-max (system-wide limit on the number of threads): 126110
/proc/sys/vm/max_map_count (maximum number of memory map areas a process may have): 65530
/proc/sys/kernel/pid_max (system-wide limit on number of process identifiers): 4194304

Steal ticks since vm start: 0
Steal ticks percentage since vm start:  0,000

CPU: total 8 (initial active 8) (8 cores per cpu, 2 threads per core) family 23 model 1 stepping 1 microcode 0x8001138, cx8, cmov, fxsr, ht, mmx, 3dnowpref, sse, sse2, sse3, ssse3, sse4a, sse4.1, sse4.2, popcnt, lzcnt, tsc, tscinvbit, avx, avx2, aes, clmul, bmi1, bmi2, adx, sha, fma, vzeroupper, clflush, clflushopt
CPU Model and flags from /proc/cpuinfo:
model name	: AMD Ryzen 5 1400 Quad-Core Processor
flags		: fpu vme de pse tsc msr pae mce cx8 apic sep mtrr pge mca cmov pat pse36 clflush mmx fxsr sse sse2 ht syscall nx mmxext fxsr_opt pdpe1gb rdtscp lm constant_tsc rep_good nopl nonstop_tsc cpuid extd_apicid aperfmperf rapl pni pclmulqdq monitor ssse3 fma cx16 sse4_1 sse4_2 movbe popcnt aes xsave avx f16c rdrand lahf_lm cmp_legacy svm extapic cr8_legacy abm sse4a misalignsse 3dnowprefetch osvw skinit wdt tce topoext perfctr_core perfctr_nb bpext perfctr_llc mwaitx cpb hw_pstate ssbd ibpb vmmcall fsgsbase bmi1 avx2 smep bmi2 rdseed adx smap clflushopt sha_ni xsaveopt xsavec xgetbv1 xsaves clzero irperf xsaveerptr arat npt lbrv svm_lock nrip_save tsc_scale vmcb_clean flushbyasid decodeassists pausefilter pfthreshold avic v_vmsave_vmload vgif overflow_recov succor smca sme sev

Online cpus: 0-7
Offline cpus: 8-31
BIOS frequency limitation: 3800000
Frequency switch latency (ns): 0
Available cpu frequencies: 3800000 2250000 1550000 
Current governor: schedutil
Core performance/turbo boost: 0

Memory: 4k page, physical 16262540k(799728k free), swap 8388604k(8072956k free)

vm_info: OpenJDK 64-Bit Server VM (16.0.2+7) for linux-amd64 JRE (16.0.2+7), built on Jul 22 2021 01:08:17 by "jenkins" with gcc 7.3.1 20180303 (Red Hat 7.3.1-5)

END.
