#
# A fatal error has been detected by the Java Runtime Environment:
#
#  SIGSEGV (0xb) at pc=0x00007f1cb3b35f88, pid=1951, tid=1957
#
# JRE version: OpenJDK Runtime Environment Corretto-16.0.2.7.1 (16.0.2+7) (build 16.0.2+7)
# Java VM: OpenJDK 64-Bit Server VM Corretto-16.0.2.7.1 (16.0.2+7, mixed mode, sharing, tiered, compressed oops, compressed class ptrs, g1 gc, linux-amd64)
# Problematic frame:
# C  [libglfw.so+0x1ff88]
#
# Core dump will be written. Default location: Core dumps may be processed with "/usr/lib/systemd/systemd-coredump %P %u %g %s %t %c %h" (or dumping to /home/snoweuph/Git/GameEngine/GameEngine/core.1951)
#
# If you would like to submit a bug report, please visit:
#   https://github.com/corretto/corretto-jdk/issues/
# The crash happened outside the Java Virtual Machine in native code.
# See problematic frame for where to report the bug.
#

---------------  S U M M A R Y ------------

Command Line: -Dfile.encoding=UTF-8 -Duser.country=DE -Duser.language=de -Duser.variant org.euph.Main

Host: AMD Ryzen 5 1400 Quad-Core Processor, 8 cores, 15G, Freedesktop.org 21.08.14 (Flatpak runtime)
Time: Tue Jul 26 04:09:49 2022 CEST elapsed time: 0.402331 seconds (0d 0h 0m 0s)

---------------  T H R E A D  ---------------

Current thread (0x00007f1d18023c90):  JavaThread "main" [_thread_in_native, id=1957, stack(0x00007f1d1e998000,0x00007f1d1ea99000)]

Stack: [0x00007f1d1e998000,0x00007f1d1ea99000],  sp=0x00007f1d1ea96fd0,  free space=1019k
Native frames: (J=compiled Java code, A=aot compiled Java code, j=interpreted, Vv=VM code, C=native code)
C  [libglfw.so+0x1ff88]

Java frames: (J=compiled Java code, j=interpreted, Vv=VM code)
j  org.lwjgl.system.JNI.invokePPPP(IIJJJJ)J+0
j  org.lwjgl.glfw.GLFW.nglfwCreateWindow(IIJJJ)J+14
j  org.lwjgl.glfw.GLFW.glfwCreateWindow(IILjava/lang/CharSequence;JJ)J+34
j  org.euph.engine.displaySystem.DisplayManager.createWindow(IIILjava/lang/String;ZZZZ)Lorg/euph/engine/displaySystem/Window;+55
j  org.euph.Main.main([Ljava/lang/String;)V+17
v  ~StubRoutines::call_stub

siginfo: si_signo: 11 (SIGSEGV), si_code: 1 (SEGV_MAPERR), si_addr: 0x0000000000000139

Register to memory mapping:

RAX=0x0000000000000001 is an unknown value
RBX=0x00007f1cb3d70c40: <offset 0x000000000025ac40> in /tmp/lwjglsnoweuph/3.3.1-build-7/libglfw.so at 0x00007f1cb3b16000
RCX=0x0000000000000026 is an unknown value
RDX=0x0000000000000157 is an unknown value
RSP=0x00007f1d1ea96fd0 is pointing into the stack for thread: 0x00007f1d18023c90
RBP=0x00007f1d1847a5f0 points into unknown readable memory: 0x0000000000000000 | 00 00 00 00 00 00 00 00
RSI=0x000000000240000b is an unknown value
RDI=0x00007f1d1ea9705c is pointing into the stack for thread: 0x00007f1d18023c90
R8 =0x0 is NULL
R9 =0x00007f1d1843d890 points into unknown readable memory: 0x0000000000000000 | 00 00 00 00 00 00 00 00
R10=0x00007ffc3fed0080 points into unknown readable memory: 0x000000010033a13e | 3e a1 33 00 01 00 00 00
R11=0x0000000000000293 is an unknown value
R12=0x00007f1d1ea971e0 is pointing into the stack for thread: 0x00007f1d18023c90
R13=0x00007f1d1ea97230 is pointing into the stack for thread: 0x00007f1d18023c90
R14=0x00000000000002d0 is an unknown value
R15=0x00007f1d1ea971a0 is pointing into the stack for thread: 0x00007f1d18023c90


Registers:
RAX=0x0000000000000001, RBX=0x00007f1cb3d70c40, RCX=0x0000000000000026, RDX=0x0000000000000157
RSP=0x00007f1d1ea96fd0, RBP=0x00007f1d1847a5f0, RSI=0x000000000240000b, RDI=0x00007f1d1ea9705c
R8 =0x0000000000000000, R9 =0x00007f1d1843d890, R10=0x00007ffc3fed0080, R11=0x0000000000000293
R12=0x00007f1d1ea971e0, R13=0x00007f1d1ea97230, R14=0x00000000000002d0, R15=0x00007f1d1ea971a0
RIP=0x00007f1cb3b35f88, EFLAGS=0x0000000000010202, CSGSFS=0x002b000000000033, ERR=0x0000000000000004
  TRAPNO=0x000000000000000e

Top of Stack: (sp=0x00007f1d1ea96fd0)
0x00007f1d1ea96fd0:   00000000000003da 0000000000000001
0x00007f1d1ea96fe0:   0000000000000001 00000000ffffffff
0x00007f1d1ea96ff0:   0000000000000000 0000000000000000
0x00007f1d1ea97000:   000000000240000a 0000000000000000 

Instructions: (pc=0x00007f1cb3b35f88)
0x00007f1cb3b35e88:   58 01 00 00 48 8d 1d ad ad 23 00 48 8b b7 78 04
0x00007f1cb3b35e98:   00 00 64 48 8b 04 25 28 00 00 00 48 89 84 24 48
0x00007f1cb3b35ea8:   01 00 00 31 c0 48 8b 47 50 8b 93 40 2a 02 00 4c
0x00007f1cb3b35eb8:   8b 8b 50 18 02 00 48 85 c0 0f 84 79 01 00 00 85
0x00007f1cb3b35ec8:   d2 0f 85 a1 00 00 00 48 8b 93 b0 24 02 00 48 85
0x00007f1cb3b35ed8:   d2 0f 85 01 02 00 00 c7 44 24 68 01 00 00 00 48
0x00007f1cb3b35ee8:   8d 4c 24 10 ba 00 02 00 00 4c 89 cf ff 93 10 26
0x00007f1cb3b35ef8:   02 00 c7 85 90 04 00 00 01 00 00 00 8b b5 9c 04
0x00007f1cb3b35f08:   00 00 85 f6 75 3c 48 c7 44 24 10 01 00 00 00 48
0x00007f1cb3b35f18:   8b 93 e0 24 02 00 b9 06 00 00 00 48 8b b5 78 04
0x00007f1cb3b35f28:   00 00 48 8b bb 50 18 02 00 45 31 c9 6a 01 41 b8
0x00007f1cb3b35f38:   20 00 00 00 48 8d 44 24 18 50 ff 93 08 26 02 00
0x00007f1cb3b35f48:   5a 59 48 8b 84 24 48 01 00 00 64 48 33 04 25 28
0x00007f1cb3b35f58:   00 00 00 0f 85 08 03 00 00 48 81 c4 58 01 00 00
0x00007f1cb3b35f68:   5b 5d c3 0f 1f 44 00 00 48 8b 93 e8 24 02 00 48
0x00007f1cb3b35f78:   85 d2 0f 84 4f ff ff ff 48 8d bc 24 8c 00 00 00
0x00007f1cb3b35f88:   4c 63 80 38 01 00 00 48 8d 84 24 84 00 00 00 48
0x00007f1cb3b35f98:   c7 84 24 84 00 00 00 00 00 00 00 48 c7 84 24 38
0x00007f1cb3b35fa8:   01 00 00 00 00 00 00 48 83 e7 f8 48 29 f8 8d 88
0x00007f1cb3b35fb8:   bc 00 00 00 89 c8 c1 e8 03 89 c1 31 c0 f3 48 ab
0x00007f1cb3b35fc8:   48 89 b4 24 a0 00 00 00 48 89 94 24 a8 00 00 00
0x00007f1cb3b35fd8:   4c 89 cf 4c 89 84 24 b8 00 00 00 4c 89 84 24 c0
0x00007f1cb3b35fe8:   00 00 00 b9 00 00 18 00 4c 89 84 24 c8 00 00 00
0x00007f1cb3b35ff8:   4c 89 84 24 d0 00 00 00 31 d2 48 8b b3 60 18 02
0x00007f1cb3b36008:   00 c7 84 24 80 00 00 00 21 00 00 00 4c 8d 84 24
0x00007f1cb3b36018:   80 00 00 00 c7 84 24 b0 00 00 00 20 00 00 00 ff
0x00007f1cb3b36028:   93 e0 27 02 00 48 8b b5 78 04 00 00 4c 8b 8b 50
0x00007f1cb3b36038:   18 02 00 e9 8f fe ff ff 85 d2 75 6c 48 8b 93 b0
0x00007f1cb3b36048:   24 02 00 48 85 d2 0f 85 5c 01 00 00 c7 44 24 68
0x00007f1cb3b36058:   00 00 00 00 48 8d 4c 24 10 ba 00 02 00 00 4c 89
0x00007f1cb3b36068:   cf ff 93 10 26 02 00 c7 85 90 04 00 00 00 00 00
0x00007f1cb3b36078:   00 8b 85 9c 04 00 00 85 c0 0f 85 c3 fe ff ff 48 


Stack slot to memory mapping:
stack at sp + 0 slots: 0x00000000000003da is an unknown value
stack at sp + 1 slots: 0x0000000000000001 is an unknown value
stack at sp + 2 slots: 0x0000000000000001 is an unknown value
stack at sp + 3 slots: 0x00000000ffffffff is an unknown value
stack at sp + 4 slots: 0x0 is NULL
stack at sp + 5 slots: 0x0 is NULL
stack at sp + 6 slots: 0x000000000240000a is an unknown value
stack at sp + 7 slots: 0x0 is NULL


---------------  P R O C E S S  ---------------

Threads class SMR info:
_java_thread_list=0x00007f1d181c3520, length=11, elements={
0x00007f1d18023c90, 0x00007f1d18177a10, 0x00007f1d18178f90, 0x00007f1d181a5ef0,
0x00007f1d181a7440, 0x00007f1d181a8960, 0x00007f1d181aa440, 0x00007f1d181abaa0,
0x00007f1d181b5030, 0x00007f1d181bc820, 0x00007f1d181c2420
}

Java Threads: ( => current thread )
=>0x00007f1d18023c90 JavaThread "main" [_thread_in_native, id=1957, stack(0x00007f1d1e998000,0x00007f1d1ea99000)]
  0x00007f1d18177a10 JavaThread "Reference Handler" daemon [_thread_blocked, id=1964, stack(0x00007f1ce9c7a000,0x00007f1ce9d7b000)]
  0x00007f1d18178f90 JavaThread "Finalizer" daemon [_thread_blocked, id=1965, stack(0x00007f1ce92ff000,0x00007f1ce9400000)]
  0x00007f1d181a5ef0 JavaThread "Signal Dispatcher" daemon [_thread_blocked, id=1966, stack(0x00007f1ce8f86000,0x00007f1ce9087000)]
  0x00007f1d181a7440 JavaThread "Service Thread" daemon [_thread_blocked, id=1967, stack(0x00007f1ce8e85000,0x00007f1ce8f86000)]
  0x00007f1d181a8960 JavaThread "Monitor Deflation Thread" daemon [_thread_blocked, id=1968, stack(0x00007f1ce8d84000,0x00007f1ce8e85000)]
  0x00007f1d181aa440 JavaThread "C2 CompilerThread0" daemon [_thread_blocked, id=1969, stack(0x00007f1ce8c83000,0x00007f1ce8d84000)]
  0x00007f1d181abaa0 JavaThread "C1 CompilerThread0" daemon [_thread_blocked, id=1970, stack(0x00007f1ce8b82000,0x00007f1ce8c83000)]
  0x00007f1d181b5030 JavaThread "Sweeper thread" daemon [_thread_blocked, id=1971, stack(0x00007f1ce8a81000,0x00007f1ce8b82000)]
  0x00007f1d181bc820 JavaThread "Notification Thread" daemon [_thread_blocked, id=1972, stack(0x00007f1ce8980000,0x00007f1ce8a81000)]
  0x00007f1d181c2420 JavaThread "Common-Cleaner" daemon [_thread_blocked, id=1974, stack(0x00007f1ce877d000,0x00007f1ce887e000)]

Other Threads:
  0x00007f1d18175450 VMThread "VM Thread" [stack: 0x00007f1ce9d7d000,0x00007f1ce9e7d000] [id=1963]
  0x00007f1d181be2f0 WatcherThread [stack: 0x00007f1ce8880000,0x00007f1ce8980000] [id=1973]
  0x00007f1d18073680 GCTaskThread "GC Thread#0" [stack: 0x00007f1d1c283000,0x00007f1d1c383000] [id=1958]
  0x00007f1d18084630 ConcurrentGCThread "G1 Main Marker" [stack: 0x00007f1d1c181000,0x00007f1d1c281000] [id=1959]
  0x00007f1d180856c0 ConcurrentGCThread "G1 Conc#0" [stack: 0x00007f1d1c07f000,0x00007f1d1c17f000] [id=1960]
  0x00007f1d1813b3c0 ConcurrentGCThread "G1 Refine#0" [stack: 0x00007f1cf807e000,0x00007f1cf817e000] [id=1961]
  0x00007f1d1813c3e0 ConcurrentGCThread "G1 Service" [stack: 0x00007f1ce9f00000,0x00007f1cea000000] [id=1962]

Threads with active compile tasks:

VM state: not at safepoint (normal execution)

VM Mutex/Monitor currently owned by a thread: None

Heap address: 0x0000000707c00000, size: 3972 MB, Compressed Oops mode: Zero based, Oop shift amount: 3

CDS archive(s) mapped at: [0x0000000800000000-0x0000000800bf7000-0x0000000800bf7000), size 12546048, SharedBaseAddress: 0x0000000800000000, ArchiveRelocationMode: 0.
Compressed class space mapped at: 0x0000000800c00000-0x0000000840c00000, reserved size: 1073741824
Narrow klass base: 0x0000000800000000, Narrow klass shift: 3, Narrow klass range: 0x100000000

GC Precious Log:
 CPUs: 8 total, 8 available
 Memory: 15881M
 Large Page Support: Disabled
 NUMA Support: Disabled
 Compressed Oops: Enabled (Zero based)
 Heap Region Size: 2M
 Heap Min Capacity: 8M
 Heap Initial Capacity: 250M
 Heap Max Capacity: 3972M
 Pre-touch: Disabled
 Parallel Workers: 8
 Concurrent Workers: 2
 Concurrent Refinement Workers: 8
 Periodic GC: Disabled

Heap:
 garbage-first heap   total 260096K, used 8184K [0x0000000707c00000, 0x0000000800000000)
  region size 2048K, 4 young (8192K), 0 survivors (0K)
 Metaspace       used 2323K, committed 2496K, reserved 1056768K
  class space    used 155K, committed 256K, reserved 1048576K

Heap Regions: E=young(eden), S=young(survivor), O=old, HS=humongous(starts), HC=humongous(continues), CS=collection set, F=free, OA=open archive, CA=closed archive, TAMS=top-at-mark-start (previous, next)
|   0|0x0000000707c00000, 0x0000000707c00000, 0x0000000707e00000|  0%| F|  |TAMS 0x0000000707c00000, 0x0000000707c00000| Untracked 
|   1|0x0000000707e00000, 0x0000000707e00000, 0x0000000708000000|  0%| F|  |TAMS 0x0000000707e00000, 0x0000000707e00000| Untracked 
|   2|0x0000000708000000, 0x0000000708000000, 0x0000000708200000|  0%| F|  |TAMS 0x0000000708000000, 0x0000000708000000| Untracked 
|   3|0x0000000708200000, 0x0000000708200000, 0x0000000708400000|  0%| F|  |TAMS 0x0000000708200000, 0x0000000708200000| Untracked 
|   4|0x0000000708400000, 0x0000000708400000, 0x0000000708600000|  0%| F|  |TAMS 0x0000000708400000, 0x0000000708400000| Untracked 
|   5|0x0000000708600000, 0x0000000708600000, 0x0000000708800000|  0%| F|  |TAMS 0x0000000708600000, 0x0000000708600000| Untracked 
|   6|0x0000000708800000, 0x0000000708800000, 0x0000000708a00000|  0%| F|  |TAMS 0x0000000708800000, 0x0000000708800000| Untracked 
|   7|0x0000000708a00000, 0x0000000708a00000, 0x0000000708c00000|  0%| F|  |TAMS 0x0000000708a00000, 0x0000000708a00000| Untracked 
|   8|0x0000000708c00000, 0x0000000708c00000, 0x0000000708e00000|  0%| F|  |TAMS 0x0000000708c00000, 0x0000000708c00000| Untracked 
|   9|0x0000000708e00000, 0x0000000708e00000, 0x0000000709000000|  0%| F|  |TAMS 0x0000000708e00000, 0x0000000708e00000| Untracked 
|  10|0x0000000709000000, 0x0000000709000000, 0x0000000709200000|  0%| F|  |TAMS 0x0000000709000000, 0x0000000709000000| Untracked 
|  11|0x0000000709200000, 0x0000000709200000, 0x0000000709400000|  0%| F|  |TAMS 0x0000000709200000, 0x0000000709200000| Untracked 
|  12|0x0000000709400000, 0x0000000709400000, 0x0000000709600000|  0%| F|  |TAMS 0x0000000709400000, 0x0000000709400000| Untracked 
|  13|0x0000000709600000, 0x0000000709600000, 0x0000000709800000|  0%| F|  |TAMS 0x0000000709600000, 0x0000000709600000| Untracked 
|  14|0x0000000709800000, 0x0000000709800000, 0x0000000709a00000|  0%| F|  |TAMS 0x0000000709800000, 0x0000000709800000| Untracked 
|  15|0x0000000709a00000, 0x0000000709a00000, 0x0000000709c00000|  0%| F|  |TAMS 0x0000000709a00000, 0x0000000709a00000| Untracked 
|  16|0x0000000709c00000, 0x0000000709c00000, 0x0000000709e00000|  0%| F|  |TAMS 0x0000000709c00000, 0x0000000709c00000| Untracked 
|  17|0x0000000709e00000, 0x0000000709e00000, 0x000000070a000000|  0%| F|  |TAMS 0x0000000709e00000, 0x0000000709e00000| Untracked 
|  18|0x000000070a000000, 0x000000070a000000, 0x000000070a200000|  0%| F|  |TAMS 0x000000070a000000, 0x000000070a000000| Untracked 
|  19|0x000000070a200000, 0x000000070a200000, 0x000000070a400000|  0%| F|  |TAMS 0x000000070a200000, 0x000000070a200000| Untracked 
|  20|0x000000070a400000, 0x000000070a400000, 0x000000070a600000|  0%| F|  |TAMS 0x000000070a400000, 0x000000070a400000| Untracked 
|  21|0x000000070a600000, 0x000000070a600000, 0x000000070a800000|  0%| F|  |TAMS 0x000000070a600000, 0x000000070a600000| Untracked 
|  22|0x000000070a800000, 0x000000070a800000, 0x000000070aa00000|  0%| F|  |TAMS 0x000000070a800000, 0x000000070a800000| Untracked 
|  23|0x000000070aa00000, 0x000000070aa00000, 0x000000070ac00000|  0%| F|  |TAMS 0x000000070aa00000, 0x000000070aa00000| Untracked 
|  24|0x000000070ac00000, 0x000000070ac00000, 0x000000070ae00000|  0%| F|  |TAMS 0x000000070ac00000, 0x000000070ac00000| Untracked 
|  25|0x000000070ae00000, 0x000000070ae00000, 0x000000070b000000|  0%| F|  |TAMS 0x000000070ae00000, 0x000000070ae00000| Untracked 
|  26|0x000000070b000000, 0x000000070b000000, 0x000000070b200000|  0%| F|  |TAMS 0x000000070b000000, 0x000000070b000000| Untracked 
|  27|0x000000070b200000, 0x000000070b200000, 0x000000070b400000|  0%| F|  |TAMS 0x000000070b200000, 0x000000070b200000| Untracked 
|  28|0x000000070b400000, 0x000000070b400000, 0x000000070b600000|  0%| F|  |TAMS 0x000000070b400000, 0x000000070b400000| Untracked 
|  29|0x000000070b600000, 0x000000070b600000, 0x000000070b800000|  0%| F|  |TAMS 0x000000070b600000, 0x000000070b600000| Untracked 
|  30|0x000000070b800000, 0x000000070b800000, 0x000000070ba00000|  0%| F|  |TAMS 0x000000070b800000, 0x000000070b800000| Untracked 
|  31|0x000000070ba00000, 0x000000070ba00000, 0x000000070bc00000|  0%| F|  |TAMS 0x000000070ba00000, 0x000000070ba00000| Untracked 
|  32|0x000000070bc00000, 0x000000070bc00000, 0x000000070be00000|  0%| F|  |TAMS 0x000000070bc00000, 0x000000070bc00000| Untracked 
|  33|0x000000070be00000, 0x000000070be00000, 0x000000070c000000|  0%| F|  |TAMS 0x000000070be00000, 0x000000070be00000| Untracked 
|  34|0x000000070c000000, 0x000000070c000000, 0x000000070c200000|  0%| F|  |TAMS 0x000000070c000000, 0x000000070c000000| Untracked 
|  35|0x000000070c200000, 0x000000070c200000, 0x000000070c400000|  0%| F|  |TAMS 0x000000070c200000, 0x000000070c200000| Untracked 
|  36|0x000000070c400000, 0x000000070c400000, 0x000000070c600000|  0%| F|  |TAMS 0x000000070c400000, 0x000000070c400000| Untracked 
|  37|0x000000070c600000, 0x000000070c600000, 0x000000070c800000|  0%| F|  |TAMS 0x000000070c600000, 0x000000070c600000| Untracked 
|  38|0x000000070c800000, 0x000000070c800000, 0x000000070ca00000|  0%| F|  |TAMS 0x000000070c800000, 0x000000070c800000| Untracked 
|  39|0x000000070ca00000, 0x000000070ca00000, 0x000000070cc00000|  0%| F|  |TAMS 0x000000070ca00000, 0x000000070ca00000| Untracked 
|  40|0x000000070cc00000, 0x000000070cc00000, 0x000000070ce00000|  0%| F|  |TAMS 0x000000070cc00000, 0x000000070cc00000| Untracked 
|  41|0x000000070ce00000, 0x000000070ce00000, 0x000000070d000000|  0%| F|  |TAMS 0x000000070ce00000, 0x000000070ce00000| Untracked 
|  42|0x000000070d000000, 0x000000070d000000, 0x000000070d200000|  0%| F|  |TAMS 0x000000070d000000, 0x000000070d000000| Untracked 
|  43|0x000000070d200000, 0x000000070d200000, 0x000000070d400000|  0%| F|  |TAMS 0x000000070d200000, 0x000000070d200000| Untracked 
|  44|0x000000070d400000, 0x000000070d400000, 0x000000070d600000|  0%| F|  |TAMS 0x000000070d400000, 0x000000070d400000| Untracked 
|  45|0x000000070d600000, 0x000000070d600000, 0x000000070d800000|  0%| F|  |TAMS 0x000000070d600000, 0x000000070d600000| Untracked 
|  46|0x000000070d800000, 0x000000070d800000, 0x000000070da00000|  0%| F|  |TAMS 0x000000070d800000, 0x000000070d800000| Untracked 
|  47|0x000000070da00000, 0x000000070da00000, 0x000000070dc00000|  0%| F|  |TAMS 0x000000070da00000, 0x000000070da00000| Untracked 
|  48|0x000000070dc00000, 0x000000070dc00000, 0x000000070de00000|  0%| F|  |TAMS 0x000000070dc00000, 0x000000070dc00000| Untracked 
|  49|0x000000070de00000, 0x000000070de00000, 0x000000070e000000|  0%| F|  |TAMS 0x000000070de00000, 0x000000070de00000| Untracked 
|  50|0x000000070e000000, 0x000000070e000000, 0x000000070e200000|  0%| F|  |TAMS 0x000000070e000000, 0x000000070e000000| Untracked 
|  51|0x000000070e200000, 0x000000070e200000, 0x000000070e400000|  0%| F|  |TAMS 0x000000070e200000, 0x000000070e200000| Untracked 
|  52|0x000000070e400000, 0x000000070e400000, 0x000000070e600000|  0%| F|  |TAMS 0x000000070e400000, 0x000000070e400000| Untracked 
|  53|0x000000070e600000, 0x000000070e600000, 0x000000070e800000|  0%| F|  |TAMS 0x000000070e600000, 0x000000070e600000| Untracked 
|  54|0x000000070e800000, 0x000000070e800000, 0x000000070ea00000|  0%| F|  |TAMS 0x000000070e800000, 0x000000070e800000| Untracked 
|  55|0x000000070ea00000, 0x000000070ea00000, 0x000000070ec00000|  0%| F|  |TAMS 0x000000070ea00000, 0x000000070ea00000| Untracked 
|  56|0x000000070ec00000, 0x000000070ec00000, 0x000000070ee00000|  0%| F|  |TAMS 0x000000070ec00000, 0x000000070ec00000| Untracked 
|  57|0x000000070ee00000, 0x000000070ee00000, 0x000000070f000000|  0%| F|  |TAMS 0x000000070ee00000, 0x000000070ee00000| Untracked 
|  58|0x000000070f000000, 0x000000070f000000, 0x000000070f200000|  0%| F|  |TAMS 0x000000070f000000, 0x000000070f000000| Untracked 
|  59|0x000000070f200000, 0x000000070f200000, 0x000000070f400000|  0%| F|  |TAMS 0x000000070f200000, 0x000000070f200000| Untracked 
|  60|0x000000070f400000, 0x000000070f400000, 0x000000070f600000|  0%| F|  |TAMS 0x000000070f400000, 0x000000070f400000| Untracked 
|  61|0x000000070f600000, 0x000000070f600000, 0x000000070f800000|  0%| F|  |TAMS 0x000000070f600000, 0x000000070f600000| Untracked 
|  62|0x000000070f800000, 0x000000070f800000, 0x000000070fa00000|  0%| F|  |TAMS 0x000000070f800000, 0x000000070f800000| Untracked 
|  63|0x000000070fa00000, 0x000000070fa00000, 0x000000070fc00000|  0%| F|  |TAMS 0x000000070fa00000, 0x000000070fa00000| Untracked 
|  64|0x000000070fc00000, 0x000000070fc00000, 0x000000070fe00000|  0%| F|  |TAMS 0x000000070fc00000, 0x000000070fc00000| Untracked 
|  65|0x000000070fe00000, 0x000000070fe00000, 0x0000000710000000|  0%| F|  |TAMS 0x000000070fe00000, 0x000000070fe00000| Untracked 
|  66|0x0000000710000000, 0x0000000710000000, 0x0000000710200000|  0%| F|  |TAMS 0x0000000710000000, 0x0000000710000000| Untracked 
|  67|0x0000000710200000, 0x0000000710200000, 0x0000000710400000|  0%| F|  |TAMS 0x0000000710200000, 0x0000000710200000| Untracked 
|  68|0x0000000710400000, 0x0000000710400000, 0x0000000710600000|  0%| F|  |TAMS 0x0000000710400000, 0x0000000710400000| Untracked 
|  69|0x0000000710600000, 0x0000000710600000, 0x0000000710800000|  0%| F|  |TAMS 0x0000000710600000, 0x0000000710600000| Untracked 
|  70|0x0000000710800000, 0x0000000710800000, 0x0000000710a00000|  0%| F|  |TAMS 0x0000000710800000, 0x0000000710800000| Untracked 
|  71|0x0000000710a00000, 0x0000000710a00000, 0x0000000710c00000|  0%| F|  |TAMS 0x0000000710a00000, 0x0000000710a00000| Untracked 
|  72|0x0000000710c00000, 0x0000000710c00000, 0x0000000710e00000|  0%| F|  |TAMS 0x0000000710c00000, 0x0000000710c00000| Untracked 
|  73|0x0000000710e00000, 0x0000000710e00000, 0x0000000711000000|  0%| F|  |TAMS 0x0000000710e00000, 0x0000000710e00000| Untracked 
|  74|0x0000000711000000, 0x0000000711000000, 0x0000000711200000|  0%| F|  |TAMS 0x0000000711000000, 0x0000000711000000| Untracked 
|  75|0x0000000711200000, 0x0000000711200000, 0x0000000711400000|  0%| F|  |TAMS 0x0000000711200000, 0x0000000711200000| Untracked 
|  76|0x0000000711400000, 0x0000000711400000, 0x0000000711600000|  0%| F|  |TAMS 0x0000000711400000, 0x0000000711400000| Untracked 
|  77|0x0000000711600000, 0x0000000711600000, 0x0000000711800000|  0%| F|  |TAMS 0x0000000711600000, 0x0000000711600000| Untracked 
|  78|0x0000000711800000, 0x0000000711800000, 0x0000000711a00000|  0%| F|  |TAMS 0x0000000711800000, 0x0000000711800000| Untracked 
|  79|0x0000000711a00000, 0x0000000711a00000, 0x0000000711c00000|  0%| F|  |TAMS 0x0000000711a00000, 0x0000000711a00000| Untracked 
|  80|0x0000000711c00000, 0x0000000711c00000, 0x0000000711e00000|  0%| F|  |TAMS 0x0000000711c00000, 0x0000000711c00000| Untracked 
|  81|0x0000000711e00000, 0x0000000711e00000, 0x0000000712000000|  0%| F|  |TAMS 0x0000000711e00000, 0x0000000711e00000| Untracked 
|  82|0x0000000712000000, 0x0000000712000000, 0x0000000712200000|  0%| F|  |TAMS 0x0000000712000000, 0x0000000712000000| Untracked 
|  83|0x0000000712200000, 0x0000000712200000, 0x0000000712400000|  0%| F|  |TAMS 0x0000000712200000, 0x0000000712200000| Untracked 
|  84|0x0000000712400000, 0x0000000712400000, 0x0000000712600000|  0%| F|  |TAMS 0x0000000712400000, 0x0000000712400000| Untracked 
|  85|0x0000000712600000, 0x0000000712600000, 0x0000000712800000|  0%| F|  |TAMS 0x0000000712600000, 0x0000000712600000| Untracked 
|  86|0x0000000712800000, 0x0000000712800000, 0x0000000712a00000|  0%| F|  |TAMS 0x0000000712800000, 0x0000000712800000| Untracked 
|  87|0x0000000712a00000, 0x0000000712a00000, 0x0000000712c00000|  0%| F|  |TAMS 0x0000000712a00000, 0x0000000712a00000| Untracked 
|  88|0x0000000712c00000, 0x0000000712c00000, 0x0000000712e00000|  0%| F|  |TAMS 0x0000000712c00000, 0x0000000712c00000| Untracked 
|  89|0x0000000712e00000, 0x0000000712e00000, 0x0000000713000000|  0%| F|  |TAMS 0x0000000712e00000, 0x0000000712e00000| Untracked 
|  90|0x0000000713000000, 0x0000000713000000, 0x0000000713200000|  0%| F|  |TAMS 0x0000000713000000, 0x0000000713000000| Untracked 
|  91|0x0000000713200000, 0x0000000713200000, 0x0000000713400000|  0%| F|  |TAMS 0x0000000713200000, 0x0000000713200000| Untracked 
|  92|0x0000000713400000, 0x0000000713400000, 0x0000000713600000|  0%| F|  |TAMS 0x0000000713400000, 0x0000000713400000| Untracked 
|  93|0x0000000713600000, 0x0000000713600000, 0x0000000713800000|  0%| F|  |TAMS 0x0000000713600000, 0x0000000713600000| Untracked 
|  94|0x0000000713800000, 0x0000000713800000, 0x0000000713a00000|  0%| F|  |TAMS 0x0000000713800000, 0x0000000713800000| Untracked 
|  95|0x0000000713a00000, 0x0000000713a00000, 0x0000000713c00000|  0%| F|  |TAMS 0x0000000713a00000, 0x0000000713a00000| Untracked 
|  96|0x0000000713c00000, 0x0000000713c00000, 0x0000000713e00000|  0%| F|  |TAMS 0x0000000713c00000, 0x0000000713c00000| Untracked 
|  97|0x0000000713e00000, 0x0000000713e00000, 0x0000000714000000|  0%| F|  |TAMS 0x0000000713e00000, 0x0000000713e00000| Untracked 
|  98|0x0000000714000000, 0x0000000714000000, 0x0000000714200000|  0%| F|  |TAMS 0x0000000714000000, 0x0000000714000000| Untracked 
|  99|0x0000000714200000, 0x0000000714200000, 0x0000000714400000|  0%| F|  |TAMS 0x0000000714200000, 0x0000000714200000| Untracked 
| 100|0x0000000714400000, 0x0000000714400000, 0x0000000714600000|  0%| F|  |TAMS 0x0000000714400000, 0x0000000714400000| Untracked 
| 101|0x0000000714600000, 0x0000000714600000, 0x0000000714800000|  0%| F|  |TAMS 0x0000000714600000, 0x0000000714600000| Untracked 
| 102|0x0000000714800000, 0x0000000714800000, 0x0000000714a00000|  0%| F|  |TAMS 0x0000000714800000, 0x0000000714800000| Untracked 
| 103|0x0000000714a00000, 0x0000000714a00000, 0x0000000714c00000|  0%| F|  |TAMS 0x0000000714a00000, 0x0000000714a00000| Untracked 
| 104|0x0000000714c00000, 0x0000000714c00000, 0x0000000714e00000|  0%| F|  |TAMS 0x0000000714c00000, 0x0000000714c00000| Untracked 
| 105|0x0000000714e00000, 0x0000000714e00000, 0x0000000715000000|  0%| F|  |TAMS 0x0000000714e00000, 0x0000000714e00000| Untracked 
| 106|0x0000000715000000, 0x0000000715000000, 0x0000000715200000|  0%| F|  |TAMS 0x0000000715000000, 0x0000000715000000| Untracked 
| 107|0x0000000715200000, 0x0000000715200000, 0x0000000715400000|  0%| F|  |TAMS 0x0000000715200000, 0x0000000715200000| Untracked 
| 108|0x0000000715400000, 0x0000000715400000, 0x0000000715600000|  0%| F|  |TAMS 0x0000000715400000, 0x0000000715400000| Untracked 
| 109|0x0000000715600000, 0x0000000715600000, 0x0000000715800000|  0%| F|  |TAMS 0x0000000715600000, 0x0000000715600000| Untracked 
| 110|0x0000000715800000, 0x0000000715800000, 0x0000000715a00000|  0%| F|  |TAMS 0x0000000715800000, 0x0000000715800000| Untracked 
| 111|0x0000000715a00000, 0x0000000715a00000, 0x0000000715c00000|  0%| F|  |TAMS 0x0000000715a00000, 0x0000000715a00000| Untracked 
| 112|0x0000000715c00000, 0x0000000715c00000, 0x0000000715e00000|  0%| F|  |TAMS 0x0000000715c00000, 0x0000000715c00000| Untracked 
| 113|0x0000000715e00000, 0x0000000715e00000, 0x0000000716000000|  0%| F|  |TAMS 0x0000000715e00000, 0x0000000715e00000| Untracked 
| 114|0x0000000716000000, 0x0000000716000000, 0x0000000716200000|  0%| F|  |TAMS 0x0000000716000000, 0x0000000716000000| Untracked 
| 115|0x0000000716200000, 0x0000000716200000, 0x0000000716400000|  0%| F|  |TAMS 0x0000000716200000, 0x0000000716200000| Untracked 
| 116|0x0000000716400000, 0x0000000716400000, 0x0000000716600000|  0%| F|  |TAMS 0x0000000716400000, 0x0000000716400000| Untracked 
| 117|0x0000000716600000, 0x0000000716600000, 0x0000000716800000|  0%| F|  |TAMS 0x0000000716600000, 0x0000000716600000| Untracked 
| 118|0x0000000716800000, 0x0000000716800000, 0x0000000716a00000|  0%| F|  |TAMS 0x0000000716800000, 0x0000000716800000| Untracked 
| 119|0x0000000716a00000, 0x0000000716a00000, 0x0000000716c00000|  0%| F|  |TAMS 0x0000000716a00000, 0x0000000716a00000| Untracked 
| 120|0x0000000716c00000, 0x0000000716c00000, 0x0000000716e00000|  0%| F|  |TAMS 0x0000000716c00000, 0x0000000716c00000| Untracked 
| 121|0x0000000716e00000, 0x0000000716ee1d10, 0x0000000717000000| 44%| E|  |TAMS 0x0000000716e00000, 0x0000000716e00000| Complete 
| 122|0x0000000717000000, 0x0000000717200000, 0x0000000717200000|100%| E|CS|TAMS 0x0000000717000000, 0x0000000717000000| Complete 
| 123|0x0000000717200000, 0x0000000717400000, 0x0000000717400000|100%| E|CS|TAMS 0x0000000717200000, 0x0000000717200000| Complete 
| 124|0x0000000717400000, 0x0000000717600000, 0x0000000717600000|100%| E|CS|TAMS 0x0000000717400000, 0x0000000717400000| Complete 
|1984|0x00000007ffc00000, 0x00000007ffd76000, 0x00000007ffe00000| 73%|OA|  |TAMS 0x00000007ffc00000, 0x00000007ffc00000| Untracked 
|1985|0x00000007ffe00000, 0x00000007ffe88000, 0x0000000800000000| 26%|CA|  |TAMS 0x00000007ffe00000, 0x00000007ffe00000| Untracked 

Card table byte_map: [0x00007f1d1cbc6000,0x00007f1d1d388000] _byte_map_base: 0x00007f1d19388000

Marking Bits (Prev, Next): (CMBitMap*) 0x00007f1d18074230, (CMBitMap*) 0x00007f1d18074270
 Prev Bits: [0x00007f1cfc796000, 0x00007f1d005a6000)
 Next Bits: [0x00007f1cf8986000, 0x00007f1cfc796000)

Polling page: 0x00007f1d203f5000

Metaspace:

Usage:
  Non-class:      2,12 MB used.
      Class:    155,34 KB used.
       Both:      2,27 MB used.

Virtual space:
  Non-class space:        8,00 MB reserved,       2,19 MB ( 27%) committed,  1 nodes.
      Class space:        1,00 GB reserved,     256,00 KB ( <1%) committed,  1 nodes.
              Both:        1,01 GB reserved,       2,44 MB ( <1%) committed. 

Chunk freelists:
   Non-Class:  3,06 MB
       Class:  3,66 MB
        Both:  6,73 MB

MaxMetaspaceSize: 17179869184,00 GB
CompressedClassSpaceSize: 1,00 GB
 - commit_granule_bytes: 65536.
 - commit_granule_words: 8192.
 - virtual_space_node_default_size: 1048576.
 - enlarge_chunks_in_place: 1.
 - new_chunks_are_fully_committed: 0.
 - uncommit_free_chunks: 1.
 - use_allocation_guard: 0.
 - handle_deallocations: 1.


Internal statistics:

num_allocs_failed_limit: 0.
num_arena_births: 58.
num_arena_deaths: 0.
num_vsnodes_births: 2.
num_vsnodes_deaths: 0.
num_space_committed: 39.
num_space_uncommitted: 0.
num_chunks_returned_to_freelist: 0.
num_chunks_taken_from_freelist: 112.
num_chunk_merges: 0.
num_chunk_splits: 70.
num_chunks_enlarged: 50.
num_purges: 0.

CodeHeap 'non-profiled nmethods': size=120028Kb used=138Kb max_used=138Kb free=119889Kb
 bounds [0x00007f1d0806f000, 0x00007f1d082df000, 0x00007f1d0f5a6000]
CodeHeap 'profiled nmethods': size=120028Kb used=706Kb max_used=706Kb free=119321Kb
 bounds [0x00007f1d00b38000, 0x00007f1d00da8000, 0x00007f1d0806f000]
CodeHeap 'non-nmethods': size=5704Kb used=1517Kb max_used=1517Kb free=4186Kb
 bounds [0x00007f1d005a6000, 0x00007f1d00816000, 0x00007f1d00b38000]
 total_blobs=1368 nmethods=449 adapters=833
 compilation: enabled
              stopped_count=0, restarted_count=0
 full_count=0

Compilation events (20 events):
Event: 0,276 Thread 0x00007f1d181abaa0  439       3       java.lang.ref.WeakReference::<init> (6 bytes)
Event: 0,277 Thread 0x00007f1d181abaa0 nmethod 439 0x00007f1d00be2190 code [0x00007f1d00be2340, 0x00007f1d00be2650]
Event: 0,277 Thread 0x00007f1d181abaa0  440       3       jdk.internal.reflect.Reflection::verifyMemberAccess (200 bytes)
Event: 0,281 Thread 0x00007f1d181abaa0 nmethod 440 0x00007f1d00be2790 code [0x00007f1d00be2d00, 0x00007f1d00be5650]
Event: 0,281 Thread 0x00007f1d181abaa0  443       3       java.lang.Integer::toUnsignedLong (7 bytes)
Event: 0,281 Thread 0x00007f1d181abaa0 nmethod 443 0x00007f1d00be6210 code [0x00007f1d00be63a0, 0x00007f1d00be6490]
Event: 0,281 Thread 0x00007f1d181abaa0  444       3       org.lwjgl.system.MemoryUtil::write8 (19 bytes)
Event: 0,281 Thread 0x00007f1d181abaa0 nmethod 444 0x00007f1d00be6510 code [0x00007f1d00be66c0, 0x00007f1d00be6910]
Event: 0,281 Thread 0x00007f1d181abaa0  445       3       sun.misc.Unsafe::putByte (11 bytes)
Event: 0,281 Thread 0x00007f1d181abaa0 nmethod 445 0x00007f1d00be6a10 code [0x00007f1d00be6ba0, 0x00007f1d00be6cb0]
Event: 0,281 Thread 0x00007f1d181abaa0  441       1       java.security.CodeSource::getLocation (5 bytes)
Event: 0,281 Thread 0x00007f1d181abaa0 nmethod 441 0x00007f1d08091690 code [0x00007f1d08091820, 0x00007f1d080918f0]
Event: 0,288 Thread 0x00007f1d181abaa0  446       3       java.util.concurrent.ConcurrentHashMap$BaseIterator::hasNext (13 bytes)
Event: 0,288 Thread 0x00007f1d181abaa0 nmethod 446 0x00007f1d00be6d90 code [0x00007f1d00be6f20, 0x00007f1d00be7090]
Event: 0,288 Thread 0x00007f1d181abaa0  447       3       java.util.WeakHashMap::getTable (9 bytes)
Event: 0,289 Thread 0x00007f1d181abaa0 nmethod 447 0x00007f1d00be7110 code [0x00007f1d00be72c0, 0x00007f1d00be7400]
Event: 0,289 Thread 0x00007f1d181abaa0  448   !   3       java.util.WeakHashMap::expungeStaleEntries (139 bytes)
Event: 0,290 Thread 0x00007f1d181abaa0 nmethod 448 0x00007f1d00be7490 code [0x00007f1d00be76a0, 0x00007f1d00be80e0]
Event: 0,290 Thread 0x00007f1d181abaa0  449       3       java.util.WeakHashMap::indexFor (6 bytes)
Event: 0,290 Thread 0x00007f1d181abaa0 nmethod 449 0x00007f1d00be8590 code [0x00007f1d00be8720, 0x00007f1d00be8810]

GC Heap History (0 events):
No events

Deoptimization events (6 events):
Event: 0,222 Thread 0x00007f1d18023c90 Uncommon trap: trap_request=0xffffff45 fr.pc=0x00007f1d0807057c relative=0x000000000000005c
Event: 0,222 Thread 0x00007f1d18023c90 Uncommon trap: reason=unstable_if action=reinterpret pc=0x00007f1d0807057c method=java.lang.String.isLatin1()Z @ 10 c2
Event: 0,222 Thread 0x00007f1d18023c90 DEOPT PACKING pc=0x00007f1d0807057c sp=0x00007f1d1ea94ed0
Event: 0,222 Thread 0x00007f1d18023c90 DEOPT UNPACKING pc=0x00007f1d005f3424 sp=0x00007f1d1ea94e80 mode 2
Event: 0,232 Thread 0x00007f1d18023c90 DEOPT PACKING pc=0x00007f1d00b3dcee sp=0x00007f1d1ea90740
Event: 0,232 Thread 0x00007f1d18023c90 DEOPT UNPACKING pc=0x00007f1d005f3bba sp=0x00007f1d1ea8fbb0 mode 0

Classes unloaded (0 events):
No events

Classes redefined (0 events):
No events

Internal exceptions (15 events):
Event: 0,142 Thread 0x00007f1d18023c90 Exception <a 'java/lang/NoSuchMethodError'{0x0000000717319580}: 'java.lang.Object java.lang.invoke.DirectMethodHandle$Holder.invokeStatic(java.lang.Object)'> (0x0000000717319580) 
thrown [./src/hotspot/share/interpreter/linkResolver.cpp, line 790]
Event: 0,143 Thread 0x00007f1d18023c90 Exception <a 'java/lang/NoSuchMethodError'{0x000000071731ccd0}: 'java.lang.Object java.lang.invoke.DirectMethodHandle$Holder.invokeStaticInit(java.lang.Object)'> (0x000000071731ccd0) 
thrown [./src/hotspot/share/interpreter/linkResolver.cpp, line 790]
Event: 0,162 Thread 0x00007f1d18023c90 Exception <a 'java/lang/NoSuchMethodError'{0x00000007173847a8}: 'void java.lang.invoke.DirectMethodHandle$Holder.invokeStatic(java.lang.Object, java.lang.Object)'> (0x00000007173847a8) 
thrown [./src/hotspot/share/interpreter/linkResolver.cpp, line 790]
Event: 0,163 Thread 0x00007f1d18023c90 Exception <a 'java/lang/NoSuchMethodError'{0x0000000717389bd8}: 'void java.lang.invoke.DirectMethodHandle$Holder.invokeSpecial(java.lang.Object, java.lang.Object, java.lang.Object)'> (0x0000000717389bd8) 
thrown [./src/hotspot/share/interpreter/linkResolver.cpp, line 790]
Event: 0,167 Thread 0x00007f1d18023c90 Exception <a 'java/lang/NoSuchMethodError'{0x0000000717003d70}: 'java.lang.Object java.lang.invoke.DirectMethodHandle$Holder.invokeStatic(java.lang.Object, java.lang.Object, int)'> (0x0000000717003d70) 
thrown [./src/hotspot/share/interpreter/linkResolver.cpp, line 790]
Event: 0,169 Thread 0x00007f1d18023c90 Exception <a 'java/lang/NoSuchMethodError'{0x000000071700fee0}: 'void java.lang.invoke.DelegatingMethodHandle$Holder.delegate(java.lang.Object, java.lang.Object, int, java.lang.Object)'> (0x000000071700fee0) 
thrown [./src/hotspot/share/interpreter/linkResolver.cpp, line 790]
Event: 0,170 Thread 0x00007f1d18023c90 Exception <a 'java/lang/NoSuchMethodError'{0x0000000717014208}: 'int java.lang.invoke.DirectMethodHandle$Holder.invokeSpecial(java.lang.Object, java.lang.Object, java.lang.Object)'> (0x0000000717014208) 
thrown [./src/hotspot/share/interpreter/linkResolver.cpp, line 790]
Event: 0,205 Thread 0x00007f1d18023c90 Exception <a 'sun/nio/fs/UnixException'{0x00000007170caec8}> (0x00000007170caec8) 
thrown [./src/hotspot/share/prims/jni.cpp, line 579]
Event: 0,234 Thread 0x00007f1d18023c90 Exception <a 'java/lang/NoSuchMethodError'{0x0000000717162f18}: 'int java.lang.invoke.DirectMethodHandle$Holder.invokeStaticInit(java.lang.Object, java.lang.Object, int, long)'> (0x0000000717162f18) 
thrown [./src/hotspot/share/interpreter/linkResolver.cpp, line 790]
Event: 0,235 Thread 0x00007f1d18023c90 Exception <a 'java/lang/NoSuchMethodError'{0x00000007171689e8}: 'java.lang.Object java.lang.invoke.DirectMethodHandle$Holder.newInvokeSpecial(java.lang.Object, java.lang.Object, int)'> (0x00000007171689e8) 
thrown [./src/hotspot/share/interpreter/linkResolver.cpp, line 790]
Event: 0,238 Thread 0x00007f1d18023c90 Exception <a 'java/lang/NoSuchMethodError'{0x000000071717afb8}: 'int java.lang.invoke.DirectMethodHandle$Holder.invokeStaticInit(java.lang.Object, java.lang.Object, long, long)'> (0x000000071717afb8) 
thrown [./src/hotspot/share/interpreter/linkResolver.cpp, line 790]
Event: 0,239 Thread 0x00007f1d18023c90 Exception <a 'java/lang/NoSuchMethodError'{0x0000000717181360}: 'java.lang.Object java.lang.invoke.DirectMethodHandle$Holder.newInvokeSpecial(java.lang.Object, java.lang.Object, long)'> (0x0000000717181360) 
thrown [./src/hotspot/share/interpreter/linkResolver.cpp, line 790]
Event: 0,239 Thread 0x00007f1d18023c90 Exception <a 'java/lang/NoSuchMethodError'{0x00000007171854b8}: 'java.lang.Object java.lang.invoke.Invokers$Holder.linkToTargetMethod(java.lang.Object, long, java.lang.Object)'> (0x00000007171854b8) 
thrown [./src/hotspot/share/interpreter/linkResolver.cpp, line 790]
Event: 0,240 Thread 0x00007f1d18023c90 Exception <a 'java/lang/NoSuchMethodError'{0x000000071718cf60}: 'int java.lang.invoke.DirectMethodHandle$Holder.invokeStaticInit(java.lang.Object, java.lang.Object, java.lang.Object, long)'> (0x000000071718cf60) 
thrown [./src/hotspot/share/interpreter/linkResolver.cpp, line 790]
Event: 0,267 Thread 0x00007f1d18023c90 Exception <a 'sun/nio/fs/UnixException'{0x0000000716e81c28}> (0x0000000716e81c28) 
thrown [./src/hotspot/share/prims/jni.cpp, line 579]

Events (20 events):
Event: 0,229 loading class jdk/internal/module/IllegalAccessLogger
Event: 0,229 loading class jdk/internal/module/IllegalAccessLogger done
Event: 0,229 loading class jdk/internal/reflect/UnsafeFieldAccessorFactory
Event: 0,229 loading class jdk/internal/reflect/UnsafeFieldAccessorFactory done
Event: 0,229 loading class jdk/internal/reflect/UnsafeQualifiedStaticObjectFieldAccessorImpl
Event: 0,229 loading class jdk/internal/reflect/UnsafeQualifiedStaticFieldAccessorImpl
Event: 0,229 loading class jdk/internal/reflect/UnsafeQualifiedStaticFieldAccessorImpl done
Event: 0,229 loading class jdk/internal/reflect/UnsafeQualifiedStaticObjectFieldAccessorImpl done
Event: 0,233 loading class java/util/function/LongPredicate
Event: 0,233 loading class java/util/function/LongPredicate done
Event: 0,236 loading class jdk/internal/access/foreign/MemorySegmentProxy
Event: 0,236 loading class jdk/internal/access/foreign/MemorySegmentProxy done
Event: 0,242 loading class java/nio/InvalidMarkException
Event: 0,242 loading class java/nio/InvalidMarkException done
Event: 0,242 loading class java/nio/BufferUnderflowException
Event: 0,242 loading class java/nio/BufferUnderflowException done
Event: 0,268 loading class java/lang/NoSuchFieldError
Event: 0,268 loading class java/lang/NoSuchFieldError done
Event: 0,271 loading class jdk/internal/reflect/UnsafeQualifiedStaticIntegerFieldAccessorImpl
Event: 0,271 loading class jdk/internal/reflect/UnsafeQualifiedStaticIntegerFieldAccessorImpl done


Dynamic libraries:
707c00000-717600000 rw-p 00000000 00:00 0 
717600000-7ffc00000 ---p 00000000 00:00 0 
7ffc00000-7ffd00000 rw-p 00000000 00:00 0 
7ffd00000-7ffd76000 rw-p 00cb8000 00:21 724464                           /home/snoweuph/.jdks/corretto-16.0.2/lib/server/classes.jsa
7ffd76000-7ffe00000 rw-p 00000000 00:00 0 
7ffe00000-7ffe88000 rw-p 00c30000 00:21 724464                           /home/snoweuph/.jdks/corretto-16.0.2/lib/server/classes.jsa
7ffe88000-800000000 rw-p 00000000 00:00 0 
800000000-800003000 rwxp 00001000 00:21 724464                           /home/snoweuph/.jdks/corretto-16.0.2/lib/server/classes.jsa
800003000-80043c000 rw-p 00004000 00:21 724464                           /home/snoweuph/.jdks/corretto-16.0.2/lib/server/classes.jsa
80043c000-800bf7000 r--p 0043d000 00:21 724464                           /home/snoweuph/.jdks/corretto-16.0.2/lib/server/classes.jsa
800bf7000-800c00000 ---p 00000000 00:00 0 
800c00000-800c20000 rw-p 00000000 00:00 0 
800c20000-800c40000 ---p 00000000 00:00 0 
800c40000-800c60000 rw-p 00000000 00:00 0 
800c60000-840c00000 ---p 00000000 00:00 0 
562e7d600000-562e7d601000 r-xp 00000000 00:21 724575                     /home/snoweuph/.jdks/corretto-16.0.2/bin/java
562e7d801000-562e7d802000 r--p 00001000 00:21 724575                     /home/snoweuph/.jdks/corretto-16.0.2/bin/java
562e7d802000-562e7d803000 rw-p 00002000 00:21 724575                     /home/snoweuph/.jdks/corretto-16.0.2/bin/java
562e7dac5000-562e7dae6000 rw-p 00000000 00:00 0                          [heap]
7f1c68000000-7f1c68021000 rw-p 00000000 00:00 0 
7f1c68021000-7f1c6c000000 ---p 00000000 00:00 0 
7f1c6c000000-7f1c6c021000 rw-p 00000000 00:00 0 
7f1c6c021000-7f1c70000000 ---p 00000000 00:00 0 
7f1c70000000-7f1c70021000 rw-p 00000000 00:00 0 
7f1c70021000-7f1c74000000 ---p 00000000 00:00 0 
7f1c76ffe000-7f1c76fff000 ---p 00000000 00:00 0 
7f1c76fff000-7f1c777ff000 rw-p 00000000 00:00 0 
7f1c78000000-7f1c78021000 rw-p 00000000 00:00 0 
7f1c78021000-7f1c7c000000 ---p 00000000 00:00 0 
7f1c7e7fd000-7f1c7e7fe000 ---p 00000000 00:00 0 
7f1c7e7fe000-7f1c7effe000 rw-p 00000000 00:00 0 
7f1c7effe000-7f1c7efff000 ---p 00000000 00:00 0 
7f1c7efff000-7f1c7f7ff000 rw-p 00000000 00:00 0 
7f1c7f7ff000-7f1c7f800000 ---p 00000000 00:00 0 
7f1c7f800000-7f1c80000000 rw-p 00000000 00:00 0 
7f1c80000000-7f1c80021000 rw-p 00000000 00:00 0 
7f1c80021000-7f1c84000000 ---p 00000000 00:00 0 
7f1c84000000-7f1c84021000 rw-p 00000000 00:00 0 
7f1c84021000-7f1c88000000 ---p 00000000 00:00 0 
7f1c88000000-7f1c88021000 rw-p 00000000 00:00 0 
7f1c88021000-7f1c8c000000 ---p 00000000 00:00 0 
7f1c8c000000-7f1c8c021000 rw-p 00000000 00:00 0 
7f1c8c021000-7f1c90000000 ---p 00000000 00:00 0 
7f1c90000000-7f1c90021000 rw-p 00000000 00:00 0 
7f1c90021000-7f1c94000000 ---p 00000000 00:00 0 
7f1c94000000-7f1c94021000 rw-p 00000000 00:00 0 
7f1c94021000-7f1c98000000 ---p 00000000 00:00 0 
7f1c98000000-7f1c98021000 rw-p 00000000 00:00 0 
7f1c98021000-7f1c9c000000 ---p 00000000 00:00 0 
7f1c9c000000-7f1c9c021000 rw-p 00000000 00:00 0 
7f1c9c021000-7f1ca0000000 ---p 00000000 00:00 0 
7f1ca07f9000-7f1ca07fa000 ---p 00000000 00:00 0 
7f1ca07fa000-7f1ca0ffa000 rw-p 00000000 00:00 0 
7f1ca0ffa000-7f1ca0ffb000 ---p 00000000 00:00 0 
7f1ca0ffb000-7f1ca17fb000 rw-p 00000000 00:00 0 
7f1ca17fb000-7f1ca17fc000 ---p 00000000 00:00 0 
7f1ca17fc000-7f1ca1ffc000 rw-p 00000000 00:00 0 
7f1ca1ffc000-7f1ca1ffd000 ---p 00000000 00:00 0 
7f1ca1ffd000-7f1ca27fd000 rw-p 00000000 00:00 0 
7f1ca27fd000-7f1ca27fe000 ---p 00000000 00:00 0 
7f1ca27fe000-7f1ca2ffe000 rw-p 00000000 00:00 0 
7f1ca2ffe000-7f1ca2fff000 ---p 00000000 00:00 0 
7f1ca2fff000-7f1ca37ff000 rw-p 00000000 00:00 0 
7f1ca37ff000-7f1ca3800000 ---p 00000000 00:00 0 
7f1ca3800000-7f1ca4000000 rw-p 00000000 00:00 0 
7f1ca4000000-7f1ca4021000 rw-p 00000000 00:00 0 
7f1ca4021000-7f1ca8000000 ---p 00000000 00:00 0 
7f1ca81f5000-7f1ca8919000 r--p 00000000 00:21 283095                     /usr/lib/x86_64-linux-gnu/GL/default/lib/libLLVM-12.so
7f1ca8919000-7f1caace0000 r-xp 00724000 00:21 283095                     /usr/lib/x86_64-linux-gnu/GL/default/lib/libLLVM-12.so
7f1caace0000-7f1cabcf9000 r--p 02aeb000 00:21 283095                     /usr/lib/x86_64-linux-gnu/GL/default/lib/libLLVM-12.so
7f1cabcf9000-7f1cabf97000 r--p 03b03000 00:21 283095                     /usr/lib/x86_64-linux-gnu/GL/default/lib/libLLVM-12.so
7f1cabf97000-7f1cabf9f000 rw-p 03da1000 00:21 283095                     /usr/lib/x86_64-linux-gnu/GL/default/lib/libLLVM-12.so
7f1cabf9f000-7f1cac000000 rw-p 00000000 00:00 0 
7f1cac000000-7f1cac021000 rw-p 00000000 00:00 0 
7f1cac021000-7f1cb0000000 ---p 00000000 00:00 0 
7f1cb0245000-7f1cb02be000 rw-p 00000000 00:00 0 
7f1cb02be000-7f1cb04be000 rw-s 172505000 00:05 548                       /dev/dri/renderD128
7f1cb04be000-7f1cb06be000 rw-s 16415e000 00:05 548                       /dev/dri/renderD128
7f1cb06be000-7f1cb06bf000 ---p 00000000 00:00 0 
7f1cb06bf000-7f1cb0ebf000 rw-p 00000000 00:00 0 
7f1cb0ebf000-7f1cb1000000 rw-s 00000000 00:21 723772                     /home/snoweuph/.var/app/com.jetbrains.IntelliJ-IDEA-Community/cache/mesa_shader_cache/index
7f1cb1000000-7f1cb1001000 ---p 00000000 00:00 0 
7f1cb1001000-7f1cb1801000 rw-p 00000000 00:00 0 
7f1cb1801000-7f1cb1810000 r--p 00000000 00:21 295902                     /usr/lib/x86_64-linux-gnu/libtinfo.so.6.2
7f1cb1810000-7f1cb1829000 r-xp 0000f000 00:21 295902                     /usr/lib/x86_64-linux-gnu/libtinfo.so.6.2
7f1cb1829000-7f1cb1838000 r--p 00028000 00:21 295902                     /usr/lib/x86_64-linux-gnu/libtinfo.so.6.2
7f1cb1838000-7f1cb1839000 ---p 00037000 00:21 295902                     /usr/lib/x86_64-linux-gnu/libtinfo.so.6.2
7f1cb1839000-7f1cb183d000 r--p 00037000 00:21 295902                     /usr/lib/x86_64-linux-gnu/libtinfo.so.6.2
7f1cb183d000-7f1cb183e000 rw-p 0003b000 00:21 295902                     /usr/lib/x86_64-linux-gnu/libtinfo.so.6.2
7f1cb183e000-7f1cb1840000 r--p 00000000 00:21 289226                     /usr/lib/x86_64-linux-gnu/libffi.so.7.1.0
7f1cb1840000-7f1cb1846000 r-xp 00002000 00:21 289226                     /usr/lib/x86_64-linux-gnu/libffi.so.7.1.0
7f1cb1846000-7f1cb1847000 r--p 00008000 00:21 289226                     /usr/lib/x86_64-linux-gnu/libffi.so.7.1.0
7f1cb1847000-7f1cb1848000 ---p 00009000 00:21 289226                     /usr/lib/x86_64-linux-gnu/libffi.so.7.1.0
7f1cb1848000-7f1cb1849000 r--p 00009000 00:21 289226                     /usr/lib/x86_64-linux-gnu/libffi.so.7.1.0
7f1cb1849000-7f1cb184a000 rw-p 0000a000 00:21 289226                     /usr/lib/x86_64-linux-gnu/libffi.so.7.1.0
7f1cb184a000-7f1cb1860000 r--p 00000000 00:21 287179                     /usr/lib/x86_64-linux-gnu/libvulkan.so.1.2.198
7f1cb1860000-7f1cb1892000 r-xp 00016000 00:21 287179                     /usr/lib/x86_64-linux-gnu/libvulkan.so.1.2.198
7f1cb1892000-7f1cb18a7000 r--p 00048000 00:21 287179                     /usr/lib/x86_64-linux-gnu/libvulkan.so.1.2.198
7f1cb18a7000-7f1cb18aa000 r--p 0005c000 00:21 287179                     /usr/lib/x86_64-linux-gnu/libvulkan.so.1.2.198
7f1cb18aa000-7f1cb18ab000 rw-p 0005f000 00:21 287179                     /usr/lib/x86_64-linux-gnu/libvulkan.so.1.2.198
7f1cb18ab000-7f1cb18ae000 r--p 00000000 00:21 282911                     /usr/lib/x86_64-linux-gnu/GL/default/lib/libdrm_amdgpu.so.1.0.0
7f1cb18ae000-7f1cb18b4000 r-xp 00003000 00:21 282911                     /usr/lib/x86_64-linux-gnu/GL/default/lib/libdrm_amdgpu.so.1.0.0
7f1cb18b4000-7f1cb18b6000 r--p 00009000 00:21 282911                     /usr/lib/x86_64-linux-gnu/GL/default/lib/libdrm_amdgpu.so.1.0.0
7f1cb18b6000-7f1cb18b7000 r--p 0000a000 00:21 282911                     /usr/lib/x86_64-linux-gnu/GL/default/lib/libdrm_amdgpu.so.1.0.0
7f1cb18b7000-7f1cb18b8000 rw-p 0000b000 00:21 282911                     /usr/lib/x86_64-linux-gnu/GL/default/lib/libdrm_amdgpu.so.1.0.0
7f1cb18b8000-7f1cb18bc000 r--p 00000000 00:21 290105                     /usr/lib/x86_64-linux-gnu/libelf-0.185.so
7f1cb18bc000-7f1cb18cd000 r-xp 00004000 00:21 290105                     /usr/lib/x86_64-linux-gnu/libelf-0.185.so
7f1cb18cd000-7f1cb18d1000 r--p 00015000 00:21 290105                     /usr/lib/x86_64-linux-gnu/libelf-0.185.so
7f1cb18d1000-7f1cb18d2000 ---p 00019000 00:21 290105                     /usr/lib/x86_64-linux-gnu/libelf-0.185.so
7f1cb18d2000-7f1cb18d3000 r--p 00019000 00:21 290105                     /usr/lib/x86_64-linux-gnu/libelf-0.185.so
7f1cb18d3000-7f1cb18d4000 rw-p 0001a000 00:21 290105                     /usr/lib/x86_64-linux-gnu/libelf-0.185.so
7f1cb18d4000-7f1cb18d6000 r--p 00000000 00:21 282903                     /usr/lib/x86_64-linux-gnu/GL/default/lib/libdrm_radeon.so.1.0.1
7f1cb18d6000-7f1cb18dd000 r-xp 00002000 00:21 282903                     /usr/lib/x86_64-linux-gnu/GL/default/lib/libdrm_radeon.so.1.0.1
7f1cb18dd000-7f1cb18e1000 r--p 00009000 00:21 282903                     /usr/lib/x86_64-linux-gnu/GL/default/lib/libdrm_radeon.so.1.0.1
7f1cb18e1000-7f1cb18e2000 r--p 0000c000 00:21 282903                     /usr/lib/x86_64-linux-gnu/GL/default/lib/libdrm_radeon.so.1.0.1
7f1cb18e2000-7f1cb18e3000 rw-p 0000d000 00:21 282903                     /usr/lib/x86_64-linux-gnu/GL/default/lib/libdrm_radeon.so.1.0.1
7f1cb18e3000-7f1cb18e5000 r--p 00000000 00:21 282958                     /usr/lib/x86_64-linux-gnu/GL/default/lib/libdrm_nouveau.so.2.0.0
7f1cb18e5000-7f1cb18ea000 r-xp 00002000 00:21 282958                     /usr/lib/x86_64-linux-gnu/GL/default/lib/libdrm_nouveau.so.2.0.0
7f1cb18ea000-7f1cb18eb000 r--p 00007000 00:21 282958                     /usr/lib/x86_64-linux-gnu/GL/default/lib/libdrm_nouveau.so.2.0.0
7f1cb18eb000-7f1cb18ec000 ---p 00008000 00:21 282958                     /usr/lib/x86_64-linux-gnu/GL/default/lib/libdrm_nouveau.so.2.0.0
7f1cb18ec000-7f1cb18ed000 r--p 00008000 00:21 282958                     /usr/lib/x86_64-linux-gnu/GL/default/lib/libdrm_nouveau.so.2.0.0
7f1cb18ed000-7f1cb18ee000 rw-p 00009000 00:21 282958                     /usr/lib/x86_64-linux-gnu/GL/default/lib/libdrm_nouveau.so.2.0.0
7f1cb18ee000-7f1cb18f3000 r--p 00000000 00:21 299153                     /usr/lib/x86_64-linux-gnu/libzstd.so.1.5.0
7f1cb18f3000-7f1cb19f0000 r-xp 00005000 00:21 299153                     /usr/lib/x86_64-linux-gnu/libzstd.so.1.5.0
7f1cb19f0000-7f1cb1a00000 r--p 00102000 00:21 299153                     /usr/lib/x86_64-linux-gnu/libzstd.so.1.5.0
7f1cb1a00000-7f1cb1a01000 r--p 00111000 00:21 299153                     /usr/lib/x86_64-linux-gnu/libzstd.so.1.5.0
7f1cb1a01000-7f1cb1a02000 rw-p 00112000 00:21 299153                     /usr/lib/x86_64-linux-gnu/libzstd.so.1.5.0
7f1cb1a02000-7f1cb1a05000 r--p 00000000 00:21 287603                     /usr/lib/x86_64-linux-gnu/libz.so.1.2.11
7f1cb1a05000-7f1cb1a13000 r-xp 00003000 00:21 287603                     /usr/lib/x86_64-linux-gnu/libz.so.1.2.11
7f1cb1a13000-7f1cb1a19000 r--p 00011000 00:21 287603                     /usr/lib/x86_64-linux-gnu/libz.so.1.2.11
7f1cb1a19000-7f1cb1a1a000 r--p 00016000 00:21 287603                     /usr/lib/x86_64-linux-gnu/libz.so.1.2.11
7f1cb1a1a000-7f1cb1a1b000 rw-p 00017000 00:21 287603                     /usr/lib/x86_64-linux-gnu/libz.so.1.2.11
7f1cb1a1b000-7f1cb1bc1000 r--p 00000000 00:21 283019                     /usr/lib/x86_64-linux-gnu/GL/default/lib/dri/libgallium_dri.so
7f1cb1bc1000-7f1cb2c71000 r-xp 001a6000 00:21 283019                     /usr/lib/x86_64-linux-gnu/GL/default/lib/dri/libgallium_dri.so
7f1cb2c71000-7f1cb30c2000 r--p 01256000 00:21 283019                     /usr/lib/x86_64-linux-gnu/GL/default/lib/dri/libgallium_dri.so
7f1cb30c2000-7f1cb31f2000 r--p 016a6000 00:21 283019                     /usr/lib/x86_64-linux-gnu/GL/default/lib/dri/libgallium_dri.so
7f1cb31f2000-7f1cb3348000 rw-p 017d6000 00:21 283019                     /usr/lib/x86_64-linux-gnu/GL/default/lib/dri/libgallium_dri.so
7f1cb3348000-7f1cb3573000 rw-p 00000000 00:00 0 
7f1cb3573000-7f1cb3598000 r--p 00000000 00:21 283831                     /usr/share/runtime/locale/de/share/de/LC_MESSAGES/libc.mo
7f1cb3598000-7f1cb359b000 r--p 00000000 00:21 293049                     /usr/lib/x86_64-linux-gnu/libgcc_s.so.1
7f1cb359b000-7f1cb35ad000 r-xp 00003000 00:21 293049                     /usr/lib/x86_64-linux-gnu/libgcc_s.so.1
7f1cb35ad000-7f1cb35b0000 r--p 00015000 00:21 293049                     /usr/lib/x86_64-linux-gnu/libgcc_s.so.1
7f1cb35b0000-7f1cb35b1000 r--p 00017000 00:21 293049                     /usr/lib/x86_64-linux-gnu/libgcc_s.so.1
7f1cb35b1000-7f1cb35b2000 rw-p 00018000 00:21 293049                     /usr/lib/x86_64-linux-gnu/libgcc_s.so.1
7f1cb35b2000-7f1cb3653000 r--p 00000000 00:21 297042                     /usr/lib/x86_64-linux-gnu/libstdc++.so.6.0.29
7f1cb3653000-7f1cb3765000 r-xp 000a1000 00:21 297042                     /usr/lib/x86_64-linux-gnu/libstdc++.so.6.0.29
7f1cb3765000-7f1cb37d0000 r--p 001b3000 00:21 297042                     /usr/lib/x86_64-linux-gnu/libstdc++.so.6.0.29
7f1cb37d0000-7f1cb37d1000 ---p 0021e000 00:21 297042                     /usr/lib/x86_64-linux-gnu/libstdc++.so.6.0.29
7f1cb37d1000-7f1cb37dc000 r--p 0021e000 00:21 297042                     /usr/lib/x86_64-linux-gnu/libstdc++.so.6.0.29
7f1cb37dc000-7f1cb37df000 rw-p 00229000 00:21 297042                     /usr/lib/x86_64-linux-gnu/libstdc++.so.6.0.29
7f1cb37df000-7f1cb37e2000 rw-p 00000000 00:00 0 
7f1cb37e2000-7f1cb37e5000 r--p 00000000 00:21 285859                     /usr/lib/x86_64-linux-gnu/libxcb-xfixes.so.0.0.0
7f1cb37e5000-7f1cb37e8000 r-xp 00003000 00:21 285859                     /usr/lib/x86_64-linux-gnu/libxcb-xfixes.so.0.0.0
7f1cb37e8000-7f1cb37ea000 r--p 00006000 00:21 285859                     /usr/lib/x86_64-linux-gnu/libxcb-xfixes.so.0.0.0
7f1cb37ea000-7f1cb37eb000 r--p 00007000 00:21 285859                     /usr/lib/x86_64-linux-gnu/libxcb-xfixes.so.0.0.0
7f1cb37eb000-7f1cb37ec000 rw-p 00008000 00:21 285859                     /usr/lib/x86_64-linux-gnu/libxcb-xfixes.so.0.0.0
7f1cb37ec000-7f1cb37ed000 r--p 00000000 00:21 291660                     /usr/lib/x86_64-linux-gnu/libxshmfence.so.1.0.0
7f1cb37ed000-7f1cb37ee000 r-xp 00001000 00:21 291660                     /usr/lib/x86_64-linux-gnu/libxshmfence.so.1.0.0
7f1cb37ee000-7f1cb37ef000 r--p 00002000 00:21 291660                     /usr/lib/x86_64-linux-gnu/libxshmfence.so.1.0.0
7f1cb37ef000-7f1cb37f0000 r--p 00002000 00:21 291660                     /usr/lib/x86_64-linux-gnu/libxshmfence.so.1.0.0
7f1cb37f0000-7f1cb37f1000 rw-p 00003000 00:21 291660                     /usr/lib/x86_64-linux-gnu/libxshmfence.so.1.0.0
7f1cb37f1000-7f1cb37f4000 r--p 00000000 00:21 290613                     /usr/lib/x86_64-linux-gnu/libxcb-sync.so.1.0.0
7f1cb37f4000-7f1cb37f7000 r-xp 00003000 00:21 290613                     /usr/lib/x86_64-linux-gnu/libxcb-sync.so.1.0.0
7f1cb37f7000-7f1cb37f8000 r--p 00006000 00:21 290613                     /usr/lib/x86_64-linux-gnu/libxcb-sync.so.1.0.0
7f1cb37f8000-7f1cb37f9000 ---p 00007000 00:21 290613                     /usr/lib/x86_64-linux-gnu/libxcb-sync.so.1.0.0
7f1cb37f9000-7f1cb37fa000 r--p 00007000 00:21 290613                     /usr/lib/x86_64-linux-gnu/libxcb-sync.so.1.0.0
7f1cb37fa000-7f1cb37fb000 rw-p 00008000 00:21 290613                     /usr/lib/x86_64-linux-gnu/libxcb-sync.so.1.0.0
7f1cb37fb000-7f1cb37fd000 r--p 00000000 00:21 290923                     /usr/lib/x86_64-linux-gnu/libxcb-dri3.so.0.0.0
7f1cb37fd000-7f1cb37ff000 r-xp 00002000 00:21 290923                     /usr/lib/x86_64-linux-gnu/libxcb-dri3.so.0.0.0
7f1cb37ff000-7f1cb3800000 r--p 00004000 00:21 290923                     /usr/lib/x86_64-linux-gnu/libxcb-dri3.so.0.0.0
7f1cb3800000-7f1cb3801000 r--p 00004000 00:21 290923                     /usr/lib/x86_64-linux-gnu/libxcb-dri3.so.0.0.0
7f1cb3801000-7f1cb3802000 rw-p 00005000 00:21 290923                     /usr/lib/x86_64-linux-gnu/libxcb-dri3.so.0.0.0
7f1cb3802000-7f1cb3806000 r--p 00000000 00:21 286773                     /usr/lib/x86_64-linux-gnu/libexpat.so.1.8.6
7f1cb3806000-7f1cb3825000 r-xp 00004000 00:21 286773                     /usr/lib/x86_64-linux-gnu/libexpat.so.1.8.6
7f1cb3825000-7f1cb382f000 r--p 00023000 00:21 286773                     /usr/lib/x86_64-linux-gnu/libexpat.so.1.8.6
7f1cb382f000-7f1cb3830000 ---p 0002d000 00:21 286773                     /usr/lib/x86_64-linux-gnu/libexpat.so.1.8.6
7f1cb3830000-7f1cb3832000 r--p 0002d000 00:21 286773                     /usr/lib/x86_64-linux-gnu/libexpat.so.1.8.6
7f1cb3832000-7f1cb3833000 rw-p 0002f000 00:21 286773                     /usr/lib/x86_64-linux-gnu/libexpat.so.1.8.6
7f1cb3833000-7f1cb383f000 r--p 00000000 00:21 289839                     /usr/lib/x86_64-linux-gnu/libxcb-glx.so.0.0.0
7f1cb383f000-7f1cb3848000 r-xp 0000c000 00:21 289839                     /usr/lib/x86_64-linux-gnu/libxcb-glx.so.0.0.0
7f1cb3848000-7f1cb384d000 r--p 00015000 00:21 289839                     /usr/lib/x86_64-linux-gnu/libxcb-glx.so.0.0.0
7f1cb384d000-7f1cb384e000 ---p 0001a000 00:21 289839                     /usr/lib/x86_64-linux-gnu/libxcb-glx.so.0.0.0
7f1cb384e000-7f1cb3850000 r--p 0001a000 00:21 289839                     /usr/lib/x86_64-linux-gnu/libxcb-glx.so.0.0.0
7f1cb3850000-7f1cb3851000 rw-p 0001c000 00:21 289839                     /usr/lib/x86_64-linux-gnu/libxcb-glx.so.0.0.0
7f1cb3851000-7f1cb3856000 r--p 00000000 00:21 286717                     /usr/lib/x86_64-linux-gnu/libdrm.so.2.4.0
7f1cb3856000-7f1cb3861000 r-xp 00005000 00:21 286717                     /usr/lib/x86_64-linux-gnu/libdrm.so.2.4.0
7f1cb3861000-7f1cb3865000 r--p 00010000 00:21 286717                     /usr/lib/x86_64-linux-gnu/libdrm.so.2.4.0
7f1cb3865000-7f1cb3866000 r--p 00013000 00:21 286717                     /usr/lib/x86_64-linux-gnu/libdrm.so.2.4.0
7f1cb3866000-7f1cb3867000 rw-p 00014000 00:21 286717                     /usr/lib/x86_64-linux-gnu/libdrm.so.2.4.0
7f1cb3867000-7f1cb3874000 r--p 00000000 00:21 282897                     /usr/lib/x86_64-linux-gnu/GL/default/lib/libglapi.so.0.0.0
7f1cb3874000-7f1cb3882000 r-xp 0000d000 00:21 282897                     /usr/lib/x86_64-linux-gnu/GL/default/lib/libglapi.so.0.0.0
7f1cb3882000-7f1cb389b000 r--p 0001b000 00:21 282897                     /usr/lib/x86_64-linux-gnu/GL/default/lib/libglapi.so.0.0.0
7f1cb389b000-7f1cb389c000 ---p 00034000 00:21 282897                     /usr/lib/x86_64-linux-gnu/GL/default/lib/libglapi.so.0.0.0
7f1cb389c000-7f1cb38a0000 r--p 00034000 00:21 282897                     /usr/lib/x86_64-linux-gnu/GL/default/lib/libglapi.so.0.0.0
7f1cb38a0000-7f1cb38a1000 rw-p 00038000 00:21 282897                     /usr/lib/x86_64-linux-gnu/GL/default/lib/libglapi.so.0.0.0
7f1cb38a1000-7f1cb38a2000 rw-p 00000000 00:00 0 
7f1cb38a2000-7f1cb38be000 r--p 00000000 00:21 282913                     /usr/lib/x86_64-linux-gnu/GL/default/lib/libGLX_mesa.so.0.0.0
7f1cb38be000-7f1cb38fe000 r-xp 0001c000 00:21 282913                     /usr/lib/x86_64-linux-gnu/GL/default/lib/libGLX_mesa.so.0.0.0
7f1cb38fe000-7f1cb3910000 r--p 0005c000 00:21 282913                     /usr/lib/x86_64-linux-gnu/GL/default/lib/libGLX_mesa.so.0.0.0
7f1cb3910000-7f1cb3911000 ---p 0006e000 00:21 282913                     /usr/lib/x86_64-linux-gnu/GL/default/lib/libGLX_mesa.so.0.0.0
7f1cb3911000-7f1cb3914000 r--p 0006e000 00:21 282913                     /usr/lib/x86_64-linux-gnu/GL/default/lib/libGLX_mesa.so.0.0.0
7f1cb3914000-7f1cb3915000 rw-p 00071000 00:21 282913                     /usr/lib/x86_64-linux-gnu/GL/default/lib/libGLX_mesa.so.0.0.0
7f1cb3915000-7f1cb3956000 r--p 00000000 00:21 295921                     /usr/lib/x86_64-linux-gnu/libGLdispatch.so.0.0.0
7f1cb3956000-7f1cb3995000 r-xp 00041000 00:21 295921                     /usr/lib/x86_64-linux-gnu/libGLdispatch.so.0.0.0
7f1cb3995000-7f1cb39a8000 r--p 00080000 00:21 295921                     /usr/lib/x86_64-linux-gnu/libGLdispatch.so.0.0.0
7f1cb39a8000-7f1cb39a9000 ---p 00093000 00:21 295921                     /usr/lib/x86_64-linux-gnu/libGLdispatch.so.0.0.0
7f1cb39a9000-7f1cb39c5000 r--p 00093000 00:21 295921                     /usr/lib/x86_64-linux-gnu/libGLdispatch.so.0.0.0
7f1cb39c5000-7f1cb39c6000 rw-p 000af000 00:21 295921                     /usr/lib/x86_64-linux-gnu/libGLdispatch.so.0.0.0
7f1cb39c6000-7f1cb39ce000 rw-p 00000000 00:00 0 
7f1cb39ce000-7f1cb39ec000 r--p 00000000 00:21 298752                     /usr/lib/x86_64-linux-gnu/libX11.so.6.4.0
7f1cb39ec000-7f1cb3a80000 r-xp 0001e000 00:21 298752                     /usr/lib/x86_64-linux-gnu/libX11.so.6.4.0
7f1cb3a80000-7f1cb3b0e000 r--p 000b2000 00:21 298752                     /usr/lib/x86_64-linux-gnu/libX11.so.6.4.0
7f1cb3b0e000-7f1cb3b0f000 ---p 00140000 00:21 298752                     /usr/lib/x86_64-linux-gnu/libX11.so.6.4.0
7f1cb3b0f000-7f1cb3b12000 r--p 00140000 00:21 298752                     /usr/lib/x86_64-linux-gnu/libX11.so.6.4.0
7f1cb3b12000-7f1cb3b16000 rw-p 00143000 00:21 298752                     /usr/lib/x86_64-linux-gnu/libX11.so.6.4.0
7f1cb3b16000-7f1cb3b6d000 r-xp 00000000 00:39 389                        /tmp/lwjglsnoweuph/3.3.1-build-7/libglfw.so
7f1cb3b6d000-7f1cb3d6c000 ---p 00057000 00:39 389                        /tmp/lwjglsnoweuph/3.3.1-build-7/libglfw.so
7f1cb3d6c000-7f1cb3d6f000 r--p 00056000 00:39 389                        /tmp/lwjglsnoweuph/3.3.1-build-7/libglfw.so
7f1cb3d6f000-7f1cb3d71000 rw-p 00059000 00:39 389                        /tmp/lwjglsnoweuph/3.3.1-build-7/libglfw.so
7f1cb3d71000-7f1cb3d94000 rw-p 00000000 00:00 0 
7f1cb3d94000-7f1cb3dff000 r-xp 00000000 00:39 388                        /tmp/lwjglsnoweuph/3.3.1-build-7/liblwjgl.so
7f1cb3dff000-7f1cb3ffe000 ---p 0006b000 00:39 388                        /tmp/lwjglsnoweuph/3.3.1-build-7/liblwjgl.so
7f1cb3ffe000-7f1cb3fff000 r--p 0006a000 00:39 388                        /tmp/lwjglsnoweuph/3.3.1-build-7/liblwjgl.so
7f1cb3fff000-7f1cb4000000 rw-p 0006b000 00:39 388                        /tmp/lwjglsnoweuph/3.3.1-build-7/liblwjgl.so
7f1cb4000000-7f1cb4021000 rw-p 00000000 00:00 0 
7f1cb4021000-7f1cb8000000 ---p 00000000 00:00 0 
7f1cb8000000-7f1cb8021000 rw-p 00000000 00:00 0 
7f1cb8021000-7f1cbc000000 ---p 00000000 00:00 0 
7f1cbc000000-7f1cbc117000 rw-p 00000000 00:00 0 
7f1cbc117000-7f1cc0000000 ---p 00000000 00:00 0 
7f1cc0000000-7f1cc0021000 rw-p 00000000 00:00 0 
7f1cc0021000-7f1cc4000000 ---p 00000000 00:00 0 
7f1cc4000000-7f1cc4021000 rw-p 00000000 00:00 0 
7f1cc4021000-7f1cc8000000 ---p 00000000 00:00 0 
7f1cc8000000-7f1cc81ae000 rw-p 00000000 00:00 0 
7f1cc81ae000-7f1ccc000000 ---p 00000000 00:00 0 
7f1ccc000000-7f1ccc021000 rw-p 00000000 00:00 0 
7f1ccc021000-7f1cd0000000 ---p 00000000 00:00 0 
7f1cd0000000-7f1cd0021000 rw-p 00000000 00:00 0 
7f1cd0021000-7f1cd4000000 ---p 00000000 00:00 0 
7f1cd4000000-7f1cd4021000 rw-p 00000000 00:00 0 
7f1cd4021000-7f1cd8000000 ---p 00000000 00:00 0 
7f1cd8000000-7f1cd8021000 rw-p 00000000 00:00 0 
7f1cd8021000-7f1cdc000000 ---p 00000000 00:00 0 
7f1cdc000000-7f1cdc021000 rw-p 00000000 00:00 0 
7f1cdc021000-7f1ce0000000 ---p 00000000 00:00 0 
7f1ce0000000-7f1ce0021000 rw-p 00000000 00:00 0 
7f1ce0021000-7f1ce4000000 ---p 00000000 00:00 0 
7f1ce4000000-7f1ce4021000 rw-p 00000000 00:00 0 
7f1ce4021000-7f1ce8000000 ---p 00000000 00:00 0 
7f1ce8000000-7f1ce8001000 r--p 00000000 00:21 286385                     /usr/lib/x86_64-linux-gnu/libxcb-present.so.0.0.0
7f1ce8001000-7f1ce8002000 r-xp 00001000 00:21 286385                     /usr/lib/x86_64-linux-gnu/libxcb-present.so.0.0.0
7f1ce8002000-7f1ce8003000 r--p 00002000 00:21 286385                     /usr/lib/x86_64-linux-gnu/libxcb-present.so.0.0.0
7f1ce8003000-7f1ce8004000 r--p 00002000 00:21 286385                     /usr/lib/x86_64-linux-gnu/libxcb-present.so.0.0.0
7f1ce8004000-7f1ce8005000 rw-p 00003000 00:21 286385                     /usr/lib/x86_64-linux-gnu/libxcb-present.so.0.0.0
7f1ce8005000-7f1ce8006000 r--p 00000000 00:21 291828                     /usr/lib/x86_64-linux-gnu/libxcb-shm.so.0.0.0
7f1ce8006000-7f1ce8007000 r-xp 00001000 00:21 291828                     /usr/lib/x86_64-linux-gnu/libxcb-shm.so.0.0.0
7f1ce8007000-7f1ce8008000 r--p 00002000 00:21 291828                     /usr/lib/x86_64-linux-gnu/libxcb-shm.so.0.0.0
7f1ce8008000-7f1ce8009000 r--p 00002000 00:21 291828                     /usr/lib/x86_64-linux-gnu/libxcb-shm.so.0.0.0
7f1ce8009000-7f1ce800a000 rw-p 00003000 00:21 291828                     /usr/lib/x86_64-linux-gnu/libxcb-shm.so.0.0.0
7f1ce800a000-7f1ce800c000 r--p 00000000 00:21 292005                     /usr/lib/x86_64-linux-gnu/libxcb-dri2.so.0.0.0
7f1ce800c000-7f1ce800e000 r-xp 00002000 00:21 292005                     /usr/lib/x86_64-linux-gnu/libxcb-dri2.so.0.0.0
7f1ce800e000-7f1ce800f000 r--p 00004000 00:21 292005                     /usr/lib/x86_64-linux-gnu/libxcb-dri2.so.0.0.0
7f1ce800f000-7f1ce8010000 r--p 00004000 00:21 292005                     /usr/lib/x86_64-linux-gnu/libxcb-dri2.so.0.0.0
7f1ce8010000-7f1ce8011000 rw-p 00005000 00:21 292005                     /usr/lib/x86_64-linux-gnu/libxcb-dri2.so.0.0.0
7f1ce8011000-7f1ce8014000 r--p 00000000 00:21 286279                     /usr/lib/x86_64-linux-gnu/libGLX.so.0.0.0
7f1ce8014000-7f1ce802f000 r-xp 00003000 00:21 286279                     /usr/lib/x86_64-linux-gnu/libGLX.so.0.0.0
7f1ce802f000-7f1ce8032000 r--p 0001e000 00:21 286279                     /usr/lib/x86_64-linux-gnu/libGLX.so.0.0.0
7f1ce8032000-7f1ce8033000 r--p 00020000 00:21 286279                     /usr/lib/x86_64-linux-gnu/libGLX.so.0.0.0
7f1ce8033000-7f1ce8034000 rw-p 00021000 00:21 286279                     /usr/lib/x86_64-linux-gnu/libGLX.so.0.0.0
7f1ce8034000-7f1ce8044000 rw-p 00000000 00:00 0 
7f1ce8044000-7f1ce808d000 r--p 00000000 00:21 288686                     /usr/lib/x86_64-linux-gnu/libGL.so.1.7.0
7f1ce808d000-7f1ce80ad000 r-xp 00049000 00:21 288686                     /usr/lib/x86_64-linux-gnu/libGL.so.1.7.0
7f1ce80ad000-7f1ce80c1000 r--p 00069000 00:21 288686                     /usr/lib/x86_64-linux-gnu/libGL.so.1.7.0
7f1ce80c1000-7f1ce80c2000 ---p 0007d000 00:21 288686                     /usr/lib/x86_64-linux-gnu/libGL.so.1.7.0
7f1ce80c2000-7f1ce80d0000 r--p 0007d000 00:21 288686                     /usr/lib/x86_64-linux-gnu/libGL.so.1.7.0
7f1ce80d0000-7f1ce80d1000 rw-p 0008b000 00:21 288686                     /usr/lib/x86_64-linux-gnu/libGL.so.1.7.0
7f1ce80d1000-7f1ce80d2000 rw-p 00000000 00:00 0 
7f1ce80d2000-7f1ce80d3000 r--p 00000000 00:21 287500                     /usr/lib/x86_64-linux-gnu/libX11-xcb.so.1.0.0
7f1ce80d3000-7f1ce80d4000 r-xp 00001000 00:21 287500                     /usr/lib/x86_64-linux-gnu/libX11-xcb.so.1.0.0
7f1ce80d4000-7f1ce80d5000 r--p 00002000 00:21 287500                     /usr/lib/x86_64-linux-gnu/libX11-xcb.so.1.0.0
7f1ce80d5000-7f1ce80d6000 r--p 00002000 00:21 287500                     /usr/lib/x86_64-linux-gnu/libX11-xcb.so.1.0.0
7f1ce80d6000-7f1ce80d7000 rw-p 00003000 00:21 287500                     /usr/lib/x86_64-linux-gnu/libX11-xcb.so.1.0.0
7f1ce80d7000-7f1ce80d9000 r--p 00000000 00:21 296983                     /usr/lib/x86_64-linux-gnu/libXfixes.so.3.1.0
7f1ce80d9000-7f1ce80dc000 r-xp 00002000 00:21 296983                     /usr/lib/x86_64-linux-gnu/libXfixes.so.3.1.0
7f1ce80dc000-7f1ce80dd000 r--p 00005000 00:21 296983                     /usr/lib/x86_64-linux-gnu/libXfixes.so.3.1.0
7f1ce80dd000-7f1ce80de000 r--p 00005000 00:21 296983                     /usr/lib/x86_64-linux-gnu/libXfixes.so.3.1.0
7f1ce80de000-7f1ce80df000 rw-p 00006000 00:21 296983                     /usr/lib/x86_64-linux-gnu/libXfixes.so.3.1.0
7f1ce80df000-7f1ce80e2000 r--p 00000000 00:21 286214                     /usr/lib/x86_64-linux-gnu/libXcursor.so.1.0.2
7f1ce80e2000-7f1ce80e8000 r-xp 00003000 00:21 286214                     /usr/lib/x86_64-linux-gnu/libXcursor.so.1.0.2
7f1ce80e8000-7f1ce80ea000 r--p 00009000 00:21 286214                     /usr/lib/x86_64-linux-gnu/libXcursor.so.1.0.2
7f1ce80ea000-7f1ce80eb000 r--p 0000a000 00:21 286214                     /usr/lib/x86_64-linux-gnu/libXcursor.so.1.0.2
7f1ce80eb000-7f1ce80ec000 rw-p 0000b000 00:21 286214                     /usr/lib/x86_64-linux-gnu/libXcursor.so.1.0.2
7f1ce80ec000-7f1ce80ee000 r--p 00000000 00:21 291570                     /usr/lib/x86_64-linux-gnu/libXrender.so.1.3.0
7f1ce80ee000-7f1ce80f5000 r-xp 00002000 00:21 291570                     /usr/lib/x86_64-linux-gnu/libXrender.so.1.3.0
7f1ce80f5000-7f1ce80f6000 r--p 00009000 00:21 291570                     /usr/lib/x86_64-linux-gnu/libXrender.so.1.3.0
7f1ce80f6000-7f1ce80f7000 ---p 0000a000 00:21 291570                     /usr/lib/x86_64-linux-gnu/libXrender.so.1.3.0
7f1ce80f7000-7f1ce80f8000 r--p 0000a000 00:21 291570                     /usr/lib/x86_64-linux-gnu/libXrender.so.1.3.0
7f1ce80f8000-7f1ce80f9000 rw-p 0000b000 00:21 291570                     /usr/lib/x86_64-linux-gnu/libXrender.so.1.3.0
7f1ce80f9000-7f1ce80fc000 r--p 00000000 00:21 293670                     /usr/lib/x86_64-linux-gnu/libXi.so.6.1.0
7f1ce80fc000-7f1ce8108000 r-xp 00003000 00:21 293670                     /usr/lib/x86_64-linux-gnu/libXi.so.6.1.0
7f1ce8108000-7f1ce810a000 r--p 0000f000 00:21 293670                     /usr/lib/x86_64-linux-gnu/libXi.so.6.1.0
7f1ce810a000-7f1ce810b000 ---p 00011000 00:21 293670                     /usr/lib/x86_64-linux-gnu/libXi.so.6.1.0
7f1ce810b000-7f1ce810c000 r--p 00011000 00:21 293670                     /usr/lib/x86_64-linux-gnu/libXi.so.6.1.0
7f1ce810c000-7f1ce810d000 rw-p 00012000 00:21 293670                     /usr/lib/x86_64-linux-gnu/libXi.so.6.1.0
7f1ce810d000-7f1ce811a000 r--p 00000000 00:21 289198                     /usr/lib/x86_64-linux-gnu/libxcb.so.1.1.0
7f1ce811a000-7f1ce812d000 r-xp 0000d000 00:21 289198                     /usr/lib/x86_64-linux-gnu/libxcb.so.1.1.0
7f1ce812d000-7f1ce8136000 r--p 00020000 00:21 289198                     /usr/lib/x86_64-linux-gnu/libxcb.so.1.1.0
7f1ce8136000-7f1ce8137000 ---p 00029000 00:21 289198                     /usr/lib/x86_64-linux-gnu/libxcb.so.1.1.0
7f1ce8137000-7f1ce8138000 r--p 00029000 00:21 289198                     /usr/lib/x86_64-linux-gnu/libxcb.so.1.1.0
7f1ce8138000-7f1ce8139000 rw-p 0002a000 00:21 289198                     /usr/lib/x86_64-linux-gnu/libxcb.so.1.1.0
7f1ce8139000-7f1ce8153000 r-xp 00000000 00:21 724469                     /home/snoweuph/.jdks/corretto-16.0.2/lib/libzip.so
7f1ce8153000-7f1ce8352000 ---p 0001a000 00:21 724469                     /home/snoweuph/.jdks/corretto-16.0.2/lib/libzip.so
7f1ce8352000-7f1ce8353000 r--p 00019000 00:21 724469                     /home/snoweuph/.jdks/corretto-16.0.2/lib/libzip.so
7f1ce8353000-7f1ce8354000 rw-p 00000000 00:00 0 
7f1ce8354000-7f1ce8368000 r-xp 00000000 00:21 724471                     /home/snoweuph/.jdks/corretto-16.0.2/lib/libnet.so
7f1ce8368000-7f1ce8568000 ---p 00014000 00:21 724471                     /home/snoweuph/.jdks/corretto-16.0.2/lib/libnet.so
7f1ce8568000-7f1ce8569000 r--p 00014000 00:21 724471                     /home/snoweuph/.jdks/corretto-16.0.2/lib/libnet.so
7f1ce8569000-7f1ce856a000 rw-p 00015000 00:21 724471                     /home/snoweuph/.jdks/corretto-16.0.2/lib/libnet.so
7f1ce856a000-7f1ce857c000 r-xp 00000000 00:21 724472                     /home/snoweuph/.jdks/corretto-16.0.2/lib/libnio.so
7f1ce857c000-7f1ce877b000 ---p 00012000 00:21 724472                     /home/snoweuph/.jdks/corretto-16.0.2/lib/libnio.so
7f1ce877b000-7f1ce877c000 r--p 00011000 00:21 724472                     /home/snoweuph/.jdks/corretto-16.0.2/lib/libnio.so
7f1ce877c000-7f1ce877d000 rw-p 00012000 00:21 724472                     /home/snoweuph/.jdks/corretto-16.0.2/lib/libnio.so
7f1ce877d000-7f1ce8781000 ---p 00000000 00:00 0 
7f1ce8781000-7f1ce887e000 rw-p 00000000 00:00 0 
7f1ce887e000-7f1ce887f000 ---p 00000000 00:00 0 
7f1ce887f000-7f1ce8980000 rw-p 00000000 00:00 0 
7f1ce8980000-7f1ce8984000 ---p 00000000 00:00 0 
7f1ce8984000-7f1ce8a81000 rw-p 00000000 00:00 0 
7f1ce8a81000-7f1ce8a85000 ---p 00000000 00:00 0 
7f1ce8a85000-7f1ce8b82000 rw-p 00000000 00:00 0 
7f1ce8b82000-7f1ce8b86000 ---p 00000000 00:00 0 
7f1ce8b86000-7f1ce8c83000 rw-p 00000000 00:00 0 
7f1ce8c83000-7f1ce8c87000 ---p 00000000 00:00 0 
7f1ce8c87000-7f1ce8d84000 rw-p 00000000 00:00 0 
7f1ce8d84000-7f1ce8d88000 ---p 00000000 00:00 0 
7f1ce8d88000-7f1ce8e85000 rw-p 00000000 00:00 0 
7f1ce8e85000-7f1ce8e89000 ---p 00000000 00:00 0 
7f1ce8e89000-7f1ce8f86000 rw-p 00000000 00:00 0 
7f1ce8f86000-7f1ce8f8a000 ---p 00000000 00:00 0 
7f1ce8f8a000-7f1ce9087000 rw-p 00000000 00:00 0 
7f1ce9087000-7f1ce92ff000 r--p 00000000 00:21 283765                     /usr/share/runtime/locale/de/lib/de_DE.utf8/LC_COLLATE
7f1ce92ff000-7f1ce9303000 ---p 00000000 00:00 0 
7f1ce9303000-7f1ce9540000 rw-p 00000000 00:00 0 
7f1ce9540000-7f1ce9800000 ---p 00000000 00:00 0 
7f1ce9800000-7f1ce98f0000 rw-p 00000000 00:00 0 
7f1ce98f0000-7f1ce9c00000 ---p 00000000 00:00 0 
7f1ce9c03000-7f1ce9c05000 r--p 00000000 00:21 290898                     /usr/lib/x86_64-linux-gnu/libXrandr.so.2.2.0
7f1ce9c05000-7f1ce9c0c000 r-xp 00002000 00:21 290898                     /usr/lib/x86_64-linux-gnu/libXrandr.so.2.2.0
7f1ce9c0c000-7f1ce9c0e000 r--p 00009000 00:21 290898                     /usr/lib/x86_64-linux-gnu/libXrandr.so.2.2.0
7f1ce9c0e000-7f1ce9c0f000 r--p 0000a000 00:21 290898                     /usr/lib/x86_64-linux-gnu/libXrandr.so.2.2.0
7f1ce9c0f000-7f1ce9c10000 rw-p 0000b000 00:21 290898                     /usr/lib/x86_64-linux-gnu/libXrandr.so.2.2.0
7f1ce9c10000-7f1ce9c14000 r--p 00000000 00:21 296376                     /usr/lib/x86_64-linux-gnu/libXext.so.6.4.0
7f1ce9c14000-7f1ce9c20000 r-xp 00004000 00:21 296376                     /usr/lib/x86_64-linux-gnu/libXext.so.6.4.0
7f1ce9c20000-7f1ce9c23000 r--p 00010000 00:21 296376                     /usr/lib/x86_64-linux-gnu/libXext.so.6.4.0
7f1ce9c23000-7f1ce9c24000 r--p 00012000 00:21 296376                     /usr/lib/x86_64-linux-gnu/libXext.so.6.4.0
7f1ce9c24000-7f1ce9c25000 rw-p 00013000 00:21 296376                     /usr/lib/x86_64-linux-gnu/libXext.so.6.4.0
7f1ce9c25000-7f1ce9c7a000 r--p 00000000 00:21 283752                     /usr/share/runtime/locale/de/lib/de_DE.utf8/LC_CTYPE
7f1ce9c7a000-7f1ce9c7e000 ---p 00000000 00:00 0 
7f1ce9c7e000-7f1ce9d7b000 rw-p 00000000 00:00 0 
7f1ce9d7b000-7f1ce9d7c000 ---p 00000000 00:00 0 
7f1ce9d7c000-7f1ce9efe000 rw-p 00000000 00:00 0 
7f1ce9efe000-7f1ce9eff000 ---p 00000000 00:00 0 
7f1ce9eff000-7f1cec000000 rw-p 00000000 00:00 0 
7f1cec000000-7f1cec021000 rw-p 00000000 00:00 0 
7f1cec021000-7f1cf0000000 ---p 00000000 00:00 0 
7f1cf0000000-7f1cf0021000 rw-p 00000000 00:00 0 
7f1cf0021000-7f1cf4000000 ---p 00000000 00:00 0 
7f1cf4000000-7f1cf4021000 rw-p 00000000 00:00 0 
7f1cf4021000-7f1cf8000000 ---p 00000000 00:00 0 
7f1cf8001000-7f1cf8002000 r--p 00000000 00:21 286509                     /usr/lib/x86_64-linux-gnu/libXinerama.so.1.0.0
7f1cf8002000-7f1cf8003000 r-xp 00001000 00:21 286509                     /usr/lib/x86_64-linux-gnu/libXinerama.so.1.0.0
7f1cf8003000-7f1cf8004000 r--p 00002000 00:21 286509                     /usr/lib/x86_64-linux-gnu/libXinerama.so.1.0.0
7f1cf8004000-7f1cf8005000 r--p 00002000 00:21 286509                     /usr/lib/x86_64-linux-gnu/libXinerama.so.1.0.0
7f1cf8005000-7f1cf8006000 rw-p 00003000 00:21 286509                     /usr/lib/x86_64-linux-gnu/libXinerama.so.1.0.0
7f1cf8006000-7f1cf8007000 r--p 00000000 00:21 288895                     /usr/lib/x86_64-linux-gnu/libXxf86vm.so.1.0.0
7f1cf8007000-7f1cf800a000 r-xp 00001000 00:21 288895                     /usr/lib/x86_64-linux-gnu/libXxf86vm.so.1.0.0
7f1cf800a000-7f1cf800b000 r--p 00004000 00:21 288895                     /usr/lib/x86_64-linux-gnu/libXxf86vm.so.1.0.0
7f1cf800b000-7f1cf800c000 r--p 00004000 00:21 288895                     /usr/lib/x86_64-linux-gnu/libXxf86vm.so.1.0.0
7f1cf800c000-7f1cf800d000 rw-p 00005000 00:21 288895                     /usr/lib/x86_64-linux-gnu/libXxf86vm.so.1.0.0
7f1cf800d000-7f1cf800e000 r--p 00000000 00:21 284954                     /usr/lib/x86_64-linux-gnu/libXau.so.6.0.0
7f1cf800e000-7f1cf8010000 r-xp 00001000 00:21 284954                     /usr/lib/x86_64-linux-gnu/libXau.so.6.0.0
7f1cf8010000-7f1cf8011000 r--p 00003000 00:21 284954                     /usr/lib/x86_64-linux-gnu/libXau.so.6.0.0
7f1cf8011000-7f1cf8012000 r--p 00003000 00:21 284954                     /usr/lib/x86_64-linux-gnu/libXau.so.6.0.0
7f1cf8012000-7f1cf8013000 rw-p 00004000 00:21 284954                     /usr/lib/x86_64-linux-gnu/libXau.so.6.0.0
7f1cf8021000-7f1cf807c000 rw-p 00000000 00:00 0 
7f1cf807c000-7f1cf807d000 ---p 00000000 00:00 0 
7f1cf807d000-7f1cf8d6e000 rw-p 00000000 00:00 0 
7f1cf8d6e000-7f1cfc786000 ---p 00000000 00:00 0 
7f1cfc786000-7f1cfcb7e000 rw-p 00000000 00:00 0 
7f1cfcb7e000-7f1d00596000 ---p 00000000 00:00 0 
7f1d00596000-7f1d005a6000 rw-p 00000000 00:00 0 
7f1d005a6000-7f1d00816000 rwxp 00000000 00:00 0 
7f1d00816000-7f1d00b38000 ---p 00000000 00:00 0 
7f1d00b38000-7f1d00da8000 rwxp 00000000 00:00 0 
7f1d00da8000-7f1d0806f000 ---p 00000000 00:00 0 
7f1d0806f000-7f1d082df000 rwxp 00000000 00:00 0 
7f1d082df000-7f1d0f5a6000 ---p 00000000 00:00 0 
7f1d0f5a6000-7f1d18000000 r--s 00000000 00:21 724451                     /home/snoweuph/.jdks/corretto-16.0.2/lib/modules
7f1d18000000-7f1d185df000 rw-p 00000000 00:00 0 
7f1d185df000-7f1d1c000000 ---p 00000000 00:00 0 
7f1d1c001000-7f1d1c002000 rw-s 1171c6000 00:05 548                       /dev/dri/renderD128
7f1d1c002000-7f1d1c003000 rw-s 14885d000 00:05 548                       /dev/dri/renderD128
7f1d1c003000-7f1d1c004000 rw-p 00000000 00:00 0 
7f1d1c004000-7f1d1c005000 r-xp 00053000 00:39 388                        /tmp/lwjglsnoweuph/3.3.1-build-7/liblwjgl.so
7f1d1c005000-7f1d1c037000 rw-p 00000000 00:00 0 
7f1d1c037000-7f1d1c038000 r--p 00000000 00:21 283945                     /usr/share/runtime/locale/de/lib/de_DE.utf8/LC_NUMERIC
7f1d1c038000-7f1d1c039000 r--p 00000000 00:21 283813                     /usr/share/runtime/locale/de/lib/de_DE.utf8/LC_TIME
7f1d1c039000-7f1d1c03a000 r--p 00000000 00:21 283876                     /usr/share/runtime/locale/de/lib/de_DE.utf8/LC_MONETARY
7f1d1c03a000-7f1d1c03b000 r--p 00000000 00:21 283674                     /usr/share/runtime/locale/de/lib/de_DE.utf8/LC_MESSAGES/SYS_LC_MESSAGES
7f1d1c03b000-7f1d1c03c000 r--p 00000000 00:21 283895                     /usr/share/runtime/locale/de/lib/de_DE.utf8/LC_PAPER
7f1d1c03c000-7f1d1c07d000 rw-p 00000000 00:00 0 
7f1d1c07d000-7f1d1c07e000 ---p 00000000 00:00 0 
7f1d1c07e000-7f1d1c17f000 rw-p 00000000 00:00 0 
7f1d1c17f000-7f1d1c180000 ---p 00000000 00:00 0 
7f1d1c180000-7f1d1c281000 rw-p 00000000 00:00 0 
7f1d1c281000-7f1d1c282000 ---p 00000000 00:00 0 
7f1d1c282000-7f1d1c481000 rw-p 00000000 00:00 0 
7f1d1c481000-7f1d1cbc4000 ---p 00000000 00:00 0 
7f1d1cbc4000-7f1d1cc43000 rw-p 00000000 00:00 0 
7f1d1cc43000-7f1d1d386000 ---p 00000000 00:00 0 
7f1d1d386000-7f1d1d405000 rw-p 00000000 00:00 0 
7f1d1d405000-7f1d1db48000 ---p 00000000 00:00 0 
7f1d1db48000-7f1d1e357000 rw-p 00000000 00:00 0 
7f1d1e357000-7f1d1e43d000 ---p 00000000 00:00 0 
7f1d1e43d000-7f1d1e442000 rw-p 00000000 00:00 0 
7f1d1e442000-7f1d1e528000 ---p 00000000 00:00 0 
7f1d1e528000-7f1d1e54c000 r-xp 00000000 00:21 724468                     /home/snoweuph/.jdks/corretto-16.0.2/lib/libjava.so
7f1d1e54c000-7f1d1e74c000 ---p 00024000 00:21 724468                     /home/snoweuph/.jdks/corretto-16.0.2/lib/libjava.so
7f1d1e74c000-7f1d1e74d000 r--p 00024000 00:21 724468                     /home/snoweuph/.jdks/corretto-16.0.2/lib/libjava.so
7f1d1e74d000-7f1d1e74e000 rw-p 00025000 00:21 724468                     /home/snoweuph/.jdks/corretto-16.0.2/lib/libjava.so
7f1d1e74e000-7f1d1e74f000 rw-p 00000000 00:00 0 
7f1d1e74f000-7f1d1e752000 r--p 00000000 00:21 2248421                    /usr/lib/x86_64-linux-gnu/libnss_files-2.33.so
7f1d1e752000-7f1d1e759000 r-xp 00003000 00:21 2248421                    /usr/lib/x86_64-linux-gnu/libnss_files-2.33.so
7f1d1e759000-7f1d1e75b000 r--p 0000a000 00:21 2248421                    /usr/lib/x86_64-linux-gnu/libnss_files-2.33.so
7f1d1e75b000-7f1d1e75c000 r--p 0000b000 00:21 2248421                    /usr/lib/x86_64-linux-gnu/libnss_files-2.33.so
7f1d1e75c000-7f1d1e75d000 rw-p 0000c000 00:21 2248421                    /usr/lib/x86_64-linux-gnu/libnss_files-2.33.so
7f1d1e75d000-7f1d1e763000 rw-p 00000000 00:00 0 
7f1d1e763000-7f1d1e764000 r--p 00000000 00:21 284137                     /usr/share/runtime/locale/de/lib/de_DE.utf8/LC_NAME
7f1d1e764000-7f1d1e765000 r--p 00000000 00:21 283970                     /usr/share/runtime/locale/de/lib/de_DE.utf8/LC_ADDRESS
7f1d1e765000-7f1d1e76a000 rw-p 00000000 00:00 0 
7f1d1e76a000-7f1d1e771000 ---p 00000000 00:00 0 
7f1d1e771000-7f1d1e78c000 r-xp 00000000 00:21 724470                     /home/snoweuph/.jdks/corretto-16.0.2/lib/libjimage.so
7f1d1e78c000-7f1d1e98b000 ---p 0001b000 00:21 724470                     /home/snoweuph/.jdks/corretto-16.0.2/lib/libjimage.so
7f1d1e98b000-7f1d1e98d000 r--p 0001a000 00:21 724470                     /home/snoweuph/.jdks/corretto-16.0.2/lib/libjimage.so
7f1d1e98d000-7f1d1e98e000 rw-p 0001c000 00:21 724470                     /home/snoweuph/.jdks/corretto-16.0.2/lib/libjimage.so
7f1d1e98e000-7f1d1e990000 r--p 00000000 00:21 2247724                    /usr/lib/x86_64-linux-gnu/librt-2.33.so
7f1d1e990000-7f1d1e994000 r-xp 00002000 00:21 2247724                    /usr/lib/x86_64-linux-gnu/librt-2.33.so
7f1d1e994000-7f1d1e996000 r--p 00006000 00:21 2247724                    /usr/lib/x86_64-linux-gnu/librt-2.33.so
7f1d1e996000-7f1d1e997000 r--p 00007000 00:21 2247724                    /usr/lib/x86_64-linux-gnu/librt-2.33.so
7f1d1e997000-7f1d1e998000 rw-p 00008000 00:21 2247724                    /usr/lib/x86_64-linux-gnu/librt-2.33.so
7f1d1e998000-7f1d1e99c000 ---p 00000000 00:00 0 
7f1d1e99c000-7f1d1ea99000 rw-p 00000000 00:00 0 
7f1d1ea99000-7f1d1eaa6000 r--p 00000000 00:21 2246123                    /usr/lib/x86_64-linux-gnu/libm-2.33.so
7f1d1eaa6000-7f1d1eb45000 r-xp 0000d000 00:21 2246123                    /usr/lib/x86_64-linux-gnu/libm-2.33.so
7f1d1eb45000-7f1d1ebe0000 r--p 000ac000 00:21 2246123                    /usr/lib/x86_64-linux-gnu/libm-2.33.so
7f1d1ebe0000-7f1d1ebe1000 r--p 00146000 00:21 2246123                    /usr/lib/x86_64-linux-gnu/libm-2.33.so
7f1d1ebe1000-7f1d1ebe2000 rw-p 00147000 00:21 2246123                    /usr/lib/x86_64-linux-gnu/libm-2.33.so
7f1d1ebe2000-7f1d1fe9e000 r-xp 00000000 00:21 724461                     /home/snoweuph/.jdks/corretto-16.0.2/lib/server/libjvm.so
7f1d1fe9e000-7f1d2009d000 ---p 012bc000 00:21 724461                     /home/snoweuph/.jdks/corretto-16.0.2/lib/server/libjvm.so
7f1d2009d000-7f1d20152000 r--p 012bb000 00:21 724461                     /home/snoweuph/.jdks/corretto-16.0.2/lib/server/libjvm.so
7f1d20152000-7f1d20186000 rw-p 01370000 00:21 724461                     /home/snoweuph/.jdks/corretto-16.0.2/lib/server/libjvm.so
7f1d20186000-7f1d201e3000 rw-p 00000000 00:00 0 
7f1d201e3000-7f1d20205000 r--p 00000000 00:21 2249850                    /usr/lib/x86_64-linux-gnu/libc-2.33.so
7f1d20205000-7f1d20369000 r-xp 00022000 00:21 2249850                    /usr/lib/x86_64-linux-gnu/libc-2.33.so
7f1d20369000-7f1d203b4000 r--p 00186000 00:21 2249850                    /usr/lib/x86_64-linux-gnu/libc-2.33.so
7f1d203b4000-7f1d203b8000 r--p 001d0000 00:21 2249850                    /usr/lib/x86_64-linux-gnu/libc-2.33.so
7f1d203b8000-7f1d203ba000 rw-p 001d4000 00:21 2249850                    /usr/lib/x86_64-linux-gnu/libc-2.33.so
7f1d203ba000-7f1d203c3000 rw-p 00000000 00:00 0 
7f1d203c3000-7f1d203c4000 r--p 00000000 00:21 2248554                    /usr/lib/x86_64-linux-gnu/libdl-2.33.so
7f1d203c4000-7f1d203c6000 r-xp 00001000 00:21 2248554                    /usr/lib/x86_64-linux-gnu/libdl-2.33.so
7f1d203c6000-7f1d203c7000 r--p 00003000 00:21 2248554                    /usr/lib/x86_64-linux-gnu/libdl-2.33.so
7f1d203c7000-7f1d203c8000 r--p 00003000 00:21 2248554                    /usr/lib/x86_64-linux-gnu/libdl-2.33.so
7f1d203c8000-7f1d203c9000 rw-p 00004000 00:21 2248554                    /usr/lib/x86_64-linux-gnu/libdl-2.33.so
7f1d203c9000-7f1d203cf000 r--p 00000000 00:21 2248972                    /usr/lib/x86_64-linux-gnu/libpthread-2.33.so
7f1d203cf000-7f1d203de000 r-xp 00006000 00:21 2248972                    /usr/lib/x86_64-linux-gnu/libpthread-2.33.so
7f1d203de000-7f1d203e3000 r--p 00015000 00:21 2248972                    /usr/lib/x86_64-linux-gnu/libpthread-2.33.so
7f1d203e3000-7f1d203e4000 ---p 0001a000 00:21 2248972                    /usr/lib/x86_64-linux-gnu/libpthread-2.33.so
7f1d203e4000-7f1d203e5000 r--p 0001a000 00:21 2248972                    /usr/lib/x86_64-linux-gnu/libpthread-2.33.so
7f1d203e5000-7f1d203e6000 rw-p 0001b000 00:21 2248972                    /usr/lib/x86_64-linux-gnu/libpthread-2.33.so
7f1d203e6000-7f1d203ea000 rw-p 00000000 00:00 0 
7f1d203ea000-7f1d203eb000 r--p 00000000 00:21 284142                     /usr/share/runtime/locale/de/lib/de_DE.utf8/LC_TELEPHONE
7f1d203eb000-7f1d203ec000 r--p 00000000 00:21 283898                     /usr/share/runtime/locale/de/lib/de_DE.utf8/LC_MEASUREMENT
7f1d203ec000-7f1d203ed000 r--p 00000000 00:21 283698                     /usr/share/runtime/locale/de/lib/de_DE.utf8/LC_IDENTIFICATION
7f1d203ed000-7f1d203f5000 rw-s 00000000 00:39 691                        /tmp/hsperfdata_snoweuph/1951
7f1d203f5000-7f1d203f6000 ---p 00000000 00:00 0 
7f1d203f6000-7f1d203f7000 r--p 00000000 00:00 0 
7f1d203f7000-7f1d203f8000 ---p 00000000 00:00 0 
7f1d203f8000-7f1d20411000 r-xp 00000000 00:21 724466                     /home/snoweuph/.jdks/corretto-16.0.2/lib/libjli.so
7f1d20411000-7f1d20610000 ---p 00019000 00:21 724466                     /home/snoweuph/.jdks/corretto-16.0.2/lib/libjli.so
7f1d20610000-7f1d20611000 r--p 00018000 00:21 724466                     /home/snoweuph/.jdks/corretto-16.0.2/lib/libjli.so
7f1d20611000-7f1d20612000 rw-p 00019000 00:21 724466                     /home/snoweuph/.jdks/corretto-16.0.2/lib/libjli.so
7f1d20612000-7f1d20614000 rw-p 00000000 00:00 0 
7f1d20614000-7f1d20615000 r--p 00000000 00:21 2246395                    /usr/lib/x86_64-linux-gnu/ld-2.33.so
7f1d20615000-7f1d2063b000 r-xp 00001000 00:21 2246395                    /usr/lib/x86_64-linux-gnu/ld-2.33.so
7f1d2063b000-7f1d20644000 r--p 00027000 00:21 2246395                    /usr/lib/x86_64-linux-gnu/ld-2.33.so
7f1d20644000-7f1d20646000 r--p 0002f000 00:21 2246395                    /usr/lib/x86_64-linux-gnu/ld-2.33.so
7f1d20646000-7f1d20648000 rw-p 00031000 00:21 2246395                    /usr/lib/x86_64-linux-gnu/ld-2.33.so
7ffc3fe47000-7ffc3fe6a000 rw-p 00000000 00:00 0                          [stack]
7ffc3fed0000-7ffc3fed4000 r--p 00000000 00:00 0                          [vvar]
7ffc3fed4000-7ffc3fed6000 r-xp 00000000 00:00 0                          [vdso]
ffffffffff600000-ffffffffff601000 --xp 00000000 00:00 0                  [vsyscall]


VM Arguments:
jvm_args: -Dfile.encoding=UTF-8 -Duser.country=DE -Duser.language=de -Duser.variant 
java_command: org.euph.Main
java_class_path (initial): /home/snoweuph/Git/GameEngine/GameEngine/build/classes/java/main:/home/snoweuph/Git/GameEngine/GameEngine/build/resources/main:/home/snoweuph/.gradle/caches/modules-2/files-2.1/org.lwjgl/lwjgl-assimp/3.3.1/312072f451794f25670aebb0160ce6ec88aff842/lwjgl-assimp-3.3.1.jar:/home/snoweuph/.gradle/caches/modules-2/files-2.1/org.lwjgl/lwjgl-assimp/3.3.1/79fdb4d7fc27bc61579eb3803c8c389b8e57af1f/lwjgl-assimp-3.3.1-natives-linux.jar:/home/snoweuph/.gradle/caches/modules-2/files-2.1/org.lwjgl/lwjgl-bgfx/3.3.1/4243b7d255d885980f10c36edfb678729493685e/lwjgl-bgfx-3.3.1.jar:/home/snoweuph/.gradle/caches/modules-2/files-2.1/org.lwjgl/lwjgl-bgfx/3.3.1/6ae3c5e24f748c6e4d0f2a724bfdbf9d5a7ec6b6/lwjgl-bgfx-3.3.1-natives-linux.jar:/home/snoweuph/.gradle/caches/modules-2/files-2.1/org.lwjgl/lwjgl-glfw/3.3.1/cbac1b8d30cb4795149c1ef540f912671a8616d0/lwjgl-glfw-3.3.1.jar:/home/snoweuph/.gradle/caches/modules-2/files-2.1/org.lwjgl/lwjgl-glfw/3.3.1/81716978214ecbda15050ca394b06ef61501a49e/lwjgl-glfw-3.3.1-natives-linux.jar:/home/snoweuph/.gradle/caches/modules-2/files-2.1/org.lwjgl/lwjgl-libdivide/3.3.1/ed21d21e4f3d508908ef1a23d885e73983f244ea/lwjgl-libdivide-3.3.1.jar:/home/snoweuph/.gradle/caches/modules-2/files-2.1/org.lwjgl/lwjgl-libdivide/3.3.1/c4312cccbfae5fea8f9e3f72b367c3a0af6b20a2/lwjgl-libdivide-3.3.1-natives-linux.jar:/home/snoweuph/.gradle/caches/modules-2/files-2.1/org.lwjgl/lwjgl-meshoptimizer/3.3.1/8cc3325a9bba8beba08190f909a6f0003d96ad8f/lwjgl-meshoptimizer-3.3.1.jar:/home/snoweuph/.gradle/caches/modules-2/files-2.1/org.lwjgl/lwjgl-meshoptimizer/3.3.1/b881a520004d291093c2540e2f398f4c2173e8a8/lwjgl-meshoptimizer-3.3.1-natives-linux.jar:/home/snoweuph/.gradle/caches/modules-2/files-2.1/org.lwjgl/lwjgl-nfd/3.3.1/622318116996ddcff449b46cb38f0fdee39b8ac3/lwjgl-nfd-3.3.1.jar:/home/snoweuph/.gradle/caches/modules-2/files-2.1/org.lwjgl/lwjgl-nfd/3.3.1/2e007667e04ed3281152ae5c6e677fb1c2211691/lwjgl-nfd-3.3.1-natives-linux.jar:/home/snoweuph/.gradle/caches/mo
Launcher Type: SUN_STANDARD

[Global flags]
     intx CICompilerCount                          = 4                                         {product} {ergonomic}
     uint ConcGCThreads                            = 2                                         {product} {ergonomic}
     uint G1ConcRefinementThreads                  = 8                                         {product} {ergonomic}
   size_t G1HeapRegionSize                         = 2097152                                   {product} {ergonomic}
    uintx GCDrainStackTargetSize                   = 64                                        {product} {ergonomic}
   size_t InitialHeapSize                          = 262144000                                 {product} {ergonomic}
   size_t MarkStackSize                            = 4194304                                   {product} {ergonomic}
   size_t MaxHeapSize                              = 4164943872                                {product} {ergonomic}
   size_t MaxNewSize                               = 2497708032                                {product} {ergonomic}
   size_t MinHeapDeltaBytes                        = 2097152                                   {product} {ergonomic}
   size_t MinHeapSize                              = 8388608                                   {product} {ergonomic}
    uintx NonNMethodCodeHeapSize                   = 5839372                                {pd product} {ergonomic}
    uintx NonProfiledCodeHeapSize                  = 122909434                              {pd product} {ergonomic}
    uintx ProfiledCodeHeapSize                     = 122909434                              {pd product} {ergonomic}
    uintx ReservedCodeCacheSize                    = 251658240                              {pd product} {ergonomic}
     bool SegmentedCodeCache                       = true                                      {product} {ergonomic}
   size_t SoftMaxHeapSize                          = 4164943872                             {manageable} {ergonomic}
     bool UseCompressedClassPointers               = true                           {product lp64_product} {ergonomic}
     bool UseCompressedOops                        = true                           {product lp64_product} {ergonomic}
     bool UseG1GC                                  = true                                      {product} {ergonomic}

Logging:
Log output configuration:
 #0: stdout all=warning uptime,level,tags
 #1: stderr all=off uptime,level,tags

Environment Variables:
PATH=/app/bin:/usr/bin
LD_LIBRARY_PATH=
SHELL=/bin/sh
DISPLAY=:99.0
LANG=de_DE.UTF-8

Signal Handlers:
SIGSEGV: [libjvm.so+0xf67e20], sa_mask[0]=11100100010111111101111111111110, sa_flags=SA_RESTART|SA_SIGINFO
SIGBUS: [libjvm.so+0xf67e20], sa_mask[0]=11100100010111111101111111111110, sa_flags=SA_RESTART|SA_SIGINFO
SIGFPE: [libjvm.so+0xf67e20], sa_mask[0]=11100100010111111101111111111110, sa_flags=SA_RESTART|SA_SIGINFO
SIGPIPE: [libjvm.so+0xe05b30], sa_mask[0]=11100100010111111101111111111110, sa_flags=SA_RESTART|SA_SIGINFO
SIGXFSZ: [libjvm.so+0xe05b30], sa_mask[0]=11100100010111111101111111111110, sa_flags=SA_RESTART|SA_SIGINFO
SIGILL: [libjvm.so+0xf67e20], sa_mask[0]=11100100010111111101111111111110, sa_flags=SA_RESTART|SA_SIGINFO
SIGUSR2: [libjvm.so+0xe05200], sa_mask[0]=00100000000000000000000000000000, sa_flags=SA_RESTART|SA_SIGINFO
SIGHUP: [libjvm.so+0xe05140], sa_mask[0]=11100100010111111101111111111110, sa_flags=SA_RESTART|SA_SIGINFO
SIGINT: [libjvm.so+0xe05140], sa_mask[0]=11100100010111111101111111111110, sa_flags=SA_RESTART|SA_SIGINFO
SIGTERM: [libjvm.so+0xe05140], sa_mask[0]=11100100010111111101111111111110, sa_flags=SA_RESTART|SA_SIGINFO
SIGQUIT: [libjvm.so+0xe05140], sa_mask[0]=11100100010111111101111111111110, sa_flags=SA_RESTART|SA_SIGINFO
SIGTRAP: [libjvm.so+0xf67e20], sa_mask[0]=11100100010111111101111111111110, sa_flags=SA_RESTART|SA_SIGINFO


---------------  S Y S T E M  ---------------

OS:
NAME=Freedesktop.org
VERSION="21.08.14 (Flatpak runtime)"
VERSION_ID=21.08.14
ID=org.freedesktop.platform
PRETTY_NAME="Freedesktop.org 21.08.14 (Flatpak runtime)"
BUG_REPORT_URL=https://gitlab.com/freedesktop-sdk/freedesktop-sdk/issues
uname: Linux 5.17.5-300.fc36.x86_64 #1 SMP PREEMPT Thu Apr 28 15:51:30 UTC 2022 x86_64
OS uptime: 0 days 0:28 hours
libc: glibc 2.33 NPTL 2.33 
rlimit (soft/hard): STACK 8192k/infinity , CORE infinity/infinity , NPROC 63055/63055 , NOFILE 1048576/1048576 , AS infinity/infinity , CPU infinity/infinity , DATA infinity/infinity , FSIZE infinity/infinity , MEMLOCK 8192k/8192k
load average: 3,23 3,44 3,04

/proc/meminfo:
MemTotal:       16262536 kB
MemFree:          167084 kB
MemAvailable:    7961524 kB
Buffers:           16976 kB
Cached:          7914596 kB
SwapCached:           28 kB
Active:          2706792 kB
Inactive:       11987056 kB
Active(anon):       8720 kB
Inactive(anon):  6878280 kB
Active(file):    2698072 kB
Inactive(file):  5108776 kB
Unevictable:        4812 kB
Mlocked:            4812 kB
SwapTotal:       8388604 kB
SwapFree:        8386300 kB
Dirty:             28208 kB
Writeback:             0 kB
AnonPages:       6767060 kB
Mapped:          1704732 kB
Shmem:            124596 kB
KReclaimable:     322976 kB
Slab:             650268 kB
SReclaimable:     322976 kB
SUnreclaim:       327292 kB
KernelStack:       30376 kB
PageTables:        65956 kB
NFS_Unstable:          0 kB
Bounce:                0 kB
WritebackTmp:          0 kB
CommitLimit:    16519872 kB
Committed_AS:   15724640 kB
VmallocTotal:   34359738367 kB
VmallocUsed:      208384 kB
VmallocChunk:          0 kB
Percpu:            47488 kB
HardwareCorrupted:     0 kB
AnonHugePages:    120832 kB
ShmemHugePages:        0 kB
ShmemPmdMapped:        0 kB
FileHugePages:         0 kB
FilePmdMapped:         0 kB
CmaTotal:              0 kB
CmaFree:               0 kB
HugePages_Total:       0
HugePages_Free:        0
HugePages_Rsvd:        0
HugePages_Surp:        0
Hugepagesize:       2048 kB
Hugetlb:               0 kB
DirectMap4k:     1212152 kB
DirectMap2M:    15388672 kB
DirectMap1G:     1048576 kB

/sys/kernel/mm/transparent_hugepage/enabled: <Not Available>
/sys/kernel/mm/transparent_hugepage/defrag (defrag/compaction efforts parameter): <Not Available>

Process Memory:
Virtual Size: 8038732K (peak: 8038732K)
Resident Set Size: 90200K (peak: 90200K) (anon: 31248K, file: 58204K, shmem: 748K)
Swapped out: 0K
C-Heap outstanding allocations: 8812K

/proc/sys/kernel/threads-max (system-wide limit on the number of threads): 126110
/proc/sys/vm/max_map_count (maximum number of memory map areas a process may have): 65530
/proc/sys/kernel/pid_max (system-wide limit on number of process identifiers): 4194304

Steal ticks since vm start: 0
Steal ticks percentage since vm start:  0,000

CPU: total 8 (initial active 8) (8 cores per cpu, 2 threads per core) family 23 model 1 stepping 1 microcode 0x8001138, cx8, cmov, fxsr, ht, mmx, 3dnowpref, sse, sse2, sse3, ssse3, sse4a, sse4.1, sse4.2, popcnt, lzcnt, tsc, tscinvbit, avx, avx2, aes, clmul, bmi1, bmi2, adx, sha, fma, vzeroupper, clflush, clflushopt
CPU Model and flags from /proc/cpuinfo:
model name	: AMD Ryzen 5 1400 Quad-Core Processor
flags		: fpu vme de pse tsc msr pae mce cx8 apic sep mtrr pge mca cmov pat pse36 clflush mmx fxsr sse sse2 ht syscall nx mmxext fxsr_opt pdpe1gb rdtscp lm constant_tsc rep_good nopl nonstop_tsc cpuid extd_apicid aperfmperf rapl pni pclmulqdq monitor ssse3 fma cx16 sse4_1 sse4_2 movbe popcnt aes xsave avx f16c rdrand lahf_lm cmp_legacy svm extapic cr8_legacy abm sse4a misalignsse 3dnowprefetch osvw skinit wdt tce topoext perfctr_core perfctr_nb bpext perfctr_llc mwaitx cpb hw_pstate ssbd ibpb vmmcall fsgsbase bmi1 avx2 smep bmi2 rdseed adx smap clflushopt sha_ni xsaveopt xsavec xgetbv1 xsaves clzero irperf xsaveerptr arat npt lbrv svm_lock nrip_save tsc_scale vmcb_clean flushbyasid decodeassists pausefilter pfthreshold avic v_vmsave_vmload vgif overflow_recov succor smca sme sev

Online cpus: 0-7
Offline cpus: 8-31
BIOS frequency limitation: 2500000
Frequency switch latency (ns): 0
Available cpu frequencies: 2500000 2250000 1550000 
Current governor: schedutil
Core performance/turbo boost: 0

Memory: 4k page, physical 16262536k(166456k free), swap 8388604k(8386300k free)

vm_info: OpenJDK 64-Bit Server VM (16.0.2+7) for linux-amd64 JRE (16.0.2+7), built on Jul 22 2021 01:08:17 by "jenkins" with gcc 7.3.1 20180303 (Red Hat 7.3.1-5)

END.
