#
# A fatal error has been detected by the Java Runtime Environment:
#
#  SIGSEGV (0xb) at pc=0x00007fdef46eff88, pid=2690, tid=2692
#
# JRE version: OpenJDK Runtime Environment Corretto-16.0.2.7.1 (16.0.2+7) (build 16.0.2+7)
# Java VM: OpenJDK 64-Bit Server VM Corretto-16.0.2.7.1 (16.0.2+7, mixed mode, sharing, tiered, compressed oops, compressed class ptrs, g1 gc, linux-amd64)
# Problematic frame:
# C  [libglfw.so+0x1ff88]
#
# Core dump will be written. Default location: Core dumps may be processed with "/usr/lib/systemd/systemd-coredump %P %u %g %s %t %c %h" (or dumping to /home/snoweuph/Git/GameEngine/GameEngine/core.2690)
#
# If you would like to submit a bug report, please visit:
#   https://github.com/corretto/corretto-jdk/issues/
# The crash happened outside the Java Virtual Machine in native code.
# See problematic frame for where to report the bug.
#

---------------  S U M M A R Y ------------

Command Line: -Dfile.encoding=UTF-8 -Duser.country=DE -Duser.language=de -Duser.variant org.euph.Main

Host: AMD Ryzen 5 1400 Quad-Core Processor, 8 cores, 15G, Freedesktop.org 21.08.14 (Flatpak runtime)
Time: Tue Jul 26 04:12:37 2022 CEST elapsed time: 0.433581 seconds (0d 0h 0m 0s)

---------------  T H R E A D  ---------------

Current thread (0x00007fdf24023c90):  JavaThread "main" [_thread_in_native, id=2692, stack(0x00007fdf2b5dd000,0x00007fdf2b6de000)]

Stack: [0x00007fdf2b5dd000,0x00007fdf2b6de000],  sp=0x00007fdf2b6dbfd0,  free space=1019k
Native frames: (J=compiled Java code, A=aot compiled Java code, j=interpreted, Vv=VM code, C=native code)
C  [libglfw.so+0x1ff88]

Java frames: (J=compiled Java code, j=interpreted, Vv=VM code)
j  org.lwjgl.system.JNI.invokePPPP(IIJJJJ)J+0
j  org.lwjgl.glfw.GLFW.nglfwCreateWindow(IIJJJ)J+14
j  org.lwjgl.glfw.GLFW.glfwCreateWindow(IILjava/lang/CharSequence;JJ)J+34
j  org.euph.engine.displaySystem.DisplayManager.createWindow(IIILjava/lang/String;ZZZZ)Lorg/euph/engine/displaySystem/Window;+55
j  org.euph.Main.main([Ljava/lang/String;)V+17
v  ~StubRoutines::call_stub

siginfo: si_signo: 11 (SIGSEGV), si_code: 1 (SEGV_MAPERR), si_addr: 0x0000000000000139

Register to memory mapping:

RAX=0x0000000000000001 is an unknown value
RBX=0x00007fdef492ac40: <offset 0x000000000025ac40> in /tmp/lwjglsnoweuph/3.3.1-build-7/libglfw.so at 0x00007fdef46d0000
RCX=0x0000000000000025 is an unknown value
RDX=0x0000000000000157 is an unknown value
RSP=0x00007fdf2b6dbfd0 is pointing into the stack for thread: 0x00007fdf24023c90
RBP=0x00007fdf2445a710 points into unknown readable memory: 0x0000000000000000 | 00 00 00 00 00 00 00 00
RSI=0x000000000240000b is an unknown value
RDI=0x00007fdf2b6dc05c is pointing into the stack for thread: 0x00007fdf24023c90
R8 =0x0 is NULL
R9 =0x00007fdf2441d970 points into unknown readable memory: 0x0000000000000000 | 00 00 00 00 00 00 00 00
R10=0x00007ffce4db2080 points into unknown readable memory: 0x000000010038be7c | 7c be 38 00 01 00 00 00
R11=0x0000000000000293 is an unknown value
R12=0x00007fdf2b6dc1e0 is pointing into the stack for thread: 0x00007fdf24023c90
R13=0x00007fdf2b6dc230 is pointing into the stack for thread: 0x00007fdf24023c90
R14=0x00000000000002d0 is an unknown value
R15=0x00007fdf2b6dc1a0 is pointing into the stack for thread: 0x00007fdf24023c90


Registers:
RAX=0x0000000000000001, RBX=0x00007fdef492ac40, RCX=0x0000000000000025, RDX=0x0000000000000157
RSP=0x00007fdf2b6dbfd0, RBP=0x00007fdf2445a710, RSI=0x000000000240000b, RDI=0x00007fdf2b6dc05c
R8 =0x0000000000000000, R9 =0x00007fdf2441d970, R10=0x00007ffce4db2080, R11=0x0000000000000293
R12=0x00007fdf2b6dc1e0, R13=0x00007fdf2b6dc230, R14=0x00000000000002d0, R15=0x00007fdf2b6dc1a0
RIP=0x00007fdef46eff88, EFLAGS=0x0000000000010202, CSGSFS=0x002b000000000033, ERR=0x0000000000000004
  TRAPNO=0x000000000000000e

Top of Stack: (sp=0x00007fdf2b6dbfd0)
0x00007fdf2b6dbfd0:   00000000000003da 0000000000000001
0x00007fdf2b6dbfe0:   0000000000000001 00000000ffffffff
0x00007fdf2b6dbff0:   0000000000000000 0000000000000000
0x00007fdf2b6dc000:   000000000240000a 0000000000000000 

Instructions: (pc=0x00007fdef46eff88)
0x00007fdef46efe88:   58 01 00 00 48 8d 1d ad ad 23 00 48 8b b7 78 04
0x00007fdef46efe98:   00 00 64 48 8b 04 25 28 00 00 00 48 89 84 24 48
0x00007fdef46efea8:   01 00 00 31 c0 48 8b 47 50 8b 93 40 2a 02 00 4c
0x00007fdef46efeb8:   8b 8b 50 18 02 00 48 85 c0 0f 84 79 01 00 00 85
0x00007fdef46efec8:   d2 0f 85 a1 00 00 00 48 8b 93 b0 24 02 00 48 85
0x00007fdef46efed8:   d2 0f 85 01 02 00 00 c7 44 24 68 01 00 00 00 48
0x00007fdef46efee8:   8d 4c 24 10 ba 00 02 00 00 4c 89 cf ff 93 10 26
0x00007fdef46efef8:   02 00 c7 85 90 04 00 00 01 00 00 00 8b b5 9c 04
0x00007fdef46eff08:   00 00 85 f6 75 3c 48 c7 44 24 10 01 00 00 00 48
0x00007fdef46eff18:   8b 93 e0 24 02 00 b9 06 00 00 00 48 8b b5 78 04
0x00007fdef46eff28:   00 00 48 8b bb 50 18 02 00 45 31 c9 6a 01 41 b8
0x00007fdef46eff38:   20 00 00 00 48 8d 44 24 18 50 ff 93 08 26 02 00
0x00007fdef46eff48:   5a 59 48 8b 84 24 48 01 00 00 64 48 33 04 25 28
0x00007fdef46eff58:   00 00 00 0f 85 08 03 00 00 48 81 c4 58 01 00 00
0x00007fdef46eff68:   5b 5d c3 0f 1f 44 00 00 48 8b 93 e8 24 02 00 48
0x00007fdef46eff78:   85 d2 0f 84 4f ff ff ff 48 8d bc 24 8c 00 00 00
0x00007fdef46eff88:   4c 63 80 38 01 00 00 48 8d 84 24 84 00 00 00 48
0x00007fdef46eff98:   c7 84 24 84 00 00 00 00 00 00 00 48 c7 84 24 38
0x00007fdef46effa8:   01 00 00 00 00 00 00 48 83 e7 f8 48 29 f8 8d 88
0x00007fdef46effb8:   bc 00 00 00 89 c8 c1 e8 03 89 c1 31 c0 f3 48 ab
0x00007fdef46effc8:   48 89 b4 24 a0 00 00 00 48 89 94 24 a8 00 00 00
0x00007fdef46effd8:   4c 89 cf 4c 89 84 24 b8 00 00 00 4c 89 84 24 c0
0x00007fdef46effe8:   00 00 00 b9 00 00 18 00 4c 89 84 24 c8 00 00 00
0x00007fdef46efff8:   4c 89 84 24 d0 00 00 00 31 d2 48 8b b3 60 18 02
0x00007fdef46f0008:   00 c7 84 24 80 00 00 00 21 00 00 00 4c 8d 84 24
0x00007fdef46f0018:   80 00 00 00 c7 84 24 b0 00 00 00 20 00 00 00 ff
0x00007fdef46f0028:   93 e0 27 02 00 48 8b b5 78 04 00 00 4c 8b 8b 50
0x00007fdef46f0038:   18 02 00 e9 8f fe ff ff 85 d2 75 6c 48 8b 93 b0
0x00007fdef46f0048:   24 02 00 48 85 d2 0f 85 5c 01 00 00 c7 44 24 68
0x00007fdef46f0058:   00 00 00 00 48 8d 4c 24 10 ba 00 02 00 00 4c 89
0x00007fdef46f0068:   cf ff 93 10 26 02 00 c7 85 90 04 00 00 00 00 00
0x00007fdef46f0078:   00 8b 85 9c 04 00 00 85 c0 0f 85 c3 fe ff ff 48 


Stack slot to memory mapping:
stack at sp + 0 slots: 0x00000000000003da is an unknown value
stack at sp + 1 slots: 0x0000000000000001 is an unknown value
stack at sp + 2 slots: 0x0000000000000001 is an unknown value
stack at sp + 3 slots: 0x00000000ffffffff is an unknown value
stack at sp + 4 slots: 0x0 is NULL
stack at sp + 5 slots: 0x0 is NULL
stack at sp + 6 slots: 0x000000000240000a is an unknown value
stack at sp + 7 slots: 0x0 is NULL


---------------  P R O C E S S  ---------------

Threads class SMR info:
_java_thread_list=0x00007fdec810b090, length=12, elements={
0x00007fdf24023c90, 0x00007fdf24177a10, 0x00007fdf24178f90, 0x00007fdf241a5ef0,
0x00007fdf241a7440, 0x00007fdf241a8960, 0x00007fdf241aa440, 0x00007fdf241abaa0,
0x00007fdf241b5030, 0x00007fdf241bc820, 0x00007fdf241c2420, 0x00007fdec8109f50
}

Java Threads: ( => current thread )
=>0x00007fdf24023c90 JavaThread "main" [_thread_in_native, id=2692, stack(0x00007fdf2b5dd000,0x00007fdf2b6de000)]
  0x00007fdf24177a10 JavaThread "Reference Handler" daemon [_thread_blocked, id=2699, stack(0x00007fdf04885000,0x00007fdf04986000)]
  0x00007fdf24178f90 JavaThread "Finalizer" daemon [_thread_blocked, id=2700, stack(0x00007fdf04784000,0x00007fdf04885000)]
  0x00007fdf241a5ef0 JavaThread "Signal Dispatcher" daemon [_thread_blocked, id=2701, stack(0x00007fdf0440b000,0x00007fdf0450c000)]
  0x00007fdf241a7440 JavaThread "Service Thread" daemon [_thread_blocked, id=2702, stack(0x00007fdf0430a000,0x00007fdf0440b000)]
  0x00007fdf241a8960 JavaThread "Monitor Deflation Thread" daemon [_thread_blocked, id=2703, stack(0x00007fdf04209000,0x00007fdf0430a000)]
  0x00007fdf241aa440 JavaThread "C2 CompilerThread0" daemon [_thread_blocked, id=2704, stack(0x00007fdf04108000,0x00007fdf04209000)]
  0x00007fdf241abaa0 JavaThread "C1 CompilerThread0" daemon [_thread_blocked, id=2705, stack(0x00007fdf04007000,0x00007fdf04108000)]
  0x00007fdf241b5030 JavaThread "Sweeper thread" daemon [_thread_blocked, id=2706, stack(0x00007fdef5eff000,0x00007fdef6000000)]
  0x00007fdf241bc820 JavaThread "Notification Thread" daemon [_thread_blocked, id=2707, stack(0x00007fdef5dfe000,0x00007fdef5eff000)]
  0x00007fdf241c2420 JavaThread "Common-Cleaner" daemon [_thread_blocked, id=2709, stack(0x00007fdef52ff000,0x00007fdef5400000)]
  0x00007fdec8109f50 JavaThread "C2 CompilerThread1" daemon [_thread_blocked, id=2710, stack(0x00007fdef494e000,0x00007fdef4a4f000)]

Other Threads:
  0x00007fdf24175450 VMThread "VM Thread" [stack: 0x00007fdf28099000,0x00007fdf28199000] [id=2698]
  0x00007fdf241be2f0 WatcherThread [stack: 0x00007fdef5cfe000,0x00007fdef5dfe000] [id=2708]
  0x00007fdf24073680 GCTaskThread "GC Thread#0" [stack: 0x00007fdf28ec8000,0x00007fdf28fc8000] [id=2693]
  0x00007fdf24084630 ConcurrentGCThread "G1 Main Marker" [stack: 0x00007fdf28dc6000,0x00007fdf28ec6000] [id=2694]
  0x00007fdf240856c0 ConcurrentGCThread "G1 Conc#0" [stack: 0x00007fdf28cc4000,0x00007fdf28dc4000] [id=2695]
  0x00007fdf2413b3c0 ConcurrentGCThread "G1 Refine#0" [stack: 0x00007fdf283ba000,0x00007fdf284ba000] [id=2696]
  0x00007fdf2413c3e0 ConcurrentGCThread "G1 Service" [stack: 0x00007fdf282b8000,0x00007fdf283b8000] [id=2697]

Threads with active compile tasks:

VM state: not at safepoint (normal execution)

VM Mutex/Monitor currently owned by a thread: None

Heap address: 0x0000000707c00000, size: 3972 MB, Compressed Oops mode: Zero based, Oop shift amount: 3

CDS archive(s) mapped at: [0x0000000800000000-0x0000000800bf7000-0x0000000800bf7000), size 12546048, SharedBaseAddress: 0x0000000800000000, ArchiveRelocationMode: 0.
Compressed class space mapped at: 0x0000000800c00000-0x0000000840c00000, reserved size: 1073741824
Narrow klass base: 0x0000000800000000, Narrow klass shift: 3, Narrow klass range: 0x100000000

GC Precious Log:
 CPUs: 8 total, 8 available
 Memory: 15881M
 Large Page Support: Disabled
 NUMA Support: Disabled
 Compressed Oops: Enabled (Zero based)
 Heap Region Size: 2M
 Heap Min Capacity: 8M
 Heap Initial Capacity: 250M
 Heap Max Capacity: 3972M
 Pre-touch: Disabled
 Parallel Workers: 8
 Concurrent Workers: 2
 Concurrent Refinement Workers: 8
 Periodic GC: Disabled

Heap:
 garbage-first heap   total 260096K, used 8184K [0x0000000707c00000, 0x0000000800000000)
  region size 2048K, 4 young (8192K), 0 survivors (0K)
 Metaspace       used 2323K, committed 2496K, reserved 1056768K
  class space    used 155K, committed 256K, reserved 1048576K

Heap Regions: E=young(eden), S=young(survivor), O=old, HS=humongous(starts), HC=humongous(continues), CS=collection set, F=free, OA=open archive, CA=closed archive, TAMS=top-at-mark-start (previous, next)
|   0|0x0000000707c00000, 0x0000000707c00000, 0x0000000707e00000|  0%| F|  |TAMS 0x0000000707c00000, 0x0000000707c00000| Untracked 
|   1|0x0000000707e00000, 0x0000000707e00000, 0x0000000708000000|  0%| F|  |TAMS 0x0000000707e00000, 0x0000000707e00000| Untracked 
|   2|0x0000000708000000, 0x0000000708000000, 0x0000000708200000|  0%| F|  |TAMS 0x0000000708000000, 0x0000000708000000| Untracked 
|   3|0x0000000708200000, 0x0000000708200000, 0x0000000708400000|  0%| F|  |TAMS 0x0000000708200000, 0x0000000708200000| Untracked 
|   4|0x0000000708400000, 0x0000000708400000, 0x0000000708600000|  0%| F|  |TAMS 0x0000000708400000, 0x0000000708400000| Untracked 
|   5|0x0000000708600000, 0x0000000708600000, 0x0000000708800000|  0%| F|  |TAMS 0x0000000708600000, 0x0000000708600000| Untracked 
|   6|0x0000000708800000, 0x0000000708800000, 0x0000000708a00000|  0%| F|  |TAMS 0x0000000708800000, 0x0000000708800000| Untracked 
|   7|0x0000000708a00000, 0x0000000708a00000, 0x0000000708c00000|  0%| F|  |TAMS 0x0000000708a00000, 0x0000000708a00000| Untracked 
|   8|0x0000000708c00000, 0x0000000708c00000, 0x0000000708e00000|  0%| F|  |TAMS 0x0000000708c00000, 0x0000000708c00000| Untracked 
|   9|0x0000000708e00000, 0x0000000708e00000, 0x0000000709000000|  0%| F|  |TAMS 0x0000000708e00000, 0x0000000708e00000| Untracked 
|  10|0x0000000709000000, 0x0000000709000000, 0x0000000709200000|  0%| F|  |TAMS 0x0000000709000000, 0x0000000709000000| Untracked 
|  11|0x0000000709200000, 0x0000000709200000, 0x0000000709400000|  0%| F|  |TAMS 0x0000000709200000, 0x0000000709200000| Untracked 
|  12|0x0000000709400000, 0x0000000709400000, 0x0000000709600000|  0%| F|  |TAMS 0x0000000709400000, 0x0000000709400000| Untracked 
|  13|0x0000000709600000, 0x0000000709600000, 0x0000000709800000|  0%| F|  |TAMS 0x0000000709600000, 0x0000000709600000| Untracked 
|  14|0x0000000709800000, 0x0000000709800000, 0x0000000709a00000|  0%| F|  |TAMS 0x0000000709800000, 0x0000000709800000| Untracked 
|  15|0x0000000709a00000, 0x0000000709a00000, 0x0000000709c00000|  0%| F|  |TAMS 0x0000000709a00000, 0x0000000709a00000| Untracked 
|  16|0x0000000709c00000, 0x0000000709c00000, 0x0000000709e00000|  0%| F|  |TAMS 0x0000000709c00000, 0x0000000709c00000| Untracked 
|  17|0x0000000709e00000, 0x0000000709e00000, 0x000000070a000000|  0%| F|  |TAMS 0x0000000709e00000, 0x0000000709e00000| Untracked 
|  18|0x000000070a000000, 0x000000070a000000, 0x000000070a200000|  0%| F|  |TAMS 0x000000070a000000, 0x000000070a000000| Untracked 
|  19|0x000000070a200000, 0x000000070a200000, 0x000000070a400000|  0%| F|  |TAMS 0x000000070a200000, 0x000000070a200000| Untracked 
|  20|0x000000070a400000, 0x000000070a400000, 0x000000070a600000|  0%| F|  |TAMS 0x000000070a400000, 0x000000070a400000| Untracked 
|  21|0x000000070a600000, 0x000000070a600000, 0x000000070a800000|  0%| F|  |TAMS 0x000000070a600000, 0x000000070a600000| Untracked 
|  22|0x000000070a800000, 0x000000070a800000, 0x000000070aa00000|  0%| F|  |TAMS 0x000000070a800000, 0x000000070a800000| Untracked 
|  23|0x000000070aa00000, 0x000000070aa00000, 0x000000070ac00000|  0%| F|  |TAMS 0x000000070aa00000, 0x000000070aa00000| Untracked 
|  24|0x000000070ac00000, 0x000000070ac00000, 0x000000070ae00000|  0%| F|  |TAMS 0x000000070ac00000, 0x000000070ac00000| Untracked 
|  25|0x000000070ae00000, 0x000000070ae00000, 0x000000070b000000|  0%| F|  |TAMS 0x000000070ae00000, 0x000000070ae00000| Untracked 
|  26|0x000000070b000000, 0x000000070b000000, 0x000000070b200000|  0%| F|  |TAMS 0x000000070b000000, 0x000000070b000000| Untracked 
|  27|0x000000070b200000, 0x000000070b200000, 0x000000070b400000|  0%| F|  |TAMS 0x000000070b200000, 0x000000070b200000| Untracked 
|  28|0x000000070b400000, 0x000000070b400000, 0x000000070b600000|  0%| F|  |TAMS 0x000000070b400000, 0x000000070b400000| Untracked 
|  29|0x000000070b600000, 0x000000070b600000, 0x000000070b800000|  0%| F|  |TAMS 0x000000070b600000, 0x000000070b600000| Untracked 
|  30|0x000000070b800000, 0x000000070b800000, 0x000000070ba00000|  0%| F|  |TAMS 0x000000070b800000, 0x000000070b800000| Untracked 
|  31|0x000000070ba00000, 0x000000070ba00000, 0x000000070bc00000|  0%| F|  |TAMS 0x000000070ba00000, 0x000000070ba00000| Untracked 
|  32|0x000000070bc00000, 0x000000070bc00000, 0x000000070be00000|  0%| F|  |TAMS 0x000000070bc00000, 0x000000070bc00000| Untracked 
|  33|0x000000070be00000, 0x000000070be00000, 0x000000070c000000|  0%| F|  |TAMS 0x000000070be00000, 0x000000070be00000| Untracked 
|  34|0x000000070c000000, 0x000000070c000000, 0x000000070c200000|  0%| F|  |TAMS 0x000000070c000000, 0x000000070c000000| Untracked 
|  35|0x000000070c200000, 0x000000070c200000, 0x000000070c400000|  0%| F|  |TAMS 0x000000070c200000, 0x000000070c200000| Untracked 
|  36|0x000000070c400000, 0x000000070c400000, 0x000000070c600000|  0%| F|  |TAMS 0x000000070c400000, 0x000000070c400000| Untracked 
|  37|0x000000070c600000, 0x000000070c600000, 0x000000070c800000|  0%| F|  |TAMS 0x000000070c600000, 0x000000070c600000| Untracked 
|  38|0x000000070c800000, 0x000000070c800000, 0x000000070ca00000|  0%| F|  |TAMS 0x000000070c800000, 0x000000070c800000| Untracked 
|  39|0x000000070ca00000, 0x000000070ca00000, 0x000000070cc00000|  0%| F|  |TAMS 0x000000070ca00000, 0x000000070ca00000| Untracked 
|  40|0x000000070cc00000, 0x000000070cc00000, 0x000000070ce00000|  0%| F|  |TAMS 0x000000070cc00000, 0x000000070cc00000| Untracked 
|  41|0x000000070ce00000, 0x000000070ce00000, 0x000000070d000000|  0%| F|  |TAMS 0x000000070ce00000, 0x000000070ce00000| Untracked 
|  42|0x000000070d000000, 0x000000070d000000, 0x000000070d200000|  0%| F|  |TAMS 0x000000070d000000, 0x000000070d000000| Untracked 
|  43|0x000000070d200000, 0x000000070d200000, 0x000000070d400000|  0%| F|  |TAMS 0x000000070d200000, 0x000000070d200000| Untracked 
|  44|0x000000070d400000, 0x000000070d400000, 0x000000070d600000|  0%| F|  |TAMS 0x000000070d400000, 0x000000070d400000| Untracked 
|  45|0x000000070d600000, 0x000000070d600000, 0x000000070d800000|  0%| F|  |TAMS 0x000000070d600000, 0x000000070d600000| Untracked 
|  46|0x000000070d800000, 0x000000070d800000, 0x000000070da00000|  0%| F|  |TAMS 0x000000070d800000, 0x000000070d800000| Untracked 
|  47|0x000000070da00000, 0x000000070da00000, 0x000000070dc00000|  0%| F|  |TAMS 0x000000070da00000, 0x000000070da00000| Untracked 
|  48|0x000000070dc00000, 0x000000070dc00000, 0x000000070de00000|  0%| F|  |TAMS 0x000000070dc00000, 0x000000070dc00000| Untracked 
|  49|0x000000070de00000, 0x000000070de00000, 0x000000070e000000|  0%| F|  |TAMS 0x000000070de00000, 0x000000070de00000| Untracked 
|  50|0x000000070e000000, 0x000000070e000000, 0x000000070e200000|  0%| F|  |TAMS 0x000000070e000000, 0x000000070e000000| Untracked 
|  51|0x000000070e200000, 0x000000070e200000, 0x000000070e400000|  0%| F|  |TAMS 0x000000070e200000, 0x000000070e200000| Untracked 
|  52|0x000000070e400000, 0x000000070e400000, 0x000000070e600000|  0%| F|  |TAMS 0x000000070e400000, 0x000000070e400000| Untracked 
|  53|0x000000070e600000, 0x000000070e600000, 0x000000070e800000|  0%| F|  |TAMS 0x000000070e600000, 0x000000070e600000| Untracked 
|  54|0x000000070e800000, 0x000000070e800000, 0x000000070ea00000|  0%| F|  |TAMS 0x000000070e800000, 0x000000070e800000| Untracked 
|  55|0x000000070ea00000, 0x000000070ea00000, 0x000000070ec00000|  0%| F|  |TAMS 0x000000070ea00000, 0x000000070ea00000| Untracked 
|  56|0x000000070ec00000, 0x000000070ec00000, 0x000000070ee00000|  0%| F|  |TAMS 0x000000070ec00000, 0x000000070ec00000| Untracked 
|  57|0x000000070ee00000, 0x000000070ee00000, 0x000000070f000000|  0%| F|  |TAMS 0x000000070ee00000, 0x000000070ee00000| Untracked 
|  58|0x000000070f000000, 0x000000070f000000, 0x000000070f200000|  0%| F|  |TAMS 0x000000070f000000, 0x000000070f000000| Untracked 
|  59|0x000000070f200000, 0x000000070f200000, 0x000000070f400000|  0%| F|  |TAMS 0x000000070f200000, 0x000000070f200000| Untracked 
|  60|0x000000070f400000, 0x000000070f400000, 0x000000070f600000|  0%| F|  |TAMS 0x000000070f400000, 0x000000070f400000| Untracked 
|  61|0x000000070f600000, 0x000000070f600000, 0x000000070f800000|  0%| F|  |TAMS 0x000000070f600000, 0x000000070f600000| Untracked 
|  62|0x000000070f800000, 0x000000070f800000, 0x000000070fa00000|  0%| F|  |TAMS 0x000000070f800000, 0x000000070f800000| Untracked 
|  63|0x000000070fa00000, 0x000000070fa00000, 0x000000070fc00000|  0%| F|  |TAMS 0x000000070fa00000, 0x000000070fa00000| Untracked 
|  64|0x000000070fc00000, 0x000000070fc00000, 0x000000070fe00000|  0%| F|  |TAMS 0x000000070fc00000, 0x000000070fc00000| Untracked 
|  65|0x000000070fe00000, 0x000000070fe00000, 0x0000000710000000|  0%| F|  |TAMS 0x000000070fe00000, 0x000000070fe00000| Untracked 
|  66|0x0000000710000000, 0x0000000710000000, 0x0000000710200000|  0%| F|  |TAMS 0x0000000710000000, 0x0000000710000000| Untracked 
|  67|0x0000000710200000, 0x0000000710200000, 0x0000000710400000|  0%| F|  |TAMS 0x0000000710200000, 0x0000000710200000| Untracked 
|  68|0x0000000710400000, 0x0000000710400000, 0x0000000710600000|  0%| F|  |TAMS 0x0000000710400000, 0x0000000710400000| Untracked 
|  69|0x0000000710600000, 0x0000000710600000, 0x0000000710800000|  0%| F|  |TAMS 0x0000000710600000, 0x0000000710600000| Untracked 
|  70|0x0000000710800000, 0x0000000710800000, 0x0000000710a00000|  0%| F|  |TAMS 0x0000000710800000, 0x0000000710800000| Untracked 
|  71|0x0000000710a00000, 0x0000000710a00000, 0x0000000710c00000|  0%| F|  |TAMS 0x0000000710a00000, 0x0000000710a00000| Untracked 
|  72|0x0000000710c00000, 0x0000000710c00000, 0x0000000710e00000|  0%| F|  |TAMS 0x0000000710c00000, 0x0000000710c00000| Untracked 
|  73|0x0000000710e00000, 0x0000000710e00000, 0x0000000711000000|  0%| F|  |TAMS 0x0000000710e00000, 0x0000000710e00000| Untracked 
|  74|0x0000000711000000, 0x0000000711000000, 0x0000000711200000|  0%| F|  |TAMS 0x0000000711000000, 0x0000000711000000| Untracked 
|  75|0x0000000711200000, 0x0000000711200000, 0x0000000711400000|  0%| F|  |TAMS 0x0000000711200000, 0x0000000711200000| Untracked 
|  76|0x0000000711400000, 0x0000000711400000, 0x0000000711600000|  0%| F|  |TAMS 0x0000000711400000, 0x0000000711400000| Untracked 
|  77|0x0000000711600000, 0x0000000711600000, 0x0000000711800000|  0%| F|  |TAMS 0x0000000711600000, 0x0000000711600000| Untracked 
|  78|0x0000000711800000, 0x0000000711800000, 0x0000000711a00000|  0%| F|  |TAMS 0x0000000711800000, 0x0000000711800000| Untracked 
|  79|0x0000000711a00000, 0x0000000711a00000, 0x0000000711c00000|  0%| F|  |TAMS 0x0000000711a00000, 0x0000000711a00000| Untracked 
|  80|0x0000000711c00000, 0x0000000711c00000, 0x0000000711e00000|  0%| F|  |TAMS 0x0000000711c00000, 0x0000000711c00000| Untracked 
|  81|0x0000000711e00000, 0x0000000711e00000, 0x0000000712000000|  0%| F|  |TAMS 0x0000000711e00000, 0x0000000711e00000| Untracked 
|  82|0x0000000712000000, 0x0000000712000000, 0x0000000712200000|  0%| F|  |TAMS 0x0000000712000000, 0x0000000712000000| Untracked 
|  83|0x0000000712200000, 0x0000000712200000, 0x0000000712400000|  0%| F|  |TAMS 0x0000000712200000, 0x0000000712200000| Untracked 
|  84|0x0000000712400000, 0x0000000712400000, 0x0000000712600000|  0%| F|  |TAMS 0x0000000712400000, 0x0000000712400000| Untracked 
|  85|0x0000000712600000, 0x0000000712600000, 0x0000000712800000|  0%| F|  |TAMS 0x0000000712600000, 0x0000000712600000| Untracked 
|  86|0x0000000712800000, 0x0000000712800000, 0x0000000712a00000|  0%| F|  |TAMS 0x0000000712800000, 0x0000000712800000| Untracked 
|  87|0x0000000712a00000, 0x0000000712a00000, 0x0000000712c00000|  0%| F|  |TAMS 0x0000000712a00000, 0x0000000712a00000| Untracked 
|  88|0x0000000712c00000, 0x0000000712c00000, 0x0000000712e00000|  0%| F|  |TAMS 0x0000000712c00000, 0x0000000712c00000| Untracked 
|  89|0x0000000712e00000, 0x0000000712e00000, 0x0000000713000000|  0%| F|  |TAMS 0x0000000712e00000, 0x0000000712e00000| Untracked 
|  90|0x0000000713000000, 0x0000000713000000, 0x0000000713200000|  0%| F|  |TAMS 0x0000000713000000, 0x0000000713000000| Untracked 
|  91|0x0000000713200000, 0x0000000713200000, 0x0000000713400000|  0%| F|  |TAMS 0x0000000713200000, 0x0000000713200000| Untracked 
|  92|0x0000000713400000, 0x0000000713400000, 0x0000000713600000|  0%| F|  |TAMS 0x0000000713400000, 0x0000000713400000| Untracked 
|  93|0x0000000713600000, 0x0000000713600000, 0x0000000713800000|  0%| F|  |TAMS 0x0000000713600000, 0x0000000713600000| Untracked 
|  94|0x0000000713800000, 0x0000000713800000, 0x0000000713a00000|  0%| F|  |TAMS 0x0000000713800000, 0x0000000713800000| Untracked 
|  95|0x0000000713a00000, 0x0000000713a00000, 0x0000000713c00000|  0%| F|  |TAMS 0x0000000713a00000, 0x0000000713a00000| Untracked 
|  96|0x0000000713c00000, 0x0000000713c00000, 0x0000000713e00000|  0%| F|  |TAMS 0x0000000713c00000, 0x0000000713c00000| Untracked 
|  97|0x0000000713e00000, 0x0000000713e00000, 0x0000000714000000|  0%| F|  |TAMS 0x0000000713e00000, 0x0000000713e00000| Untracked 
|  98|0x0000000714000000, 0x0000000714000000, 0x0000000714200000|  0%| F|  |TAMS 0x0000000714000000, 0x0000000714000000| Untracked 
|  99|0x0000000714200000, 0x0000000714200000, 0x0000000714400000|  0%| F|  |TAMS 0x0000000714200000, 0x0000000714200000| Untracked 
| 100|0x0000000714400000, 0x0000000714400000, 0x0000000714600000|  0%| F|  |TAMS 0x0000000714400000, 0x0000000714400000| Untracked 
| 101|0x0000000714600000, 0x0000000714600000, 0x0000000714800000|  0%| F|  |TAMS 0x0000000714600000, 0x0000000714600000| Untracked 
| 102|0x0000000714800000, 0x0000000714800000, 0x0000000714a00000|  0%| F|  |TAMS 0x0000000714800000, 0x0000000714800000| Untracked 
| 103|0x0000000714a00000, 0x0000000714a00000, 0x0000000714c00000|  0%| F|  |TAMS 0x0000000714a00000, 0x0000000714a00000| Untracked 
| 104|0x0000000714c00000, 0x0000000714c00000, 0x0000000714e00000|  0%| F|  |TAMS 0x0000000714c00000, 0x0000000714c00000| Untracked 
| 105|0x0000000714e00000, 0x0000000714e00000, 0x0000000715000000|  0%| F|  |TAMS 0x0000000714e00000, 0x0000000714e00000| Untracked 
| 106|0x0000000715000000, 0x0000000715000000, 0x0000000715200000|  0%| F|  |TAMS 0x0000000715000000, 0x0000000715000000| Untracked 
| 107|0x0000000715200000, 0x0000000715200000, 0x0000000715400000|  0%| F|  |TAMS 0x0000000715200000, 0x0000000715200000| Untracked 
| 108|0x0000000715400000, 0x0000000715400000, 0x0000000715600000|  0%| F|  |TAMS 0x0000000715400000, 0x0000000715400000| Untracked 
| 109|0x0000000715600000, 0x0000000715600000, 0x0000000715800000|  0%| F|  |TAMS 0x0000000715600000, 0x0000000715600000| Untracked 
| 110|0x0000000715800000, 0x0000000715800000, 0x0000000715a00000|  0%| F|  |TAMS 0x0000000715800000, 0x0000000715800000| Untracked 
| 111|0x0000000715a00000, 0x0000000715a00000, 0x0000000715c00000|  0%| F|  |TAMS 0x0000000715a00000, 0x0000000715a00000| Untracked 
| 112|0x0000000715c00000, 0x0000000715c00000, 0x0000000715e00000|  0%| F|  |TAMS 0x0000000715c00000, 0x0000000715c00000| Untracked 
| 113|0x0000000715e00000, 0x0000000715e00000, 0x0000000716000000|  0%| F|  |TAMS 0x0000000715e00000, 0x0000000715e00000| Untracked 
| 114|0x0000000716000000, 0x0000000716000000, 0x0000000716200000|  0%| F|  |TAMS 0x0000000716000000, 0x0000000716000000| Untracked 
| 115|0x0000000716200000, 0x0000000716200000, 0x0000000716400000|  0%| F|  |TAMS 0x0000000716200000, 0x0000000716200000| Untracked 
| 116|0x0000000716400000, 0x0000000716400000, 0x0000000716600000|  0%| F|  |TAMS 0x0000000716400000, 0x0000000716400000| Untracked 
| 117|0x0000000716600000, 0x0000000716600000, 0x0000000716800000|  0%| F|  |TAMS 0x0000000716600000, 0x0000000716600000| Untracked 
| 118|0x0000000716800000, 0x0000000716800000, 0x0000000716a00000|  0%| F|  |TAMS 0x0000000716800000, 0x0000000716800000| Untracked 
| 119|0x0000000716a00000, 0x0000000716a00000, 0x0000000716c00000|  0%| F|  |TAMS 0x0000000716a00000, 0x0000000716a00000| Untracked 
| 120|0x0000000716c00000, 0x0000000716c00000, 0x0000000716e00000|  0%| F|  |TAMS 0x0000000716c00000, 0x0000000716c00000| Untracked 
| 121|0x0000000716e00000, 0x0000000716e7acc8, 0x0000000717000000| 23%| E|  |TAMS 0x0000000716e00000, 0x0000000716e00000| Complete 
| 122|0x0000000717000000, 0x0000000717200000, 0x0000000717200000|100%| E|CS|TAMS 0x0000000717000000, 0x0000000717000000| Complete 
| 123|0x0000000717200000, 0x0000000717400000, 0x0000000717400000|100%| E|CS|TAMS 0x0000000717200000, 0x0000000717200000| Complete 
| 124|0x0000000717400000, 0x0000000717600000, 0x0000000717600000|100%| E|CS|TAMS 0x0000000717400000, 0x0000000717400000| Complete 
|1984|0x00000007ffc00000, 0x00000007ffd76000, 0x00000007ffe00000| 73%|OA|  |TAMS 0x00000007ffc00000, 0x00000007ffc00000| Untracked 
|1985|0x00000007ffe00000, 0x00000007ffe88000, 0x0000000800000000| 26%|CA|  |TAMS 0x00000007ffe00000, 0x00000007ffe00000| Untracked 

Card table byte_map: [0x00007fdf2980b000,0x00007fdf29fcd000] _byte_map_base: 0x00007fdf25fcd000

Marking Bits (Prev, Next): (CMBitMap*) 0x00007fdf24074230, (CMBitMap*) 0x00007fdf24074270
 Prev Bits: [0x00007fdf08796000, 0x00007fdf0c5a6000)
 Next Bits: [0x00007fdf04986000, 0x00007fdf08796000)

Polling page: 0x00007fdf2d03a000

Metaspace:

Usage:
  Non-class:      2,12 MB used.
      Class:    155,84 KB used.
       Both:      2,27 MB used.

Virtual space:
  Non-class space:        8,00 MB reserved,       2,19 MB ( 27%) committed,  1 nodes.
      Class space:        1,00 GB reserved,     256,00 KB ( <1%) committed,  1 nodes.
              Both:        1,01 GB reserved,       2,44 MB ( <1%) committed. 

Chunk freelists:
   Non-Class:  3,06 MB
       Class:  3,66 MB
        Both:  6,73 MB

MaxMetaspaceSize: 17179869184,00 GB
CompressedClassSpaceSize: 1,00 GB
 - commit_granule_bytes: 65536.
 - commit_granule_words: 8192.
 - virtual_space_node_default_size: 1048576.
 - enlarge_chunks_in_place: 1.
 - new_chunks_are_fully_committed: 0.
 - uncommit_free_chunks: 1.
 - use_allocation_guard: 0.
 - handle_deallocations: 1.


Internal statistics:

num_allocs_failed_limit: 0.
num_arena_births: 58.
num_arena_deaths: 0.
num_vsnodes_births: 2.
num_vsnodes_deaths: 0.
num_space_committed: 39.
num_space_uncommitted: 0.
num_chunks_returned_to_freelist: 0.
num_chunks_taken_from_freelist: 112.
num_chunk_merges: 0.
num_chunk_splits: 70.
num_chunks_enlarged: 50.
num_purges: 0.

CodeHeap 'non-profiled nmethods': size=120028Kb used=145Kb max_used=145Kb free=119882Kb
 bounds [0x00007fdf1406f000, 0x00007fdf142df000, 0x00007fdf1b5a6000]
CodeHeap 'profiled nmethods': size=120028Kb used=700Kb max_used=700Kb free=119327Kb
 bounds [0x00007fdf0cb38000, 0x00007fdf0cda8000, 0x00007fdf1406f000]
CodeHeap 'non-nmethods': size=5704Kb used=1516Kb max_used=1516Kb free=4187Kb
 bounds [0x00007fdf0c5a6000, 0x00007fdf0c816000, 0x00007fdf0cb38000]
 total_blobs=1377 nmethods=458 adapters=833
 compilation: enabled
              stopped_count=0, restarted_count=0
 full_count=0

Compilation events (20 events):
Event: 0,324 Thread 0x00007fdf241abaa0 nmethod 448 0x00007fdf0cbe3c10 code [0x00007fdf0cbe3da0, 0x00007fdf0cbe3eb0]
Event: 0,324 Thread 0x00007fdf241abaa0  450       3       org.lwjgl.system.MemoryUtil::encodeASCIIUnsafe (53 bytes)
Event: 0,325 Thread 0x00007fdf241abaa0 nmethod 450 0x00007fdf0cbe3f90 code [0x00007fdf0cbe4180, 0x00007fdf0cbe4590]
Event: 0,325 Thread 0x00007fdf241abaa0  451       3       java.nio.Buffer::remaining (20 bytes)
Event: 0,325 Thread 0x00007fdec8109f50  452       4       java.util.zip.ZipFile::ensureOpen (40 bytes)
Event: 0,325 Thread 0x00007fdf241abaa0 nmethod 451 0x00007fdf0cbe4710 code [0x00007fdf0cbe48c0, 0x00007fdf0cbe4a50]
Event: 0,325 Thread 0x00007fdf241abaa0  453       3       java.lang.StringConcatHelper::stringOf (20 bytes)
Event: 0,325 Thread 0x00007fdf241abaa0 nmethod 453 0x00007fdf0cbe4b10 code [0x00007fdf0cbe4cc0, 0x00007fdf0cbe4f00]
Event: 0,325 Thread 0x00007fdf241abaa0  454       3       java.lang.StringConcatHelper::mix (27 bytes)
Event: 0,325 Thread 0x00007fdf241aa440 nmethod 447 0x00007fdf14092e90 code [0x00007fdf14093020, 0x00007fdf140930f8]
Event: 0,325 Thread 0x00007fdf241abaa0 nmethod 454 0x00007fdf0cbe5010 code [0x00007fdf0cbe51e0, 0x00007fdf0cbe5600]
Event: 0,326 Thread 0x00007fdec8109f50 nmethod 452 0x00007fdf14093210 code [0x00007fdf140933a0, 0x00007fdf14093458]
Event: 0,333 Thread 0x00007fdf241abaa0  455       3       java.util.concurrent.ConcurrentHashMap$BaseIterator::hasNext (13 bytes)
Event: 0,334 Thread 0x00007fdf241abaa0 nmethod 455 0x00007fdf0cbe5810 code [0x00007fdf0cbe59a0, 0x00007fdf0cbe5b10]
Event: 0,334 Thread 0x00007fdf241abaa0  456       3       java.util.WeakHashMap::getTable (9 bytes)
Event: 0,334 Thread 0x00007fdf241abaa0 nmethod 456 0x00007fdf0cbe5b90 code [0x00007fdf0cbe5d40, 0x00007fdf0cbe5e80]
Event: 0,334 Thread 0x00007fdf241abaa0  457   !   3       java.util.WeakHashMap::expungeStaleEntries (139 bytes)
Event: 0,335 Thread 0x00007fdf241abaa0 nmethod 457 0x00007fdf0cbe5f10 code [0x00007fdf0cbe6120, 0x00007fdf0cbe6b60]
Event: 0,335 Thread 0x00007fdf241abaa0  458       3       java.util.WeakHashMap::indexFor (6 bytes)
Event: 0,335 Thread 0x00007fdf241abaa0 nmethod 458 0x00007fdf0cbe7010 code [0x00007fdf0cbe71a0, 0x00007fdf0cbe7290]

GC Heap History (0 events):
No events

Deoptimization events (6 events):
Event: 0,251 Thread 0x00007fdf24023c90 Uncommon trap: trap_request=0xffffff45 fr.pc=0x00007fdf1408227c relative=0x000000000000005c
Event: 0,251 Thread 0x00007fdf24023c90 Uncommon trap: reason=unstable_if action=reinterpret pc=0x00007fdf1408227c method=java.lang.String.isLatin1()Z @ 10 c2
Event: 0,252 Thread 0x00007fdf24023c90 DEOPT PACKING pc=0x00007fdf1408227c sp=0x00007fdf2b6d9ed0
Event: 0,252 Thread 0x00007fdf24023c90 DEOPT UNPACKING pc=0x00007fdf0c5f3424 sp=0x00007fdf2b6d9e80 mode 2
Event: 0,282 Thread 0x00007fdf24023c90 DEOPT PACKING pc=0x00007fdf0cb3e4ee sp=0x00007fdf2b6da740
Event: 0,282 Thread 0x00007fdf24023c90 DEOPT UNPACKING pc=0x00007fdf0c5f3bba sp=0x00007fdf2b6d9bb0 mode 0

Classes unloaded (0 events):
No events

Classes redefined (0 events):
No events

Internal exceptions (15 events):
Event: 0,156 Thread 0x00007fdf24023c90 Exception <a 'java/lang/NoSuchMethodError'{0x0000000717319580}: 'java.lang.Object java.lang.invoke.DirectMethodHandle$Holder.invokeStatic(java.lang.Object)'> (0x0000000717319580) 
thrown [./src/hotspot/share/interpreter/linkResolver.cpp, line 790]
Event: 0,157 Thread 0x00007fdf24023c90 Exception <a 'java/lang/NoSuchMethodError'{0x000000071731ccd0}: 'java.lang.Object java.lang.invoke.DirectMethodHandle$Holder.invokeStaticInit(java.lang.Object)'> (0x000000071731ccd0) 
thrown [./src/hotspot/share/interpreter/linkResolver.cpp, line 790]
Event: 0,180 Thread 0x00007fdf24023c90 Exception <a 'java/lang/NoSuchMethodError'{0x00000007173847a8}: 'void java.lang.invoke.DirectMethodHandle$Holder.invokeStatic(java.lang.Object, java.lang.Object)'> (0x00000007173847a8) 
thrown [./src/hotspot/share/interpreter/linkResolver.cpp, line 790]
Event: 0,182 Thread 0x00007fdf24023c90 Exception <a 'java/lang/NoSuchMethodError'{0x0000000717389bd8}: 'void java.lang.invoke.DirectMethodHandle$Holder.invokeSpecial(java.lang.Object, java.lang.Object, java.lang.Object)'> (0x0000000717389bd8) 
thrown [./src/hotspot/share/interpreter/linkResolver.cpp, line 790]
Event: 0,187 Thread 0x00007fdf24023c90 Exception <a 'java/lang/NoSuchMethodError'{0x000000071739e170}: 'java.lang.Object java.lang.invoke.DirectMethodHandle$Holder.invokeStatic(java.lang.Object, java.lang.Object, int)'> (0x000000071739e170) 
thrown [./src/hotspot/share/interpreter/linkResolver.cpp, line 790]
Event: 0,189 Thread 0x00007fdf24023c90 Exception <a 'java/lang/NoSuchMethodError'{0x00000007173aa2e0}: 'void java.lang.invoke.DelegatingMethodHandle$Holder.delegate(java.lang.Object, java.lang.Object, int, java.lang.Object)'> (0x00000007173aa2e0) 
thrown [./src/hotspot/share/interpreter/linkResolver.cpp, line 790]
Event: 0,190 Thread 0x00007fdf24023c90 Exception <a 'java/lang/NoSuchMethodError'{0x00000007173ae608}: 'int java.lang.invoke.DirectMethodHandle$Holder.invokeSpecial(java.lang.Object, java.lang.Object, java.lang.Object)'> (0x00000007173ae608) 
thrown [./src/hotspot/share/interpreter/linkResolver.cpp, line 790]
Event: 0,234 Thread 0x00007fdf24023c90 Exception <a 'sun/nio/fs/UnixException'{0x0000000717064170}> (0x0000000717064170) 
thrown [./src/hotspot/share/prims/jni.cpp, line 579]
Event: 0,268 Thread 0x00007fdf24023c90 Exception <a 'java/lang/NoSuchMethodError'{0x00000007170fc1b8}: 'int java.lang.invoke.DirectMethodHandle$Holder.invokeStaticInit(java.lang.Object, java.lang.Object, int, long)'> (0x00000007170fc1b8) 
thrown [./src/hotspot/share/interpreter/linkResolver.cpp, line 790]
Event: 0,270 Thread 0x00007fdf24023c90 Exception <a 'java/lang/NoSuchMethodError'{0x0000000717101c88}: 'java.lang.Object java.lang.invoke.DirectMethodHandle$Holder.newInvokeSpecial(java.lang.Object, java.lang.Object, int)'> (0x0000000717101c88) 
thrown [./src/hotspot/share/interpreter/linkResolver.cpp, line 790]
Event: 0,273 Thread 0x00007fdf24023c90 Exception <a 'java/lang/NoSuchMethodError'{0x0000000717114258}: 'int java.lang.invoke.DirectMethodHandle$Holder.invokeStaticInit(java.lang.Object, java.lang.Object, long, long)'> (0x0000000717114258) 
thrown [./src/hotspot/share/interpreter/linkResolver.cpp, line 790]
Event: 0,274 Thread 0x00007fdf24023c90 Exception <a 'java/lang/NoSuchMethodError'{0x000000071711a600}: 'java.lang.Object java.lang.invoke.DirectMethodHandle$Holder.newInvokeSpecial(java.lang.Object, java.lang.Object, long)'> (0x000000071711a600) 
thrown [./src/hotspot/share/interpreter/linkResolver.cpp, line 790]
Event: 0,275 Thread 0x00007fdf24023c90 Exception <a 'java/lang/NoSuchMethodError'{0x000000071711e758}: 'java.lang.Object java.lang.invoke.Invokers$Holder.linkToTargetMethod(java.lang.Object, long, java.lang.Object)'> (0x000000071711e758) 
thrown [./src/hotspot/share/interpreter/linkResolver.cpp, line 790]
Event: 0,276 Thread 0x00007fdf24023c90 Exception <a 'java/lang/NoSuchMethodError'{0x0000000717126200}: 'int java.lang.invoke.DirectMethodHandle$Holder.invokeStaticInit(java.lang.Object, java.lang.Object, java.lang.Object, long)'> (0x0000000717126200) 
thrown [./src/hotspot/share/interpreter/linkResolver.cpp, line 790]
Event: 0,313 Thread 0x00007fdf24023c90 Exception <a 'sun/nio/fs/UnixException'{0x0000000716e1bd00}> (0x0000000716e1bd00) 
thrown [./src/hotspot/share/prims/jni.cpp, line 579]

Events (20 events):
Event: 0,261 loading class jdk/internal/reflect/UnsafeQualifiedStaticObjectFieldAccessorImpl
Event: 0,261 loading class jdk/internal/reflect/UnsafeQualifiedStaticFieldAccessorImpl
Event: 0,261 loading class jdk/internal/reflect/UnsafeQualifiedStaticFieldAccessorImpl done
Event: 0,261 loading class jdk/internal/reflect/UnsafeQualifiedStaticObjectFieldAccessorImpl done
Event: 0,267 loading class java/util/function/LongPredicate
Event: 0,267 loading class java/util/function/LongPredicate done
Event: 0,271 loading class jdk/internal/access/foreign/MemorySegmentProxy
Event: 0,271 loading class jdk/internal/access/foreign/MemorySegmentProxy done
Event: 0,279 loading class java/nio/InvalidMarkException
Event: 0,279 loading class java/nio/InvalidMarkException done
Event: 0,279 loading class java/nio/BufferUnderflowException
Event: 0,279 loading class java/nio/BufferUnderflowException done
Event: 0,297 Thread 0x00007fdec8109f50 Thread added: 0x00007fdec8109f50
Event: 0,297 Protecting memory [0x00007fdef494e000,0x00007fdef4952000] with protection modes 0
Event: 0,314 loading class java/lang/NoSuchFieldError
Event: 0,314 loading class java/lang/NoSuchFieldError done
Event: 0,318 loading class jdk/internal/reflect/UnsafeQualifiedStaticIntegerFieldAccessorImpl
Event: 0,318 loading class jdk/internal/reflect/UnsafeQualifiedStaticIntegerFieldAccessorImpl done
Event: 0,324 loading class jdk/internal/misc/ScopedMemoryAccess$Scope
Event: 0,324 loading class jdk/internal/misc/ScopedMemoryAccess$Scope done


Dynamic libraries:
707c00000-717600000 rw-p 00000000 00:00 0 
717600000-7ffc00000 ---p 00000000 00:00 0 
7ffc00000-7ffd00000 rw-p 00000000 00:00 0 
7ffd00000-7ffd76000 rw-p 00cb8000 00:21 724464                           /home/snoweuph/.jdks/corretto-16.0.2/lib/server/classes.jsa
7ffd76000-7ffe00000 rw-p 00000000 00:00 0 
7ffe00000-7ffe88000 rw-p 00c30000 00:21 724464                           /home/snoweuph/.jdks/corretto-16.0.2/lib/server/classes.jsa
7ffe88000-800000000 rw-p 00000000 00:00 0 
800000000-800003000 rwxp 00001000 00:21 724464                           /home/snoweuph/.jdks/corretto-16.0.2/lib/server/classes.jsa
800003000-80043c000 rw-p 00004000 00:21 724464                           /home/snoweuph/.jdks/corretto-16.0.2/lib/server/classes.jsa
80043c000-800bf7000 r--p 0043d000 00:21 724464                           /home/snoweuph/.jdks/corretto-16.0.2/lib/server/classes.jsa
800bf7000-800c00000 ---p 00000000 00:00 0 
800c00000-800c20000 rw-p 00000000 00:00 0 
800c20000-800c40000 ---p 00000000 00:00 0 
800c40000-800c60000 rw-p 00000000 00:00 0 
800c60000-840c00000 ---p 00000000 00:00 0 
56213f600000-56213f601000 r-xp 00000000 00:21 724575                     /home/snoweuph/.jdks/corretto-16.0.2/bin/java
56213f801000-56213f802000 r--p 00001000 00:21 724575                     /home/snoweuph/.jdks/corretto-16.0.2/bin/java
56213f802000-56213f803000 rw-p 00002000 00:21 724575                     /home/snoweuph/.jdks/corretto-16.0.2/bin/java
562140229000-56214024a000 rw-p 00000000 00:00 0                          [heap]
7fde70000000-7fde70021000 rw-p 00000000 00:00 0 
7fde70021000-7fde74000000 ---p 00000000 00:00 0 
7fde78000000-7fde78021000 rw-p 00000000 00:00 0 
7fde78021000-7fde7c000000 ---p 00000000 00:00 0 
7fde7c000000-7fde7c021000 rw-p 00000000 00:00 0 
7fde7c021000-7fde80000000 ---p 00000000 00:00 0 
7fde82ffe000-7fde82fff000 ---p 00000000 00:00 0 
7fde82fff000-7fde837ff000 rw-p 00000000 00:00 0 
7fde837ff000-7fde83800000 ---p 00000000 00:00 0 
7fde83800000-7fde84000000 rw-p 00000000 00:00 0 
7fde84000000-7fde84021000 rw-p 00000000 00:00 0 
7fde84021000-7fde88000000 ---p 00000000 00:00 0 
7fde88000000-7fde88021000 rw-p 00000000 00:00 0 
7fde88021000-7fde8c000000 ---p 00000000 00:00 0 
7fde8c000000-7fde8c021000 rw-p 00000000 00:00 0 
7fde8c021000-7fde90000000 ---p 00000000 00:00 0 
7fde90000000-7fde90021000 rw-p 00000000 00:00 0 
7fde90021000-7fde94000000 ---p 00000000 00:00 0 
7fde94000000-7fde94021000 rw-p 00000000 00:00 0 
7fde94021000-7fde98000000 ---p 00000000 00:00 0 
7fde98000000-7fde98021000 rw-p 00000000 00:00 0 
7fde98021000-7fde9c000000 ---p 00000000 00:00 0 
7fde9c000000-7fde9c021000 rw-p 00000000 00:00 0 
7fde9c021000-7fdea0000000 ---p 00000000 00:00 0 
7fdea05f9000-7fdea07f9000 rw-s 17adbc000 00:05 548                       /dev/dri/renderD128
7fdea07f9000-7fdea07fa000 ---p 00000000 00:00 0 
7fdea07fa000-7fdea0ffa000 rw-p 00000000 00:00 0 
7fdea0ffa000-7fdea0ffb000 ---p 00000000 00:00 0 
7fdea0ffb000-7fdea17fb000 rw-p 00000000 00:00 0 
7fdea17fb000-7fdea17fc000 ---p 00000000 00:00 0 
7fdea17fc000-7fdea1ffc000 rw-p 00000000 00:00 0 
7fdea1ffc000-7fdea1ffd000 ---p 00000000 00:00 0 
7fdea1ffd000-7fdea27fd000 rw-p 00000000 00:00 0 
7fdea27fd000-7fdea27fe000 ---p 00000000 00:00 0 
7fdea27fe000-7fdea2ffe000 rw-p 00000000 00:00 0 
7fdea2ffe000-7fdea2fff000 ---p 00000000 00:00 0 
7fdea2fff000-7fdea37ff000 rw-p 00000000 00:00 0 
7fdea37ff000-7fdea3800000 ---p 00000000 00:00 0 
7fdea3800000-7fdea4000000 rw-p 00000000 00:00 0 
7fdea4000000-7fdea4021000 rw-p 00000000 00:00 0 
7fdea4021000-7fdea8000000 ---p 00000000 00:00 0 
7fdea8000000-7fdea8021000 rw-p 00000000 00:00 0 
7fdea8021000-7fdeac000000 ---p 00000000 00:00 0 
7fdeac000000-7fdeac021000 rw-p 00000000 00:00 0 
7fdeac021000-7fdeb0000000 ---p 00000000 00:00 0 
7fdeb016a000-7fdeb01e3000 rw-p 00000000 00:00 0 
7fdeb01e3000-7fdeb03e3000 rw-s 162635000 00:05 548                       /dev/dri/renderD128
7fdeb03e3000-7fdeb03e4000 ---p 00000000 00:00 0 
7fdeb03e4000-7fdeb0be4000 rw-p 00000000 00:00 0 
7fdeb0be4000-7fdeb0be5000 ---p 00000000 00:00 0 
7fdeb0be5000-7fdeb13e5000 rw-p 00000000 00:00 0 
7fdeb13e5000-7fdeb13e6000 ---p 00000000 00:00 0 
7fdeb13e6000-7fdeb1be6000 rw-p 00000000 00:00 0 
7fdeb1be6000-7fdeb1d27000 rw-s 00000000 00:21 723772                     /home/snoweuph/.var/app/com.jetbrains.IntelliJ-IDEA-Community/cache/mesa_shader_cache/index
7fdeb1d27000-7fdeb1d28000 ---p 00000000 00:00 0 
7fdeb1d28000-7fdeb2528000 rw-p 00000000 00:00 0 
7fdeb2528000-7fdeb253e000 r--p 00000000 00:21 287179                     /usr/lib/x86_64-linux-gnu/libvulkan.so.1.2.198
7fdeb253e000-7fdeb2570000 r-xp 00016000 00:21 287179                     /usr/lib/x86_64-linux-gnu/libvulkan.so.1.2.198
7fdeb2570000-7fdeb2585000 r--p 00048000 00:21 287179                     /usr/lib/x86_64-linux-gnu/libvulkan.so.1.2.198
7fdeb2585000-7fdeb2588000 r--p 0005c000 00:21 287179                     /usr/lib/x86_64-linux-gnu/libvulkan.so.1.2.198
7fdeb2588000-7fdeb2589000 rw-p 0005f000 00:21 287179                     /usr/lib/x86_64-linux-gnu/libvulkan.so.1.2.198
7fdeb2589000-7fdeb258e000 r--p 00000000 00:21 299153                     /usr/lib/x86_64-linux-gnu/libzstd.so.1.5.0
7fdeb258e000-7fdeb268b000 r-xp 00005000 00:21 299153                     /usr/lib/x86_64-linux-gnu/libzstd.so.1.5.0
7fdeb268b000-7fdeb269b000 r--p 00102000 00:21 299153                     /usr/lib/x86_64-linux-gnu/libzstd.so.1.5.0
7fdeb269b000-7fdeb269c000 r--p 00111000 00:21 299153                     /usr/lib/x86_64-linux-gnu/libzstd.so.1.5.0
7fdeb269c000-7fdeb269d000 rw-p 00112000 00:21 299153                     /usr/lib/x86_64-linux-gnu/libzstd.so.1.5.0
7fdeb269d000-7fdeb2dc1000 r--p 00000000 00:21 283095                     /usr/lib/x86_64-linux-gnu/GL/default/lib/libLLVM-12.so
7fdeb2dc1000-7fdeb5188000 r-xp 00724000 00:21 283095                     /usr/lib/x86_64-linux-gnu/GL/default/lib/libLLVM-12.so
7fdeb5188000-7fdeb61a1000 r--p 02aeb000 00:21 283095                     /usr/lib/x86_64-linux-gnu/GL/default/lib/libLLVM-12.so
7fdeb61a1000-7fdeb643f000 r--p 03b03000 00:21 283095                     /usr/lib/x86_64-linux-gnu/GL/default/lib/libLLVM-12.so
7fdeb643f000-7fdeb6447000 rw-p 03da1000 00:21 283095                     /usr/lib/x86_64-linux-gnu/GL/default/lib/libLLVM-12.so
7fdeb6447000-7fdeb64a8000 rw-p 00000000 00:00 0 
7fdeb64a8000-7fdeb664e000 r--p 00000000 00:21 283019                     /usr/lib/x86_64-linux-gnu/GL/default/lib/dri/libgallium_dri.so
7fdeb664e000-7fdeb76fe000 r-xp 001a6000 00:21 283019                     /usr/lib/x86_64-linux-gnu/GL/default/lib/dri/libgallium_dri.so
7fdeb76fe000-7fdeb7b4f000 r--p 01256000 00:21 283019                     /usr/lib/x86_64-linux-gnu/GL/default/lib/dri/libgallium_dri.so
7fdeb7b4f000-7fdeb7c7f000 r--p 016a6000 00:21 283019                     /usr/lib/x86_64-linux-gnu/GL/default/lib/dri/libgallium_dri.so
7fdeb7c7f000-7fdeb7dd5000 rw-p 017d6000 00:21 283019                     /usr/lib/x86_64-linux-gnu/GL/default/lib/dri/libgallium_dri.so
7fdeb7dd5000-7fdeb8000000 rw-p 00000000 00:00 0 
7fdeb8000000-7fdeb8021000 rw-p 00000000 00:00 0 
7fdeb8021000-7fdebc000000 ---p 00000000 00:00 0 
7fdebc000000-7fdebc02e000 rw-p 00000000 00:00 0 
7fdebc02e000-7fdec0000000 ---p 00000000 00:00 0 
7fdec0000000-7fdec0021000 rw-p 00000000 00:00 0 
7fdec0021000-7fdec4000000 ---p 00000000 00:00 0 
7fdec4000000-7fdec4021000 rw-p 00000000 00:00 0 
7fdec4021000-7fdec8000000 ---p 00000000 00:00 0 
7fdec8000000-7fdec8110000 rw-p 00000000 00:00 0 
7fdec8110000-7fdecc000000 ---p 00000000 00:00 0 
7fdecc000000-7fdecc021000 rw-p 00000000 00:00 0 
7fdecc021000-7fded0000000 ---p 00000000 00:00 0 
7fded0000000-7fded0021000 rw-p 00000000 00:00 0 
7fded0021000-7fded4000000 ---p 00000000 00:00 0 
7fded4000000-7fded41a6000 rw-p 00000000 00:00 0 
7fded41a6000-7fded8000000 ---p 00000000 00:00 0 
7fded8000000-7fded8021000 rw-p 00000000 00:00 0 
7fded8021000-7fdedc000000 ---p 00000000 00:00 0 
7fdedc000000-7fdedc021000 rw-p 00000000 00:00 0 
7fdedc021000-7fdee0000000 ---p 00000000 00:00 0 
7fdee0000000-7fdee0021000 rw-p 00000000 00:00 0 
7fdee0021000-7fdee4000000 ---p 00000000 00:00 0 
7fdee4000000-7fdee4021000 rw-p 00000000 00:00 0 
7fdee4021000-7fdee8000000 ---p 00000000 00:00 0 
7fdee8000000-7fdee8021000 rw-p 00000000 00:00 0 
7fdee8021000-7fdeec000000 ---p 00000000 00:00 0 
7fdeec000000-7fdeec021000 rw-p 00000000 00:00 0 
7fdeec021000-7fdef0000000 ---p 00000000 00:00 0 
7fdef0000000-7fdef0021000 rw-p 00000000 00:00 0 
7fdef0021000-7fdef4000000 ---p 00000000 00:00 0 
7fdef4012000-7fdef4021000 r--p 00000000 00:21 295902                     /usr/lib/x86_64-linux-gnu/libtinfo.so.6.2
7fdef4021000-7fdef403a000 r-xp 0000f000 00:21 295902                     /usr/lib/x86_64-linux-gnu/libtinfo.so.6.2
7fdef403a000-7fdef4049000 r--p 00028000 00:21 295902                     /usr/lib/x86_64-linux-gnu/libtinfo.so.6.2
7fdef4049000-7fdef404a000 ---p 00037000 00:21 295902                     /usr/lib/x86_64-linux-gnu/libtinfo.so.6.2
7fdef404a000-7fdef404e000 r--p 00037000 00:21 295902                     /usr/lib/x86_64-linux-gnu/libtinfo.so.6.2
7fdef404e000-7fdef404f000 rw-p 0003b000 00:21 295902                     /usr/lib/x86_64-linux-gnu/libtinfo.so.6.2
7fdef404f000-7fdef4051000 r--p 00000000 00:21 289226                     /usr/lib/x86_64-linux-gnu/libffi.so.7.1.0
7fdef4051000-7fdef4057000 r-xp 00002000 00:21 289226                     /usr/lib/x86_64-linux-gnu/libffi.so.7.1.0
7fdef4057000-7fdef4058000 r--p 00008000 00:21 289226                     /usr/lib/x86_64-linux-gnu/libffi.so.7.1.0
7fdef4058000-7fdef4059000 ---p 00009000 00:21 289226                     /usr/lib/x86_64-linux-gnu/libffi.so.7.1.0
7fdef4059000-7fdef405a000 r--p 00009000 00:21 289226                     /usr/lib/x86_64-linux-gnu/libffi.so.7.1.0
7fdef405a000-7fdef405b000 rw-p 0000a000 00:21 289226                     /usr/lib/x86_64-linux-gnu/libffi.so.7.1.0
7fdef405b000-7fdef405e000 r--p 00000000 00:21 282911                     /usr/lib/x86_64-linux-gnu/GL/default/lib/libdrm_amdgpu.so.1.0.0
7fdef405e000-7fdef4064000 r-xp 00003000 00:21 282911                     /usr/lib/x86_64-linux-gnu/GL/default/lib/libdrm_amdgpu.so.1.0.0
7fdef4064000-7fdef4066000 r--p 00009000 00:21 282911                     /usr/lib/x86_64-linux-gnu/GL/default/lib/libdrm_amdgpu.so.1.0.0
7fdef4066000-7fdef4067000 r--p 0000a000 00:21 282911                     /usr/lib/x86_64-linux-gnu/GL/default/lib/libdrm_amdgpu.so.1.0.0
7fdef4067000-7fdef4068000 rw-p 0000b000 00:21 282911                     /usr/lib/x86_64-linux-gnu/GL/default/lib/libdrm_amdgpu.so.1.0.0
7fdef4068000-7fdef406c000 r--p 00000000 00:21 290105                     /usr/lib/x86_64-linux-gnu/libelf-0.185.so
7fdef406c000-7fdef407d000 r-xp 00004000 00:21 290105                     /usr/lib/x86_64-linux-gnu/libelf-0.185.so
7fdef407d000-7fdef4081000 r--p 00015000 00:21 290105                     /usr/lib/x86_64-linux-gnu/libelf-0.185.so
7fdef4081000-7fdef4082000 ---p 00019000 00:21 290105                     /usr/lib/x86_64-linux-gnu/libelf-0.185.so
7fdef4082000-7fdef4083000 r--p 00019000 00:21 290105                     /usr/lib/x86_64-linux-gnu/libelf-0.185.so
7fdef4083000-7fdef4084000 rw-p 0001a000 00:21 290105                     /usr/lib/x86_64-linux-gnu/libelf-0.185.so
7fdef4084000-7fdef4086000 r--p 00000000 00:21 282903                     /usr/lib/x86_64-linux-gnu/GL/default/lib/libdrm_radeon.so.1.0.1
7fdef4086000-7fdef408d000 r-xp 00002000 00:21 282903                     /usr/lib/x86_64-linux-gnu/GL/default/lib/libdrm_radeon.so.1.0.1
7fdef408d000-7fdef4091000 r--p 00009000 00:21 282903                     /usr/lib/x86_64-linux-gnu/GL/default/lib/libdrm_radeon.so.1.0.1
7fdef4091000-7fdef4092000 r--p 0000c000 00:21 282903                     /usr/lib/x86_64-linux-gnu/GL/default/lib/libdrm_radeon.so.1.0.1
7fdef4092000-7fdef4093000 rw-p 0000d000 00:21 282903                     /usr/lib/x86_64-linux-gnu/GL/default/lib/libdrm_radeon.so.1.0.1
7fdef4093000-7fdef4095000 r--p 00000000 00:21 282958                     /usr/lib/x86_64-linux-gnu/GL/default/lib/libdrm_nouveau.so.2.0.0
7fdef4095000-7fdef409a000 r-xp 00002000 00:21 282958                     /usr/lib/x86_64-linux-gnu/GL/default/lib/libdrm_nouveau.so.2.0.0
7fdef409a000-7fdef409b000 r--p 00007000 00:21 282958                     /usr/lib/x86_64-linux-gnu/GL/default/lib/libdrm_nouveau.so.2.0.0
7fdef409b000-7fdef409c000 ---p 00008000 00:21 282958                     /usr/lib/x86_64-linux-gnu/GL/default/lib/libdrm_nouveau.so.2.0.0
7fdef409c000-7fdef409d000 r--p 00008000 00:21 282958                     /usr/lib/x86_64-linux-gnu/GL/default/lib/libdrm_nouveau.so.2.0.0
7fdef409d000-7fdef409e000 rw-p 00009000 00:21 282958                     /usr/lib/x86_64-linux-gnu/GL/default/lib/libdrm_nouveau.so.2.0.0
7fdef409e000-7fdef40a1000 r--p 00000000 00:21 287603                     /usr/lib/x86_64-linux-gnu/libz.so.1.2.11
7fdef40a1000-7fdef40af000 r-xp 00003000 00:21 287603                     /usr/lib/x86_64-linux-gnu/libz.so.1.2.11
7fdef40af000-7fdef40b5000 r--p 00011000 00:21 287603                     /usr/lib/x86_64-linux-gnu/libz.so.1.2.11
7fdef40b5000-7fdef40b6000 r--p 00016000 00:21 287603                     /usr/lib/x86_64-linux-gnu/libz.so.1.2.11
7fdef40b6000-7fdef40b7000 rw-p 00017000 00:21 287603                     /usr/lib/x86_64-linux-gnu/libz.so.1.2.11
7fdef40b7000-7fdef40dc000 r--p 00000000 00:21 283831                     /usr/share/runtime/locale/de/share/de/LC_MESSAGES/libc.mo
7fdef40dc000-7fdef40df000 r--p 00000000 00:21 293049                     /usr/lib/x86_64-linux-gnu/libgcc_s.so.1
7fdef40df000-7fdef40f1000 r-xp 00003000 00:21 293049                     /usr/lib/x86_64-linux-gnu/libgcc_s.so.1
7fdef40f1000-7fdef40f4000 r--p 00015000 00:21 293049                     /usr/lib/x86_64-linux-gnu/libgcc_s.so.1
7fdef40f4000-7fdef40f5000 r--p 00017000 00:21 293049                     /usr/lib/x86_64-linux-gnu/libgcc_s.so.1
7fdef40f5000-7fdef40f6000 rw-p 00018000 00:21 293049                     /usr/lib/x86_64-linux-gnu/libgcc_s.so.1
7fdef40f6000-7fdef4197000 r--p 00000000 00:21 297042                     /usr/lib/x86_64-linux-gnu/libstdc++.so.6.0.29
7fdef4197000-7fdef42a9000 r-xp 000a1000 00:21 297042                     /usr/lib/x86_64-linux-gnu/libstdc++.so.6.0.29
7fdef42a9000-7fdef4314000 r--p 001b3000 00:21 297042                     /usr/lib/x86_64-linux-gnu/libstdc++.so.6.0.29
7fdef4314000-7fdef4315000 ---p 0021e000 00:21 297042                     /usr/lib/x86_64-linux-gnu/libstdc++.so.6.0.29
7fdef4315000-7fdef4320000 r--p 0021e000 00:21 297042                     /usr/lib/x86_64-linux-gnu/libstdc++.so.6.0.29
7fdef4320000-7fdef4323000 rw-p 00229000 00:21 297042                     /usr/lib/x86_64-linux-gnu/libstdc++.so.6.0.29
7fdef4323000-7fdef4326000 rw-p 00000000 00:00 0 
7fdef4326000-7fdef4329000 r--p 00000000 00:21 285859                     /usr/lib/x86_64-linux-gnu/libxcb-xfixes.so.0.0.0
7fdef4329000-7fdef432c000 r-xp 00003000 00:21 285859                     /usr/lib/x86_64-linux-gnu/libxcb-xfixes.so.0.0.0
7fdef432c000-7fdef432e000 r--p 00006000 00:21 285859                     /usr/lib/x86_64-linux-gnu/libxcb-xfixes.so.0.0.0
7fdef432e000-7fdef432f000 r--p 00007000 00:21 285859                     /usr/lib/x86_64-linux-gnu/libxcb-xfixes.so.0.0.0
7fdef432f000-7fdef4330000 rw-p 00008000 00:21 285859                     /usr/lib/x86_64-linux-gnu/libxcb-xfixes.so.0.0.0
7fdef4330000-7fdef4331000 r--p 00000000 00:21 291660                     /usr/lib/x86_64-linux-gnu/libxshmfence.so.1.0.0
7fdef4331000-7fdef4332000 r-xp 00001000 00:21 291660                     /usr/lib/x86_64-linux-gnu/libxshmfence.so.1.0.0
7fdef4332000-7fdef4333000 r--p 00002000 00:21 291660                     /usr/lib/x86_64-linux-gnu/libxshmfence.so.1.0.0
7fdef4333000-7fdef4334000 r--p 00002000 00:21 291660                     /usr/lib/x86_64-linux-gnu/libxshmfence.so.1.0.0
7fdef4334000-7fdef4335000 rw-p 00003000 00:21 291660                     /usr/lib/x86_64-linux-gnu/libxshmfence.so.1.0.0
7fdef4335000-7fdef4338000 r--p 00000000 00:21 290613                     /usr/lib/x86_64-linux-gnu/libxcb-sync.so.1.0.0
7fdef4338000-7fdef433b000 r-xp 00003000 00:21 290613                     /usr/lib/x86_64-linux-gnu/libxcb-sync.so.1.0.0
7fdef433b000-7fdef433c000 r--p 00006000 00:21 290613                     /usr/lib/x86_64-linux-gnu/libxcb-sync.so.1.0.0
7fdef433c000-7fdef433d000 ---p 00007000 00:21 290613                     /usr/lib/x86_64-linux-gnu/libxcb-sync.so.1.0.0
7fdef433d000-7fdef433e000 r--p 00007000 00:21 290613                     /usr/lib/x86_64-linux-gnu/libxcb-sync.so.1.0.0
7fdef433e000-7fdef433f000 rw-p 00008000 00:21 290613                     /usr/lib/x86_64-linux-gnu/libxcb-sync.so.1.0.0
7fdef433f000-7fdef4340000 r--p 00000000 00:21 286385                     /usr/lib/x86_64-linux-gnu/libxcb-present.so.0.0.0
7fdef4340000-7fdef4341000 r-xp 00001000 00:21 286385                     /usr/lib/x86_64-linux-gnu/libxcb-present.so.0.0.0
7fdef4341000-7fdef4342000 r--p 00002000 00:21 286385                     /usr/lib/x86_64-linux-gnu/libxcb-present.so.0.0.0
7fdef4342000-7fdef4343000 r--p 00002000 00:21 286385                     /usr/lib/x86_64-linux-gnu/libxcb-present.so.0.0.0
7fdef4343000-7fdef4344000 rw-p 00003000 00:21 286385                     /usr/lib/x86_64-linux-gnu/libxcb-present.so.0.0.0
7fdef4344000-7fdef4348000 r--p 00000000 00:21 286773                     /usr/lib/x86_64-linux-gnu/libexpat.so.1.8.6
7fdef4348000-7fdef4367000 r-xp 00004000 00:21 286773                     /usr/lib/x86_64-linux-gnu/libexpat.so.1.8.6
7fdef4367000-7fdef4371000 r--p 00023000 00:21 286773                     /usr/lib/x86_64-linux-gnu/libexpat.so.1.8.6
7fdef4371000-7fdef4372000 ---p 0002d000 00:21 286773                     /usr/lib/x86_64-linux-gnu/libexpat.so.1.8.6
7fdef4372000-7fdef4374000 r--p 0002d000 00:21 286773                     /usr/lib/x86_64-linux-gnu/libexpat.so.1.8.6
7fdef4374000-7fdef4375000 rw-p 0002f000 00:21 286773                     /usr/lib/x86_64-linux-gnu/libexpat.so.1.8.6
7fdef4375000-7fdef4381000 r--p 00000000 00:21 289839                     /usr/lib/x86_64-linux-gnu/libxcb-glx.so.0.0.0
7fdef4381000-7fdef438a000 r-xp 0000c000 00:21 289839                     /usr/lib/x86_64-linux-gnu/libxcb-glx.so.0.0.0
7fdef438a000-7fdef438f000 r--p 00015000 00:21 289839                     /usr/lib/x86_64-linux-gnu/libxcb-glx.so.0.0.0
7fdef438f000-7fdef4390000 ---p 0001a000 00:21 289839                     /usr/lib/x86_64-linux-gnu/libxcb-glx.so.0.0.0
7fdef4390000-7fdef4392000 r--p 0001a000 00:21 289839                     /usr/lib/x86_64-linux-gnu/libxcb-glx.so.0.0.0
7fdef4392000-7fdef4393000 rw-p 0001c000 00:21 289839                     /usr/lib/x86_64-linux-gnu/libxcb-glx.so.0.0.0
7fdef4393000-7fdef43a0000 r--p 00000000 00:21 282897                     /usr/lib/x86_64-linux-gnu/GL/default/lib/libglapi.so.0.0.0
7fdef43a0000-7fdef43ae000 r-xp 0000d000 00:21 282897                     /usr/lib/x86_64-linux-gnu/GL/default/lib/libglapi.so.0.0.0
7fdef43ae000-7fdef43c7000 r--p 0001b000 00:21 282897                     /usr/lib/x86_64-linux-gnu/GL/default/lib/libglapi.so.0.0.0
7fdef43c7000-7fdef43c8000 ---p 00034000 00:21 282897                     /usr/lib/x86_64-linux-gnu/GL/default/lib/libglapi.so.0.0.0
7fdef43c8000-7fdef43cc000 r--p 00034000 00:21 282897                     /usr/lib/x86_64-linux-gnu/GL/default/lib/libglapi.so.0.0.0
7fdef43cc000-7fdef43cd000 rw-p 00038000 00:21 282897                     /usr/lib/x86_64-linux-gnu/GL/default/lib/libglapi.so.0.0.0
7fdef43cd000-7fdef43ce000 rw-p 00000000 00:00 0 
7fdef43ce000-7fdef43ea000 r--p 00000000 00:21 282913                     /usr/lib/x86_64-linux-gnu/GL/default/lib/libGLX_mesa.so.0.0.0
7fdef43ea000-7fdef442a000 r-xp 0001c000 00:21 282913                     /usr/lib/x86_64-linux-gnu/GL/default/lib/libGLX_mesa.so.0.0.0
7fdef442a000-7fdef443c000 r--p 0005c000 00:21 282913                     /usr/lib/x86_64-linux-gnu/GL/default/lib/libGLX_mesa.so.0.0.0
7fdef443c000-7fdef443d000 ---p 0006e000 00:21 282913                     /usr/lib/x86_64-linux-gnu/GL/default/lib/libGLX_mesa.so.0.0.0
7fdef443d000-7fdef4440000 r--p 0006e000 00:21 282913                     /usr/lib/x86_64-linux-gnu/GL/default/lib/libGLX_mesa.so.0.0.0
7fdef4440000-7fdef4441000 rw-p 00071000 00:21 282913                     /usr/lib/x86_64-linux-gnu/GL/default/lib/libGLX_mesa.so.0.0.0
7fdef4441000-7fdef4482000 r--p 00000000 00:21 295921                     /usr/lib/x86_64-linux-gnu/libGLdispatch.so.0.0.0
7fdef4482000-7fdef44c1000 r-xp 00041000 00:21 295921                     /usr/lib/x86_64-linux-gnu/libGLdispatch.so.0.0.0
7fdef44c1000-7fdef44d4000 r--p 00080000 00:21 295921                     /usr/lib/x86_64-linux-gnu/libGLdispatch.so.0.0.0
7fdef44d4000-7fdef44d5000 ---p 00093000 00:21 295921                     /usr/lib/x86_64-linux-gnu/libGLdispatch.so.0.0.0
7fdef44d5000-7fdef44f1000 r--p 00093000 00:21 295921                     /usr/lib/x86_64-linux-gnu/libGLdispatch.so.0.0.0
7fdef44f1000-7fdef44f2000 rw-p 000af000 00:21 295921                     /usr/lib/x86_64-linux-gnu/libGLdispatch.so.0.0.0
7fdef44f2000-7fdef44fa000 rw-p 00000000 00:00 0 
7fdef44fa000-7fdef4543000 r--p 00000000 00:21 288686                     /usr/lib/x86_64-linux-gnu/libGL.so.1.7.0
7fdef4543000-7fdef4563000 r-xp 00049000 00:21 288686                     /usr/lib/x86_64-linux-gnu/libGL.so.1.7.0
7fdef4563000-7fdef4577000 r--p 00069000 00:21 288686                     /usr/lib/x86_64-linux-gnu/libGL.so.1.7.0
7fdef4577000-7fdef4578000 ---p 0007d000 00:21 288686                     /usr/lib/x86_64-linux-gnu/libGL.so.1.7.0
7fdef4578000-7fdef4586000 r--p 0007d000 00:21 288686                     /usr/lib/x86_64-linux-gnu/libGL.so.1.7.0
7fdef4586000-7fdef4587000 rw-p 0008b000 00:21 288686                     /usr/lib/x86_64-linux-gnu/libGL.so.1.7.0
7fdef4587000-7fdef4588000 rw-p 00000000 00:00 0 
7fdef4588000-7fdef45a6000 r--p 00000000 00:21 298752                     /usr/lib/x86_64-linux-gnu/libX11.so.6.4.0
7fdef45a6000-7fdef463a000 r-xp 0001e000 00:21 298752                     /usr/lib/x86_64-linux-gnu/libX11.so.6.4.0
7fdef463a000-7fdef46c8000 r--p 000b2000 00:21 298752                     /usr/lib/x86_64-linux-gnu/libX11.so.6.4.0
7fdef46c8000-7fdef46c9000 ---p 00140000 00:21 298752                     /usr/lib/x86_64-linux-gnu/libX11.so.6.4.0
7fdef46c9000-7fdef46cc000 r--p 00140000 00:21 298752                     /usr/lib/x86_64-linux-gnu/libX11.so.6.4.0
7fdef46cc000-7fdef46d0000 rw-p 00143000 00:21 298752                     /usr/lib/x86_64-linux-gnu/libX11.so.6.4.0
7fdef46d0000-7fdef4727000 r-xp 00000000 00:39 389                        /tmp/lwjglsnoweuph/3.3.1-build-7/libglfw.so
7fdef4727000-7fdef4926000 ---p 00057000 00:39 389                        /tmp/lwjglsnoweuph/3.3.1-build-7/libglfw.so
7fdef4926000-7fdef4929000 r--p 00056000 00:39 389                        /tmp/lwjglsnoweuph/3.3.1-build-7/libglfw.so
7fdef4929000-7fdef492b000 rw-p 00059000 00:39 389                        /tmp/lwjglsnoweuph/3.3.1-build-7/libglfw.so
7fdef492b000-7fdef494e000 rw-p 00000000 00:00 0 
7fdef494e000-7fdef4952000 ---p 00000000 00:00 0 
7fdef4952000-7fdef4a4f000 rw-p 00000000 00:00 0 
7fdef4a4f000-7fdef4aba000 r-xp 00000000 00:39 388                        /tmp/lwjglsnoweuph/3.3.1-build-7/liblwjgl.so
7fdef4aba000-7fdef4cb9000 ---p 0006b000 00:39 388                        /tmp/lwjglsnoweuph/3.3.1-build-7/liblwjgl.so
7fdef4cb9000-7fdef4cba000 r--p 0006a000 00:39 388                        /tmp/lwjglsnoweuph/3.3.1-build-7/liblwjgl.so
7fdef4cba000-7fdef4cbb000 rw-p 0006b000 00:39 388                        /tmp/lwjglsnoweuph/3.3.1-build-7/liblwjgl.so
7fdef4cbb000-7fdef4cd5000 r-xp 00000000 00:21 724469                     /home/snoweuph/.jdks/corretto-16.0.2/lib/libzip.so
7fdef4cd5000-7fdef4ed4000 ---p 0001a000 00:21 724469                     /home/snoweuph/.jdks/corretto-16.0.2/lib/libzip.so
7fdef4ed4000-7fdef4ed5000 r--p 00019000 00:21 724469                     /home/snoweuph/.jdks/corretto-16.0.2/lib/libzip.so
7fdef4ed5000-7fdef4ed6000 rw-p 00000000 00:00 0 
7fdef4ed6000-7fdef4eea000 r-xp 00000000 00:21 724471                     /home/snoweuph/.jdks/corretto-16.0.2/lib/libnet.so
7fdef4eea000-7fdef50ea000 ---p 00014000 00:21 724471                     /home/snoweuph/.jdks/corretto-16.0.2/lib/libnet.so
7fdef50ea000-7fdef50eb000 r--p 00014000 00:21 724471                     /home/snoweuph/.jdks/corretto-16.0.2/lib/libnet.so
7fdef50eb000-7fdef50ec000 rw-p 00015000 00:21 724471                     /home/snoweuph/.jdks/corretto-16.0.2/lib/libnet.so
7fdef50ec000-7fdef50fe000 r-xp 00000000 00:21 724472                     /home/snoweuph/.jdks/corretto-16.0.2/lib/libnio.so
7fdef50fe000-7fdef52fd000 ---p 00012000 00:21 724472                     /home/snoweuph/.jdks/corretto-16.0.2/lib/libnio.so
7fdef52fd000-7fdef52fe000 r--p 00011000 00:21 724472                     /home/snoweuph/.jdks/corretto-16.0.2/lib/libnio.so
7fdef52fe000-7fdef52ff000 rw-p 00012000 00:21 724472                     /home/snoweuph/.jdks/corretto-16.0.2/lib/libnio.so
7fdef52ff000-7fdef5303000 ---p 00000000 00:00 0 
7fdef5303000-7fdef5540000 rw-p 00000000 00:00 0 
7fdef5540000-7fdef5800000 ---p 00000000 00:00 0 
7fdef5800000-7fdef58f0000 rw-p 00000000 00:00 0 
7fdef58f0000-7fdef5c00000 ---p 00000000 00:00 0 
7fdef5c04000-7fdef5c06000 r--p 00000000 00:21 290923                     /usr/lib/x86_64-linux-gnu/libxcb-dri3.so.0.0.0
7fdef5c06000-7fdef5c08000 r-xp 00002000 00:21 290923                     /usr/lib/x86_64-linux-gnu/libxcb-dri3.so.0.0.0
7fdef5c08000-7fdef5c09000 r--p 00004000 00:21 290923                     /usr/lib/x86_64-linux-gnu/libxcb-dri3.so.0.0.0
7fdef5c09000-7fdef5c0a000 r--p 00004000 00:21 290923                     /usr/lib/x86_64-linux-gnu/libxcb-dri3.so.0.0.0
7fdef5c0a000-7fdef5c0b000 rw-p 00005000 00:21 290923                     /usr/lib/x86_64-linux-gnu/libxcb-dri3.so.0.0.0
7fdef5c0b000-7fdef5c0c000 r--p 00000000 00:21 291828                     /usr/lib/x86_64-linux-gnu/libxcb-shm.so.0.0.0
7fdef5c0c000-7fdef5c0d000 r-xp 00001000 00:21 291828                     /usr/lib/x86_64-linux-gnu/libxcb-shm.so.0.0.0
7fdef5c0d000-7fdef5c0e000 r--p 00002000 00:21 291828                     /usr/lib/x86_64-linux-gnu/libxcb-shm.so.0.0.0
7fdef5c0e000-7fdef5c0f000 r--p 00002000 00:21 291828                     /usr/lib/x86_64-linux-gnu/libxcb-shm.so.0.0.0
7fdef5c0f000-7fdef5c10000 rw-p 00003000 00:21 291828                     /usr/lib/x86_64-linux-gnu/libxcb-shm.so.0.0.0
7fdef5c10000-7fdef5c12000 r--p 00000000 00:21 292005                     /usr/lib/x86_64-linux-gnu/libxcb-dri2.so.0.0.0
7fdef5c12000-7fdef5c14000 r-xp 00002000 00:21 292005                     /usr/lib/x86_64-linux-gnu/libxcb-dri2.so.0.0.0
7fdef5c14000-7fdef5c15000 r--p 00004000 00:21 292005                     /usr/lib/x86_64-linux-gnu/libxcb-dri2.so.0.0.0
7fdef5c15000-7fdef5c16000 r--p 00004000 00:21 292005                     /usr/lib/x86_64-linux-gnu/libxcb-dri2.so.0.0.0
7fdef5c16000-7fdef5c17000 rw-p 00005000 00:21 292005                     /usr/lib/x86_64-linux-gnu/libxcb-dri2.so.0.0.0
7fdef5c17000-7fdef5c1c000 r--p 00000000 00:21 286717                     /usr/lib/x86_64-linux-gnu/libdrm.so.2.4.0
7fdef5c1c000-7fdef5c27000 r-xp 00005000 00:21 286717                     /usr/lib/x86_64-linux-gnu/libdrm.so.2.4.0
7fdef5c27000-7fdef5c2b000 r--p 00010000 00:21 286717                     /usr/lib/x86_64-linux-gnu/libdrm.so.2.4.0
7fdef5c2b000-7fdef5c2c000 r--p 00013000 00:21 286717                     /usr/lib/x86_64-linux-gnu/libdrm.so.2.4.0
7fdef5c2c000-7fdef5c2d000 rw-p 00014000 00:21 286717                     /usr/lib/x86_64-linux-gnu/libdrm.so.2.4.0
7fdef5c2d000-7fdef5c30000 r--p 00000000 00:21 286279                     /usr/lib/x86_64-linux-gnu/libGLX.so.0.0.0
7fdef5c30000-7fdef5c4b000 r-xp 00003000 00:21 286279                     /usr/lib/x86_64-linux-gnu/libGLX.so.0.0.0
7fdef5c4b000-7fdef5c4e000 r--p 0001e000 00:21 286279                     /usr/lib/x86_64-linux-gnu/libGLX.so.0.0.0
7fdef5c4e000-7fdef5c4f000 r--p 00020000 00:21 286279                     /usr/lib/x86_64-linux-gnu/libGLX.so.0.0.0
7fdef5c4f000-7fdef5c50000 rw-p 00021000 00:21 286279                     /usr/lib/x86_64-linux-gnu/libGLX.so.0.0.0
7fdef5c50000-7fdef5c60000 rw-p 00000000 00:00 0 
7fdef5c60000-7fdef5c61000 r--p 00000000 00:21 287500                     /usr/lib/x86_64-linux-gnu/libX11-xcb.so.1.0.0
7fdef5c61000-7fdef5c62000 r-xp 00001000 00:21 287500                     /usr/lib/x86_64-linux-gnu/libX11-xcb.so.1.0.0
7fdef5c62000-7fdef5c63000 r--p 00002000 00:21 287500                     /usr/lib/x86_64-linux-gnu/libX11-xcb.so.1.0.0
7fdef5c63000-7fdef5c64000 r--p 00002000 00:21 287500                     /usr/lib/x86_64-linux-gnu/libX11-xcb.so.1.0.0
7fdef5c64000-7fdef5c65000 rw-p 00003000 00:21 287500                     /usr/lib/x86_64-linux-gnu/libX11-xcb.so.1.0.0
7fdef5c65000-7fdef5c66000 r--p 00000000 00:21 286509                     /usr/lib/x86_64-linux-gnu/libXinerama.so.1.0.0
7fdef5c66000-7fdef5c67000 r-xp 00001000 00:21 286509                     /usr/lib/x86_64-linux-gnu/libXinerama.so.1.0.0
7fdef5c67000-7fdef5c68000 r--p 00002000 00:21 286509                     /usr/lib/x86_64-linux-gnu/libXinerama.so.1.0.0
7fdef5c68000-7fdef5c69000 r--p 00002000 00:21 286509                     /usr/lib/x86_64-linux-gnu/libXinerama.so.1.0.0
7fdef5c69000-7fdef5c6a000 rw-p 00003000 00:21 286509                     /usr/lib/x86_64-linux-gnu/libXinerama.so.1.0.0
7fdef5c6a000-7fdef5c6c000 r--p 00000000 00:21 296983                     /usr/lib/x86_64-linux-gnu/libXfixes.so.3.1.0
7fdef5c6c000-7fdef5c6f000 r-xp 00002000 00:21 296983                     /usr/lib/x86_64-linux-gnu/libXfixes.so.3.1.0
7fdef5c6f000-7fdef5c70000 r--p 00005000 00:21 296983                     /usr/lib/x86_64-linux-gnu/libXfixes.so.3.1.0
7fdef5c70000-7fdef5c71000 r--p 00005000 00:21 296983                     /usr/lib/x86_64-linux-gnu/libXfixes.so.3.1.0
7fdef5c71000-7fdef5c72000 rw-p 00006000 00:21 296983                     /usr/lib/x86_64-linux-gnu/libXfixes.so.3.1.0
7fdef5c72000-7fdef5c75000 r--p 00000000 00:21 286214                     /usr/lib/x86_64-linux-gnu/libXcursor.so.1.0.2
7fdef5c75000-7fdef5c7b000 r-xp 00003000 00:21 286214                     /usr/lib/x86_64-linux-gnu/libXcursor.so.1.0.2
7fdef5c7b000-7fdef5c7d000 r--p 00009000 00:21 286214                     /usr/lib/x86_64-linux-gnu/libXcursor.so.1.0.2
7fdef5c7d000-7fdef5c7e000 r--p 0000a000 00:21 286214                     /usr/lib/x86_64-linux-gnu/libXcursor.so.1.0.2
7fdef5c7e000-7fdef5c7f000 rw-p 0000b000 00:21 286214                     /usr/lib/x86_64-linux-gnu/libXcursor.so.1.0.2
7fdef5c7f000-7fdef5c81000 r--p 00000000 00:21 291570                     /usr/lib/x86_64-linux-gnu/libXrender.so.1.3.0
7fdef5c81000-7fdef5c88000 r-xp 00002000 00:21 291570                     /usr/lib/x86_64-linux-gnu/libXrender.so.1.3.0
7fdef5c88000-7fdef5c89000 r--p 00009000 00:21 291570                     /usr/lib/x86_64-linux-gnu/libXrender.so.1.3.0
7fdef5c89000-7fdef5c8a000 ---p 0000a000 00:21 291570                     /usr/lib/x86_64-linux-gnu/libXrender.so.1.3.0
7fdef5c8a000-7fdef5c8b000 r--p 0000a000 00:21 291570                     /usr/lib/x86_64-linux-gnu/libXrender.so.1.3.0
7fdef5c8b000-7fdef5c8c000 rw-p 0000b000 00:21 291570                     /usr/lib/x86_64-linux-gnu/libXrender.so.1.3.0
7fdef5c8c000-7fdef5c8e000 r--p 00000000 00:21 290898                     /usr/lib/x86_64-linux-gnu/libXrandr.so.2.2.0
7fdef5c8e000-7fdef5c95000 r-xp 00002000 00:21 290898                     /usr/lib/x86_64-linux-gnu/libXrandr.so.2.2.0
7fdef5c95000-7fdef5c97000 r--p 00009000 00:21 290898                     /usr/lib/x86_64-linux-gnu/libXrandr.so.2.2.0
7fdef5c97000-7fdef5c98000 r--p 0000a000 00:21 290898                     /usr/lib/x86_64-linux-gnu/libXrandr.so.2.2.0
7fdef5c98000-7fdef5c99000 rw-p 0000b000 00:21 290898                     /usr/lib/x86_64-linux-gnu/libXrandr.so.2.2.0
7fdef5c99000-7fdef5c9c000 r--p 00000000 00:21 293670                     /usr/lib/x86_64-linux-gnu/libXi.so.6.1.0
7fdef5c9c000-7fdef5ca8000 r-xp 00003000 00:21 293670                     /usr/lib/x86_64-linux-gnu/libXi.so.6.1.0
7fdef5ca8000-7fdef5caa000 r--p 0000f000 00:21 293670                     /usr/lib/x86_64-linux-gnu/libXi.so.6.1.0
7fdef5caa000-7fdef5cab000 ---p 00011000 00:21 293670                     /usr/lib/x86_64-linux-gnu/libXi.so.6.1.0
7fdef5cab000-7fdef5cac000 r--p 00011000 00:21 293670                     /usr/lib/x86_64-linux-gnu/libXi.so.6.1.0
7fdef5cac000-7fdef5cad000 rw-p 00012000 00:21 293670                     /usr/lib/x86_64-linux-gnu/libXi.so.6.1.0
7fdef5cad000-7fdef5cb1000 r--p 00000000 00:21 296376                     /usr/lib/x86_64-linux-gnu/libXext.so.6.4.0
7fdef5cb1000-7fdef5cbd000 r-xp 00004000 00:21 296376                     /usr/lib/x86_64-linux-gnu/libXext.so.6.4.0
7fdef5cbd000-7fdef5cc0000 r--p 00010000 00:21 296376                     /usr/lib/x86_64-linux-gnu/libXext.so.6.4.0
7fdef5cc0000-7fdef5cc1000 r--p 00012000 00:21 296376                     /usr/lib/x86_64-linux-gnu/libXext.so.6.4.0
7fdef5cc1000-7fdef5cc2000 rw-p 00013000 00:21 296376                     /usr/lib/x86_64-linux-gnu/libXext.so.6.4.0
7fdef5cc2000-7fdef5ccf000 r--p 00000000 00:21 289198                     /usr/lib/x86_64-linux-gnu/libxcb.so.1.1.0
7fdef5ccf000-7fdef5ce2000 r-xp 0000d000 00:21 289198                     /usr/lib/x86_64-linux-gnu/libxcb.so.1.1.0
7fdef5ce2000-7fdef5ceb000 r--p 00020000 00:21 289198                     /usr/lib/x86_64-linux-gnu/libxcb.so.1.1.0
7fdef5ceb000-7fdef5cec000 ---p 00029000 00:21 289198                     /usr/lib/x86_64-linux-gnu/libxcb.so.1.1.0
7fdef5cec000-7fdef5ced000 r--p 00029000 00:21 289198                     /usr/lib/x86_64-linux-gnu/libxcb.so.1.1.0
7fdef5ced000-7fdef5cee000 rw-p 0002a000 00:21 289198                     /usr/lib/x86_64-linux-gnu/libxcb.so.1.1.0
7fdef5cfc000-7fdef5cfd000 ---p 00000000 00:00 0 
7fdef5cfd000-7fdef5dfe000 rw-p 00000000 00:00 0 
7fdef5dfe000-7fdef5e02000 ---p 00000000 00:00 0 
7fdef5e02000-7fdef5eff000 rw-p 00000000 00:00 0 
7fdef5eff000-7fdef5f03000 ---p 00000000 00:00 0 
7fdef5f03000-7fdef8000000 rw-p 00000000 00:00 0 
7fdef8000000-7fdef8021000 rw-p 00000000 00:00 0 
7fdef8021000-7fdefc000000 ---p 00000000 00:00 0 
7fdefc000000-7fdefc021000 rw-p 00000000 00:00 0 
7fdefc021000-7fdf00000000 ---p 00000000 00:00 0 
7fdf00000000-7fdf00021000 rw-p 00000000 00:00 0 
7fdf00021000-7fdf04000000 ---p 00000000 00:00 0 
7fdf04000000-7fdf04001000 r--p 00000000 00:21 288895                     /usr/lib/x86_64-linux-gnu/libXxf86vm.so.1.0.0
7fdf04001000-7fdf04004000 r-xp 00001000 00:21 288895                     /usr/lib/x86_64-linux-gnu/libXxf86vm.so.1.0.0
7fdf04004000-7fdf04005000 r--p 00004000 00:21 288895                     /usr/lib/x86_64-linux-gnu/libXxf86vm.so.1.0.0
7fdf04005000-7fdf04006000 r--p 00004000 00:21 288895                     /usr/lib/x86_64-linux-gnu/libXxf86vm.so.1.0.0
7fdf04006000-7fdf04007000 rw-p 00005000 00:21 288895                     /usr/lib/x86_64-linux-gnu/libXxf86vm.so.1.0.0
7fdf04007000-7fdf0400b000 ---p 00000000 00:00 0 
7fdf0400b000-7fdf04108000 rw-p 00000000 00:00 0 
7fdf04108000-7fdf0410c000 ---p 00000000 00:00 0 
7fdf0410c000-7fdf04209000 rw-p 00000000 00:00 0 
7fdf04209000-7fdf0420d000 ---p 00000000 00:00 0 
7fdf0420d000-7fdf0430a000 rw-p 00000000 00:00 0 
7fdf0430a000-7fdf0430e000 ---p 00000000 00:00 0 
7fdf0430e000-7fdf0440b000 rw-p 00000000 00:00 0 
7fdf0440b000-7fdf0440f000 ---p 00000000 00:00 0 
7fdf0440f000-7fdf0450c000 rw-p 00000000 00:00 0 
7fdf0450c000-7fdf04784000 r--p 00000000 00:21 283765                     /usr/share/runtime/locale/de/lib/de_DE.utf8/LC_COLLATE
7fdf04784000-7fdf04788000 ---p 00000000 00:00 0 
7fdf04788000-7fdf04885000 rw-p 00000000 00:00 0 
7fdf04885000-7fdf04889000 ---p 00000000 00:00 0 
7fdf04889000-7fdf04d6e000 rw-p 00000000 00:00 0 
7fdf04d6e000-7fdf08786000 ---p 00000000 00:00 0 
7fdf08786000-7fdf08b7e000 rw-p 00000000 00:00 0 
7fdf08b7e000-7fdf0c596000 ---p 00000000 00:00 0 
7fdf0c596000-7fdf0c5a6000 rw-p 00000000 00:00 0 
7fdf0c5a6000-7fdf0c816000 rwxp 00000000 00:00 0 
7fdf0c816000-7fdf0cb38000 ---p 00000000 00:00 0 
7fdf0cb38000-7fdf0cda8000 rwxp 00000000 00:00 0 
7fdf0cda8000-7fdf1406f000 ---p 00000000 00:00 0 
7fdf1406f000-7fdf142df000 rwxp 00000000 00:00 0 
7fdf142df000-7fdf1b5a6000 ---p 00000000 00:00 0 
7fdf1b5a6000-7fdf24000000 r--s 00000000 00:21 724451                     /home/snoweuph/.jdks/corretto-16.0.2/lib/modules
7fdf24000000-7fdf245bf000 rw-p 00000000 00:00 0 
7fdf245bf000-7fdf28000000 ---p 00000000 00:00 0 
7fdf28001000-7fdf28002000 rw-s 14885d000 00:05 548                       /dev/dri/renderD128
7fdf28002000-7fdf28003000 rw-s 1171c6000 00:05 548                       /dev/dri/renderD128
7fdf28003000-7fdf28004000 r--p 00000000 00:21 284954                     /usr/lib/x86_64-linux-gnu/libXau.so.6.0.0
7fdf28004000-7fdf28006000 r-xp 00001000 00:21 284954                     /usr/lib/x86_64-linux-gnu/libXau.so.6.0.0
7fdf28006000-7fdf28007000 r--p 00003000 00:21 284954                     /usr/lib/x86_64-linux-gnu/libXau.so.6.0.0
7fdf28007000-7fdf28008000 r--p 00003000 00:21 284954                     /usr/lib/x86_64-linux-gnu/libXau.so.6.0.0
7fdf28008000-7fdf28009000 rw-p 00004000 00:21 284954                     /usr/lib/x86_64-linux-gnu/libXau.so.6.0.0
7fdf28009000-7fdf2800a000 rw-p 00000000 00:00 0 
7fdf2800a000-7fdf2800b000 r-xp 00053000 00:39 388                        /tmp/lwjglsnoweuph/3.3.1-build-7/liblwjgl.so
7fdf2800b000-7fdf2803d000 rw-p 00000000 00:00 0 
7fdf2803d000-7fdf28092000 r--p 00000000 00:21 283752                     /usr/share/runtime/locale/de/lib/de_DE.utf8/LC_CTYPE
7fdf28092000-7fdf28093000 r--p 00000000 00:21 283945                     /usr/share/runtime/locale/de/lib/de_DE.utf8/LC_NUMERIC
7fdf28093000-7fdf28094000 r--p 00000000 00:21 283813                     /usr/share/runtime/locale/de/lib/de_DE.utf8/LC_TIME
7fdf28094000-7fdf28095000 r--p 00000000 00:21 283876                     /usr/share/runtime/locale/de/lib/de_DE.utf8/LC_MONETARY
7fdf28095000-7fdf28096000 r--p 00000000 00:21 283674                     /usr/share/runtime/locale/de/lib/de_DE.utf8/LC_MESSAGES/SYS_LC_MESSAGES
7fdf28096000-7fdf28097000 r--p 00000000 00:21 283895                     /usr/share/runtime/locale/de/lib/de_DE.utf8/LC_PAPER
7fdf28097000-7fdf28098000 ---p 00000000 00:00 0 
7fdf28098000-7fdf282b6000 rw-p 00000000 00:00 0 
7fdf282b6000-7fdf282b7000 ---p 00000000 00:00 0 
7fdf282b7000-7fdf283b8000 rw-p 00000000 00:00 0 
7fdf283b8000-7fdf283b9000 ---p 00000000 00:00 0 
7fdf283b9000-7fdf28cc2000 rw-p 00000000 00:00 0 
7fdf28cc2000-7fdf28cc3000 ---p 00000000 00:00 0 
7fdf28cc3000-7fdf28dc4000 rw-p 00000000 00:00 0 
7fdf28dc4000-7fdf28dc5000 ---p 00000000 00:00 0 
7fdf28dc5000-7fdf28ec6000 rw-p 00000000 00:00 0 
7fdf28ec6000-7fdf28ec7000 ---p 00000000 00:00 0 
7fdf28ec7000-7fdf290c6000 rw-p 00000000 00:00 0 
7fdf290c6000-7fdf29809000 ---p 00000000 00:00 0 
7fdf29809000-7fdf29888000 rw-p 00000000 00:00 0 
7fdf29888000-7fdf29fcb000 ---p 00000000 00:00 0 
7fdf29fcb000-7fdf2a04a000 rw-p 00000000 00:00 0 
7fdf2a04a000-7fdf2a78d000 ---p 00000000 00:00 0 
7fdf2a78d000-7fdf2af9c000 rw-p 00000000 00:00 0 
7fdf2af9c000-7fdf2b082000 ---p 00000000 00:00 0 
7fdf2b082000-7fdf2b087000 rw-p 00000000 00:00 0 
7fdf2b087000-7fdf2b16d000 ---p 00000000 00:00 0 
7fdf2b16d000-7fdf2b191000 r-xp 00000000 00:21 724468                     /home/snoweuph/.jdks/corretto-16.0.2/lib/libjava.so
7fdf2b191000-7fdf2b391000 ---p 00024000 00:21 724468                     /home/snoweuph/.jdks/corretto-16.0.2/lib/libjava.so
7fdf2b391000-7fdf2b392000 r--p 00024000 00:21 724468                     /home/snoweuph/.jdks/corretto-16.0.2/lib/libjava.so
7fdf2b392000-7fdf2b393000 rw-p 00025000 00:21 724468                     /home/snoweuph/.jdks/corretto-16.0.2/lib/libjava.so
7fdf2b393000-7fdf2b394000 rw-p 00000000 00:00 0 
7fdf2b394000-7fdf2b397000 r--p 00000000 00:21 2248421                    /usr/lib/x86_64-linux-gnu/libnss_files-2.33.so
7fdf2b397000-7fdf2b39e000 r-xp 00003000 00:21 2248421                    /usr/lib/x86_64-linux-gnu/libnss_files-2.33.so
7fdf2b39e000-7fdf2b3a0000 r--p 0000a000 00:21 2248421                    /usr/lib/x86_64-linux-gnu/libnss_files-2.33.so
7fdf2b3a0000-7fdf2b3a1000 r--p 0000b000 00:21 2248421                    /usr/lib/x86_64-linux-gnu/libnss_files-2.33.so
7fdf2b3a1000-7fdf2b3a2000 rw-p 0000c000 00:21 2248421                    /usr/lib/x86_64-linux-gnu/libnss_files-2.33.so
7fdf2b3a2000-7fdf2b3a8000 rw-p 00000000 00:00 0 
7fdf2b3a8000-7fdf2b3a9000 r--p 00000000 00:21 284137                     /usr/share/runtime/locale/de/lib/de_DE.utf8/LC_NAME
7fdf2b3a9000-7fdf2b3aa000 r--p 00000000 00:21 283970                     /usr/share/runtime/locale/de/lib/de_DE.utf8/LC_ADDRESS
7fdf2b3aa000-7fdf2b3af000 rw-p 00000000 00:00 0 
7fdf2b3af000-7fdf2b3b6000 ---p 00000000 00:00 0 
7fdf2b3b6000-7fdf2b3d1000 r-xp 00000000 00:21 724470                     /home/snoweuph/.jdks/corretto-16.0.2/lib/libjimage.so
7fdf2b3d1000-7fdf2b5d0000 ---p 0001b000 00:21 724470                     /home/snoweuph/.jdks/corretto-16.0.2/lib/libjimage.so
7fdf2b5d0000-7fdf2b5d2000 r--p 0001a000 00:21 724470                     /home/snoweuph/.jdks/corretto-16.0.2/lib/libjimage.so
7fdf2b5d2000-7fdf2b5d3000 rw-p 0001c000 00:21 724470                     /home/snoweuph/.jdks/corretto-16.0.2/lib/libjimage.so
7fdf2b5d3000-7fdf2b5d5000 r--p 00000000 00:21 2247724                    /usr/lib/x86_64-linux-gnu/librt-2.33.so
7fdf2b5d5000-7fdf2b5d9000 r-xp 00002000 00:21 2247724                    /usr/lib/x86_64-linux-gnu/librt-2.33.so
7fdf2b5d9000-7fdf2b5db000 r--p 00006000 00:21 2247724                    /usr/lib/x86_64-linux-gnu/librt-2.33.so
7fdf2b5db000-7fdf2b5dc000 r--p 00007000 00:21 2247724                    /usr/lib/x86_64-linux-gnu/librt-2.33.so
7fdf2b5dc000-7fdf2b5dd000 rw-p 00008000 00:21 2247724                    /usr/lib/x86_64-linux-gnu/librt-2.33.so
7fdf2b5dd000-7fdf2b5e1000 ---p 00000000 00:00 0 
7fdf2b5e1000-7fdf2b6de000 rw-p 00000000 00:00 0 
7fdf2b6de000-7fdf2b6eb000 r--p 00000000 00:21 2246123                    /usr/lib/x86_64-linux-gnu/libm-2.33.so
7fdf2b6eb000-7fdf2b78a000 r-xp 0000d000 00:21 2246123                    /usr/lib/x86_64-linux-gnu/libm-2.33.so
7fdf2b78a000-7fdf2b825000 r--p 000ac000 00:21 2246123                    /usr/lib/x86_64-linux-gnu/libm-2.33.so
7fdf2b825000-7fdf2b826000 r--p 00146000 00:21 2246123                    /usr/lib/x86_64-linux-gnu/libm-2.33.so
7fdf2b826000-7fdf2b827000 rw-p 00147000 00:21 2246123                    /usr/lib/x86_64-linux-gnu/libm-2.33.so
7fdf2b827000-7fdf2cae3000 r-xp 00000000 00:21 724461                     /home/snoweuph/.jdks/corretto-16.0.2/lib/server/libjvm.so
7fdf2cae3000-7fdf2cce2000 ---p 012bc000 00:21 724461                     /home/snoweuph/.jdks/corretto-16.0.2/lib/server/libjvm.so
7fdf2cce2000-7fdf2cd97000 r--p 012bb000 00:21 724461                     /home/snoweuph/.jdks/corretto-16.0.2/lib/server/libjvm.so
7fdf2cd97000-7fdf2cdcb000 rw-p 01370000 00:21 724461                     /home/snoweuph/.jdks/corretto-16.0.2/lib/server/libjvm.so
7fdf2cdcb000-7fdf2ce28000 rw-p 00000000 00:00 0 
7fdf2ce28000-7fdf2ce4a000 r--p 00000000 00:21 2249850                    /usr/lib/x86_64-linux-gnu/libc-2.33.so
7fdf2ce4a000-7fdf2cfae000 r-xp 00022000 00:21 2249850                    /usr/lib/x86_64-linux-gnu/libc-2.33.so
7fdf2cfae000-7fdf2cff9000 r--p 00186000 00:21 2249850                    /usr/lib/x86_64-linux-gnu/libc-2.33.so
7fdf2cff9000-7fdf2cffd000 r--p 001d0000 00:21 2249850                    /usr/lib/x86_64-linux-gnu/libc-2.33.so
7fdf2cffd000-7fdf2cfff000 rw-p 001d4000 00:21 2249850                    /usr/lib/x86_64-linux-gnu/libc-2.33.so
7fdf2cfff000-7fdf2d008000 rw-p 00000000 00:00 0 
7fdf2d008000-7fdf2d009000 r--p 00000000 00:21 2248554                    /usr/lib/x86_64-linux-gnu/libdl-2.33.so
7fdf2d009000-7fdf2d00b000 r-xp 00001000 00:21 2248554                    /usr/lib/x86_64-linux-gnu/libdl-2.33.so
7fdf2d00b000-7fdf2d00c000 r--p 00003000 00:21 2248554                    /usr/lib/x86_64-linux-gnu/libdl-2.33.so
7fdf2d00c000-7fdf2d00d000 r--p 00003000 00:21 2248554                    /usr/lib/x86_64-linux-gnu/libdl-2.33.so
7fdf2d00d000-7fdf2d00e000 rw-p 00004000 00:21 2248554                    /usr/lib/x86_64-linux-gnu/libdl-2.33.so
7fdf2d00e000-7fdf2d014000 r--p 00000000 00:21 2248972                    /usr/lib/x86_64-linux-gnu/libpthread-2.33.so
7fdf2d014000-7fdf2d023000 r-xp 00006000 00:21 2248972                    /usr/lib/x86_64-linux-gnu/libpthread-2.33.so
7fdf2d023000-7fdf2d028000 r--p 00015000 00:21 2248972                    /usr/lib/x86_64-linux-gnu/libpthread-2.33.so
7fdf2d028000-7fdf2d029000 ---p 0001a000 00:21 2248972                    /usr/lib/x86_64-linux-gnu/libpthread-2.33.so
7fdf2d029000-7fdf2d02a000 r--p 0001a000 00:21 2248972                    /usr/lib/x86_64-linux-gnu/libpthread-2.33.so
7fdf2d02a000-7fdf2d02b000 rw-p 0001b000 00:21 2248972                    /usr/lib/x86_64-linux-gnu/libpthread-2.33.so
7fdf2d02b000-7fdf2d02f000 rw-p 00000000 00:00 0 
7fdf2d02f000-7fdf2d030000 r--p 00000000 00:21 284142                     /usr/share/runtime/locale/de/lib/de_DE.utf8/LC_TELEPHONE
7fdf2d030000-7fdf2d031000 r--p 00000000 00:21 283898                     /usr/share/runtime/locale/de/lib/de_DE.utf8/LC_MEASUREMENT
7fdf2d031000-7fdf2d032000 r--p 00000000 00:21 283698                     /usr/share/runtime/locale/de/lib/de_DE.utf8/LC_IDENTIFICATION
7fdf2d032000-7fdf2d03a000 rw-s 00000000 00:39 739                        /tmp/hsperfdata_snoweuph/2690
7fdf2d03a000-7fdf2d03b000 ---p 00000000 00:00 0 
7fdf2d03b000-7fdf2d03c000 r--p 00000000 00:00 0 
7fdf2d03c000-7fdf2d03d000 ---p 00000000 00:00 0 
7fdf2d03d000-7fdf2d056000 r-xp 00000000 00:21 724466                     /home/snoweuph/.jdks/corretto-16.0.2/lib/libjli.so
7fdf2d056000-7fdf2d255000 ---p 00019000 00:21 724466                     /home/snoweuph/.jdks/corretto-16.0.2/lib/libjli.so
7fdf2d255000-7fdf2d256000 r--p 00018000 00:21 724466                     /home/snoweuph/.jdks/corretto-16.0.2/lib/libjli.so
7fdf2d256000-7fdf2d257000 rw-p 00019000 00:21 724466                     /home/snoweuph/.jdks/corretto-16.0.2/lib/libjli.so
7fdf2d257000-7fdf2d259000 rw-p 00000000 00:00 0 
7fdf2d259000-7fdf2d25a000 r--p 00000000 00:21 2246395                    /usr/lib/x86_64-linux-gnu/ld-2.33.so
7fdf2d25a000-7fdf2d280000 r-xp 00001000 00:21 2246395                    /usr/lib/x86_64-linux-gnu/ld-2.33.so
7fdf2d280000-7fdf2d289000 r--p 00027000 00:21 2246395                    /usr/lib/x86_64-linux-gnu/ld-2.33.so
7fdf2d289000-7fdf2d28b000 r--p 0002f000 00:21 2246395                    /usr/lib/x86_64-linux-gnu/ld-2.33.so
7fdf2d28b000-7fdf2d28d000 rw-p 00031000 00:21 2246395                    /usr/lib/x86_64-linux-gnu/ld-2.33.so
7ffce4d5c000-7ffce4d7f000 rw-p 00000000 00:00 0                          [stack]
7ffce4db2000-7ffce4db6000 r--p 00000000 00:00 0                          [vvar]
7ffce4db6000-7ffce4db8000 r-xp 00000000 00:00 0                          [vdso]
ffffffffff600000-ffffffffff601000 --xp 00000000 00:00 0                  [vsyscall]


VM Arguments:
jvm_args: -Dfile.encoding=UTF-8 -Duser.country=DE -Duser.language=de -Duser.variant 
java_command: org.euph.Main
java_class_path (initial): /home/snoweuph/Git/GameEngine/GameEngine/build/classes/java/main:/home/snoweuph/Git/GameEngine/GameEngine/build/resources/main:/home/snoweuph/.gradle/caches/modules-2/files-2.1/org.lwjgl/lwjgl-assimp/3.3.1/312072f451794f25670aebb0160ce6ec88aff842/lwjgl-assimp-3.3.1.jar:/home/snoweuph/.gradle/caches/modules-2/files-2.1/org.lwjgl/lwjgl-assimp/3.3.1/79fdb4d7fc27bc61579eb3803c8c389b8e57af1f/lwjgl-assimp-3.3.1-natives-linux.jar:/home/snoweuph/.gradle/caches/modules-2/files-2.1/org.lwjgl/lwjgl-bgfx/3.3.1/4243b7d255d885980f10c36edfb678729493685e/lwjgl-bgfx-3.3.1.jar:/home/snoweuph/.gradle/caches/modules-2/files-2.1/org.lwjgl/lwjgl-bgfx/3.3.1/6ae3c5e24f748c6e4d0f2a724bfdbf9d5a7ec6b6/lwjgl-bgfx-3.3.1-natives-linux.jar:/home/snoweuph/.gradle/caches/modules-2/files-2.1/org.lwjgl/lwjgl-glfw/3.3.1/cbac1b8d30cb4795149c1ef540f912671a8616d0/lwjgl-glfw-3.3.1.jar:/home/snoweuph/.gradle/caches/modules-2/files-2.1/org.lwjgl/lwjgl-glfw/3.3.1/81716978214ecbda15050ca394b06ef61501a49e/lwjgl-glfw-3.3.1-natives-linux.jar:/home/snoweuph/.gradle/caches/modules-2/files-2.1/org.lwjgl/lwjgl-libdivide/3.3.1/ed21d21e4f3d508908ef1a23d885e73983f244ea/lwjgl-libdivide-3.3.1.jar:/home/snoweuph/.gradle/caches/modules-2/files-2.1/org.lwjgl/lwjgl-libdivide/3.3.1/c4312cccbfae5fea8f9e3f72b367c3a0af6b20a2/lwjgl-libdivide-3.3.1-natives-linux.jar:/home/snoweuph/.gradle/caches/modules-2/files-2.1/org.lwjgl/lwjgl-meshoptimizer/3.3.1/8cc3325a9bba8beba08190f909a6f0003d96ad8f/lwjgl-meshoptimizer-3.3.1.jar:/home/snoweuph/.gradle/caches/modules-2/files-2.1/org.lwjgl/lwjgl-meshoptimizer/3.3.1/b881a520004d291093c2540e2f398f4c2173e8a8/lwjgl-meshoptimizer-3.3.1-natives-linux.jar:/home/snoweuph/.gradle/caches/modules-2/files-2.1/org.lwjgl/lwjgl-nfd/3.3.1/622318116996ddcff449b46cb38f0fdee39b8ac3/lwjgl-nfd-3.3.1.jar:/home/snoweuph/.gradle/caches/modules-2/files-2.1/org.lwjgl/lwjgl-nfd/3.3.1/2e007667e04ed3281152ae5c6e677fb1c2211691/lwjgl-nfd-3.3.1-natives-linux.jar:/home/snoweuph/.gradle/caches/mo
Launcher Type: SUN_STANDARD

[Global flags]
     intx CICompilerCount                          = 4                                         {product} {ergonomic}
     uint ConcGCThreads                            = 2                                         {product} {ergonomic}
     uint G1ConcRefinementThreads                  = 8                                         {product} {ergonomic}
   size_t G1HeapRegionSize                         = 2097152                                   {product} {ergonomic}
    uintx GCDrainStackTargetSize                   = 64                                        {product} {ergonomic}
   size_t InitialHeapSize                          = 262144000                                 {product} {ergonomic}
   size_t MarkStackSize                            = 4194304                                   {product} {ergonomic}
   size_t MaxHeapSize                              = 4164943872                                {product} {ergonomic}
   size_t MaxNewSize                               = 2497708032                                {product} {ergonomic}
   size_t MinHeapDeltaBytes                        = 2097152                                   {product} {ergonomic}
   size_t MinHeapSize                              = 8388608                                   {product} {ergonomic}
    uintx NonNMethodCodeHeapSize                   = 5839372                                {pd product} {ergonomic}
    uintx NonProfiledCodeHeapSize                  = 122909434                              {pd product} {ergonomic}
    uintx ProfiledCodeHeapSize                     = 122909434                              {pd product} {ergonomic}
    uintx ReservedCodeCacheSize                    = 251658240                              {pd product} {ergonomic}
     bool SegmentedCodeCache                       = true                                      {product} {ergonomic}
   size_t SoftMaxHeapSize                          = 4164943872                             {manageable} {ergonomic}
     bool UseCompressedClassPointers               = true                           {product lp64_product} {ergonomic}
     bool UseCompressedOops                        = true                           {product lp64_product} {ergonomic}
     bool UseG1GC                                  = true                                      {product} {ergonomic}

Logging:
Log output configuration:
 #0: stdout all=warning uptime,level,tags
 #1: stderr all=off uptime,level,tags

Environment Variables:
PATH=/app/bin:/usr/bin
LD_LIBRARY_PATH=
SHELL=/bin/sh
DISPLAY=:99.0
LANG=de_DE.UTF-8

Signal Handlers:
SIGSEGV: [libjvm.so+0xf67e20], sa_mask[0]=11100100010111111101111111111110, sa_flags=SA_RESTART|SA_SIGINFO
SIGBUS: [libjvm.so+0xf67e20], sa_mask[0]=11100100010111111101111111111110, sa_flags=SA_RESTART|SA_SIGINFO
SIGFPE: [libjvm.so+0xf67e20], sa_mask[0]=11100100010111111101111111111110, sa_flags=SA_RESTART|SA_SIGINFO
SIGPIPE: [libjvm.so+0xe05b30], sa_mask[0]=11100100010111111101111111111110, sa_flags=SA_RESTART|SA_SIGINFO
SIGXFSZ: [libjvm.so+0xe05b30], sa_mask[0]=11100100010111111101111111111110, sa_flags=SA_RESTART|SA_SIGINFO
SIGILL: [libjvm.so+0xf67e20], sa_mask[0]=11100100010111111101111111111110, sa_flags=SA_RESTART|SA_SIGINFO
SIGUSR2: [libjvm.so+0xe05200], sa_mask[0]=00100000000000000000000000000000, sa_flags=SA_RESTART|SA_SIGINFO
SIGHUP: [libjvm.so+0xe05140], sa_mask[0]=11100100010111111101111111111110, sa_flags=SA_RESTART|SA_SIGINFO
SIGINT: [libjvm.so+0xe05140], sa_mask[0]=11100100010111111101111111111110, sa_flags=SA_RESTART|SA_SIGINFO
SIGTERM: [libjvm.so+0xe05140], sa_mask[0]=11100100010111111101111111111110, sa_flags=SA_RESTART|SA_SIGINFO
SIGQUIT: [libjvm.so+0xe05140], sa_mask[0]=11100100010111111101111111111110, sa_flags=SA_RESTART|SA_SIGINFO
SIGTRAP: [libjvm.so+0xf67e20], sa_mask[0]=11100100010111111101111111111110, sa_flags=SA_RESTART|SA_SIGINFO


---------------  S Y S T E M  ---------------

OS:
NAME=Freedesktop.org
VERSION="21.08.14 (Flatpak runtime)"
VERSION_ID=21.08.14
ID=org.freedesktop.platform
PRETTY_NAME="Freedesktop.org 21.08.14 (Flatpak runtime)"
BUG_REPORT_URL=https://gitlab.com/freedesktop-sdk/freedesktop-sdk/issues
uname: Linux 5.17.5-300.fc36.x86_64 #1 SMP PREEMPT Thu Apr 28 15:51:30 UTC 2022 x86_64
OS uptime: 0 days 0:31 hours
libc: glibc 2.33 NPTL 2.33 
rlimit (soft/hard): STACK 8192k/infinity , CORE infinity/infinity , NPROC 63055/63055 , NOFILE 1048576/1048576 , AS infinity/infinity , CPU infinity/infinity , DATA infinity/infinity , FSIZE infinity/infinity , MEMLOCK 8192k/8192k
load average: 9,89 7,35 4,68

/proc/meminfo:
MemTotal:       16262536 kB
MemFree:          862992 kB
MemAvailable:    7619576 kB
Buffers:           16948 kB
Cached:          6886288 kB
SwapCached:           28 kB
Active:          3201272 kB
Inactive:       10805632 kB
Active(anon):      17884 kB
Inactive(anon):  7207796 kB
Active(file):    3183388 kB
Inactive(file):  3597836 kB
Unevictable:        4812 kB
Mlocked:            4812 kB
SwapTotal:       8388604 kB
SwapFree:        8384252 kB
Dirty:             11536 kB
Writeback:             0 kB
AnonPages:       7108516 kB
Mapped:          1698608 kB
Shmem:            122012 kB
KReclaimable:     310744 kB
Slab:             638904 kB
SReclaimable:     310744 kB
SUnreclaim:       328160 kB
KernelStack:       30784 kB
PageTables:        66600 kB
NFS_Unstable:          0 kB
Bounce:                0 kB
WritebackTmp:          0 kB
CommitLimit:    16519872 kB
Committed_AS:   15968172 kB
VmallocTotal:   34359738367 kB
VmallocUsed:      208688 kB
VmallocChunk:          0 kB
Percpu:            47488 kB
HardwareCorrupted:     0 kB
AnonHugePages:    120832 kB
ShmemHugePages:        0 kB
ShmemPmdMapped:        0 kB
FileHugePages:         0 kB
FilePmdMapped:         0 kB
CmaTotal:              0 kB
CmaFree:               0 kB
HugePages_Total:       0
HugePages_Free:        0
HugePages_Rsvd:        0
HugePages_Surp:        0
Hugepagesize:       2048 kB
Hugetlb:               0 kB
DirectMap4k:     1375992 kB
DirectMap2M:    15224832 kB
DirectMap1G:     1048576 kB

/sys/kernel/mm/transparent_hugepage/enabled: <Not Available>
/sys/kernel/mm/transparent_hugepage/defrag (defrag/compaction efforts parameter): <Not Available>

Process Memory:
Virtual Size: 8105296K (peak: 8170556K)
Resident Set Size: 89992K (peak: 89992K) (anon: 31408K, file: 57848K, shmem: 736K)
Swapped out: 0K
C-Heap outstanding allocations: 8677K

/proc/sys/kernel/threads-max (system-wide limit on the number of threads): 126110
/proc/sys/vm/max_map_count (maximum number of memory map areas a process may have): 65530
/proc/sys/kernel/pid_max (system-wide limit on number of process identifiers): 4194304

Steal ticks since vm start: 0
Steal ticks percentage since vm start:  0,000

CPU: total 8 (initial active 8) (8 cores per cpu, 2 threads per core) family 23 model 1 stepping 1 microcode 0x8001138, cx8, cmov, fxsr, ht, mmx, 3dnowpref, sse, sse2, sse3, ssse3, sse4a, sse4.1, sse4.2, popcnt, lzcnt, tsc, tscinvbit, avx, avx2, aes, clmul, bmi1, bmi2, adx, sha, fma, vzeroupper, clflush, clflushopt
CPU Model and flags from /proc/cpuinfo:
model name	: AMD Ryzen 5 1400 Quad-Core Processor
flags		: fpu vme de pse tsc msr pae mce cx8 apic sep mtrr pge mca cmov pat pse36 clflush mmx fxsr sse sse2 ht syscall nx mmxext fxsr_opt pdpe1gb rdtscp lm constant_tsc rep_good nopl nonstop_tsc cpuid extd_apicid aperfmperf rapl pni pclmulqdq monitor ssse3 fma cx16 sse4_1 sse4_2 movbe popcnt aes xsave avx f16c rdrand lahf_lm cmp_legacy svm extapic cr8_legacy abm sse4a misalignsse 3dnowprefetch osvw skinit wdt tce topoext perfctr_core perfctr_nb bpext perfctr_llc mwaitx cpb hw_pstate ssbd ibpb vmmcall fsgsbase bmi1 avx2 smep bmi2 rdseed adx smap clflushopt sha_ni xsaveopt xsavec xgetbv1 xsaves clzero irperf xsaveerptr arat npt lbrv svm_lock nrip_save tsc_scale vmcb_clean flushbyasid decodeassists pausefilter pfthreshold avic v_vmsave_vmload vgif overflow_recov succor smca sme sev

Online cpus: 0-7
Offline cpus: 8-31
BIOS frequency limitation: 2500000
Frequency switch latency (ns): 0
Available cpu frequencies: 2500000 2250000 1550000 
Current governor: schedutil
Core performance/turbo boost: 0

Memory: 4k page, physical 16262536k(862488k free), swap 8388604k(8384252k free)

vm_info: OpenJDK 64-Bit Server VM (16.0.2+7) for linux-amd64 JRE (16.0.2+7), built on Jul 22 2021 01:08:17 by "jenkins" with gcc 7.3.1 20180303 (Red Hat 7.3.1-5)

END.
