#
# A fatal error has been detected by the Java Runtime Environment:
#
#  SIGSEGV (0xb) at pc=0x00007f3509e6af7d, pid=3012, tid=3018
#
# JRE version: OpenJDK Runtime Environment Corretto-16.0.2.7.1 (16.0.2+7) (build 16.0.2+7)
# Java VM: OpenJDK 64-Bit Server VM Corretto-16.0.2.7.1 (16.0.2+7, mixed mode, sharing, tiered, compressed oops, compressed class ptrs, g1 gc, linux-amd64)
# Problematic frame:
# C  [liblwjgl_remotery.so+0x1f7d]
#
# Core dump will be written. Default location: Core dumps may be processed with "/usr/lib/systemd/systemd-coredump %P %u %g %s %t %c %h" (or dumping to /home/snoweuph/Git/GameEngine/GameEngine/core.3012)
#
# If you would like to submit a bug report, please visit:
#   https://github.com/corretto/corretto-jdk/issues/
# The crash happened outside the Java Virtual Machine in native code.
# See problematic frame for where to report the bug.
#

---------------  S U M M A R Y ------------

Command Line: -Dfile.encoding=UTF-8 -Duser.country=DE -Duser.language=de -Duser.variant org.euph.Main

Host: AMD Ryzen 5 1400 Quad-Core Processor, 8 cores, 15G, Freedesktop.org 21.08.14 (Flatpak runtime)
Time: Thu Jul 28 23:17:07 2022 CEST elapsed time: 5.368038 seconds (0d 0h 0m 5s)

---------------  T H R E A D  ---------------

Current thread (0x00007f3544023ee0):  JavaThread "main" [_thread_in_native, id=3018, stack(0x00007f3548f6c000,0x00007f354906d000)]

Stack: [0x00007f3548f6c000,0x00007f354906d000],  sp=0x00007f354906b760,  free space=1021k
Native frames: (J=compiled Java code, A=aot compiled Java code, j=interpreted, Vv=VM code, C=native code)
C  [liblwjgl_remotery.so+0x1f7d]

Java frames: (J=compiled Java code, j=interpreted, Vv=VM code)
j  org.lwjgl.util.remotery.Remotery.nrmt_DestroyGlobalInstance(J)V+0
j  org.lwjgl.util.remotery.Remotery.rmt_DestroyGlobalInstance(J)V+12
j  org.euph.Main.main([Ljava/lang/String;)V+95
v  ~StubRoutines::call_stub

siginfo: si_signo: 11 (SIGSEGV), si_code: 1 (SEGV_MAPERR), si_addr: 0x0000000000000048

Register to memory mapping:

RAX=0x0 is NULL
RBX=0x00007f35447013c0 points into unknown readable memory: 0x00007f3544707bd0 | d0 7b 70 44 35 7f 00 00
RCX=0x00007f3544000038 points into unknown readable memory: 0x0000000000000000 | 00 00 00 00 00 00 00 00
RDX=0x00007f35447013c0 points into unknown readable memory: 0x00007f3544707bd0 | d0 7b 70 44 35 7f 00 00
RSP=0x00007f354906b760 is pointing into the stack for thread: 0x00007f3544023ee0
RBP=0x00007f3544707bd0 points into unknown readable memory: 0x00007f35447080e0 | e0 80 70 44 35 7f 00 00
RSI=0x00007f3544657bf8 points into unknown readable memory: 0x0000000200000001 | 01 00 00 00 02 00 00 00
RDI=0x0000000000000002 is an unknown value
R8 =0x0000000000000007 is an unknown value
R9 =0x00007f35446636f0 points into unknown readable memory: 0x00007f354444fdc0 | c0 fd 44 44 35 7f 00 00
R10=0x0 is NULL
R11=0x0000000000000246 is an unknown value
R12=0x00007f35446636a0 points into unknown readable memory: 0x00007f3544663c00 | 00 3c 66 44 35 7f 00 00
R13=0x00007f35444c05b0 points into unknown readable memory: 0x00007f35444bc2e8 | e8 c2 4b 44 35 7f 00 00
R14=0x00007f35444c05d0 points into unknown readable memory: 0x0000000000000000 | 00 00 00 00 00 00 00 00
R15=0x00007f3544023ee0 is a thread


Registers:
RAX=0x0000000000000000, RBX=0x00007f35447013c0, RCX=0x00007f3544000038, RDX=0x00007f35447013c0
RSP=0x00007f354906b760, RBP=0x00007f3544707bd0, RSI=0x00007f3544657bf8, RDI=0x0000000000000002
R8 =0x0000000000000007, R9 =0x00007f35446636f0, R10=0x0000000000000000, R11=0x0000000000000246
R12=0x00007f35446636a0, R13=0x00007f35444c05b0, R14=0x00007f35444c05d0, R15=0x00007f3544023ee0
RIP=0x00007f3509e6af7d, EFLAGS=0x0000000000010202, CSGSFS=0x002b000000000033, ERR=0x0000000000000004
  TRAPNO=0x000000000000000e

Top of Stack: (sp=0x00007f354906b760)
0x00007f354906b760:   00007f3544663c00 00007f3509e6dea6
0x00007f354906b770:   00007f35444c0860 00007f35444c0870
0x00007f354906b780:   0000000000000003 00007f3509e7100e
0x00007f354906b790:   00007f35444bc2e0 00007f35444cafa0 

Instructions: (pc=0x00007f3509e6af7d)
0x00007f3509e6ae7d:   39 c9 75 df e9 67 ff ff ff 66 2e 0f 1f 84 00 00
0x00007f3509e6ae8d:   00 00 00 b8 97 01 00 00 c3 66 2e 0f 1f 84 00 00
0x00007f3509e6ae9d:   00 00 00 b8 94 01 00 00 c3 49 89 f8 0f 1f 80 00
0x00007f3509e6aead:   00 00 00 41 c6 00 00 31 c0 c3 66 0f 1f 84 00 00
0x00007f3509e6aebd:   00 00 00 c6 00 00 31 c0 c3 66 2e 0f 1f 84 00 00
0x00007f3509e6aecd:   00 00 00 b8 23 00 00 00 48 c7 07 00 00 00 00 c7
0x00007f3509e6aedd:   47 08 00 00 00 00 66 89 47 14 48 c7 47 0c 00 00
0x00007f3509e6aeed:   00 00 31 c0 c6 47 1b 00 48 c7 47 20 00 00 00 00
0x00007f3509e6aefd:   48 c7 47 28 00 00 00 00 48 c7 47 30 00 00 00 00
0x00007f3509e6af0d:   48 c7 47 38 00 00 00 00 c7 47 40 00 00 00 00 48
0x00007f3509e6af1d:   c7 47 48 00 00 00 00 48 c7 47 50 00 00 00 00 48
0x00007f3509e6af2d:   c7 47 58 00 00 00 00 48 c7 47 60 00 00 00 00 48
0x00007f3509e6af3d:   c7 47 68 00 00 00 00 c3 90 66 2e 0f 1f 84 00 00
0x00007f3509e6af4d:   00 00 00 f3 c3 0f 1f 40 00 66 2e 0f 1f 84 00 00
0x00007f3509e6af5d:   00 00 00 48 8b 77 70 48 85 f6 74 37 48 8b 05 28
0x00007f3509e6af6d:   f3 20 00 53 48 89 fb 48 83 c6 08 bf 02 00 00 00
0x00007f3509e6af7d:   48 8b 40 48 ff 50 18 48 8b 73 70 48 8b 3d e9 f2
0x00007f3509e6af8d:   20 00 ff 15 db f2 20 00 48 c7 43 70 00 00 00 00
0x00007f3509e6af9d:   5b c3 90 f3 c3 0f 1f 40 00 66 2e 0f 1f 84 00 00
0x00007f3509e6afad:   00 00 00 55 53 b8 23 00 00 00 48 89 fb be 18 00
0x00007f3509e6afbd:   00 00 48 83 ec 08 48 c7 07 00 00 00 00 48 c7 47
0x00007f3509e6afcd:   0c 00 00 00 00 66 89 47 14 c6 47 1b 00 48 c7 47
0x00007f3509e6afdd:   20 00 00 00 00 48 c7 47 28 00 00 00 00 48 c7 47
0x00007f3509e6afed:   30 00 00 00 00 48 c7 47 38 00 00 00 00 c7 47 40
0x00007f3509e6affd:   00 00 00 00 48 c7 47 48 00 00 00 00 48 c7 47 50
0x00007f3509e6b00d:   00 00 00 00 48 c7 47 58 00 00 00 00 48 c7 47 60
0x00007f3509e6b01d:   00 00 00 00 48 c7 47 68 00 00 00 00 c7 47 08 03
0x00007f3509e6b02d:   00 00 00 48 8b 3d 41 f2 20 00 ff 15 23 f2 20 00
0x00007f3509e6b03d:   48 85 c0 48 89 43 70 74 73 48 89 c5 48 c7 00 00
0x00007f3509e6b04d:   00 00 00 48 c7 40 08 00 00 00 00 48 c7 40 10 00
0x00007f3509e6b05d:   00 00 00 eb 18 0f 1f 40 00 66 2e 0f 1f 84 00 00
0x00007f3509e6b06d:   00 00 00 ff d0 85 c0 0f 84 a6 00 00 00 48 8b 05 


Stack slot to memory mapping:
stack at sp + 0 slots: 0x00007f3544663c00 points into unknown readable memory: 0x0000000700000078 | 78 00 00 00 07 00 00 00
stack at sp + 1 slots: 0x00007f3509e6dea6: <offset 0x0000000000004ea6> in /tmp/lwjglsnoweuph/3.3.1-build-7/liblwjgl_remotery.so at 0x00007f3509e69000
stack at sp + 2 slots: 0x00007f35444c0860 points into unknown readable memory: 0x00007f35446636a0 | a0 36 66 44 35 7f 00 00
stack at sp + 3 slots: 0x00007f35444c0870 points into unknown readable memory: 0x0000000000000000 | 00 00 00 00 00 00 00 00
stack at sp + 4 slots: 0x0000000000000003 is an unknown value
stack at sp + 5 slots: 0x00007f3509e7100e: <offset 0x000000000000800e> in /tmp/lwjglsnoweuph/3.3.1-build-7/liblwjgl_remotery.so at 0x00007f3509e69000
stack at sp + 6 slots: 0x00007f35444bc2e0 points into unknown readable memory: 0x00007f35444ac2f0 | f0 c2 4a 44 35 7f 00 00
stack at sp + 7 slots: 0x00007f35444cafa0 points into unknown readable memory: 0x00007f354447deb0 | b0 de 47 44 35 7f 00 00


---------------  P R O C E S S  ---------------

Threads class SMR info:
_java_thread_list=0x00007f35441c3770, length=11, elements={
0x00007f3544023ee0, 0x00007f3544177c60, 0x00007f35441791e0, 0x00007f35441a6140,
0x00007f35441a7690, 0x00007f35441a8bb0, 0x00007f35441aa690, 0x00007f35441abcf0,
0x00007f35441b5280, 0x00007f35441bca70, 0x00007f35441c2670
}

Java Threads: ( => current thread )
=>0x00007f3544023ee0 JavaThread "main" [_thread_in_native, id=3018, stack(0x00007f3548f6c000,0x00007f354906d000)]
  0x00007f3544177c60 JavaThread "Reference Handler" daemon [_thread_blocked, id=3025, stack(0x00007f35202aa000,0x00007f35203ab000)]
  0x00007f35441791e0 JavaThread "Finalizer" daemon [_thread_blocked, id=3026, stack(0x00007f35201a9000,0x00007f35202aa000)]
  0x00007f35441a6140 JavaThread "Signal Dispatcher" daemon [_thread_blocked, id=3027, stack(0x00007f352004f000,0x00007f3520150000)]
  0x00007f35441a7690 JavaThread "Service Thread" daemon [_thread_blocked, id=3028, stack(0x00007f350b487000,0x00007f350b588000)]
  0x00007f35441a8bb0 JavaThread "Monitor Deflation Thread" daemon [_thread_blocked, id=3029, stack(0x00007f350b386000,0x00007f350b487000)]
  0x00007f35441aa690 JavaThread "C2 CompilerThread0" daemon [_thread_blocked, id=3030, stack(0x00007f350b285000,0x00007f350b386000)]
  0x00007f35441abcf0 JavaThread "C1 CompilerThread0" daemon [_thread_blocked, id=3031, stack(0x00007f350b184000,0x00007f350b285000)]
  0x00007f35441b5280 JavaThread "Sweeper thread" daemon [_thread_blocked, id=3032, stack(0x00007f350b083000,0x00007f350b184000)]
  0x00007f35441bca70 JavaThread "Notification Thread" daemon [_thread_blocked, id=3033, stack(0x00007f350af82000,0x00007f350b083000)]
  0x00007f35441c2670 JavaThread "Common-Cleaner" daemon [_thread_blocked, id=3035, stack(0x00007f350ad7f000,0x00007f350ae80000)]

Other Threads:
  0x00007f35441756a0 VMThread "VM Thread" [stack: 0x00007f35203ad000,0x00007f35204ad000] [id=3024]
  0x00007f35441be540 WatcherThread [stack: 0x00007f350ae82000,0x00007f350af82000] [id=3034]
  0x00007f35440738d0 GCTaskThread "GC Thread#0" [stack: 0x00007f3523140000,0x00007f3523240000] [id=3019]
  0x00007f3544084880 ConcurrentGCThread "G1 Main Marker" [stack: 0x00007f352303e000,0x00007f352313e000] [id=3020]
  0x00007f3544085910 ConcurrentGCThread "G1 Conc#0" [stack: 0x00007f3522f3c000,0x00007f352303c000] [id=3021]
  0x00007f354413b610 ConcurrentGCThread "G1 Refine#0" [stack: 0x00007f3520632000,0x00007f3520732000] [id=3022]
  0x00007f354413c630 ConcurrentGCThread "G1 Service" [stack: 0x00007f3520530000,0x00007f3520630000] [id=3023]

Threads with active compile tasks:

VM state: not at safepoint (normal execution)

VM Mutex/Monitor currently owned by a thread: None

Heap address: 0x0000000707c00000, size: 3972 MB, Compressed Oops mode: Zero based, Oop shift amount: 3

CDS archive(s) mapped at: [0x0000000800000000-0x0000000800bf7000-0x0000000800bf7000), size 12546048, SharedBaseAddress: 0x0000000800000000, ArchiveRelocationMode: 0.
Compressed class space mapped at: 0x0000000800c00000-0x0000000840c00000, reserved size: 1073741824
Narrow klass base: 0x0000000800000000, Narrow klass shift: 3, Narrow klass range: 0x100000000

GC Precious Log:
 CPUs: 8 total, 8 available
 Memory: 15881M
 Large Page Support: Disabled
 NUMA Support: Disabled
 Compressed Oops: Enabled (Zero based)
 Heap Region Size: 2M
 Heap Min Capacity: 8M
 Heap Initial Capacity: 250M
 Heap Max Capacity: 3972M
 Pre-touch: Disabled
 Parallel Workers: 8
 Concurrent Workers: 2
 Concurrent Refinement Workers: 8
 Periodic GC: Disabled

Heap:
 garbage-first heap   total 260096K, used 10232K [0x0000000707c00000, 0x0000000800000000)
  region size 2048K, 5 young (10240K), 0 survivors (0K)
 Metaspace       used 3017K, committed 3200K, reserved 1056768K
  class space    used 181K, committed 256K, reserved 1048576K

Heap Regions: E=young(eden), S=young(survivor), O=old, HS=humongous(starts), HC=humongous(continues), CS=collection set, F=free, OA=open archive, CA=closed archive, TAMS=top-at-mark-start (previous, next)
|   0|0x0000000707c00000, 0x0000000707c00000, 0x0000000707e00000|  0%| F|  |TAMS 0x0000000707c00000, 0x0000000707c00000| Untracked 
|   1|0x0000000707e00000, 0x0000000707e00000, 0x0000000708000000|  0%| F|  |TAMS 0x0000000707e00000, 0x0000000707e00000| Untracked 
|   2|0x0000000708000000, 0x0000000708000000, 0x0000000708200000|  0%| F|  |TAMS 0x0000000708000000, 0x0000000708000000| Untracked 
|   3|0x0000000708200000, 0x0000000708200000, 0x0000000708400000|  0%| F|  |TAMS 0x0000000708200000, 0x0000000708200000| Untracked 
|   4|0x0000000708400000, 0x0000000708400000, 0x0000000708600000|  0%| F|  |TAMS 0x0000000708400000, 0x0000000708400000| Untracked 
|   5|0x0000000708600000, 0x0000000708600000, 0x0000000708800000|  0%| F|  |TAMS 0x0000000708600000, 0x0000000708600000| Untracked 
|   6|0x0000000708800000, 0x0000000708800000, 0x0000000708a00000|  0%| F|  |TAMS 0x0000000708800000, 0x0000000708800000| Untracked 
|   7|0x0000000708a00000, 0x0000000708a00000, 0x0000000708c00000|  0%| F|  |TAMS 0x0000000708a00000, 0x0000000708a00000| Untracked 
|   8|0x0000000708c00000, 0x0000000708c00000, 0x0000000708e00000|  0%| F|  |TAMS 0x0000000708c00000, 0x0000000708c00000| Untracked 
|   9|0x0000000708e00000, 0x0000000708e00000, 0x0000000709000000|  0%| F|  |TAMS 0x0000000708e00000, 0x0000000708e00000| Untracked 
|  10|0x0000000709000000, 0x0000000709000000, 0x0000000709200000|  0%| F|  |TAMS 0x0000000709000000, 0x0000000709000000| Untracked 
|  11|0x0000000709200000, 0x0000000709200000, 0x0000000709400000|  0%| F|  |TAMS 0x0000000709200000, 0x0000000709200000| Untracked 
|  12|0x0000000709400000, 0x0000000709400000, 0x0000000709600000|  0%| F|  |TAMS 0x0000000709400000, 0x0000000709400000| Untracked 
|  13|0x0000000709600000, 0x0000000709600000, 0x0000000709800000|  0%| F|  |TAMS 0x0000000709600000, 0x0000000709600000| Untracked 
|  14|0x0000000709800000, 0x0000000709800000, 0x0000000709a00000|  0%| F|  |TAMS 0x0000000709800000, 0x0000000709800000| Untracked 
|  15|0x0000000709a00000, 0x0000000709a00000, 0x0000000709c00000|  0%| F|  |TAMS 0x0000000709a00000, 0x0000000709a00000| Untracked 
|  16|0x0000000709c00000, 0x0000000709c00000, 0x0000000709e00000|  0%| F|  |TAMS 0x0000000709c00000, 0x0000000709c00000| Untracked 
|  17|0x0000000709e00000, 0x0000000709e00000, 0x000000070a000000|  0%| F|  |TAMS 0x0000000709e00000, 0x0000000709e00000| Untracked 
|  18|0x000000070a000000, 0x000000070a000000, 0x000000070a200000|  0%| F|  |TAMS 0x000000070a000000, 0x000000070a000000| Untracked 
|  19|0x000000070a200000, 0x000000070a200000, 0x000000070a400000|  0%| F|  |TAMS 0x000000070a200000, 0x000000070a200000| Untracked 
|  20|0x000000070a400000, 0x000000070a400000, 0x000000070a600000|  0%| F|  |TAMS 0x000000070a400000, 0x000000070a400000| Untracked 
|  21|0x000000070a600000, 0x000000070a600000, 0x000000070a800000|  0%| F|  |TAMS 0x000000070a600000, 0x000000070a600000| Untracked 
|  22|0x000000070a800000, 0x000000070a800000, 0x000000070aa00000|  0%| F|  |TAMS 0x000000070a800000, 0x000000070a800000| Untracked 
|  23|0x000000070aa00000, 0x000000070aa00000, 0x000000070ac00000|  0%| F|  |TAMS 0x000000070aa00000, 0x000000070aa00000| Untracked 
|  24|0x000000070ac00000, 0x000000070ac00000, 0x000000070ae00000|  0%| F|  |TAMS 0x000000070ac00000, 0x000000070ac00000| Untracked 
|  25|0x000000070ae00000, 0x000000070ae00000, 0x000000070b000000|  0%| F|  |TAMS 0x000000070ae00000, 0x000000070ae00000| Untracked 
|  26|0x000000070b000000, 0x000000070b000000, 0x000000070b200000|  0%| F|  |TAMS 0x000000070b000000, 0x000000070b000000| Untracked 
|  27|0x000000070b200000, 0x000000070b200000, 0x000000070b400000|  0%| F|  |TAMS 0x000000070b200000, 0x000000070b200000| Untracked 
|  28|0x000000070b400000, 0x000000070b400000, 0x000000070b600000|  0%| F|  |TAMS 0x000000070b400000, 0x000000070b400000| Untracked 
|  29|0x000000070b600000, 0x000000070b600000, 0x000000070b800000|  0%| F|  |TAMS 0x000000070b600000, 0x000000070b600000| Untracked 
|  30|0x000000070b800000, 0x000000070b800000, 0x000000070ba00000|  0%| F|  |TAMS 0x000000070b800000, 0x000000070b800000| Untracked 
|  31|0x000000070ba00000, 0x000000070ba00000, 0x000000070bc00000|  0%| F|  |TAMS 0x000000070ba00000, 0x000000070ba00000| Untracked 
|  32|0x000000070bc00000, 0x000000070bc00000, 0x000000070be00000|  0%| F|  |TAMS 0x000000070bc00000, 0x000000070bc00000| Untracked 
|  33|0x000000070be00000, 0x000000070be00000, 0x000000070c000000|  0%| F|  |TAMS 0x000000070be00000, 0x000000070be00000| Untracked 
|  34|0x000000070c000000, 0x000000070c000000, 0x000000070c200000|  0%| F|  |TAMS 0x000000070c000000, 0x000000070c000000| Untracked 
|  35|0x000000070c200000, 0x000000070c200000, 0x000000070c400000|  0%| F|  |TAMS 0x000000070c200000, 0x000000070c200000| Untracked 
|  36|0x000000070c400000, 0x000000070c400000, 0x000000070c600000|  0%| F|  |TAMS 0x000000070c400000, 0x000000070c400000| Untracked 
|  37|0x000000070c600000, 0x000000070c600000, 0x000000070c800000|  0%| F|  |TAMS 0x000000070c600000, 0x000000070c600000| Untracked 
|  38|0x000000070c800000, 0x000000070c800000, 0x000000070ca00000|  0%| F|  |TAMS 0x000000070c800000, 0x000000070c800000| Untracked 
|  39|0x000000070ca00000, 0x000000070ca00000, 0x000000070cc00000|  0%| F|  |TAMS 0x000000070ca00000, 0x000000070ca00000| Untracked 
|  40|0x000000070cc00000, 0x000000070cc00000, 0x000000070ce00000|  0%| F|  |TAMS 0x000000070cc00000, 0x000000070cc00000| Untracked 
|  41|0x000000070ce00000, 0x000000070ce00000, 0x000000070d000000|  0%| F|  |TAMS 0x000000070ce00000, 0x000000070ce00000| Untracked 
|  42|0x000000070d000000, 0x000000070d000000, 0x000000070d200000|  0%| F|  |TAMS 0x000000070d000000, 0x000000070d000000| Untracked 
|  43|0x000000070d200000, 0x000000070d200000, 0x000000070d400000|  0%| F|  |TAMS 0x000000070d200000, 0x000000070d200000| Untracked 
|  44|0x000000070d400000, 0x000000070d400000, 0x000000070d600000|  0%| F|  |TAMS 0x000000070d400000, 0x000000070d400000| Untracked 
|  45|0x000000070d600000, 0x000000070d600000, 0x000000070d800000|  0%| F|  |TAMS 0x000000070d600000, 0x000000070d600000| Untracked 
|  46|0x000000070d800000, 0x000000070d800000, 0x000000070da00000|  0%| F|  |TAMS 0x000000070d800000, 0x000000070d800000| Untracked 
|  47|0x000000070da00000, 0x000000070da00000, 0x000000070dc00000|  0%| F|  |TAMS 0x000000070da00000, 0x000000070da00000| Untracked 
|  48|0x000000070dc00000, 0x000000070dc00000, 0x000000070de00000|  0%| F|  |TAMS 0x000000070dc00000, 0x000000070dc00000| Untracked 
|  49|0x000000070de00000, 0x000000070de00000, 0x000000070e000000|  0%| F|  |TAMS 0x000000070de00000, 0x000000070de00000| Untracked 
|  50|0x000000070e000000, 0x000000070e000000, 0x000000070e200000|  0%| F|  |TAMS 0x000000070e000000, 0x000000070e000000| Untracked 
|  51|0x000000070e200000, 0x000000070e200000, 0x000000070e400000|  0%| F|  |TAMS 0x000000070e200000, 0x000000070e200000| Untracked 
|  52|0x000000070e400000, 0x000000070e400000, 0x000000070e600000|  0%| F|  |TAMS 0x000000070e400000, 0x000000070e400000| Untracked 
|  53|0x000000070e600000, 0x000000070e600000, 0x000000070e800000|  0%| F|  |TAMS 0x000000070e600000, 0x000000070e600000| Untracked 
|  54|0x000000070e800000, 0x000000070e800000, 0x000000070ea00000|  0%| F|  |TAMS 0x000000070e800000, 0x000000070e800000| Untracked 
|  55|0x000000070ea00000, 0x000000070ea00000, 0x000000070ec00000|  0%| F|  |TAMS 0x000000070ea00000, 0x000000070ea00000| Untracked 
|  56|0x000000070ec00000, 0x000000070ec00000, 0x000000070ee00000|  0%| F|  |TAMS 0x000000070ec00000, 0x000000070ec00000| Untracked 
|  57|0x000000070ee00000, 0x000000070ee00000, 0x000000070f000000|  0%| F|  |TAMS 0x000000070ee00000, 0x000000070ee00000| Untracked 
|  58|0x000000070f000000, 0x000000070f000000, 0x000000070f200000|  0%| F|  |TAMS 0x000000070f000000, 0x000000070f000000| Untracked 
|  59|0x000000070f200000, 0x000000070f200000, 0x000000070f400000|  0%| F|  |TAMS 0x000000070f200000, 0x000000070f200000| Untracked 
|  60|0x000000070f400000, 0x000000070f400000, 0x000000070f600000|  0%| F|  |TAMS 0x000000070f400000, 0x000000070f400000| Untracked 
|  61|0x000000070f600000, 0x000000070f600000, 0x000000070f800000|  0%| F|  |TAMS 0x000000070f600000, 0x000000070f600000| Untracked 
|  62|0x000000070f800000, 0x000000070f800000, 0x000000070fa00000|  0%| F|  |TAMS 0x000000070f800000, 0x000000070f800000| Untracked 
|  63|0x000000070fa00000, 0x000000070fa00000, 0x000000070fc00000|  0%| F|  |TAMS 0x000000070fa00000, 0x000000070fa00000| Untracked 
|  64|0x000000070fc00000, 0x000000070fc00000, 0x000000070fe00000|  0%| F|  |TAMS 0x000000070fc00000, 0x000000070fc00000| Untracked 
|  65|0x000000070fe00000, 0x000000070fe00000, 0x0000000710000000|  0%| F|  |TAMS 0x000000070fe00000, 0x000000070fe00000| Untracked 
|  66|0x0000000710000000, 0x0000000710000000, 0x0000000710200000|  0%| F|  |TAMS 0x0000000710000000, 0x0000000710000000| Untracked 
|  67|0x0000000710200000, 0x0000000710200000, 0x0000000710400000|  0%| F|  |TAMS 0x0000000710200000, 0x0000000710200000| Untracked 
|  68|0x0000000710400000, 0x0000000710400000, 0x0000000710600000|  0%| F|  |TAMS 0x0000000710400000, 0x0000000710400000| Untracked 
|  69|0x0000000710600000, 0x0000000710600000, 0x0000000710800000|  0%| F|  |TAMS 0x0000000710600000, 0x0000000710600000| Untracked 
|  70|0x0000000710800000, 0x0000000710800000, 0x0000000710a00000|  0%| F|  |TAMS 0x0000000710800000, 0x0000000710800000| Untracked 
|  71|0x0000000710a00000, 0x0000000710a00000, 0x0000000710c00000|  0%| F|  |TAMS 0x0000000710a00000, 0x0000000710a00000| Untracked 
|  72|0x0000000710c00000, 0x0000000710c00000, 0x0000000710e00000|  0%| F|  |TAMS 0x0000000710c00000, 0x0000000710c00000| Untracked 
|  73|0x0000000710e00000, 0x0000000710e00000, 0x0000000711000000|  0%| F|  |TAMS 0x0000000710e00000, 0x0000000710e00000| Untracked 
|  74|0x0000000711000000, 0x0000000711000000, 0x0000000711200000|  0%| F|  |TAMS 0x0000000711000000, 0x0000000711000000| Untracked 
|  75|0x0000000711200000, 0x0000000711200000, 0x0000000711400000|  0%| F|  |TAMS 0x0000000711200000, 0x0000000711200000| Untracked 
|  76|0x0000000711400000, 0x0000000711400000, 0x0000000711600000|  0%| F|  |TAMS 0x0000000711400000, 0x0000000711400000| Untracked 
|  77|0x0000000711600000, 0x0000000711600000, 0x0000000711800000|  0%| F|  |TAMS 0x0000000711600000, 0x0000000711600000| Untracked 
|  78|0x0000000711800000, 0x0000000711800000, 0x0000000711a00000|  0%| F|  |TAMS 0x0000000711800000, 0x0000000711800000| Untracked 
|  79|0x0000000711a00000, 0x0000000711a00000, 0x0000000711c00000|  0%| F|  |TAMS 0x0000000711a00000, 0x0000000711a00000| Untracked 
|  80|0x0000000711c00000, 0x0000000711c00000, 0x0000000711e00000|  0%| F|  |TAMS 0x0000000711c00000, 0x0000000711c00000| Untracked 
|  81|0x0000000711e00000, 0x0000000711e00000, 0x0000000712000000|  0%| F|  |TAMS 0x0000000711e00000, 0x0000000711e00000| Untracked 
|  82|0x0000000712000000, 0x0000000712000000, 0x0000000712200000|  0%| F|  |TAMS 0x0000000712000000, 0x0000000712000000| Untracked 
|  83|0x0000000712200000, 0x0000000712200000, 0x0000000712400000|  0%| F|  |TAMS 0x0000000712200000, 0x0000000712200000| Untracked 
|  84|0x0000000712400000, 0x0000000712400000, 0x0000000712600000|  0%| F|  |TAMS 0x0000000712400000, 0x0000000712400000| Untracked 
|  85|0x0000000712600000, 0x0000000712600000, 0x0000000712800000|  0%| F|  |TAMS 0x0000000712600000, 0x0000000712600000| Untracked 
|  86|0x0000000712800000, 0x0000000712800000, 0x0000000712a00000|  0%| F|  |TAMS 0x0000000712800000, 0x0000000712800000| Untracked 
|  87|0x0000000712a00000, 0x0000000712a00000, 0x0000000712c00000|  0%| F|  |TAMS 0x0000000712a00000, 0x0000000712a00000| Untracked 
|  88|0x0000000712c00000, 0x0000000712c00000, 0x0000000712e00000|  0%| F|  |TAMS 0x0000000712c00000, 0x0000000712c00000| Untracked 
|  89|0x0000000712e00000, 0x0000000712e00000, 0x0000000713000000|  0%| F|  |TAMS 0x0000000712e00000, 0x0000000712e00000| Untracked 
|  90|0x0000000713000000, 0x0000000713000000, 0x0000000713200000|  0%| F|  |TAMS 0x0000000713000000, 0x0000000713000000| Untracked 
|  91|0x0000000713200000, 0x0000000713200000, 0x0000000713400000|  0%| F|  |TAMS 0x0000000713200000, 0x0000000713200000| Untracked 
|  92|0x0000000713400000, 0x0000000713400000, 0x0000000713600000|  0%| F|  |TAMS 0x0000000713400000, 0x0000000713400000| Untracked 
|  93|0x0000000713600000, 0x0000000713600000, 0x0000000713800000|  0%| F|  |TAMS 0x0000000713600000, 0x0000000713600000| Untracked 
|  94|0x0000000713800000, 0x0000000713800000, 0x0000000713a00000|  0%| F|  |TAMS 0x0000000713800000, 0x0000000713800000| Untracked 
|  95|0x0000000713a00000, 0x0000000713a00000, 0x0000000713c00000|  0%| F|  |TAMS 0x0000000713a00000, 0x0000000713a00000| Untracked 
|  96|0x0000000713c00000, 0x0000000713c00000, 0x0000000713e00000|  0%| F|  |TAMS 0x0000000713c00000, 0x0000000713c00000| Untracked 
|  97|0x0000000713e00000, 0x0000000713e00000, 0x0000000714000000|  0%| F|  |TAMS 0x0000000713e00000, 0x0000000713e00000| Untracked 
|  98|0x0000000714000000, 0x0000000714000000, 0x0000000714200000|  0%| F|  |TAMS 0x0000000714000000, 0x0000000714000000| Untracked 
|  99|0x0000000714200000, 0x0000000714200000, 0x0000000714400000|  0%| F|  |TAMS 0x0000000714200000, 0x0000000714200000| Untracked 
| 100|0x0000000714400000, 0x0000000714400000, 0x0000000714600000|  0%| F|  |TAMS 0x0000000714400000, 0x0000000714400000| Untracked 
| 101|0x0000000714600000, 0x0000000714600000, 0x0000000714800000|  0%| F|  |TAMS 0x0000000714600000, 0x0000000714600000| Untracked 
| 102|0x0000000714800000, 0x0000000714800000, 0x0000000714a00000|  0%| F|  |TAMS 0x0000000714800000, 0x0000000714800000| Untracked 
| 103|0x0000000714a00000, 0x0000000714a00000, 0x0000000714c00000|  0%| F|  |TAMS 0x0000000714a00000, 0x0000000714a00000| Untracked 
| 104|0x0000000714c00000, 0x0000000714c00000, 0x0000000714e00000|  0%| F|  |TAMS 0x0000000714c00000, 0x0000000714c00000| Untracked 
| 105|0x0000000714e00000, 0x0000000714e00000, 0x0000000715000000|  0%| F|  |TAMS 0x0000000714e00000, 0x0000000714e00000| Untracked 
| 106|0x0000000715000000, 0x0000000715000000, 0x0000000715200000|  0%| F|  |TAMS 0x0000000715000000, 0x0000000715000000| Untracked 
| 107|0x0000000715200000, 0x0000000715200000, 0x0000000715400000|  0%| F|  |TAMS 0x0000000715200000, 0x0000000715200000| Untracked 
| 108|0x0000000715400000, 0x0000000715400000, 0x0000000715600000|  0%| F|  |TAMS 0x0000000715400000, 0x0000000715400000| Untracked 
| 109|0x0000000715600000, 0x0000000715600000, 0x0000000715800000|  0%| F|  |TAMS 0x0000000715600000, 0x0000000715600000| Untracked 
| 110|0x0000000715800000, 0x0000000715800000, 0x0000000715a00000|  0%| F|  |TAMS 0x0000000715800000, 0x0000000715800000| Untracked 
| 111|0x0000000715a00000, 0x0000000715a00000, 0x0000000715c00000|  0%| F|  |TAMS 0x0000000715a00000, 0x0000000715a00000| Untracked 
| 112|0x0000000715c00000, 0x0000000715c00000, 0x0000000715e00000|  0%| F|  |TAMS 0x0000000715c00000, 0x0000000715c00000| Untracked 
| 113|0x0000000715e00000, 0x0000000715e00000, 0x0000000716000000|  0%| F|  |TAMS 0x0000000715e00000, 0x0000000715e00000| Untracked 
| 114|0x0000000716000000, 0x0000000716000000, 0x0000000716200000|  0%| F|  |TAMS 0x0000000716000000, 0x0000000716000000| Untracked 
| 115|0x0000000716200000, 0x0000000716200000, 0x0000000716400000|  0%| F|  |TAMS 0x0000000716200000, 0x0000000716200000| Untracked 
| 116|0x0000000716400000, 0x0000000716400000, 0x0000000716600000|  0%| F|  |TAMS 0x0000000716400000, 0x0000000716400000| Untracked 
| 117|0x0000000716600000, 0x0000000716600000, 0x0000000716800000|  0%| F|  |TAMS 0x0000000716600000, 0x0000000716600000| Untracked 
| 118|0x0000000716800000, 0x0000000716800000, 0x0000000716a00000|  0%| F|  |TAMS 0x0000000716800000, 0x0000000716800000| Untracked 
| 119|0x0000000716a00000, 0x0000000716a00000, 0x0000000716c00000|  0%| F|  |TAMS 0x0000000716a00000, 0x0000000716a00000| Untracked 
| 120|0x0000000716c00000, 0x0000000716d3fd88, 0x0000000716e00000| 62%| E|  |TAMS 0x0000000716c00000, 0x0000000716c00000| Complete 
| 121|0x0000000716e00000, 0x0000000717000000, 0x0000000717000000|100%| E|CS|TAMS 0x0000000716e00000, 0x0000000716e00000| Complete 
| 122|0x0000000717000000, 0x0000000717200000, 0x0000000717200000|100%| E|CS|TAMS 0x0000000717000000, 0x0000000717000000| Complete 
| 123|0x0000000717200000, 0x0000000717400000, 0x0000000717400000|100%| E|CS|TAMS 0x0000000717200000, 0x0000000717200000| Complete 
| 124|0x0000000717400000, 0x0000000717600000, 0x0000000717600000|100%| E|CS|TAMS 0x0000000717400000, 0x0000000717400000| Complete 
|1984|0x00000007ffc00000, 0x00000007ffd76000, 0x00000007ffe00000| 73%|OA|  |TAMS 0x00000007ffc00000, 0x00000007ffc00000| Untracked 
|1985|0x00000007ffe00000, 0x00000007ffe88000, 0x0000000800000000| 26%|CA|  |TAMS 0x00000007ffe00000, 0x00000007ffe00000| Untracked 

Card table byte_map: [0x00007f352b622000,0x00007f352bde4000] _byte_map_base: 0x00007f3527de4000

Marking Bits (Prev, Next): (CMBitMap*) 0x00007f3544074480, (CMBitMap*) 0x00007f35440744c0
 Prev Bits: [0x00007f3527050000, 0x00007f352ae60000)
 Next Bits: [0x00007f3523240000, 0x00007f3527050000)

Polling page: 0x00007f354a9c9000

Metaspace:

Usage:
  Non-class:      2,77 MB used.
      Class:    181,50 KB used.
       Both:      2,95 MB used.

Virtual space:
  Non-class space:        8,00 MB reserved,       2,88 MB ( 36%) committed,  1 nodes.
      Class space:        1,00 GB reserved,     256,00 KB ( <1%) committed,  1 nodes.
              Both:        1,01 GB reserved,       3,12 MB ( <1%) committed. 

Chunk freelists:
   Non-Class:  2,54 MB
       Class:  3,63 MB
        Both:  6,17 MB

MaxMetaspaceSize: 17179869184,00 GB
CompressedClassSpaceSize: 1,00 GB
 - commit_granule_bytes: 65536.
 - commit_granule_words: 8192.
 - virtual_space_node_default_size: 1048576.
 - enlarge_chunks_in_place: 1.
 - new_chunks_are_fully_committed: 0.
 - uncommit_free_chunks: 1.
 - use_allocation_guard: 0.
 - handle_deallocations: 1.


Internal statistics:

num_allocs_failed_limit: 0.
num_arena_births: 82.
num_arena_deaths: 0.
num_vsnodes_births: 2.
num_vsnodes_deaths: 0.
num_space_committed: 48.
num_space_uncommitted: 0.
num_chunks_returned_to_freelist: 0.
num_chunks_taken_from_freelist: 162.
num_chunk_merges: 0.
num_chunk_splits: 96.
num_chunks_enlarged: 62.
num_purges: 0.

CodeHeap 'non-profiled nmethods': size=120028Kb used=211Kb max_used=211Kb free=119816Kb
 bounds [0x00007f353406f000, 0x00007f35342df000, 0x00007f353b5a6000]
CodeHeap 'profiled nmethods': size=120028Kb used=1085Kb max_used=1085Kb free=118942Kb
 bounds [0x00007f352cb38000, 0x00007f352cda8000, 0x00007f353406f000]
CodeHeap 'non-nmethods': size=5704Kb used=1522Kb max_used=1536Kb free=4181Kb
 bounds [0x00007f352c5a6000, 0x00007f352c816000, 0x00007f352cb38000]
 total_blobs=1647 nmethods=722 adapters=839
 compilation: enabled
              stopped_count=0, restarted_count=0
 full_count=0

Compilation events (20 events):
Event: 3,951 Thread 0x00007f35441abcf0  710       3       jdk.internal.math.FloatingDecimal$BinaryToASCIIBuffer::getChars (502 bytes)
Event: 3,954 Thread 0x00007f35441abcf0 nmethod 710 0x00007f352cc41290 code [0x00007f352cc41540, 0x00007f352cc42570]
Event: 3,954 Thread 0x00007f35441abcf0  711       3       java.lang.invoke.LambdaForm$MH/0x0000000800c1d800::invoke (27 bytes)
Event: 3,954 Thread 0x00007f35441abcf0 nmethod 711 0x00007f352cc42c10 code [0x00007f352cc42de0, 0x00007f352cc43270]
Event: 3,954 Thread 0x00007f35441abcf0  712       3       java.lang.invoke.DirectMethodHandle$Holder::invokeStatic (17 bytes)
Event: 3,955 Thread 0x00007f35441abcf0 nmethod 712 0x00007f352cc43390 code [0x00007f352cc43560, 0x00007f352cc439b0]
Event: 3,955 Thread 0x00007f35441abcf0  713       3       java.lang.invoke.DirectMethodHandle$Holder::invokeStatic (14 bytes)
Event: 3,955 Thread 0x00007f35441abcf0 nmethod 713 0x00007f352cc43b10 code [0x00007f352cc43ce0, 0x00007f352cc440d0]
Event: 3,955 Thread 0x00007f35441abcf0  714       3       java.lang.invoke.LambdaForm$MH/0x0000000800c1cc00::invoke (32 bytes)
Event: 3,956 Thread 0x00007f35441abcf0 nmethod 714 0x00007f352cc44210 code [0x00007f352cc443e0, 0x00007f352cc448b0]
Event: 3,956 Thread 0x00007f35441abcf0  715       3       java.lang.invoke.DirectMethodHandle$Holder::invokeStatic (21 bytes)
Event: 3,956 Thread 0x00007f35441abcf0 nmethod 715 0x00007f352cc44a10 code [0x00007f352cc44be0, 0x00007f352cc45070]
Event: 3,956 Thread 0x00007f35441abcf0  716       3       java.lang.StringConcatHelper::prepend (22 bytes)
Event: 3,957 Thread 0x00007f35441abcf0 nmethod 716 0x00007f352cc45190 code [0x00007f352cc45340, 0x00007f352cc454d0]
Event: 3,957 Thread 0x00007f35441abcf0  717       3       java.lang.invoke.DirectMethodHandle$Holder::invokeStatic (17 bytes)
Event: 3,957 Thread 0x00007f35441abcf0 nmethod 717 0x00007f352cc45590 code [0x00007f352cc45760, 0x00007f352cc45c10]
Event: 4,471 Thread 0x00007f35441abcf0  718       3       jdk.internal.math.FloatingDecimal$BinaryToASCIIBuffer::roundup (104 bytes)
Event: 4,472 Thread 0x00007f35441abcf0 nmethod 718 0x00007f352cc45d10 code [0x00007f352cc45ee0, 0x00007f352cc46230]
Event: 4,839 Thread 0x00007f35441abcf0  719   !   3       org.lwjgl.util.remotery.Remotery::rmt_LogText (44 bytes)
Event: 4,840 Thread 0x00007f35441abcf0 nmethod 719 0x00007f352cc46390 code [0x00007f352cc465e0, 0x00007f352cc47110]

GC Heap History (0 events):
No events

Deoptimization events (18 events):
Event: 0,146 Thread 0x00007f3544023ee0 DEOPT PACKING pc=0x00007f352cb3f75a sp=0x00007f3549067ad0
Event: 0,146 Thread 0x00007f3544023ee0 DEOPT UNPACKING pc=0x00007f352c5f3bba sp=0x00007f3549066f10 mode 0
Event: 0,154 Thread 0x00007f3544023ee0 DEOPT PACKING pc=0x00007f352cb39d4e sp=0x00007f3549068710
Event: 0,154 Thread 0x00007f3544023ee0 DEOPT UNPACKING pc=0x00007f352c5f3bba sp=0x00007f3549067ba8 mode 0
Event: 0,172 Thread 0x00007f3544023ee0 Uncommon trap: trap_request=0xffffff45 fr.pc=0x00007f35340748fc relative=0x000000000000005c
Event: 0,172 Thread 0x00007f3544023ee0 Uncommon trap: reason=unstable_if action=reinterpret pc=0x00007f35340748fc method=java.lang.String.isLatin1()Z @ 10 c2
Event: 0,172 Thread 0x00007f3544023ee0 DEOPT PACKING pc=0x00007f35340748fc sp=0x00007f3549068ec0
Event: 0,172 Thread 0x00007f3544023ee0 DEOPT UNPACKING pc=0x00007f352c5f3424 sp=0x00007f3549068e70 mode 2
Event: 0,182 Thread 0x00007f3544023ee0 DEOPT PACKING pc=0x00007f352cb3bc6e sp=0x00007f35490646a0
Event: 0,182 Thread 0x00007f3544023ee0 DEOPT UNPACKING pc=0x00007f352c5f3bba sp=0x00007f3549063b38 mode 0
Event: 0,374 Thread 0x00007f3544023ee0 Uncommon trap: trap_request=0xffffff54 fr.pc=0x00007f3534099080 relative=0x0000000000000060
Event: 0,374 Thread 0x00007f3544023ee0 Uncommon trap: reason=speculate_null_assert action=make_not_entrant pc=0x00007f3534099080 method=sun.misc.Unsafe.putLong(Ljava/lang/Object;JJ)V @ 7 c2
Event: 0,374 Thread 0x00007f3544023ee0 DEOPT PACKING pc=0x00007f3534099080 sp=0x00007f354906b340
Event: 0,374 Thread 0x00007f3544023ee0 DEOPT UNPACKING pc=0x00007f352c5f3424 sp=0x00007f354906b2d8 mode 2
Event: 0,375 Thread 0x00007f3544023ee0 Uncommon trap: trap_request=0xffffff54 fr.pc=0x00007f3534099f7c relative=0x000000000000005c
Event: 0,375 Thread 0x00007f3544023ee0 Uncommon trap: reason=speculate_null_assert action=make_not_entrant pc=0x00007f3534099f7c method=sun.misc.Unsafe.getLong(Ljava/lang/Object;J)J @ 5 c2
Event: 0,375 Thread 0x00007f3544023ee0 DEOPT PACKING pc=0x00007f3534099f7c sp=0x00007f354906b200
Event: 0,375 Thread 0x00007f3544023ee0 DEOPT UNPACKING pc=0x00007f352c5f3424 sp=0x00007f354906b1a8 mode 2

Classes unloaded (0 events):
No events

Classes redefined (0 events):
No events

Internal exceptions (18 events):
Event: 0,112 Thread 0x00007f3544023ee0 Exception <a 'java/lang/NoSuchMethodError'{0x0000000717319580}: 'java.lang.Object java.lang.invoke.DirectMethodHandle$Holder.invokeStatic(java.lang.Object)'> (0x0000000717319580) 
thrown [./src/hotspot/share/interpreter/linkResolver.cpp, line 790]
Event: 0,112 Thread 0x00007f3544023ee0 Exception <a 'java/lang/NoSuchMethodError'{0x000000071731ccd0}: 'java.lang.Object java.lang.invoke.DirectMethodHandle$Holder.invokeStaticInit(java.lang.Object)'> (0x000000071731ccd0) 
thrown [./src/hotspot/share/interpreter/linkResolver.cpp, line 790]
Event: 0,123 Thread 0x00007f3544023ee0 Exception <a 'java/lang/NoSuchMethodError'{0x00000007173847a8}: 'void java.lang.invoke.DirectMethodHandle$Holder.invokeStatic(java.lang.Object, java.lang.Object)'> (0x00000007173847a8) 
thrown [./src/hotspot/share/interpreter/linkResolver.cpp, line 790]
Event: 0,124 Thread 0x00007f3544023ee0 Exception <a 'java/lang/NoSuchMethodError'{0x0000000717389bd8}: 'void java.lang.invoke.DirectMethodHandle$Holder.invokeSpecial(java.lang.Object, java.lang.Object, java.lang.Object)'> (0x0000000717389bd8) 
thrown [./src/hotspot/share/interpreter/linkResolver.cpp, line 790]
Event: 0,127 Thread 0x00007f3544023ee0 Exception <a 'java/lang/NoSuchMethodError'{0x0000000717003d70}: 'java.lang.Object java.lang.invoke.DirectMethodHandle$Holder.invokeStatic(java.lang.Object, java.lang.Object, int)'> (0x0000000717003d70) 
thrown [./src/hotspot/share/interpreter/linkResolver.cpp, line 790]
Event: 0,128 Thread 0x00007f3544023ee0 Exception <a 'java/lang/NoSuchMethodError'{0x000000071700fee0}: 'void java.lang.invoke.DelegatingMethodHandle$Holder.delegate(java.lang.Object, java.lang.Object, int, java.lang.Object)'> (0x000000071700fee0) 
thrown [./src/hotspot/share/interpreter/linkResolver.cpp, line 790]
Event: 0,129 Thread 0x00007f3544023ee0 Exception <a 'java/lang/NoSuchMethodError'{0x0000000717014208}: 'int java.lang.invoke.DirectMethodHandle$Holder.invokeSpecial(java.lang.Object, java.lang.Object, java.lang.Object)'> (0x0000000717014208) 
thrown [./src/hotspot/share/interpreter/linkResolver.cpp, line 790]
Event: 0,159 Thread 0x00007f3544023ee0 Exception <a 'sun/nio/fs/UnixException'{0x00000007170caec8}> (0x00000007170caec8) 
thrown [./src/hotspot/share/prims/jni.cpp, line 579]
Event: 0,185 Thread 0x00007f3544023ee0 Exception <a 'java/lang/NoSuchMethodError'{0x000000071717b3f0}: 'int java.lang.invoke.DirectMethodHandle$Holder.invokeStaticInit(java.lang.Object, java.lang.Object, int, long)'> (0x000000071717b3f0) 
thrown [./src/hotspot/share/interpreter/linkResolver.cpp, line 790]
Event: 0,185 Thread 0x00007f3544023ee0 Exception <a 'java/lang/NoSuchMethodError'{0x0000000717180ec0}: 'java.lang.Object java.lang.invoke.DirectMethodHandle$Holder.newInvokeSpecial(java.lang.Object, java.lang.Object, int)'> (0x0000000717180ec0) 
thrown [./src/hotspot/share/interpreter/linkResolver.cpp, line 790]
Event: 0,190 Thread 0x00007f3544023ee0 Exception <a 'java/lang/NoSuchMethodError'{0x0000000717193490}: 'int java.lang.invoke.DirectMethodHandle$Holder.invokeStaticInit(java.lang.Object, java.lang.Object, long, long)'> (0x0000000717193490) 
thrown [./src/hotspot/share/interpreter/linkResolver.cpp, line 790]
Event: 0,193 Thread 0x00007f3544023ee0 Exception <a 'java/lang/NoSuchMethodError'{0x0000000717199838}: 'java.lang.Object java.lang.invoke.DirectMethodHandle$Holder.newInvokeSpecial(java.lang.Object, java.lang.Object, long)'> (0x0000000717199838) 
thrown [./src/hotspot/share/interpreter/linkResolver.cpp, line 790]
Event: 0,193 Thread 0x00007f3544023ee0 Exception <a 'java/lang/NoSuchMethodError'{0x000000071719d990}: 'java.lang.Object java.lang.invoke.Invokers$Holder.linkToTargetMethod(java.lang.Object, long, java.lang.Object)'> (0x000000071719d990) 
thrown [./src/hotspot/share/interpreter/linkResolver.cpp, line 790]
Event: 0,194 Thread 0x00007f3544023ee0 Exception <a 'java/lang/NoSuchMethodError'{0x00000007171a5438}: 'int java.lang.invoke.DirectMethodHandle$Holder.invokeStaticInit(java.lang.Object, java.lang.Object, java.lang.Object, long)'> (0x00000007171a5438) 
thrown [./src/hotspot/share/interpreter/linkResolver.cpp, line 790]
Event: 0,216 Thread 0x00007f3544023ee0 Exception <a 'sun/nio/fs/UnixException'{0x0000000716e99df8}> (0x0000000716e99df8) 
thrown [./src/hotspot/share/prims/jni.cpp, line 579]
Event: 0,249 Thread 0x00007f3544023ee0 Exception <a 'sun/nio/fs/UnixException'{0x0000000716f1eb18}> (0x0000000716f1eb18) 
thrown [./src/hotspot/share/prims/jni.cpp, line 579]
Event: 0,340 Thread 0x00007f3544023ee0 Exception <a 'sun/nio/fs/UnixException'{0x0000000716f7e498}> (0x0000000716f7e498) 
thrown [./src/hotspot/share/prims/jni.cpp, line 579]
Event: 0,342 Thread 0x00007f3544023ee0 Exception <a 'sun/nio/fs/UnixException'{0x0000000716f8f320}> (0x0000000716f8f320) 
thrown [./src/hotspot/share/prims/jni.cpp, line 579]

Events (20 events):
Event: 0,195 loading class java/nio/InvalidMarkException
Event: 0,195 loading class java/nio/InvalidMarkException done
Event: 0,196 loading class java/nio/BufferUnderflowException
Event: 0,196 loading class java/nio/BufferUnderflowException done
Event: 0,217 loading class java/lang/NoSuchFieldError
Event: 0,217 loading class java/lang/NoSuchFieldError done
Event: 0,220 loading class jdk/internal/reflect/UnsafeQualifiedStaticIntegerFieldAccessorImpl
Event: 0,221 loading class jdk/internal/reflect/UnsafeQualifiedStaticIntegerFieldAccessorImpl done
Event: 0,225 loading class jdk/internal/misc/ScopedMemoryAccess$Scope
Event: 0,225 loading class jdk/internal/misc/ScopedMemoryAccess$Scope done
Event: 0,250 Loaded shared library /tmp/lwjglsnoweuph/3.3.1-build-7/liblwjgl_remotery.so
Event: 0,340 Loaded shared library /tmp/lwjglsnoweuph/3.3.1-build-7/liblwjgl_opengl.so
Event: 1,153 Executing  VM operation: Cleanup
Event: 1,153 Executing  VM operation: Cleanup done
Event: 3,153 Executing  VM operation: Cleanup
Event: 3,154 Executing  VM operation: Cleanup done
Event: 4,154 Executing  VM operation: Cleanup
Event: 4,154 Executing  VM operation: Cleanup done
Event: 5,154 Executing  VM operation: Cleanup
Event: 5,154 Executing  VM operation: Cleanup done


Dynamic libraries:
707c00000-717600000 rw-p 00000000 00:00 0 
717600000-7ffc00000 ---p 00000000 00:00 0 
7ffc00000-7ffd00000 rw-p 00000000 00:00 0 
7ffd00000-7ffd76000 rw-p 00cb8000 00:21 724464                           /home/snoweuph/.jdks/corretto-16.0.2/lib/server/classes.jsa
7ffd76000-7ffe00000 rw-p 00000000 00:00 0 
7ffe00000-7ffe88000 rw-p 00c30000 00:21 724464                           /home/snoweuph/.jdks/corretto-16.0.2/lib/server/classes.jsa
7ffe88000-800000000 rw-p 00000000 00:00 0 
800000000-800003000 rwxp 00001000 00:21 724464                           /home/snoweuph/.jdks/corretto-16.0.2/lib/server/classes.jsa
800003000-80043c000 rw-p 00004000 00:21 724464                           /home/snoweuph/.jdks/corretto-16.0.2/lib/server/classes.jsa
80043c000-800bf7000 r--p 0043d000 00:21 724464                           /home/snoweuph/.jdks/corretto-16.0.2/lib/server/classes.jsa
800bf7000-800c00000 ---p 00000000 00:00 0 
800c00000-800c20000 rw-p 00000000 00:00 0 
800c20000-800c40000 ---p 00000000 00:00 0 
800c40000-800c60000 rw-p 00000000 00:00 0 
800c60000-840c00000 ---p 00000000 00:00 0 
564463800000-564463801000 r-xp 00000000 00:21 724575                     /home/snoweuph/.jdks/corretto-16.0.2/bin/java
564463a01000-564463a02000 r--p 00001000 00:21 724575                     /home/snoweuph/.jdks/corretto-16.0.2/bin/java
564463a02000-564463a03000 rw-p 00002000 00:21 724575                     /home/snoweuph/.jdks/corretto-16.0.2/bin/java
564463fce000-564463fef000 rw-p 00000000 00:00 0                          [heap]
7f3488000000-7f3488021000 rw-p 00000000 00:00 0 
7f3488021000-7f348c000000 ---p 00000000 00:00 0 
7f3490000000-7f3490021000 rw-p 00000000 00:00 0 
7f3490021000-7f3494000000 ---p 00000000 00:00 0 
7f3494000000-7f3494021000 rw-p 00000000 00:00 0 
7f3494021000-7f3498000000 ---p 00000000 00:00 0 
7f3498000000-7f3498021000 rw-p 00000000 00:00 0 
7f3498021000-7f349c000000 ---p 00000000 00:00 0 
7f34a0000000-7f34a0021000 rw-p 00000000 00:00 0 
7f34a0021000-7f34a4000000 ---p 00000000 00:00 0 
7f34a4000000-7f34a4021000 rw-p 00000000 00:00 0 
7f34a4021000-7f34a8000000 ---p 00000000 00:00 0 
7f34a8000000-7f34a805a000 rw-p 00000000 00:00 0 
7f34a805a000-7f34ac000000 ---p 00000000 00:00 0 
7f34ac000000-7f34ac021000 rw-p 00000000 00:00 0 
7f34ac021000-7f34b0000000 ---p 00000000 00:00 0 
7f34b0000000-7f34b0082000 rw-p 00000000 00:00 0 
7f34b0082000-7f34b4000000 ---p 00000000 00:00 0 
7f34b4000000-7f34b4082000 rw-p 00000000 00:00 0 
7f34b4082000-7f34b8000000 ---p 00000000 00:00 0 
7f34b8000000-7f34b808e000 rw-p 00000000 00:00 0 
7f34b808e000-7f34bc000000 ---p 00000000 00:00 0 
7f34bc000000-7f34bc021000 rw-p 00000000 00:00 0 
7f34bc021000-7f34c0000000 ---p 00000000 00:00 0 
7f34c05a2000-7f34c05f8000 r-xp 00000000 00:39 1206                       /tmp/lwjglsnoweuph/3.3.1-build-7/liblwjgl_opengl.so
7f34c05f8000-7f34c07f7000 ---p 00056000 00:39 1206                       /tmp/lwjglsnoweuph/3.3.1-build-7/liblwjgl_opengl.so
7f34c07f7000-7f34c07f8000 r--p 00055000 00:39 1206                       /tmp/lwjglsnoweuph/3.3.1-build-7/liblwjgl_opengl.so
7f34c07f8000-7f34c07f9000 rw-p 00056000 00:39 1206                       /tmp/lwjglsnoweuph/3.3.1-build-7/liblwjgl_opengl.so
7f34c4000000-7f34c4021000 rw-p 00000000 00:00 0 
7f34c4021000-7f34c8000000 ---p 00000000 00:00 0 
7f34c81f5000-7f34c8919000 r--p 00000000 00:21 283095                     /usr/lib/x86_64-linux-gnu/GL/default/lib/libLLVM-12.so
7f34c8919000-7f34cace0000 r-xp 00724000 00:21 283095                     /usr/lib/x86_64-linux-gnu/GL/default/lib/libLLVM-12.so
7f34cace0000-7f34cbcf9000 r--p 02aeb000 00:21 283095                     /usr/lib/x86_64-linux-gnu/GL/default/lib/libLLVM-12.so
7f34cbcf9000-7f34cbf97000 r--p 03b03000 00:21 283095                     /usr/lib/x86_64-linux-gnu/GL/default/lib/libLLVM-12.so
7f34cbf97000-7f34cbf9f000 rw-p 03da1000 00:21 283095                     /usr/lib/x86_64-linux-gnu/GL/default/lib/libLLVM-12.so
7f34cbf9f000-7f34cc000000 rw-p 00000000 00:00 0 
7f34cc000000-7f34cc021000 rw-p 00000000 00:00 0 
7f34cc021000-7f34d0000000 ---p 00000000 00:00 0 
7f34d17c3000-7f34d17c4000 ---p 00000000 00:00 0 
7f34d17c4000-7f34d1fc4000 rw-p 00000000 00:00 0 
7f34d1fc4000-7f34d1fd3000 r--p 00000000 00:21 295902                     /usr/lib/x86_64-linux-gnu/libtinfo.so.6.2
7f34d1fd3000-7f34d1fec000 r-xp 0000f000 00:21 295902                     /usr/lib/x86_64-linux-gnu/libtinfo.so.6.2
7f34d1fec000-7f34d1ffb000 r--p 00028000 00:21 295902                     /usr/lib/x86_64-linux-gnu/libtinfo.so.6.2
7f34d1ffb000-7f34d1ffc000 ---p 00037000 00:21 295902                     /usr/lib/x86_64-linux-gnu/libtinfo.so.6.2
7f34d1ffc000-7f34d2000000 r--p 00037000 00:21 295902                     /usr/lib/x86_64-linux-gnu/libtinfo.so.6.2
7f34d2000000-7f34d2001000 rw-p 0003b000 00:21 295902                     /usr/lib/x86_64-linux-gnu/libtinfo.so.6.2
7f34d2001000-7f34d2003000 r--p 00000000 00:21 289226                     /usr/lib/x86_64-linux-gnu/libffi.so.7.1.0
7f34d2003000-7f34d2009000 r-xp 00002000 00:21 289226                     /usr/lib/x86_64-linux-gnu/libffi.so.7.1.0
7f34d2009000-7f34d200a000 r--p 00008000 00:21 289226                     /usr/lib/x86_64-linux-gnu/libffi.so.7.1.0
7f34d200a000-7f34d200b000 ---p 00009000 00:21 289226                     /usr/lib/x86_64-linux-gnu/libffi.so.7.1.0
7f34d200b000-7f34d200c000 r--p 00009000 00:21 289226                     /usr/lib/x86_64-linux-gnu/libffi.so.7.1.0
7f34d200c000-7f34d200d000 rw-p 0000a000 00:21 289226                     /usr/lib/x86_64-linux-gnu/libffi.so.7.1.0
7f34d200d000-7f34d2023000 r--p 00000000 00:21 287179                     /usr/lib/x86_64-linux-gnu/libvulkan.so.1.2.198
7f34d2023000-7f34d2055000 r-xp 00016000 00:21 287179                     /usr/lib/x86_64-linux-gnu/libvulkan.so.1.2.198
7f34d2055000-7f34d206a000 r--p 00048000 00:21 287179                     /usr/lib/x86_64-linux-gnu/libvulkan.so.1.2.198
7f34d206a000-7f34d206d000 r--p 0005c000 00:21 287179                     /usr/lib/x86_64-linux-gnu/libvulkan.so.1.2.198
7f34d206d000-7f34d206e000 rw-p 0005f000 00:21 287179                     /usr/lib/x86_64-linux-gnu/libvulkan.so.1.2.198
7f34d206e000-7f34d2071000 r--p 00000000 00:21 282911                     /usr/lib/x86_64-linux-gnu/GL/default/lib/libdrm_amdgpu.so.1.0.0
7f34d2071000-7f34d2077000 r-xp 00003000 00:21 282911                     /usr/lib/x86_64-linux-gnu/GL/default/lib/libdrm_amdgpu.so.1.0.0
7f34d2077000-7f34d2079000 r--p 00009000 00:21 282911                     /usr/lib/x86_64-linux-gnu/GL/default/lib/libdrm_amdgpu.so.1.0.0
7f34d2079000-7f34d207a000 r--p 0000a000 00:21 282911                     /usr/lib/x86_64-linux-gnu/GL/default/lib/libdrm_amdgpu.so.1.0.0
7f34d207a000-7f34d207b000 rw-p 0000b000 00:21 282911                     /usr/lib/x86_64-linux-gnu/GL/default/lib/libdrm_amdgpu.so.1.0.0
7f34d207b000-7f34d207f000 r--p 00000000 00:21 290105                     /usr/lib/x86_64-linux-gnu/libelf-0.185.so
7f34d207f000-7f34d2090000 r-xp 00004000 00:21 290105                     /usr/lib/x86_64-linux-gnu/libelf-0.185.so
7f34d2090000-7f34d2094000 r--p 00015000 00:21 290105                     /usr/lib/x86_64-linux-gnu/libelf-0.185.so
7f34d2094000-7f34d2095000 ---p 00019000 00:21 290105                     /usr/lib/x86_64-linux-gnu/libelf-0.185.so
7f34d2095000-7f34d2096000 r--p 00019000 00:21 290105                     /usr/lib/x86_64-linux-gnu/libelf-0.185.so
7f34d2096000-7f34d2097000 rw-p 0001a000 00:21 290105                     /usr/lib/x86_64-linux-gnu/libelf-0.185.so
7f34d2097000-7f34d2099000 r--p 00000000 00:21 282903                     /usr/lib/x86_64-linux-gnu/GL/default/lib/libdrm_radeon.so.1.0.1
7f34d2099000-7f34d20a0000 r-xp 00002000 00:21 282903                     /usr/lib/x86_64-linux-gnu/GL/default/lib/libdrm_radeon.so.1.0.1
7f34d20a0000-7f34d20a4000 r--p 00009000 00:21 282903                     /usr/lib/x86_64-linux-gnu/GL/default/lib/libdrm_radeon.so.1.0.1
7f34d20a4000-7f34d20a5000 r--p 0000c000 00:21 282903                     /usr/lib/x86_64-linux-gnu/GL/default/lib/libdrm_radeon.so.1.0.1
7f34d20a5000-7f34d20a6000 rw-p 0000d000 00:21 282903                     /usr/lib/x86_64-linux-gnu/GL/default/lib/libdrm_radeon.so.1.0.1
7f34d20a6000-7f34d20a8000 r--p 00000000 00:21 282958                     /usr/lib/x86_64-linux-gnu/GL/default/lib/libdrm_nouveau.so.2.0.0
7f34d20a8000-7f34d20ad000 r-xp 00002000 00:21 282958                     /usr/lib/x86_64-linux-gnu/GL/default/lib/libdrm_nouveau.so.2.0.0
7f34d20ad000-7f34d20ae000 r--p 00007000 00:21 282958                     /usr/lib/x86_64-linux-gnu/GL/default/lib/libdrm_nouveau.so.2.0.0
7f34d20ae000-7f34d20af000 ---p 00008000 00:21 282958                     /usr/lib/x86_64-linux-gnu/GL/default/lib/libdrm_nouveau.so.2.0.0
7f34d20af000-7f34d20b0000 r--p 00008000 00:21 282958                     /usr/lib/x86_64-linux-gnu/GL/default/lib/libdrm_nouveau.so.2.0.0
7f34d20b0000-7f34d20b1000 rw-p 00009000 00:21 282958                     /usr/lib/x86_64-linux-gnu/GL/default/lib/libdrm_nouveau.so.2.0.0
7f34d20b1000-7f34d20b6000 r--p 00000000 00:21 299153                     /usr/lib/x86_64-linux-gnu/libzstd.so.1.5.0
7f34d20b6000-7f34d21b3000 r-xp 00005000 00:21 299153                     /usr/lib/x86_64-linux-gnu/libzstd.so.1.5.0
7f34d21b3000-7f34d21c3000 r--p 00102000 00:21 299153                     /usr/lib/x86_64-linux-gnu/libzstd.so.1.5.0
7f34d21c3000-7f34d21c4000 r--p 00111000 00:21 299153                     /usr/lib/x86_64-linux-gnu/libzstd.so.1.5.0
7f34d21c4000-7f34d21c5000 rw-p 00112000 00:21 299153                     /usr/lib/x86_64-linux-gnu/libzstd.so.1.5.0
7f34d21c5000-7f34d21c8000 r--p 00000000 00:21 287603                     /usr/lib/x86_64-linux-gnu/libz.so.1.2.11
7f34d21c8000-7f34d21d6000 r-xp 00003000 00:21 287603                     /usr/lib/x86_64-linux-gnu/libz.so.1.2.11
7f34d21d6000-7f34d21dc000 r--p 00011000 00:21 287603                     /usr/lib/x86_64-linux-gnu/libz.so.1.2.11
7f34d21dc000-7f34d21dd000 r--p 00016000 00:21 287603                     /usr/lib/x86_64-linux-gnu/libz.so.1.2.11
7f34d21dd000-7f34d21de000 rw-p 00017000 00:21 287603                     /usr/lib/x86_64-linux-gnu/libz.so.1.2.11
7f34d21de000-7f34d2384000 r--p 00000000 00:21 283019                     /usr/lib/x86_64-linux-gnu/GL/default/lib/dri/libgallium_dri.so
7f34d2384000-7f34d3434000 r-xp 001a6000 00:21 283019                     /usr/lib/x86_64-linux-gnu/GL/default/lib/dri/libgallium_dri.so
7f34d3434000-7f34d3885000 r--p 01256000 00:21 283019                     /usr/lib/x86_64-linux-gnu/GL/default/lib/dri/libgallium_dri.so
7f34d3885000-7f34d39b5000 r--p 016a6000 00:21 283019                     /usr/lib/x86_64-linux-gnu/GL/default/lib/dri/libgallium_dri.so
7f34d39b5000-7f34d3b0b000 rw-p 017d6000 00:21 283019                     /usr/lib/x86_64-linux-gnu/GL/default/lib/dri/libgallium_dri.so
7f34d3b0b000-7f34d3d36000 rw-p 00000000 00:00 0 
7f34d3d36000-7f34d3d5b000 r--p 00000000 00:21 283831                     /usr/share/runtime/locale/de/share/de/LC_MESSAGES/libc.mo
7f34d3d5b000-7f34d3d5e000 r--p 00000000 00:21 293049                     /usr/lib/x86_64-linux-gnu/libgcc_s.so.1
7f34d3d5e000-7f34d3d70000 r-xp 00003000 00:21 293049                     /usr/lib/x86_64-linux-gnu/libgcc_s.so.1
7f34d3d70000-7f34d3d73000 r--p 00015000 00:21 293049                     /usr/lib/x86_64-linux-gnu/libgcc_s.so.1
7f34d3d73000-7f34d3d74000 r--p 00017000 00:21 293049                     /usr/lib/x86_64-linux-gnu/libgcc_s.so.1
7f34d3d74000-7f34d3d75000 rw-p 00018000 00:21 293049                     /usr/lib/x86_64-linux-gnu/libgcc_s.so.1
7f34d3d75000-7f34d3e16000 r--p 00000000 00:21 297042                     /usr/lib/x86_64-linux-gnu/libstdc++.so.6.0.29
7f34d3e16000-7f34d3f28000 r-xp 000a1000 00:21 297042                     /usr/lib/x86_64-linux-gnu/libstdc++.so.6.0.29
7f34d3f28000-7f34d3f93000 r--p 001b3000 00:21 297042                     /usr/lib/x86_64-linux-gnu/libstdc++.so.6.0.29
7f34d3f93000-7f34d3f94000 ---p 0021e000 00:21 297042                     /usr/lib/x86_64-linux-gnu/libstdc++.so.6.0.29
7f34d3f94000-7f34d3f9f000 r--p 0021e000 00:21 297042                     /usr/lib/x86_64-linux-gnu/libstdc++.so.6.0.29
7f34d3f9f000-7f34d3fa2000 rw-p 00229000 00:21 297042                     /usr/lib/x86_64-linux-gnu/libstdc++.so.6.0.29
7f34d3fa2000-7f34d3fa5000 rw-p 00000000 00:00 0 
7f34d3fa5000-7f34d3fa8000 r--p 00000000 00:21 285859                     /usr/lib/x86_64-linux-gnu/libxcb-xfixes.so.0.0.0
7f34d3fa8000-7f34d3fab000 r-xp 00003000 00:21 285859                     /usr/lib/x86_64-linux-gnu/libxcb-xfixes.so.0.0.0
7f34d3fab000-7f34d3fad000 r--p 00006000 00:21 285859                     /usr/lib/x86_64-linux-gnu/libxcb-xfixes.so.0.0.0
7f34d3fad000-7f34d3fae000 r--p 00007000 00:21 285859                     /usr/lib/x86_64-linux-gnu/libxcb-xfixes.so.0.0.0
7f34d3fae000-7f34d3faf000 rw-p 00008000 00:21 285859                     /usr/lib/x86_64-linux-gnu/libxcb-xfixes.so.0.0.0
7f34d3faf000-7f34d3fb0000 r--p 00000000 00:21 291660                     /usr/lib/x86_64-linux-gnu/libxshmfence.so.1.0.0
7f34d3fb0000-7f34d3fb1000 r-xp 00001000 00:21 291660                     /usr/lib/x86_64-linux-gnu/libxshmfence.so.1.0.0
7f34d3fb1000-7f34d3fb2000 r--p 00002000 00:21 291660                     /usr/lib/x86_64-linux-gnu/libxshmfence.so.1.0.0
7f34d3fb2000-7f34d3fb3000 r--p 00002000 00:21 291660                     /usr/lib/x86_64-linux-gnu/libxshmfence.so.1.0.0
7f34d3fb3000-7f34d3fb4000 rw-p 00003000 00:21 291660                     /usr/lib/x86_64-linux-gnu/libxshmfence.so.1.0.0
7f34d3fb4000-7f34d3fb7000 r--p 00000000 00:21 290613                     /usr/lib/x86_64-linux-gnu/libxcb-sync.so.1.0.0
7f34d3fb7000-7f34d3fba000 r-xp 00003000 00:21 290613                     /usr/lib/x86_64-linux-gnu/libxcb-sync.so.1.0.0
7f34d3fba000-7f34d3fbb000 r--p 00006000 00:21 290613                     /usr/lib/x86_64-linux-gnu/libxcb-sync.so.1.0.0
7f34d3fbb000-7f34d3fbc000 ---p 00007000 00:21 290613                     /usr/lib/x86_64-linux-gnu/libxcb-sync.so.1.0.0
7f34d3fbc000-7f34d3fbd000 r--p 00007000 00:21 290613                     /usr/lib/x86_64-linux-gnu/libxcb-sync.so.1.0.0
7f34d3fbd000-7f34d3fbe000 rw-p 00008000 00:21 290613                     /usr/lib/x86_64-linux-gnu/libxcb-sync.so.1.0.0
7f34d3fbe000-7f34d3fbf000 r--p 00000000 00:21 286385                     /usr/lib/x86_64-linux-gnu/libxcb-present.so.0.0.0
7f34d3fbf000-7f34d3fc0000 r-xp 00001000 00:21 286385                     /usr/lib/x86_64-linux-gnu/libxcb-present.so.0.0.0
7f34d3fc0000-7f34d3fc1000 r--p 00002000 00:21 286385                     /usr/lib/x86_64-linux-gnu/libxcb-present.so.0.0.0
7f34d3fc1000-7f34d3fc2000 r--p 00002000 00:21 286385                     /usr/lib/x86_64-linux-gnu/libxcb-present.so.0.0.0
7f34d3fc2000-7f34d3fc3000 rw-p 00003000 00:21 286385                     /usr/lib/x86_64-linux-gnu/libxcb-present.so.0.0.0
7f34d3fc3000-7f34d3fc5000 r--p 00000000 00:21 290923                     /usr/lib/x86_64-linux-gnu/libxcb-dri3.so.0.0.0
7f34d3fc5000-7f34d3fc7000 r-xp 00002000 00:21 290923                     /usr/lib/x86_64-linux-gnu/libxcb-dri3.so.0.0.0
7f34d3fc7000-7f34d3fc8000 r--p 00004000 00:21 290923                     /usr/lib/x86_64-linux-gnu/libxcb-dri3.so.0.0.0
7f34d3fc8000-7f34d3fc9000 r--p 00004000 00:21 290923                     /usr/lib/x86_64-linux-gnu/libxcb-dri3.so.0.0.0
7f34d3fc9000-7f34d3fca000 rw-p 00005000 00:21 290923                     /usr/lib/x86_64-linux-gnu/libxcb-dri3.so.0.0.0
7f34d3fca000-7f34d3fce000 r--p 00000000 00:21 286773                     /usr/lib/x86_64-linux-gnu/libexpat.so.1.8.6
7f34d3fce000-7f34d3fed000 r-xp 00004000 00:21 286773                     /usr/lib/x86_64-linux-gnu/libexpat.so.1.8.6
7f34d3fed000-7f34d3ff7000 r--p 00023000 00:21 286773                     /usr/lib/x86_64-linux-gnu/libexpat.so.1.8.6
7f34d3ff7000-7f34d3ff8000 ---p 0002d000 00:21 286773                     /usr/lib/x86_64-linux-gnu/libexpat.so.1.8.6
7f34d3ff8000-7f34d3ffa000 r--p 0002d000 00:21 286773                     /usr/lib/x86_64-linux-gnu/libexpat.so.1.8.6
7f34d3ffa000-7f34d3ffb000 rw-p 0002f000 00:21 286773                     /usr/lib/x86_64-linux-gnu/libexpat.so.1.8.6
7f34d3ffb000-7f34d3ffc000 r--p 00000000 00:21 291828                     /usr/lib/x86_64-linux-gnu/libxcb-shm.so.0.0.0
7f34d3ffc000-7f34d3ffd000 r-xp 00001000 00:21 291828                     /usr/lib/x86_64-linux-gnu/libxcb-shm.so.0.0.0
7f34d3ffd000-7f34d3ffe000 r--p 00002000 00:21 291828                     /usr/lib/x86_64-linux-gnu/libxcb-shm.so.0.0.0
7f34d3ffe000-7f34d3fff000 r--p 00002000 00:21 291828                     /usr/lib/x86_64-linux-gnu/libxcb-shm.so.0.0.0
7f34d3fff000-7f34d4000000 rw-p 00003000 00:21 291828                     /usr/lib/x86_64-linux-gnu/libxcb-shm.so.0.0.0
7f34d4000000-7f34d4021000 rw-p 00000000 00:00 0 
7f34d4021000-7f34d8000000 ---p 00000000 00:00 0 
7f34d8000000-7f34d8021000 rw-p 00000000 00:00 0 
7f34d8021000-7f34dc000000 ---p 00000000 00:00 0 
7f34dc000000-7f34dc021000 rw-p 00000000 00:00 0 
7f34dc021000-7f34e0000000 ---p 00000000 00:00 0 
7f34e0000000-7f34e0021000 rw-p 00000000 00:00 0 
7f34e0021000-7f34e4000000 ---p 00000000 00:00 0 
7f34e4000000-7f34e4130000 rw-p 00000000 00:00 0 
7f34e4130000-7f34e8000000 ---p 00000000 00:00 0 
7f34e8000000-7f34e8021000 rw-p 00000000 00:00 0 
7f34e8021000-7f34ec000000 ---p 00000000 00:00 0 
7f34ec000000-7f34ec021000 rw-p 00000000 00:00 0 
7f34ec021000-7f34f0000000 ---p 00000000 00:00 0 
7f34f0000000-7f34f01ab000 rw-p 00000000 00:00 0 
7f34f01ab000-7f34f4000000 ---p 00000000 00:00 0 
7f34f4000000-7f34f4021000 rw-p 00000000 00:00 0 
7f34f4021000-7f34f8000000 ---p 00000000 00:00 0 
7f34f8000000-7f34f8021000 rw-p 00000000 00:00 0 
7f34f8021000-7f34fc000000 ---p 00000000 00:00 0 
7f34fc000000-7f34fc021000 rw-p 00000000 00:00 0 
7f34fc021000-7f3500000000 ---p 00000000 00:00 0 
7f3500000000-7f3500021000 rw-p 00000000 00:00 0 
7f3500021000-7f3504000000 ---p 00000000 00:00 0 
7f3504000000-7f3504021000 rw-p 00000000 00:00 0 
7f3504021000-7f3508000000 ---p 00000000 00:00 0 
7f3508003000-7f3508005000 r--p 00000000 00:21 292005                     /usr/lib/x86_64-linux-gnu/libxcb-dri2.so.0.0.0
7f3508005000-7f3508007000 r-xp 00002000 00:21 292005                     /usr/lib/x86_64-linux-gnu/libxcb-dri2.so.0.0.0
7f3508007000-7f3508008000 r--p 00004000 00:21 292005                     /usr/lib/x86_64-linux-gnu/libxcb-dri2.so.0.0.0
7f3508008000-7f3508009000 r--p 00004000 00:21 292005                     /usr/lib/x86_64-linux-gnu/libxcb-dri2.so.0.0.0
7f3508009000-7f350800a000 rw-p 00005000 00:21 292005                     /usr/lib/x86_64-linux-gnu/libxcb-dri2.so.0.0.0
7f350800a000-7f3508016000 r--p 00000000 00:21 289839                     /usr/lib/x86_64-linux-gnu/libxcb-glx.so.0.0.0
7f3508016000-7f350801f000 r-xp 0000c000 00:21 289839                     /usr/lib/x86_64-linux-gnu/libxcb-glx.so.0.0.0
7f350801f000-7f3508024000 r--p 00015000 00:21 289839                     /usr/lib/x86_64-linux-gnu/libxcb-glx.so.0.0.0
7f3508024000-7f3508025000 ---p 0001a000 00:21 289839                     /usr/lib/x86_64-linux-gnu/libxcb-glx.so.0.0.0
7f3508025000-7f3508027000 r--p 0001a000 00:21 289839                     /usr/lib/x86_64-linux-gnu/libxcb-glx.so.0.0.0
7f3508027000-7f3508028000 rw-p 0001c000 00:21 289839                     /usr/lib/x86_64-linux-gnu/libxcb-glx.so.0.0.0
7f3508028000-7f350802d000 r--p 00000000 00:21 286717                     /usr/lib/x86_64-linux-gnu/libdrm.so.2.4.0
7f350802d000-7f3508038000 r-xp 00005000 00:21 286717                     /usr/lib/x86_64-linux-gnu/libdrm.so.2.4.0
7f3508038000-7f350803c000 r--p 00010000 00:21 286717                     /usr/lib/x86_64-linux-gnu/libdrm.so.2.4.0
7f350803c000-7f350803d000 r--p 00013000 00:21 286717                     /usr/lib/x86_64-linux-gnu/libdrm.so.2.4.0
7f350803d000-7f350803e000 rw-p 00014000 00:21 286717                     /usr/lib/x86_64-linux-gnu/libdrm.so.2.4.0
7f350803e000-7f350804b000 r--p 00000000 00:21 282897                     /usr/lib/x86_64-linux-gnu/GL/default/lib/libglapi.so.0.0.0
7f350804b000-7f3508059000 r-xp 0000d000 00:21 282897                     /usr/lib/x86_64-linux-gnu/GL/default/lib/libglapi.so.0.0.0
7f3508059000-7f3508072000 r--p 0001b000 00:21 282897                     /usr/lib/x86_64-linux-gnu/GL/default/lib/libglapi.so.0.0.0
7f3508072000-7f3508073000 ---p 00034000 00:21 282897                     /usr/lib/x86_64-linux-gnu/GL/default/lib/libglapi.so.0.0.0
7f3508073000-7f3508077000 r--p 00034000 00:21 282897                     /usr/lib/x86_64-linux-gnu/GL/default/lib/libglapi.so.0.0.0
7f3508077000-7f3508078000 rw-p 00038000 00:21 282897                     /usr/lib/x86_64-linux-gnu/GL/default/lib/libglapi.so.0.0.0
7f3508078000-7f3508079000 rw-p 00000000 00:00 0 
7f3508079000-7f3508095000 r--p 00000000 00:21 282913                     /usr/lib/x86_64-linux-gnu/GL/default/lib/libGLX_mesa.so.0.0.0
7f3508095000-7f35080d5000 r-xp 0001c000 00:21 282913                     /usr/lib/x86_64-linux-gnu/GL/default/lib/libGLX_mesa.so.0.0.0
7f35080d5000-7f35080e7000 r--p 0005c000 00:21 282913                     /usr/lib/x86_64-linux-gnu/GL/default/lib/libGLX_mesa.so.0.0.0
7f35080e7000-7f35080e8000 ---p 0006e000 00:21 282913                     /usr/lib/x86_64-linux-gnu/GL/default/lib/libGLX_mesa.so.0.0.0
7f35080e8000-7f35080eb000 r--p 0006e000 00:21 282913                     /usr/lib/x86_64-linux-gnu/GL/default/lib/libGLX_mesa.so.0.0.0
7f35080eb000-7f35080ec000 rw-p 00071000 00:21 282913                     /usr/lib/x86_64-linux-gnu/GL/default/lib/libGLX_mesa.so.0.0.0
7f35080ec000-7f35080ed000 ---p 00000000 00:00 0 
7f35080ed000-7f35088ed000 rw-p 00000000 00:00 0 
7f35088ed000-7f35088ee000 ---p 00000000 00:00 0 
7f35088ee000-7f35090ee000 rw-p 00000000 00:00 0 
7f35090ee000-7f35090ef000 ---p 00000000 00:00 0 
7f35090ef000-7f35098ef000 rw-p 00000000 00:00 0 
7f35098ef000-7f35099ef000 rw-s 00000000 00:56 29                         /dev/shm/ring-buffer-AadISh (deleted)
7f35099ef000-7f3509aef000 rw-s 00000000 00:56 29                         /dev/shm/ring-buffer-AadISh (deleted)
7f3509aef000-7f3509bef000 rw-s 00000000 00:56 28                         /dev/shm/ring-buffer-gnw0N1 (deleted)
7f3509bef000-7f3509cef000 rw-s 00000000 00:56 28                         /dev/shm/ring-buffer-gnw0N1 (deleted)
7f3509cef000-7f3509d30000 r--p 00000000 00:21 295921                     /usr/lib/x86_64-linux-gnu/libGLdispatch.so.0.0.0
7f3509d30000-7f3509d6f000 r-xp 00041000 00:21 295921                     /usr/lib/x86_64-linux-gnu/libGLdispatch.so.0.0.0
7f3509d6f000-7f3509d82000 r--p 00080000 00:21 295921                     /usr/lib/x86_64-linux-gnu/libGLdispatch.so.0.0.0
7f3509d82000-7f3509d83000 ---p 00093000 00:21 295921                     /usr/lib/x86_64-linux-gnu/libGLdispatch.so.0.0.0
7f3509d83000-7f3509d9f000 r--p 00093000 00:21 295921                     /usr/lib/x86_64-linux-gnu/libGLdispatch.so.0.0.0
7f3509d9f000-7f3509da0000 rw-p 000af000 00:21 295921                     /usr/lib/x86_64-linux-gnu/libGLdispatch.so.0.0.0
7f3509da0000-7f3509da8000 rw-p 00000000 00:00 0 
7f3509da8000-7f3509dab000 r--p 00000000 00:21 286279                     /usr/lib/x86_64-linux-gnu/libGLX.so.0.0.0
7f3509dab000-7f3509dc6000 r-xp 00003000 00:21 286279                     /usr/lib/x86_64-linux-gnu/libGLX.so.0.0.0
7f3509dc6000-7f3509dc9000 r--p 0001e000 00:21 286279                     /usr/lib/x86_64-linux-gnu/libGLX.so.0.0.0
7f3509dc9000-7f3509dca000 r--p 00020000 00:21 286279                     /usr/lib/x86_64-linux-gnu/libGLX.so.0.0.0
7f3509dca000-7f3509dcb000 rw-p 00021000 00:21 286279                     /usr/lib/x86_64-linux-gnu/libGLX.so.0.0.0
7f3509dcb000-7f3509ddb000 rw-p 00000000 00:00 0 
7f3509ddb000-7f3509e24000 r--p 00000000 00:21 288686                     /usr/lib/x86_64-linux-gnu/libGL.so.1.7.0
7f3509e24000-7f3509e44000 r-xp 00049000 00:21 288686                     /usr/lib/x86_64-linux-gnu/libGL.so.1.7.0
7f3509e44000-7f3509e58000 r--p 00069000 00:21 288686                     /usr/lib/x86_64-linux-gnu/libGL.so.1.7.0
7f3509e58000-7f3509e59000 ---p 0007d000 00:21 288686                     /usr/lib/x86_64-linux-gnu/libGL.so.1.7.0
7f3509e59000-7f3509e67000 r--p 0007d000 00:21 288686                     /usr/lib/x86_64-linux-gnu/libGL.so.1.7.0
7f3509e67000-7f3509e68000 rw-p 0008b000 00:21 288686                     /usr/lib/x86_64-linux-gnu/libGL.so.1.7.0
7f3509e68000-7f3509e69000 rw-p 00000000 00:00 0 
7f3509e69000-7f3509e7a000 r-xp 00000000 00:39 1205                       /tmp/lwjglsnoweuph/3.3.1-build-7/liblwjgl_remotery.so
7f3509e7a000-7f350a079000 ---p 00011000 00:39 1205                       /tmp/lwjglsnoweuph/3.3.1-build-7/liblwjgl_remotery.so
7f350a079000-7f350a07a000 r--p 00010000 00:39 1205                       /tmp/lwjglsnoweuph/3.3.1-build-7/liblwjgl_remotery.so
7f350a07a000-7f350a07b000 rw-p 00011000 00:39 1205                       /tmp/lwjglsnoweuph/3.3.1-build-7/liblwjgl_remotery.so
7f350a07b000-7f350a07c000 r--p 00000000 00:21 287500                     /usr/lib/x86_64-linux-gnu/libX11-xcb.so.1.0.0
7f350a07c000-7f350a07d000 r-xp 00001000 00:21 287500                     /usr/lib/x86_64-linux-gnu/libX11-xcb.so.1.0.0
7f350a07d000-7f350a07e000 r--p 00002000 00:21 287500                     /usr/lib/x86_64-linux-gnu/libX11-xcb.so.1.0.0
7f350a07e000-7f350a07f000 r--p 00002000 00:21 287500                     /usr/lib/x86_64-linux-gnu/libX11-xcb.so.1.0.0
7f350a07f000-7f350a080000 rw-p 00003000 00:21 287500                     /usr/lib/x86_64-linux-gnu/libX11-xcb.so.1.0.0
7f350a085000-7f350a087000 r--p 00000000 00:21 296983                     /usr/lib/x86_64-linux-gnu/libXfixes.so.3.1.0
7f350a087000-7f350a08a000 r-xp 00002000 00:21 296983                     /usr/lib/x86_64-linux-gnu/libXfixes.so.3.1.0
7f350a08a000-7f350a08b000 r--p 00005000 00:21 296983                     /usr/lib/x86_64-linux-gnu/libXfixes.so.3.1.0
7f350a08b000-7f350a08c000 r--p 00005000 00:21 296983                     /usr/lib/x86_64-linux-gnu/libXfixes.so.3.1.0
7f350a08c000-7f350a08d000 rw-p 00006000 00:21 296983                     /usr/lib/x86_64-linux-gnu/libXfixes.so.3.1.0
7f350a0c8000-7f350a0cc000 r--p 00000000 00:21 296376                     /usr/lib/x86_64-linux-gnu/libXext.so.6.4.0
7f350a0cc000-7f350a0d8000 r-xp 00004000 00:21 296376                     /usr/lib/x86_64-linux-gnu/libXext.so.6.4.0
7f350a0d8000-7f350a0db000 r--p 00010000 00:21 296376                     /usr/lib/x86_64-linux-gnu/libXext.so.6.4.0
7f350a0db000-7f350a0dc000 r--p 00012000 00:21 296376                     /usr/lib/x86_64-linux-gnu/libXext.so.6.4.0
7f350a0dc000-7f350a0dd000 rw-p 00013000 00:21 296376                     /usr/lib/x86_64-linux-gnu/libXext.so.6.4.0
7f350a0dd000-7f350a0ea000 r--p 00000000 00:21 289198                     /usr/lib/x86_64-linux-gnu/libxcb.so.1.1.0
7f350a0ea000-7f350a0fd000 r-xp 0000d000 00:21 289198                     /usr/lib/x86_64-linux-gnu/libxcb.so.1.1.0
7f350a0fd000-7f350a106000 r--p 00020000 00:21 289198                     /usr/lib/x86_64-linux-gnu/libxcb.so.1.1.0
7f350a106000-7f350a107000 ---p 00029000 00:21 289198                     /usr/lib/x86_64-linux-gnu/libxcb.so.1.1.0
7f350a107000-7f350a108000 r--p 00029000 00:21 289198                     /usr/lib/x86_64-linux-gnu/libxcb.so.1.1.0
7f350a108000-7f350a109000 rw-p 0002a000 00:21 289198                     /usr/lib/x86_64-linux-gnu/libxcb.so.1.1.0
7f350a109000-7f350a127000 r--p 00000000 00:21 298752                     /usr/lib/x86_64-linux-gnu/libX11.so.6.4.0
7f350a127000-7f350a1bb000 r-xp 0001e000 00:21 298752                     /usr/lib/x86_64-linux-gnu/libX11.so.6.4.0
7f350a1bb000-7f350a249000 r--p 000b2000 00:21 298752                     /usr/lib/x86_64-linux-gnu/libX11.so.6.4.0
7f350a249000-7f350a24a000 ---p 00140000 00:21 298752                     /usr/lib/x86_64-linux-gnu/libX11.so.6.4.0
7f350a24a000-7f350a24d000 r--p 00140000 00:21 298752                     /usr/lib/x86_64-linux-gnu/libX11.so.6.4.0
7f350a24d000-7f350a251000 rw-p 00143000 00:21 298752                     /usr/lib/x86_64-linux-gnu/libX11.so.6.4.0
7f350a251000-7f350a2a8000 r-xp 00000000 00:39 1204                       /tmp/lwjglsnoweuph/3.3.1-build-7/libglfw.so
7f350a2a8000-7f350a4a7000 ---p 00057000 00:39 1204                       /tmp/lwjglsnoweuph/3.3.1-build-7/libglfw.so
7f350a4a7000-7f350a4aa000 r--p 00056000 00:39 1204                       /tmp/lwjglsnoweuph/3.3.1-build-7/libglfw.so
7f350a4aa000-7f350a4ac000 rw-p 00059000 00:39 1204                       /tmp/lwjglsnoweuph/3.3.1-build-7/libglfw.so
7f350a4ac000-7f350a4cf000 rw-p 00000000 00:00 0 
7f350a4cf000-7f350a53a000 r-xp 00000000 00:39 1203                       /tmp/lwjglsnoweuph/3.3.1-build-7/liblwjgl.so
7f350a53a000-7f350a739000 ---p 0006b000 00:39 1203                       /tmp/lwjglsnoweuph/3.3.1-build-7/liblwjgl.so
7f350a739000-7f350a73a000 r--p 0006a000 00:39 1203                       /tmp/lwjglsnoweuph/3.3.1-build-7/liblwjgl.so
7f350a73a000-7f350a73b000 rw-p 0006b000 00:39 1203                       /tmp/lwjglsnoweuph/3.3.1-build-7/liblwjgl.so
7f350a73b000-7f350a755000 r-xp 00000000 00:21 724469                     /home/snoweuph/.jdks/corretto-16.0.2/lib/libzip.so
7f350a755000-7f350a954000 ---p 0001a000 00:21 724469                     /home/snoweuph/.jdks/corretto-16.0.2/lib/libzip.so
7f350a954000-7f350a955000 r--p 00019000 00:21 724469                     /home/snoweuph/.jdks/corretto-16.0.2/lib/libzip.so
7f350a955000-7f350a956000 rw-p 00000000 00:00 0 
7f350a956000-7f350a96a000 r-xp 00000000 00:21 724471                     /home/snoweuph/.jdks/corretto-16.0.2/lib/libnet.so
7f350a96a000-7f350ab6a000 ---p 00014000 00:21 724471                     /home/snoweuph/.jdks/corretto-16.0.2/lib/libnet.so
7f350ab6a000-7f350ab6b000 r--p 00014000 00:21 724471                     /home/snoweuph/.jdks/corretto-16.0.2/lib/libnet.so
7f350ab6b000-7f350ab6c000 rw-p 00015000 00:21 724471                     /home/snoweuph/.jdks/corretto-16.0.2/lib/libnet.so
7f350ab6c000-7f350ab7e000 r-xp 00000000 00:21 724472                     /home/snoweuph/.jdks/corretto-16.0.2/lib/libnio.so
7f350ab7e000-7f350ad7d000 ---p 00012000 00:21 724472                     /home/snoweuph/.jdks/corretto-16.0.2/lib/libnio.so
7f350ad7d000-7f350ad7e000 r--p 00011000 00:21 724472                     /home/snoweuph/.jdks/corretto-16.0.2/lib/libnio.so
7f350ad7e000-7f350ad7f000 rw-p 00012000 00:21 724472                     /home/snoweuph/.jdks/corretto-16.0.2/lib/libnio.so
7f350ad7f000-7f350ad83000 ---p 00000000 00:00 0 
7f350ad83000-7f350ae80000 rw-p 00000000 00:00 0 
7f350ae80000-7f350ae81000 ---p 00000000 00:00 0 
7f350ae81000-7f350af82000 rw-p 00000000 00:00 0 
7f350af82000-7f350af86000 ---p 00000000 00:00 0 
7f350af86000-7f350b083000 rw-p 00000000 00:00 0 
7f350b083000-7f350b087000 ---p 00000000 00:00 0 
7f350b087000-7f350b184000 rw-p 00000000 00:00 0 
7f350b184000-7f350b188000 ---p 00000000 00:00 0 
7f350b188000-7f350b285000 rw-p 00000000 00:00 0 
7f350b285000-7f350b289000 ---p 00000000 00:00 0 
7f350b289000-7f350b386000 rw-p 00000000 00:00 0 
7f350b386000-7f350b38a000 ---p 00000000 00:00 0 
7f350b38a000-7f350b487000 rw-p 00000000 00:00 0 
7f350b487000-7f350b48b000 ---p 00000000 00:00 0 
7f350b48b000-7f350b588000 rw-p 00000000 00:00 0 
7f350b588000-7f350b800000 r--p 00000000 00:21 283765                     /usr/share/runtime/locale/de/lib/de_DE.utf8/LC_COLLATE
7f350b800000-7f350b960000 rw-p 00000000 00:00 0 
7f350b960000-7f350bc00000 ---p 00000000 00:00 0 
7f350bc00000-7f350bd20000 rw-p 00000000 00:00 0 
7f350bd20000-7f350bd60000 rw-p 00000000 00:00 0 
7f350bd60000-7f350bd80000 rw-p 00000000 00:00 0 
7f350bd80000-7f350c000000 ---p 00000000 00:00 0 
7f350c000000-7f350c021000 rw-p 00000000 00:00 0 
7f350c021000-7f3510000000 ---p 00000000 00:00 0 
7f3510000000-7f3510021000 rw-p 00000000 00:00 0 
7f3510021000-7f3514000000 ---p 00000000 00:00 0 
7f3514000000-7f3514021000 rw-p 00000000 00:00 0 
7f3514021000-7f3518000000 ---p 00000000 00:00 0 
7f3518000000-7f3518021000 rw-p 00000000 00:00 0 
7f3518021000-7f351c000000 ---p 00000000 00:00 0 
7f351c000000-7f351c021000 rw-p 00000000 00:00 0 
7f351c021000-7f3520000000 ---p 00000000 00:00 0 
7f3520000000-7f3520001000 r--p 00000000 00:21 288895                     /usr/lib/x86_64-linux-gnu/libXxf86vm.so.1.0.0
7f3520001000-7f3520004000 r-xp 00001000 00:21 288895                     /usr/lib/x86_64-linux-gnu/libXxf86vm.so.1.0.0
7f3520004000-7f3520005000 r--p 00004000 00:21 288895                     /usr/lib/x86_64-linux-gnu/libXxf86vm.so.1.0.0
7f3520005000-7f3520006000 r--p 00004000 00:21 288895                     /usr/lib/x86_64-linux-gnu/libXxf86vm.so.1.0.0
7f3520006000-7f3520007000 rw-p 00005000 00:21 288895                     /usr/lib/x86_64-linux-gnu/libXxf86vm.so.1.0.0
7f3520007000-7f3520008000 r--p 00000000 00:21 284954                     /usr/lib/x86_64-linux-gnu/libXau.so.6.0.0
7f3520008000-7f352000a000 r-xp 00001000 00:21 284954                     /usr/lib/x86_64-linux-gnu/libXau.so.6.0.0
7f352000a000-7f352000b000 r--p 00003000 00:21 284954                     /usr/lib/x86_64-linux-gnu/libXau.so.6.0.0
7f352000b000-7f352000c000 r--p 00003000 00:21 284954                     /usr/lib/x86_64-linux-gnu/libXau.so.6.0.0
7f352000c000-7f352000d000 rw-p 00004000 00:21 284954                     /usr/lib/x86_64-linux-gnu/libXau.so.6.0.0
7f3520018000-7f3520019000 rwxp 00000000 00:00 0 
7f352001b000-7f352001c000 rw-p 00000000 00:00 0 
7f352001c000-7f352001d000 r-xp 00053000 00:39 1203                       /tmp/lwjglsnoweuph/3.3.1-build-7/liblwjgl.so
7f352001d000-7f352004f000 rw-p 00000000 00:00 0 
7f352004f000-7f3520053000 ---p 00000000 00:00 0 
7f3520053000-7f3520150000 rw-p 00000000 00:00 0 
7f3520150000-7f35201a5000 r--p 00000000 00:21 283752                     /usr/share/runtime/locale/de/lib/de_DE.utf8/LC_CTYPE
7f35201a5000-7f35201a6000 r--p 00000000 00:21 283945                     /usr/share/runtime/locale/de/lib/de_DE.utf8/LC_NUMERIC
7f35201a6000-7f35201a7000 r--p 00000000 00:21 283813                     /usr/share/runtime/locale/de/lib/de_DE.utf8/LC_TIME
7f35201a7000-7f35201a8000 r--p 00000000 00:21 283876                     /usr/share/runtime/locale/de/lib/de_DE.utf8/LC_MONETARY
7f35201a8000-7f35201a9000 r--p 00000000 00:21 283674                     /usr/share/runtime/locale/de/lib/de_DE.utf8/LC_MESSAGES/SYS_LC_MESSAGES
7f35201a9000-7f35201ad000 ---p 00000000 00:00 0 
7f35201ad000-7f35202aa000 rw-p 00000000 00:00 0 
7f35202aa000-7f35202ae000 ---p 00000000 00:00 0 
7f35202ae000-7f35203ab000 rw-p 00000000 00:00 0 
7f35203ab000-7f35203ac000 ---p 00000000 00:00 0 
7f35203ac000-7f352052e000 rw-p 00000000 00:00 0 
7f352052e000-7f352052f000 ---p 00000000 00:00 0 
7f352052f000-7f3520630000 rw-p 00000000 00:00 0 
7f3520630000-7f3520631000 ---p 00000000 00:00 0 
7f3520631000-7f3522f3a000 rw-p 00000000 00:00 0 
7f3522f3a000-7f3522f3b000 ---p 00000000 00:00 0 
7f3522f3b000-7f352303c000 rw-p 00000000 00:00 0 
7f352303c000-7f352303d000 ---p 00000000 00:00 0 
7f352303d000-7f352313e000 rw-p 00000000 00:00 0 
7f352313e000-7f352313f000 ---p 00000000 00:00 0 
7f352313f000-7f3523628000 rw-p 00000000 00:00 0 
7f3523628000-7f3527040000 ---p 00000000 00:00 0 
7f3527040000-7f3527438000 rw-p 00000000 00:00 0 
7f3527438000-7f352ae50000 ---p 00000000 00:00 0 
7f352ae50000-7f352aedd000 rw-p 00000000 00:00 0 
7f352aedd000-7f352b620000 ---p 00000000 00:00 0 
7f352b620000-7f352b69f000 rw-p 00000000 00:00 0 
7f352b69f000-7f352bde2000 ---p 00000000 00:00 0 
7f352bde2000-7f352be61000 rw-p 00000000 00:00 0 
7f352be61000-7f352c5a4000 ---p 00000000 00:00 0 
7f352c5a4000-7f352c5a6000 rw-p 00000000 00:00 0 
7f352c5a6000-7f352c816000 rwxp 00000000 00:00 0 
7f352c816000-7f352cb38000 ---p 00000000 00:00 0 
7f352cb38000-7f352cda8000 rwxp 00000000 00:00 0 
7f352cda8000-7f353406f000 ---p 00000000 00:00 0 
7f353406f000-7f35342df000 rwxp 00000000 00:00 0 
7f35342df000-7f353b5a6000 ---p 00000000 00:00 0 
7f353b5a6000-7f3544000000 r--s 00000000 00:21 724451                     /home/snoweuph/.jdks/corretto-16.0.2/lib/modules
7f3544000000-7f354470c000 rw-p 00000000 00:00 0 
7f354470c000-7f3548000000 ---p 00000000 00:00 0 
7f3548000000-7f3548001000 r--p 00000000 00:21 283895                     /usr/share/runtime/locale/de/lib/de_DE.utf8/LC_PAPER
7f3548001000-7f354892b000 rw-p 00000000 00:00 0 
7f354892b000-7f3548a11000 ---p 00000000 00:00 0 
7f3548a11000-7f3548a16000 rw-p 00000000 00:00 0 
7f3548a16000-7f3548afc000 ---p 00000000 00:00 0 
7f3548afc000-7f3548b20000 r-xp 00000000 00:21 724468                     /home/snoweuph/.jdks/corretto-16.0.2/lib/libjava.so
7f3548b20000-7f3548d20000 ---p 00024000 00:21 724468                     /home/snoweuph/.jdks/corretto-16.0.2/lib/libjava.so
7f3548d20000-7f3548d21000 r--p 00024000 00:21 724468                     /home/snoweuph/.jdks/corretto-16.0.2/lib/libjava.so
7f3548d21000-7f3548d22000 rw-p 00025000 00:21 724468                     /home/snoweuph/.jdks/corretto-16.0.2/lib/libjava.so
7f3548d22000-7f3548d23000 rw-p 00000000 00:00 0 
7f3548d23000-7f3548d26000 r--p 00000000 00:21 2248421                    /usr/lib/x86_64-linux-gnu/libnss_files-2.33.so
7f3548d26000-7f3548d2d000 r-xp 00003000 00:21 2248421                    /usr/lib/x86_64-linux-gnu/libnss_files-2.33.so
7f3548d2d000-7f3548d2f000 r--p 0000a000 00:21 2248421                    /usr/lib/x86_64-linux-gnu/libnss_files-2.33.so
7f3548d2f000-7f3548d30000 r--p 0000b000 00:21 2248421                    /usr/lib/x86_64-linux-gnu/libnss_files-2.33.so
7f3548d30000-7f3548d31000 rw-p 0000c000 00:21 2248421                    /usr/lib/x86_64-linux-gnu/libnss_files-2.33.so
7f3548d31000-7f3548d37000 rw-p 00000000 00:00 0 
7f3548d37000-7f3548d38000 r--p 00000000 00:21 284137                     /usr/share/runtime/locale/de/lib/de_DE.utf8/LC_NAME
7f3548d38000-7f3548d39000 r--p 00000000 00:21 283970                     /usr/share/runtime/locale/de/lib/de_DE.utf8/LC_ADDRESS
7f3548d39000-7f3548d3e000 rw-p 00000000 00:00 0 
7f3548d3e000-7f3548d45000 ---p 00000000 00:00 0 
7f3548d45000-7f3548d60000 r-xp 00000000 00:21 724470                     /home/snoweuph/.jdks/corretto-16.0.2/lib/libjimage.so
7f3548d60000-7f3548f5f000 ---p 0001b000 00:21 724470                     /home/snoweuph/.jdks/corretto-16.0.2/lib/libjimage.so
7f3548f5f000-7f3548f61000 r--p 0001a000 00:21 724470                     /home/snoweuph/.jdks/corretto-16.0.2/lib/libjimage.so
7f3548f61000-7f3548f62000 rw-p 0001c000 00:21 724470                     /home/snoweuph/.jdks/corretto-16.0.2/lib/libjimage.so
7f3548f62000-7f3548f64000 r--p 00000000 00:21 2247724                    /usr/lib/x86_64-linux-gnu/librt-2.33.so
7f3548f64000-7f3548f68000 r-xp 00002000 00:21 2247724                    /usr/lib/x86_64-linux-gnu/librt-2.33.so
7f3548f68000-7f3548f6a000 r--p 00006000 00:21 2247724                    /usr/lib/x86_64-linux-gnu/librt-2.33.so
7f3548f6a000-7f3548f6b000 r--p 00007000 00:21 2247724                    /usr/lib/x86_64-linux-gnu/librt-2.33.so
7f3548f6b000-7f3548f6c000 rw-p 00008000 00:21 2247724                    /usr/lib/x86_64-linux-gnu/librt-2.33.so
7f3548f6c000-7f3548f70000 ---p 00000000 00:00 0 
7f3548f70000-7f354906d000 rw-p 00000000 00:00 0 
7f354906d000-7f354907a000 r--p 00000000 00:21 2246123                    /usr/lib/x86_64-linux-gnu/libm-2.33.so
7f354907a000-7f3549119000 r-xp 0000d000 00:21 2246123                    /usr/lib/x86_64-linux-gnu/libm-2.33.so
7f3549119000-7f35491b4000 r--p 000ac000 00:21 2246123                    /usr/lib/x86_64-linux-gnu/libm-2.33.so
7f35491b4000-7f35491b5000 r--p 00146000 00:21 2246123                    /usr/lib/x86_64-linux-gnu/libm-2.33.so
7f35491b5000-7f35491b6000 rw-p 00147000 00:21 2246123                    /usr/lib/x86_64-linux-gnu/libm-2.33.so
7f35491b6000-7f354a472000 r-xp 00000000 00:21 724461                     /home/snoweuph/.jdks/corretto-16.0.2/lib/server/libjvm.so
7f354a472000-7f354a671000 ---p 012bc000 00:21 724461                     /home/snoweuph/.jdks/corretto-16.0.2/lib/server/libjvm.so
7f354a671000-7f354a726000 r--p 012bb000 00:21 724461                     /home/snoweuph/.jdks/corretto-16.0.2/lib/server/libjvm.so
7f354a726000-7f354a75a000 rw-p 01370000 00:21 724461                     /home/snoweuph/.jdks/corretto-16.0.2/lib/server/libjvm.so
7f354a75a000-7f354a7b7000 rw-p 00000000 00:00 0 
7f354a7b7000-7f354a7d9000 r--p 00000000 00:21 2249850                    /usr/lib/x86_64-linux-gnu/libc-2.33.so
7f354a7d9000-7f354a93d000 r-xp 00022000 00:21 2249850                    /usr/lib/x86_64-linux-gnu/libc-2.33.so
7f354a93d000-7f354a988000 r--p 00186000 00:21 2249850                    /usr/lib/x86_64-linux-gnu/libc-2.33.so
7f354a988000-7f354a98c000 r--p 001d0000 00:21 2249850                    /usr/lib/x86_64-linux-gnu/libc-2.33.so
7f354a98c000-7f354a98e000 rw-p 001d4000 00:21 2249850                    /usr/lib/x86_64-linux-gnu/libc-2.33.so
7f354a98e000-7f354a997000 rw-p 00000000 00:00 0 
7f354a997000-7f354a998000 r--p 00000000 00:21 2248554                    /usr/lib/x86_64-linux-gnu/libdl-2.33.so
7f354a998000-7f354a99a000 r-xp 00001000 00:21 2248554                    /usr/lib/x86_64-linux-gnu/libdl-2.33.so
7f354a99a000-7f354a99b000 r--p 00003000 00:21 2248554                    /usr/lib/x86_64-linux-gnu/libdl-2.33.so
7f354a99b000-7f354a99c000 r--p 00003000 00:21 2248554                    /usr/lib/x86_64-linux-gnu/libdl-2.33.so
7f354a99c000-7f354a99d000 rw-p 00004000 00:21 2248554                    /usr/lib/x86_64-linux-gnu/libdl-2.33.so
7f354a99d000-7f354a9a3000 r--p 00000000 00:21 2248972                    /usr/lib/x86_64-linux-gnu/libpthread-2.33.so
7f354a9a3000-7f354a9b2000 r-xp 00006000 00:21 2248972                    /usr/lib/x86_64-linux-gnu/libpthread-2.33.so
7f354a9b2000-7f354a9b7000 r--p 00015000 00:21 2248972                    /usr/lib/x86_64-linux-gnu/libpthread-2.33.so
7f354a9b7000-7f354a9b8000 ---p 0001a000 00:21 2248972                    /usr/lib/x86_64-linux-gnu/libpthread-2.33.so
7f354a9b8000-7f354a9b9000 r--p 0001a000 00:21 2248972                    /usr/lib/x86_64-linux-gnu/libpthread-2.33.so
7f354a9b9000-7f354a9ba000 rw-p 0001b000 00:21 2248972                    /usr/lib/x86_64-linux-gnu/libpthread-2.33.so
7f354a9ba000-7f354a9be000 rw-p 00000000 00:00 0 
7f354a9be000-7f354a9bf000 r--p 00000000 00:21 284142                     /usr/share/runtime/locale/de/lib/de_DE.utf8/LC_TELEPHONE
7f354a9bf000-7f354a9c0000 r--p 00000000 00:21 283898                     /usr/share/runtime/locale/de/lib/de_DE.utf8/LC_MEASUREMENT
7f354a9c0000-7f354a9c1000 r--p 00000000 00:21 283698                     /usr/share/runtime/locale/de/lib/de_DE.utf8/LC_IDENTIFICATION
7f354a9c1000-7f354a9c9000 rw-s 00000000 00:39 1916                       /tmp/hsperfdata_snoweuph/3012
7f354a9c9000-7f354a9ca000 ---p 00000000 00:00 0 
7f354a9ca000-7f354a9cb000 r--p 00000000 00:00 0 
7f354a9cb000-7f354a9cc000 ---p 00000000 00:00 0 
7f354a9cc000-7f354a9e5000 r-xp 00000000 00:21 724466                     /home/snoweuph/.jdks/corretto-16.0.2/lib/libjli.so
7f354a9e5000-7f354abe4000 ---p 00019000 00:21 724466                     /home/snoweuph/.jdks/corretto-16.0.2/lib/libjli.so
7f354abe4000-7f354abe5000 r--p 00018000 00:21 724466                     /home/snoweuph/.jdks/corretto-16.0.2/lib/libjli.so
7f354abe5000-7f354abe6000 rw-p 00019000 00:21 724466                     /home/snoweuph/.jdks/corretto-16.0.2/lib/libjli.so
7f354abe6000-7f354abe8000 rw-p 00000000 00:00 0 
7f354abe8000-7f354abe9000 r--p 00000000 00:21 2246395                    /usr/lib/x86_64-linux-gnu/ld-2.33.so
7f354abe9000-7f354ac0f000 r-xp 00001000 00:21 2246395                    /usr/lib/x86_64-linux-gnu/ld-2.33.so
7f354ac0f000-7f354ac18000 r--p 00027000 00:21 2246395                    /usr/lib/x86_64-linux-gnu/ld-2.33.so
7f354ac18000-7f354ac1a000 r--p 0002f000 00:21 2246395                    /usr/lib/x86_64-linux-gnu/ld-2.33.so
7f354ac1a000-7f354ac1c000 rw-p 00031000 00:21 2246395                    /usr/lib/x86_64-linux-gnu/ld-2.33.so
7fff81f60000-7fff81f83000 rw-p 00000000 00:00 0                          [stack]
7fff81fa5000-7fff81fa9000 r--p 00000000 00:00 0                          [vvar]
7fff81fa9000-7fff81fab000 r-xp 00000000 00:00 0                          [vdso]
ffffffffff600000-ffffffffff601000 --xp 00000000 00:00 0                  [vsyscall]


VM Arguments:
jvm_args: -Dfile.encoding=UTF-8 -Duser.country=DE -Duser.language=de -Duser.variant 
java_command: org.euph.Main
java_class_path (initial): /home/snoweuph/Git/GameEngine/GameEngine/build/classes/java/main:/home/snoweuph/Git/GameEngine/GameEngine/build/resources/main:/home/snoweuph/.gradle/caches/modules-2/files-2.1/org.lwjgl/lwjgl-assimp/3.3.1/312072f451794f25670aebb0160ce6ec88aff842/lwjgl-assimp-3.3.1.jar:/home/snoweuph/.gradle/caches/modules-2/files-2.1/org.lwjgl/lwjgl-assimp/3.3.1/79fdb4d7fc27bc61579eb3803c8c389b8e57af1f/lwjgl-assimp-3.3.1-natives-linux.jar:/home/snoweuph/.gradle/caches/modules-2/files-2.1/org.lwjgl/lwjgl-bgfx/3.3.1/4243b7d255d885980f10c36edfb678729493685e/lwjgl-bgfx-3.3.1.jar:/home/snoweuph/.gradle/caches/modules-2/files-2.1/org.lwjgl/lwjgl-bgfx/3.3.1/6ae3c5e24f748c6e4d0f2a724bfdbf9d5a7ec6b6/lwjgl-bgfx-3.3.1-natives-linux.jar:/home/snoweuph/.gradle/caches/modules-2/files-2.1/org.lwjgl/lwjgl-glfw/3.3.1/cbac1b8d30cb4795149c1ef540f912671a8616d0/lwjgl-glfw-3.3.1.jar:/home/snoweuph/.gradle/caches/modules-2/files-2.1/org.lwjgl/lwjgl-glfw/3.3.1/81716978214ecbda15050ca394b06ef61501a49e/lwjgl-glfw-3.3.1-natives-linux.jar:/home/snoweuph/.gradle/caches/modules-2/files-2.1/org.lwjgl/lwjgl-libdivide/3.3.1/ed21d21e4f3d508908ef1a23d885e73983f244ea/lwjgl-libdivide-3.3.1.jar:/home/snoweuph/.gradle/caches/modules-2/files-2.1/org.lwjgl/lwjgl-libdivide/3.3.1/c4312cccbfae5fea8f9e3f72b367c3a0af6b20a2/lwjgl-libdivide-3.3.1-natives-linux.jar:/home/snoweuph/.gradle/caches/modules-2/files-2.1/org.lwjgl/lwjgl-meshoptimizer/3.3.1/8cc3325a9bba8beba08190f909a6f0003d96ad8f/lwjgl-meshoptimizer-3.3.1.jar:/home/snoweuph/.gradle/caches/modules-2/files-2.1/org.lwjgl/lwjgl-meshoptimizer/3.3.1/b881a520004d291093c2540e2f398f4c2173e8a8/lwjgl-meshoptimizer-3.3.1-natives-linux.jar:/home/snoweuph/.gradle/caches/modules-2/files-2.1/org.lwjgl/lwjgl-nfd/3.3.1/622318116996ddcff449b46cb38f0fdee39b8ac3/lwjgl-nfd-3.3.1.jar:/home/snoweuph/.gradle/caches/modules-2/files-2.1/org.lwjgl/lwjgl-nfd/3.3.1/2e007667e04ed3281152ae5c6e677fb1c2211691/lwjgl-nfd-3.3.1-natives-linux.jar:/home/snoweuph/.gradle/caches/mo
Launcher Type: SUN_STANDARD

[Global flags]
     intx CICompilerCount                          = 4                                         {product} {ergonomic}
     uint ConcGCThreads                            = 2                                         {product} {ergonomic}
     uint G1ConcRefinementThreads                  = 8                                         {product} {ergonomic}
   size_t G1HeapRegionSize                         = 2097152                                   {product} {ergonomic}
    uintx GCDrainStackTargetSize                   = 64                                        {product} {ergonomic}
   size_t InitialHeapSize                          = 262144000                                 {product} {ergonomic}
   size_t MarkStackSize                            = 4194304                                   {product} {ergonomic}
   size_t MaxHeapSize                              = 4164943872                                {product} {ergonomic}
   size_t MaxNewSize                               = 2497708032                                {product} {ergonomic}
   size_t MinHeapDeltaBytes                        = 2097152                                   {product} {ergonomic}
   size_t MinHeapSize                              = 8388608                                   {product} {ergonomic}
    uintx NonNMethodCodeHeapSize                   = 5839372                                {pd product} {ergonomic}
    uintx NonProfiledCodeHeapSize                  = 122909434                              {pd product} {ergonomic}
    uintx ProfiledCodeHeapSize                     = 122909434                              {pd product} {ergonomic}
    uintx ReservedCodeCacheSize                    = 251658240                              {pd product} {ergonomic}
     bool SegmentedCodeCache                       = true                                      {product} {ergonomic}
   size_t SoftMaxHeapSize                          = 4164943872                             {manageable} {ergonomic}
     bool UseCompressedClassPointers               = true                           {product lp64_product} {ergonomic}
     bool UseCompressedOops                        = true                           {product lp64_product} {ergonomic}
     bool UseG1GC                                  = true                                      {product} {ergonomic}

Logging:
Log output configuration:
 #0: stdout all=warning uptime,level,tags
 #1: stderr all=off uptime,level,tags

Environment Variables:
PATH=/app/bin:/usr/bin
LD_LIBRARY_PATH=
SHELL=/bin/sh
DISPLAY=:99.0
LANG=de_DE.UTF-8

Signal Handlers:
SIGSEGV: [libjvm.so+0xf67e20], sa_mask[0]=11100100010111111101111111111110, sa_flags=SA_RESTART|SA_SIGINFO
SIGBUS: [libjvm.so+0xf67e20], sa_mask[0]=11100100010111111101111111111110, sa_flags=SA_RESTART|SA_SIGINFO
SIGFPE: [libjvm.so+0xf67e20], sa_mask[0]=11100100010111111101111111111110, sa_flags=SA_RESTART|SA_SIGINFO
SIGPIPE: [libjvm.so+0xe05b30], sa_mask[0]=11100100010111111101111111111110, sa_flags=SA_RESTART|SA_SIGINFO
SIGXFSZ: [libjvm.so+0xe05b30], sa_mask[0]=11100100010111111101111111111110, sa_flags=SA_RESTART|SA_SIGINFO
SIGILL: [libjvm.so+0xf67e20], sa_mask[0]=11100100010111111101111111111110, sa_flags=SA_RESTART|SA_SIGINFO
SIGUSR2: [libjvm.so+0xe05200], sa_mask[0]=00100000000000000000000000000000, sa_flags=SA_RESTART|SA_SIGINFO
SIGHUP: [libjvm.so+0xe05140], sa_mask[0]=11100100010111111101111111111110, sa_flags=SA_RESTART|SA_SIGINFO
SIGINT: [libjvm.so+0xe05140], sa_mask[0]=11100100010111111101111111111110, sa_flags=SA_RESTART|SA_SIGINFO
SIGTERM: [libjvm.so+0xe05140], sa_mask[0]=11100100010111111101111111111110, sa_flags=SA_RESTART|SA_SIGINFO
SIGQUIT: [libjvm.so+0xe05140], sa_mask[0]=11100100010111111101111111111110, sa_flags=SA_RESTART|SA_SIGINFO
SIGTRAP: [libjvm.so+0xf67e20], sa_mask[0]=11100100010111111101111111111110, sa_flags=SA_RESTART|SA_SIGINFO


---------------  S Y S T E M  ---------------

OS:
NAME=Freedesktop.org
VERSION="21.08.14 (Flatpak runtime)"
VERSION_ID=21.08.14
ID=org.freedesktop.platform
PRETTY_NAME="Freedesktop.org 21.08.14 (Flatpak runtime)"
BUG_REPORT_URL=https://gitlab.com/freedesktop-sdk/freedesktop-sdk/issues
uname: Linux 5.17.5-300.fc36.x86_64 #1 SMP PREEMPT Thu Apr 28 15:51:30 UTC 2022 x86_64
OS uptime: 0 days 2:04 hours
libc: glibc 2.33 NPTL 2.33 
rlimit (soft/hard): STACK 8192k/infinity , CORE infinity/infinity , NPROC 63055/63055 , NOFILE 1048576/1048576 , AS infinity/infinity , CPU infinity/infinity , DATA infinity/infinity , FSIZE infinity/infinity , MEMLOCK 8192k/8192k
load average: 4,36 3,31 3,35

/proc/meminfo:
MemTotal:       16262540 kB
MemFree:          460512 kB
MemAvailable:    6645608 kB
Buffers:           11864 kB
Cached:          6307952 kB
SwapCached:          388 kB
Active:          4766116 kB
Inactive:        9516048 kB
Active(anon):     607476 kB
Inactive(anon):  7471036 kB
Active(file):    4158640 kB
Inactive(file):  2045012 kB
Unevictable:        4964 kB
Mlocked:            4964 kB
SwapTotal:       8388604 kB
SwapFree:        8120060 kB
Dirty:             12736 kB
Writeback:             0 kB
AnonPages:       7967036 kB
Mapped:          1323088 kB
Shmem:            116160 kB
KReclaimable:     316636 kB
Slab:             651848 kB
SReclaimable:     316636 kB
SUnreclaim:       335212 kB
KernelStack:       33196 kB
PageTables:        72988 kB
NFS_Unstable:          0 kB
Bounce:                0 kB
WritebackTmp:          0 kB
CommitLimit:    16519872 kB
Committed_AS:   18064148 kB
VmallocTotal:   34359738367 kB
VmallocUsed:      211884 kB
VmallocChunk:          0 kB
Percpu:            46080 kB
HardwareCorrupted:     0 kB
AnonHugePages:    120832 kB
ShmemHugePages:        0 kB
ShmemPmdMapped:        0 kB
FileHugePages:         0 kB
FilePmdMapped:         0 kB
CmaTotal:              0 kB
CmaFree:               0 kB
HugePages_Total:       0
HugePages_Free:        0
HugePages_Rsvd:        0
HugePages_Surp:        0
Hugepagesize:       2048 kB
Hugetlb:               0 kB
DirectMap4k:     1744632 kB
DirectMap2M:    14856192 kB
DirectMap1G:     1048576 kB

/sys/kernel/mm/transparent_hugepage/enabled: <Not Available>
/sys/kernel/mm/transparent_hugepage/defrag (defrag/compaction efforts parameter): <Not Available>

Process Memory:
Virtual Size: 8098528K (peak: 8265868K)
Resident Set Size: 108204K (peak: 109080K) (anon: 36316K, file: 68824K, shmem: 3064K)
Swapped out: 0K
C-Heap outstanding allocations: 6322K

/proc/sys/kernel/threads-max (system-wide limit on the number of threads): 126110
/proc/sys/vm/max_map_count (maximum number of memory map areas a process may have): 65530
/proc/sys/kernel/pid_max (system-wide limit on number of process identifiers): 4194304

Steal ticks since vm start: 0
Steal ticks percentage since vm start:  0,000

CPU: total 8 (initial active 8) (8 cores per cpu, 2 threads per core) family 23 model 1 stepping 1 microcode 0x8001138, cx8, cmov, fxsr, ht, mmx, 3dnowpref, sse, sse2, sse3, ssse3, sse4a, sse4.1, sse4.2, popcnt, lzcnt, tsc, tscinvbit, avx, avx2, aes, clmul, bmi1, bmi2, adx, sha, fma, vzeroupper, clflush, clflushopt
CPU Model and flags from /proc/cpuinfo:
model name	: AMD Ryzen 5 1400 Quad-Core Processor
flags		: fpu vme de pse tsc msr pae mce cx8 apic sep mtrr pge mca cmov pat pse36 clflush mmx fxsr sse sse2 ht syscall nx mmxext fxsr_opt pdpe1gb rdtscp lm constant_tsc rep_good nopl nonstop_tsc cpuid extd_apicid aperfmperf rapl pni pclmulqdq monitor ssse3 fma cx16 sse4_1 sse4_2 movbe popcnt aes xsave avx f16c rdrand lahf_lm cmp_legacy svm extapic cr8_legacy abm sse4a misalignsse 3dnowprefetch osvw skinit wdt tce topoext perfctr_core perfctr_nb bpext perfctr_llc mwaitx cpb hw_pstate ssbd ibpb vmmcall fsgsbase bmi1 avx2 smep bmi2 rdseed adx smap clflushopt sha_ni xsaveopt xsavec xgetbv1 xsaves clzero irperf xsaveerptr arat npt lbrv svm_lock nrip_save tsc_scale vmcb_clean flushbyasid decodeassists pausefilter pfthreshold avic v_vmsave_vmload vgif overflow_recov succor smca sme sev

Online cpus: 0-7
Offline cpus: 8-31
BIOS frequency limitation: 3800000
Frequency switch latency (ns): 0
Available cpu frequencies: 3800000 2250000 1550000 
Current governor: schedutil
Core performance/turbo boost: 0

Memory: 4k page, physical 16262540k(460512k free), swap 8388604k(8120060k free)

vm_info: OpenJDK 64-Bit Server VM (16.0.2+7) for linux-amd64 JRE (16.0.2+7), built on Jul 22 2021 01:08:17 by "jenkins" with gcc 7.3.1 20180303 (Red Hat 7.3.1-5)

END.
