#
# A fatal error has been detected by the Java Runtime Environment:
#
#  SIGSEGV (0xb) at pc=0x00007f230cf35f88, pid=2050, tid=2052
#
# JRE version: OpenJDK Runtime Environment Corretto-16.0.2.7.1 (16.0.2+7) (build 16.0.2+7)
# Java VM: OpenJDK 64-Bit Server VM Corretto-16.0.2.7.1 (16.0.2+7, mixed mode, sharing, tiered, compressed oops, compressed class ptrs, g1 gc, linux-amd64)
# Problematic frame:
# C  [libglfw.so+0x1ff88]
#
# Core dump will be written. Default location: Core dumps may be processed with "/usr/lib/systemd/systemd-coredump %P %u %g %s %t %c %h" (or dumping to /home/snoweuph/Git/GameEngine/GameEngine/core.2050)
#
# If you would like to submit a bug report, please visit:
#   https://github.com/corretto/corretto-jdk/issues/
# The crash happened outside the Java Virtual Machine in native code.
# See problematic frame for where to report the bug.
#

---------------  S U M M A R Y ------------

Command Line: -Dfile.encoding=UTF-8 -Duser.country=DE -Duser.language=de -Duser.variant org.euph.Main

Host: AMD Ryzen 5 1400 Quad-Core Processor, 8 cores, 15G, Freedesktop.org 21.08.14 (Flatpak runtime)
Time: Tue Jul 26 04:09:58 2022 CEST elapsed time: 0.447502 seconds (0d 0h 0m 0s)

---------------  T H R E A D  ---------------

Current thread (0x00007f233c023c90):  JavaThread "main" [_thread_in_native, id=2052, stack(0x00007f2343f8e000,0x00007f234408f000)]

Stack: [0x00007f2343f8e000,0x00007f234408f000],  sp=0x00007f234408cfd0,  free space=1019k
Native frames: (J=compiled Java code, A=aot compiled Java code, j=interpreted, Vv=VM code, C=native code)
C  [libglfw.so+0x1ff88]

Java frames: (J=compiled Java code, j=interpreted, Vv=VM code)
j  org.lwjgl.system.JNI.invokePPPP(IIJJJJ)J+0
j  org.lwjgl.glfw.GLFW.nglfwCreateWindow(IIJJJ)J+14
j  org.lwjgl.glfw.GLFW.glfwCreateWindow(IILjava/lang/CharSequence;JJ)J+34
j  org.euph.engine.displaySystem.DisplayManager.createWindow(IIILjava/lang/String;ZZZZ)Lorg/euph/engine/displaySystem/Window;+55
j  org.euph.Main.main([Ljava/lang/String;)V+17
v  ~StubRoutines::call_stub

siginfo: si_signo: 11 (SIGSEGV), si_code: 1 (SEGV_MAPERR), si_addr: 0x0000000000000139

Register to memory mapping:

RAX=0x0000000000000001 is an unknown value
RBX=0x00007f230d170c40: <offset 0x000000000025ac40> in /tmp/lwjglsnoweuph/3.3.1-build-7/libglfw.so at 0x00007f230cf16000
RCX=0x0000000000000025 is an unknown value
RDX=0x0000000000000157 is an unknown value
RSP=0x00007f234408cfd0 is pointing into the stack for thread: 0x00007f233c023c90
RBP=0x00007f233c452970 points into unknown readable memory: 0x0000000000000000 | 00 00 00 00 00 00 00 00
RSI=0x000000000240000b is an unknown value
RDI=0x00007f234408d05c is pointing into the stack for thread: 0x00007f233c023c90
R8 =0x0 is NULL
R9 =0x00007f233c415bd0 points into unknown readable memory: 0x0000000000000000 | 00 00 00 00 00 00 00 00
R10=0x00007ffce5fda080 points into unknown readable memory: 0x000000010033e444 | 44 e4 33 00 01 00 00 00
R11=0x0000000000000293 is an unknown value
R12=0x00007f234408d1e0 is pointing into the stack for thread: 0x00007f233c023c90
R13=0x00007f234408d230 is pointing into the stack for thread: 0x00007f233c023c90
R14=0x00000000000002d0 is an unknown value
R15=0x00007f234408d1a0 is pointing into the stack for thread: 0x00007f233c023c90


Registers:
RAX=0x0000000000000001, RBX=0x00007f230d170c40, RCX=0x0000000000000025, RDX=0x0000000000000157
RSP=0x00007f234408cfd0, RBP=0x00007f233c452970, RSI=0x000000000240000b, RDI=0x00007f234408d05c
R8 =0x0000000000000000, R9 =0x00007f233c415bd0, R10=0x00007ffce5fda080, R11=0x0000000000000293
R12=0x00007f234408d1e0, R13=0x00007f234408d230, R14=0x00000000000002d0, R15=0x00007f234408d1a0
RIP=0x00007f230cf35f88, EFLAGS=0x0000000000010202, CSGSFS=0x002b000000000033, ERR=0x0000000000000004
  TRAPNO=0x000000000000000e

Top of Stack: (sp=0x00007f234408cfd0)
0x00007f234408cfd0:   00000000000003da 0000000000000001
0x00007f234408cfe0:   0000000000000001 00000000ffffffff
0x00007f234408cff0:   0000000000000000 0000000000000000
0x00007f234408d000:   000000000240000a 0000000000000000 

Instructions: (pc=0x00007f230cf35f88)
0x00007f230cf35e88:   58 01 00 00 48 8d 1d ad ad 23 00 48 8b b7 78 04
0x00007f230cf35e98:   00 00 64 48 8b 04 25 28 00 00 00 48 89 84 24 48
0x00007f230cf35ea8:   01 00 00 31 c0 48 8b 47 50 8b 93 40 2a 02 00 4c
0x00007f230cf35eb8:   8b 8b 50 18 02 00 48 85 c0 0f 84 79 01 00 00 85
0x00007f230cf35ec8:   d2 0f 85 a1 00 00 00 48 8b 93 b0 24 02 00 48 85
0x00007f230cf35ed8:   d2 0f 85 01 02 00 00 c7 44 24 68 01 00 00 00 48
0x00007f230cf35ee8:   8d 4c 24 10 ba 00 02 00 00 4c 89 cf ff 93 10 26
0x00007f230cf35ef8:   02 00 c7 85 90 04 00 00 01 00 00 00 8b b5 9c 04
0x00007f230cf35f08:   00 00 85 f6 75 3c 48 c7 44 24 10 01 00 00 00 48
0x00007f230cf35f18:   8b 93 e0 24 02 00 b9 06 00 00 00 48 8b b5 78 04
0x00007f230cf35f28:   00 00 48 8b bb 50 18 02 00 45 31 c9 6a 01 41 b8
0x00007f230cf35f38:   20 00 00 00 48 8d 44 24 18 50 ff 93 08 26 02 00
0x00007f230cf35f48:   5a 59 48 8b 84 24 48 01 00 00 64 48 33 04 25 28
0x00007f230cf35f58:   00 00 00 0f 85 08 03 00 00 48 81 c4 58 01 00 00
0x00007f230cf35f68:   5b 5d c3 0f 1f 44 00 00 48 8b 93 e8 24 02 00 48
0x00007f230cf35f78:   85 d2 0f 84 4f ff ff ff 48 8d bc 24 8c 00 00 00
0x00007f230cf35f88:   4c 63 80 38 01 00 00 48 8d 84 24 84 00 00 00 48
0x00007f230cf35f98:   c7 84 24 84 00 00 00 00 00 00 00 48 c7 84 24 38
0x00007f230cf35fa8:   01 00 00 00 00 00 00 48 83 e7 f8 48 29 f8 8d 88
0x00007f230cf35fb8:   bc 00 00 00 89 c8 c1 e8 03 89 c1 31 c0 f3 48 ab
0x00007f230cf35fc8:   48 89 b4 24 a0 00 00 00 48 89 94 24 a8 00 00 00
0x00007f230cf35fd8:   4c 89 cf 4c 89 84 24 b8 00 00 00 4c 89 84 24 c0
0x00007f230cf35fe8:   00 00 00 b9 00 00 18 00 4c 89 84 24 c8 00 00 00
0x00007f230cf35ff8:   4c 89 84 24 d0 00 00 00 31 d2 48 8b b3 60 18 02
0x00007f230cf36008:   00 c7 84 24 80 00 00 00 21 00 00 00 4c 8d 84 24
0x00007f230cf36018:   80 00 00 00 c7 84 24 b0 00 00 00 20 00 00 00 ff
0x00007f230cf36028:   93 e0 27 02 00 48 8b b5 78 04 00 00 4c 8b 8b 50
0x00007f230cf36038:   18 02 00 e9 8f fe ff ff 85 d2 75 6c 48 8b 93 b0
0x00007f230cf36048:   24 02 00 48 85 d2 0f 85 5c 01 00 00 c7 44 24 68
0x00007f230cf36058:   00 00 00 00 48 8d 4c 24 10 ba 00 02 00 00 4c 89
0x00007f230cf36068:   cf ff 93 10 26 02 00 c7 85 90 04 00 00 00 00 00
0x00007f230cf36078:   00 8b 85 9c 04 00 00 85 c0 0f 85 c3 fe ff ff 48 


Stack slot to memory mapping:
stack at sp + 0 slots: 0x00000000000003da is an unknown value
stack at sp + 1 slots: 0x0000000000000001 is an unknown value
stack at sp + 2 slots: 0x0000000000000001 is an unknown value
stack at sp + 3 slots: 0x00000000ffffffff is an unknown value
stack at sp + 4 slots: 0x0 is NULL
stack at sp + 5 slots: 0x0 is NULL
stack at sp + 6 slots: 0x000000000240000a is an unknown value
stack at sp + 7 slots: 0x0 is NULL


---------------  P R O C E S S  ---------------

Threads class SMR info:
_java_thread_list=0x00007f233c1c3520, length=11, elements={
0x00007f233c023c90, 0x00007f233c177a10, 0x00007f233c178f90, 0x00007f233c1a5ef0,
0x00007f233c1a7440, 0x00007f233c1a8960, 0x00007f233c1aa440, 0x00007f233c1abaa0,
0x00007f233c1b5030, 0x00007f233c1bc820, 0x00007f233c1c2420
}

Java Threads: ( => current thread )
=>0x00007f233c023c90 JavaThread "main" [_thread_in_native, id=2052, stack(0x00007f2343f8e000,0x00007f234408f000)]
  0x00007f233c177a10 JavaThread "Reference Handler" daemon [_thread_blocked, id=2059, stack(0x00007f2340947000,0x00007f2340a48000)]
  0x00007f233c178f90 JavaThread "Finalizer" daemon [_thread_blocked, id=2060, stack(0x00007f2340846000,0x00007f2340947000)]
  0x00007f233c1a5ef0 JavaThread "Signal Dispatcher" daemon [_thread_blocked, id=2061, stack(0x00007f2340473000,0x00007f2340574000)]
  0x00007f233c1a7440 JavaThread "Service Thread" daemon [_thread_blocked, id=2062, stack(0x00007f2340372000,0x00007f2340473000)]
  0x00007f233c1a8960 JavaThread "Monitor Deflation Thread" daemon [_thread_blocked, id=2063, stack(0x00007f2340271000,0x00007f2340372000)]
  0x00007f233c1aa440 JavaThread "C2 CompilerThread0" daemon [_thread_blocked, id=2064, stack(0x00007f2340170000,0x00007f2340271000)]
  0x00007f233c1abaa0 JavaThread "C1 CompilerThread0" daemon [_thread_blocked, id=2065, stack(0x00007f234006f000,0x00007f2340170000)]
  0x00007f233c1b5030 JavaThread "Sweeper thread" daemon [_thread_blocked, id=2066, stack(0x00007f231c885000,0x00007f231c986000)]
  0x00007f233c1bc820 JavaThread "Notification Thread" daemon [_thread_blocked, id=2067, stack(0x00007f231c784000,0x00007f231c885000)]
  0x00007f233c1c2420 JavaThread "Common-Cleaner" daemon [_thread_blocked, id=2069, stack(0x00007f231c581000,0x00007f231c682000)]

Other Threads:
  0x00007f233c175450 VMThread "VM Thread" [stack: 0x00007f2340a4a000,0x00007f2340b4a000] [id=2058]
  0x00007f233c1be2f0 WatcherThread [stack: 0x00007f231c684000,0x00007f231c784000] [id=2068]
  0x00007f233c073680 GCTaskThread "GC Thread#0" [stack: 0x00007f2341879000,0x00007f2341979000] [id=2053]
  0x00007f233c084630 ConcurrentGCThread "G1 Main Marker" [stack: 0x00007f2341777000,0x00007f2341877000] [id=2054]
  0x00007f233c0856c0 ConcurrentGCThread "G1 Conc#0" [stack: 0x00007f2341675000,0x00007f2341775000] [id=2055]
  0x00007f233c13b3c0 ConcurrentGCThread "G1 Refine#0" [stack: 0x00007f2340d6b000,0x00007f2340e6b000] [id=2056]
  0x00007f233c13c3e0 ConcurrentGCThread "G1 Service" [stack: 0x00007f2340c69000,0x00007f2340d69000] [id=2057]

Threads with active compile tasks:

VM state: not at safepoint (normal execution)

VM Mutex/Monitor currently owned by a thread: None

Heap address: 0x0000000707c00000, size: 3972 MB, Compressed Oops mode: Zero based, Oop shift amount: 3

CDS archive(s) mapped at: [0x0000000800000000-0x0000000800bf7000-0x0000000800bf7000), size 12546048, SharedBaseAddress: 0x0000000800000000, ArchiveRelocationMode: 0.
Compressed class space mapped at: 0x0000000800c00000-0x0000000840c00000, reserved size: 1073741824
Narrow klass base: 0x0000000800000000, Narrow klass shift: 3, Narrow klass range: 0x100000000

GC Precious Log:
 CPUs: 8 total, 8 available
 Memory: 15881M
 Large Page Support: Disabled
 NUMA Support: Disabled
 Compressed Oops: Enabled (Zero based)
 Heap Region Size: 2M
 Heap Min Capacity: 8M
 Heap Initial Capacity: 250M
 Heap Max Capacity: 3972M
 Pre-touch: Disabled
 Parallel Workers: 8
 Concurrent Workers: 2
 Concurrent Refinement Workers: 8
 Periodic GC: Disabled

Heap:
 garbage-first heap   total 260096K, used 8184K [0x0000000707c00000, 0x0000000800000000)
  region size 2048K, 4 young (8192K), 0 survivors (0K)
 Metaspace       used 2325K, committed 2496K, reserved 1056768K
  class space    used 155K, committed 256K, reserved 1048576K

Heap Regions: E=young(eden), S=young(survivor), O=old, HS=humongous(starts), HC=humongous(continues), CS=collection set, F=free, OA=open archive, CA=closed archive, TAMS=top-at-mark-start (previous, next)
|   0|0x0000000707c00000, 0x0000000707c00000, 0x0000000707e00000|  0%| F|  |TAMS 0x0000000707c00000, 0x0000000707c00000| Untracked 
|   1|0x0000000707e00000, 0x0000000707e00000, 0x0000000708000000|  0%| F|  |TAMS 0x0000000707e00000, 0x0000000707e00000| Untracked 
|   2|0x0000000708000000, 0x0000000708000000, 0x0000000708200000|  0%| F|  |TAMS 0x0000000708000000, 0x0000000708000000| Untracked 
|   3|0x0000000708200000, 0x0000000708200000, 0x0000000708400000|  0%| F|  |TAMS 0x0000000708200000, 0x0000000708200000| Untracked 
|   4|0x0000000708400000, 0x0000000708400000, 0x0000000708600000|  0%| F|  |TAMS 0x0000000708400000, 0x0000000708400000| Untracked 
|   5|0x0000000708600000, 0x0000000708600000, 0x0000000708800000|  0%| F|  |TAMS 0x0000000708600000, 0x0000000708600000| Untracked 
|   6|0x0000000708800000, 0x0000000708800000, 0x0000000708a00000|  0%| F|  |TAMS 0x0000000708800000, 0x0000000708800000| Untracked 
|   7|0x0000000708a00000, 0x0000000708a00000, 0x0000000708c00000|  0%| F|  |TAMS 0x0000000708a00000, 0x0000000708a00000| Untracked 
|   8|0x0000000708c00000, 0x0000000708c00000, 0x0000000708e00000|  0%| F|  |TAMS 0x0000000708c00000, 0x0000000708c00000| Untracked 
|   9|0x0000000708e00000, 0x0000000708e00000, 0x0000000709000000|  0%| F|  |TAMS 0x0000000708e00000, 0x0000000708e00000| Untracked 
|  10|0x0000000709000000, 0x0000000709000000, 0x0000000709200000|  0%| F|  |TAMS 0x0000000709000000, 0x0000000709000000| Untracked 
|  11|0x0000000709200000, 0x0000000709200000, 0x0000000709400000|  0%| F|  |TAMS 0x0000000709200000, 0x0000000709200000| Untracked 
|  12|0x0000000709400000, 0x0000000709400000, 0x0000000709600000|  0%| F|  |TAMS 0x0000000709400000, 0x0000000709400000| Untracked 
|  13|0x0000000709600000, 0x0000000709600000, 0x0000000709800000|  0%| F|  |TAMS 0x0000000709600000, 0x0000000709600000| Untracked 
|  14|0x0000000709800000, 0x0000000709800000, 0x0000000709a00000|  0%| F|  |TAMS 0x0000000709800000, 0x0000000709800000| Untracked 
|  15|0x0000000709a00000, 0x0000000709a00000, 0x0000000709c00000|  0%| F|  |TAMS 0x0000000709a00000, 0x0000000709a00000| Untracked 
|  16|0x0000000709c00000, 0x0000000709c00000, 0x0000000709e00000|  0%| F|  |TAMS 0x0000000709c00000, 0x0000000709c00000| Untracked 
|  17|0x0000000709e00000, 0x0000000709e00000, 0x000000070a000000|  0%| F|  |TAMS 0x0000000709e00000, 0x0000000709e00000| Untracked 
|  18|0x000000070a000000, 0x000000070a000000, 0x000000070a200000|  0%| F|  |TAMS 0x000000070a000000, 0x000000070a000000| Untracked 
|  19|0x000000070a200000, 0x000000070a200000, 0x000000070a400000|  0%| F|  |TAMS 0x000000070a200000, 0x000000070a200000| Untracked 
|  20|0x000000070a400000, 0x000000070a400000, 0x000000070a600000|  0%| F|  |TAMS 0x000000070a400000, 0x000000070a400000| Untracked 
|  21|0x000000070a600000, 0x000000070a600000, 0x000000070a800000|  0%| F|  |TAMS 0x000000070a600000, 0x000000070a600000| Untracked 
|  22|0x000000070a800000, 0x000000070a800000, 0x000000070aa00000|  0%| F|  |TAMS 0x000000070a800000, 0x000000070a800000| Untracked 
|  23|0x000000070aa00000, 0x000000070aa00000, 0x000000070ac00000|  0%| F|  |TAMS 0x000000070aa00000, 0x000000070aa00000| Untracked 
|  24|0x000000070ac00000, 0x000000070ac00000, 0x000000070ae00000|  0%| F|  |TAMS 0x000000070ac00000, 0x000000070ac00000| Untracked 
|  25|0x000000070ae00000, 0x000000070ae00000, 0x000000070b000000|  0%| F|  |TAMS 0x000000070ae00000, 0x000000070ae00000| Untracked 
|  26|0x000000070b000000, 0x000000070b000000, 0x000000070b200000|  0%| F|  |TAMS 0x000000070b000000, 0x000000070b000000| Untracked 
|  27|0x000000070b200000, 0x000000070b200000, 0x000000070b400000|  0%| F|  |TAMS 0x000000070b200000, 0x000000070b200000| Untracked 
|  28|0x000000070b400000, 0x000000070b400000, 0x000000070b600000|  0%| F|  |TAMS 0x000000070b400000, 0x000000070b400000| Untracked 
|  29|0x000000070b600000, 0x000000070b600000, 0x000000070b800000|  0%| F|  |TAMS 0x000000070b600000, 0x000000070b600000| Untracked 
|  30|0x000000070b800000, 0x000000070b800000, 0x000000070ba00000|  0%| F|  |TAMS 0x000000070b800000, 0x000000070b800000| Untracked 
|  31|0x000000070ba00000, 0x000000070ba00000, 0x000000070bc00000|  0%| F|  |TAMS 0x000000070ba00000, 0x000000070ba00000| Untracked 
|  32|0x000000070bc00000, 0x000000070bc00000, 0x000000070be00000|  0%| F|  |TAMS 0x000000070bc00000, 0x000000070bc00000| Untracked 
|  33|0x000000070be00000, 0x000000070be00000, 0x000000070c000000|  0%| F|  |TAMS 0x000000070be00000, 0x000000070be00000| Untracked 
|  34|0x000000070c000000, 0x000000070c000000, 0x000000070c200000|  0%| F|  |TAMS 0x000000070c000000, 0x000000070c000000| Untracked 
|  35|0x000000070c200000, 0x000000070c200000, 0x000000070c400000|  0%| F|  |TAMS 0x000000070c200000, 0x000000070c200000| Untracked 
|  36|0x000000070c400000, 0x000000070c400000, 0x000000070c600000|  0%| F|  |TAMS 0x000000070c400000, 0x000000070c400000| Untracked 
|  37|0x000000070c600000, 0x000000070c600000, 0x000000070c800000|  0%| F|  |TAMS 0x000000070c600000, 0x000000070c600000| Untracked 
|  38|0x000000070c800000, 0x000000070c800000, 0x000000070ca00000|  0%| F|  |TAMS 0x000000070c800000, 0x000000070c800000| Untracked 
|  39|0x000000070ca00000, 0x000000070ca00000, 0x000000070cc00000|  0%| F|  |TAMS 0x000000070ca00000, 0x000000070ca00000| Untracked 
|  40|0x000000070cc00000, 0x000000070cc00000, 0x000000070ce00000|  0%| F|  |TAMS 0x000000070cc00000, 0x000000070cc00000| Untracked 
|  41|0x000000070ce00000, 0x000000070ce00000, 0x000000070d000000|  0%| F|  |TAMS 0x000000070ce00000, 0x000000070ce00000| Untracked 
|  42|0x000000070d000000, 0x000000070d000000, 0x000000070d200000|  0%| F|  |TAMS 0x000000070d000000, 0x000000070d000000| Untracked 
|  43|0x000000070d200000, 0x000000070d200000, 0x000000070d400000|  0%| F|  |TAMS 0x000000070d200000, 0x000000070d200000| Untracked 
|  44|0x000000070d400000, 0x000000070d400000, 0x000000070d600000|  0%| F|  |TAMS 0x000000070d400000, 0x000000070d400000| Untracked 
|  45|0x000000070d600000, 0x000000070d600000, 0x000000070d800000|  0%| F|  |TAMS 0x000000070d600000, 0x000000070d600000| Untracked 
|  46|0x000000070d800000, 0x000000070d800000, 0x000000070da00000|  0%| F|  |TAMS 0x000000070d800000, 0x000000070d800000| Untracked 
|  47|0x000000070da00000, 0x000000070da00000, 0x000000070dc00000|  0%| F|  |TAMS 0x000000070da00000, 0x000000070da00000| Untracked 
|  48|0x000000070dc00000, 0x000000070dc00000, 0x000000070de00000|  0%| F|  |TAMS 0x000000070dc00000, 0x000000070dc00000| Untracked 
|  49|0x000000070de00000, 0x000000070de00000, 0x000000070e000000|  0%| F|  |TAMS 0x000000070de00000, 0x000000070de00000| Untracked 
|  50|0x000000070e000000, 0x000000070e000000, 0x000000070e200000|  0%| F|  |TAMS 0x000000070e000000, 0x000000070e000000| Untracked 
|  51|0x000000070e200000, 0x000000070e200000, 0x000000070e400000|  0%| F|  |TAMS 0x000000070e200000, 0x000000070e200000| Untracked 
|  52|0x000000070e400000, 0x000000070e400000, 0x000000070e600000|  0%| F|  |TAMS 0x000000070e400000, 0x000000070e400000| Untracked 
|  53|0x000000070e600000, 0x000000070e600000, 0x000000070e800000|  0%| F|  |TAMS 0x000000070e600000, 0x000000070e600000| Untracked 
|  54|0x000000070e800000, 0x000000070e800000, 0x000000070ea00000|  0%| F|  |TAMS 0x000000070e800000, 0x000000070e800000| Untracked 
|  55|0x000000070ea00000, 0x000000070ea00000, 0x000000070ec00000|  0%| F|  |TAMS 0x000000070ea00000, 0x000000070ea00000| Untracked 
|  56|0x000000070ec00000, 0x000000070ec00000, 0x000000070ee00000|  0%| F|  |TAMS 0x000000070ec00000, 0x000000070ec00000| Untracked 
|  57|0x000000070ee00000, 0x000000070ee00000, 0x000000070f000000|  0%| F|  |TAMS 0x000000070ee00000, 0x000000070ee00000| Untracked 
|  58|0x000000070f000000, 0x000000070f000000, 0x000000070f200000|  0%| F|  |TAMS 0x000000070f000000, 0x000000070f000000| Untracked 
|  59|0x000000070f200000, 0x000000070f200000, 0x000000070f400000|  0%| F|  |TAMS 0x000000070f200000, 0x000000070f200000| Untracked 
|  60|0x000000070f400000, 0x000000070f400000, 0x000000070f600000|  0%| F|  |TAMS 0x000000070f400000, 0x000000070f400000| Untracked 
|  61|0x000000070f600000, 0x000000070f600000, 0x000000070f800000|  0%| F|  |TAMS 0x000000070f600000, 0x000000070f600000| Untracked 
|  62|0x000000070f800000, 0x000000070f800000, 0x000000070fa00000|  0%| F|  |TAMS 0x000000070f800000, 0x000000070f800000| Untracked 
|  63|0x000000070fa00000, 0x000000070fa00000, 0x000000070fc00000|  0%| F|  |TAMS 0x000000070fa00000, 0x000000070fa00000| Untracked 
|  64|0x000000070fc00000, 0x000000070fc00000, 0x000000070fe00000|  0%| F|  |TAMS 0x000000070fc00000, 0x000000070fc00000| Untracked 
|  65|0x000000070fe00000, 0x000000070fe00000, 0x0000000710000000|  0%| F|  |TAMS 0x000000070fe00000, 0x000000070fe00000| Untracked 
|  66|0x0000000710000000, 0x0000000710000000, 0x0000000710200000|  0%| F|  |TAMS 0x0000000710000000, 0x0000000710000000| Untracked 
|  67|0x0000000710200000, 0x0000000710200000, 0x0000000710400000|  0%| F|  |TAMS 0x0000000710200000, 0x0000000710200000| Untracked 
|  68|0x0000000710400000, 0x0000000710400000, 0x0000000710600000|  0%| F|  |TAMS 0x0000000710400000, 0x0000000710400000| Untracked 
|  69|0x0000000710600000, 0x0000000710600000, 0x0000000710800000|  0%| F|  |TAMS 0x0000000710600000, 0x0000000710600000| Untracked 
|  70|0x0000000710800000, 0x0000000710800000, 0x0000000710a00000|  0%| F|  |TAMS 0x0000000710800000, 0x0000000710800000| Untracked 
|  71|0x0000000710a00000, 0x0000000710a00000, 0x0000000710c00000|  0%| F|  |TAMS 0x0000000710a00000, 0x0000000710a00000| Untracked 
|  72|0x0000000710c00000, 0x0000000710c00000, 0x0000000710e00000|  0%| F|  |TAMS 0x0000000710c00000, 0x0000000710c00000| Untracked 
|  73|0x0000000710e00000, 0x0000000710e00000, 0x0000000711000000|  0%| F|  |TAMS 0x0000000710e00000, 0x0000000710e00000| Untracked 
|  74|0x0000000711000000, 0x0000000711000000, 0x0000000711200000|  0%| F|  |TAMS 0x0000000711000000, 0x0000000711000000| Untracked 
|  75|0x0000000711200000, 0x0000000711200000, 0x0000000711400000|  0%| F|  |TAMS 0x0000000711200000, 0x0000000711200000| Untracked 
|  76|0x0000000711400000, 0x0000000711400000, 0x0000000711600000|  0%| F|  |TAMS 0x0000000711400000, 0x0000000711400000| Untracked 
|  77|0x0000000711600000, 0x0000000711600000, 0x0000000711800000|  0%| F|  |TAMS 0x0000000711600000, 0x0000000711600000| Untracked 
|  78|0x0000000711800000, 0x0000000711800000, 0x0000000711a00000|  0%| F|  |TAMS 0x0000000711800000, 0x0000000711800000| Untracked 
|  79|0x0000000711a00000, 0x0000000711a00000, 0x0000000711c00000|  0%| F|  |TAMS 0x0000000711a00000, 0x0000000711a00000| Untracked 
|  80|0x0000000711c00000, 0x0000000711c00000, 0x0000000711e00000|  0%| F|  |TAMS 0x0000000711c00000, 0x0000000711c00000| Untracked 
|  81|0x0000000711e00000, 0x0000000711e00000, 0x0000000712000000|  0%| F|  |TAMS 0x0000000711e00000, 0x0000000711e00000| Untracked 
|  82|0x0000000712000000, 0x0000000712000000, 0x0000000712200000|  0%| F|  |TAMS 0x0000000712000000, 0x0000000712000000| Untracked 
|  83|0x0000000712200000, 0x0000000712200000, 0x0000000712400000|  0%| F|  |TAMS 0x0000000712200000, 0x0000000712200000| Untracked 
|  84|0x0000000712400000, 0x0000000712400000, 0x0000000712600000|  0%| F|  |TAMS 0x0000000712400000, 0x0000000712400000| Untracked 
|  85|0x0000000712600000, 0x0000000712600000, 0x0000000712800000|  0%| F|  |TAMS 0x0000000712600000, 0x0000000712600000| Untracked 
|  86|0x0000000712800000, 0x0000000712800000, 0x0000000712a00000|  0%| F|  |TAMS 0x0000000712800000, 0x0000000712800000| Untracked 
|  87|0x0000000712a00000, 0x0000000712a00000, 0x0000000712c00000|  0%| F|  |TAMS 0x0000000712a00000, 0x0000000712a00000| Untracked 
|  88|0x0000000712c00000, 0x0000000712c00000, 0x0000000712e00000|  0%| F|  |TAMS 0x0000000712c00000, 0x0000000712c00000| Untracked 
|  89|0x0000000712e00000, 0x0000000712e00000, 0x0000000713000000|  0%| F|  |TAMS 0x0000000712e00000, 0x0000000712e00000| Untracked 
|  90|0x0000000713000000, 0x0000000713000000, 0x0000000713200000|  0%| F|  |TAMS 0x0000000713000000, 0x0000000713000000| Untracked 
|  91|0x0000000713200000, 0x0000000713200000, 0x0000000713400000|  0%| F|  |TAMS 0x0000000713200000, 0x0000000713200000| Untracked 
|  92|0x0000000713400000, 0x0000000713400000, 0x0000000713600000|  0%| F|  |TAMS 0x0000000713400000, 0x0000000713400000| Untracked 
|  93|0x0000000713600000, 0x0000000713600000, 0x0000000713800000|  0%| F|  |TAMS 0x0000000713600000, 0x0000000713600000| Untracked 
|  94|0x0000000713800000, 0x0000000713800000, 0x0000000713a00000|  0%| F|  |TAMS 0x0000000713800000, 0x0000000713800000| Untracked 
|  95|0x0000000713a00000, 0x0000000713a00000, 0x0000000713c00000|  0%| F|  |TAMS 0x0000000713a00000, 0x0000000713a00000| Untracked 
|  96|0x0000000713c00000, 0x0000000713c00000, 0x0000000713e00000|  0%| F|  |TAMS 0x0000000713c00000, 0x0000000713c00000| Untracked 
|  97|0x0000000713e00000, 0x0000000713e00000, 0x0000000714000000|  0%| F|  |TAMS 0x0000000713e00000, 0x0000000713e00000| Untracked 
|  98|0x0000000714000000, 0x0000000714000000, 0x0000000714200000|  0%| F|  |TAMS 0x0000000714000000, 0x0000000714000000| Untracked 
|  99|0x0000000714200000, 0x0000000714200000, 0x0000000714400000|  0%| F|  |TAMS 0x0000000714200000, 0x0000000714200000| Untracked 
| 100|0x0000000714400000, 0x0000000714400000, 0x0000000714600000|  0%| F|  |TAMS 0x0000000714400000, 0x0000000714400000| Untracked 
| 101|0x0000000714600000, 0x0000000714600000, 0x0000000714800000|  0%| F|  |TAMS 0x0000000714600000, 0x0000000714600000| Untracked 
| 102|0x0000000714800000, 0x0000000714800000, 0x0000000714a00000|  0%| F|  |TAMS 0x0000000714800000, 0x0000000714800000| Untracked 
| 103|0x0000000714a00000, 0x0000000714a00000, 0x0000000714c00000|  0%| F|  |TAMS 0x0000000714a00000, 0x0000000714a00000| Untracked 
| 104|0x0000000714c00000, 0x0000000714c00000, 0x0000000714e00000|  0%| F|  |TAMS 0x0000000714c00000, 0x0000000714c00000| Untracked 
| 105|0x0000000714e00000, 0x0000000714e00000, 0x0000000715000000|  0%| F|  |TAMS 0x0000000714e00000, 0x0000000714e00000| Untracked 
| 106|0x0000000715000000, 0x0000000715000000, 0x0000000715200000|  0%| F|  |TAMS 0x0000000715000000, 0x0000000715000000| Untracked 
| 107|0x0000000715200000, 0x0000000715200000, 0x0000000715400000|  0%| F|  |TAMS 0x0000000715200000, 0x0000000715200000| Untracked 
| 108|0x0000000715400000, 0x0000000715400000, 0x0000000715600000|  0%| F|  |TAMS 0x0000000715400000, 0x0000000715400000| Untracked 
| 109|0x0000000715600000, 0x0000000715600000, 0x0000000715800000|  0%| F|  |TAMS 0x0000000715600000, 0x0000000715600000| Untracked 
| 110|0x0000000715800000, 0x0000000715800000, 0x0000000715a00000|  0%| F|  |TAMS 0x0000000715800000, 0x0000000715800000| Untracked 
| 111|0x0000000715a00000, 0x0000000715a00000, 0x0000000715c00000|  0%| F|  |TAMS 0x0000000715a00000, 0x0000000715a00000| Untracked 
| 112|0x0000000715c00000, 0x0000000715c00000, 0x0000000715e00000|  0%| F|  |TAMS 0x0000000715c00000, 0x0000000715c00000| Untracked 
| 113|0x0000000715e00000, 0x0000000715e00000, 0x0000000716000000|  0%| F|  |TAMS 0x0000000715e00000, 0x0000000715e00000| Untracked 
| 114|0x0000000716000000, 0x0000000716000000, 0x0000000716200000|  0%| F|  |TAMS 0x0000000716000000, 0x0000000716000000| Untracked 
| 115|0x0000000716200000, 0x0000000716200000, 0x0000000716400000|  0%| F|  |TAMS 0x0000000716200000, 0x0000000716200000| Untracked 
| 116|0x0000000716400000, 0x0000000716400000, 0x0000000716600000|  0%| F|  |TAMS 0x0000000716400000, 0x0000000716400000| Untracked 
| 117|0x0000000716600000, 0x0000000716600000, 0x0000000716800000|  0%| F|  |TAMS 0x0000000716600000, 0x0000000716600000| Untracked 
| 118|0x0000000716800000, 0x0000000716800000, 0x0000000716a00000|  0%| F|  |TAMS 0x0000000716800000, 0x0000000716800000| Untracked 
| 119|0x0000000716a00000, 0x0000000716a00000, 0x0000000716c00000|  0%| F|  |TAMS 0x0000000716a00000, 0x0000000716a00000| Untracked 
| 120|0x0000000716c00000, 0x0000000716c00000, 0x0000000716e00000|  0%| F|  |TAMS 0x0000000716c00000, 0x0000000716c00000| Untracked 
| 121|0x0000000716e00000, 0x0000000716e7acc8, 0x0000000717000000| 23%| E|  |TAMS 0x0000000716e00000, 0x0000000716e00000| Complete 
| 122|0x0000000717000000, 0x0000000717200000, 0x0000000717200000|100%| E|CS|TAMS 0x0000000717000000, 0x0000000717000000| Complete 
| 123|0x0000000717200000, 0x0000000717400000, 0x0000000717400000|100%| E|CS|TAMS 0x0000000717200000, 0x0000000717200000| Complete 
| 124|0x0000000717400000, 0x0000000717600000, 0x0000000717600000|100%| E|CS|TAMS 0x0000000717400000, 0x0000000717400000| Complete 
|1984|0x00000007ffc00000, 0x00000007ffd76000, 0x00000007ffe00000| 73%|OA|  |TAMS 0x00000007ffc00000, 0x00000007ffc00000| Untracked 
|1985|0x00000007ffe00000, 0x00000007ffe88000, 0x0000000800000000| 26%|CA|  |TAMS 0x00000007ffe00000, 0x00000007ffe00000| Untracked 

Card table byte_map: [0x00007f23421bc000,0x00007f234297e000] _byte_map_base: 0x00007f233e97e000

Marking Bits (Prev, Next): (CMBitMap*) 0x00007f233c074230, (CMBitMap*) 0x00007f233c074270
 Prev Bits: [0x00007f2320796000, 0x00007f23245a6000)
 Next Bits: [0x00007f231c986000, 0x00007f2320796000)

Polling page: 0x00007f23459eb000

Metaspace:

Usage:
  Non-class:      2,12 MB used.
      Class:    155,84 KB used.
       Both:      2,27 MB used.

Virtual space:
  Non-class space:        8,00 MB reserved,       2,19 MB ( 27%) committed,  1 nodes.
      Class space:        1,00 GB reserved,     256,00 KB ( <1%) committed,  1 nodes.
              Both:        1,01 GB reserved,       2,44 MB ( <1%) committed. 

Chunk freelists:
   Non-Class:  3,06 MB
       Class:  3,66 MB
        Both:  6,73 MB

MaxMetaspaceSize: 17179869184,00 GB
CompressedClassSpaceSize: 1,00 GB
 - commit_granule_bytes: 65536.
 - commit_granule_words: 8192.
 - virtual_space_node_default_size: 1048576.
 - enlarge_chunks_in_place: 1.
 - new_chunks_are_fully_committed: 0.
 - uncommit_free_chunks: 1.
 - use_allocation_guard: 0.
 - handle_deallocations: 1.


Internal statistics:

num_allocs_failed_limit: 0.
num_arena_births: 58.
num_arena_deaths: 0.
num_vsnodes_births: 2.
num_vsnodes_deaths: 0.
num_space_committed: 39.
num_space_uncommitted: 0.
num_chunks_returned_to_freelist: 0.
num_chunks_taken_from_freelist: 112.
num_chunk_merges: 0.
num_chunk_splits: 70.
num_chunks_enlarged: 50.
num_purges: 0.

CodeHeap 'non-profiled nmethods': size=120028Kb used=140Kb max_used=140Kb free=119887Kb
 bounds [0x00007f232c06f000, 0x00007f232c2df000, 0x00007f23335a6000]
CodeHeap 'profiled nmethods': size=120028Kb used=723Kb max_used=723Kb free=119304Kb
 bounds [0x00007f2324b38000, 0x00007f2324da8000, 0x00007f232c06f000]
CodeHeap 'non-nmethods': size=5704Kb used=1517Kb max_used=1517Kb free=4186Kb
 bounds [0x00007f23245a6000, 0x00007f2324816000, 0x00007f2324b38000]
 total_blobs=1385 nmethods=466 adapters=833
 compilation: enabled
              stopped_count=0, restarted_count=0
 full_count=0

Compilation events (20 events):
Event: 0,323 Thread 0x00007f233c1aa440  456   !   4       jdk.internal.misc.ScopedMemoryAccess::getByte (20 bytes)
Event: 0,324 Thread 0x00007f233c1abaa0  457       3       sun.misc.Unsafe::putInt (11 bytes)
Event: 0,324 Thread 0x00007f233c1abaa0 nmethod 457 0x00007f2324be8810 code [0x00007f2324be89a0, 0x00007f2324be8ab0]
Event: 0,324 Thread 0x00007f233c1abaa0  459       3       org.lwjgl.system.MemoryUtil::encodeASCIIUnsafe (53 bytes)
Event: 0,324 Thread 0x00007f233c1aa440 nmethod 456 0x00007f232c091e90 code [0x00007f232c092020, 0x00007f232c0920f8]
Event: 0,325 Thread 0x00007f233c1abaa0 nmethod 459 0x00007f2324be8b90 code [0x00007f2324be8d80, 0x00007f2324be9190]
Event: 0,325 Thread 0x00007f233c1abaa0  460       3       java.nio.Buffer::remaining (20 bytes)
Event: 0,325 Thread 0x00007f233c1abaa0 nmethod 460 0x00007f2324be9310 code [0x00007f2324be94c0, 0x00007f2324be9650]
Event: 0,325 Thread 0x00007f233c1abaa0  461       3       java.lang.StringConcatHelper::stringOf (20 bytes)
Event: 0,325 Thread 0x00007f233c1abaa0 nmethod 461 0x00007f2324be9710 code [0x00007f2324be98c0, 0x00007f2324be9b00]
Event: 0,325 Thread 0x00007f233c1abaa0  462       3       java.lang.StringConcatHelper::mix (27 bytes)
Event: 0,325 Thread 0x00007f233c1abaa0 nmethod 462 0x00007f2324be9c10 code [0x00007f2324be9de0, 0x00007f2324bea200]
Event: 0,332 Thread 0x00007f233c1abaa0  463       3       java.util.WeakHashMap::getTable (9 bytes)
Event: 0,332 Thread 0x00007f233c1abaa0 nmethod 463 0x00007f2324bea410 code [0x00007f2324bea5c0, 0x00007f2324bea700]
Event: 0,332 Thread 0x00007f233c1abaa0  464   !   3       java.util.WeakHashMap::expungeStaleEntries (139 bytes)
Event: 0,333 Thread 0x00007f233c1abaa0 nmethod 464 0x00007f2324bea790 code [0x00007f2324bea9a0, 0x00007f2324beb3e0]
Event: 0,333 Thread 0x00007f233c1abaa0  465       3       java.util.WeakHashMap::indexFor (6 bytes)
Event: 0,333 Thread 0x00007f233c1abaa0 nmethod 465 0x00007f2324beb890 code [0x00007f2324beba20, 0x00007f2324bebb10]
Event: 0,356 Thread 0x00007f233c1abaa0  466       3       java.util.concurrent.ConcurrentHashMap$Traverser::advance (188 bytes)
Event: 0,356 Thread 0x00007f233c1abaa0 nmethod 466 0x00007f2324bebb90 code [0x00007f2324bebde0, 0x00007f2324beca00]

GC Heap History (0 events):
No events

Deoptimization events (2 events):
Event: 0,278 Thread 0x00007f233c023c90 DEOPT PACKING pc=0x00007f2324b3dcee sp=0x00007f234408b710
Event: 0,278 Thread 0x00007f233c023c90 DEOPT UNPACKING pc=0x00007f23245f3bba sp=0x00007f234408ab80 mode 0

Classes unloaded (0 events):
No events

Classes redefined (0 events):
No events

Internal exceptions (15 events):
Event: 0,150 Thread 0x00007f233c023c90 Exception <a 'java/lang/NoSuchMethodError'{0x0000000717319580}: 'java.lang.Object java.lang.invoke.DirectMethodHandle$Holder.invokeStatic(java.lang.Object)'> (0x0000000717319580) 
thrown [./src/hotspot/share/interpreter/linkResolver.cpp, line 790]
Event: 0,151 Thread 0x00007f233c023c90 Exception <a 'java/lang/NoSuchMethodError'{0x000000071731ccd0}: 'java.lang.Object java.lang.invoke.DirectMethodHandle$Holder.invokeStaticInit(java.lang.Object)'> (0x000000071731ccd0) 
thrown [./src/hotspot/share/interpreter/linkResolver.cpp, line 790]
Event: 0,172 Thread 0x00007f233c023c90 Exception <a 'java/lang/NoSuchMethodError'{0x00000007173847a8}: 'void java.lang.invoke.DirectMethodHandle$Holder.invokeStatic(java.lang.Object, java.lang.Object)'> (0x00000007173847a8) 
thrown [./src/hotspot/share/interpreter/linkResolver.cpp, line 790]
Event: 0,175 Thread 0x00007f233c023c90 Exception <a 'java/lang/NoSuchMethodError'{0x0000000717389bd8}: 'void java.lang.invoke.DirectMethodHandle$Holder.invokeSpecial(java.lang.Object, java.lang.Object, java.lang.Object)'> (0x0000000717389bd8) 
thrown [./src/hotspot/share/interpreter/linkResolver.cpp, line 790]
Event: 0,180 Thread 0x00007f233c023c90 Exception <a 'java/lang/NoSuchMethodError'{0x000000071739e170}: 'java.lang.Object java.lang.invoke.DirectMethodHandle$Holder.invokeStatic(java.lang.Object, java.lang.Object, int)'> (0x000000071739e170) 
thrown [./src/hotspot/share/interpreter/linkResolver.cpp, line 790]
Event: 0,185 Thread 0x00007f233c023c90 Exception <a 'java/lang/NoSuchMethodError'{0x00000007173aa2e0}: 'void java.lang.invoke.DelegatingMethodHandle$Holder.delegate(java.lang.Object, java.lang.Object, int, java.lang.Object)'> (0x00000007173aa2e0) 
thrown [./src/hotspot/share/interpreter/linkResolver.cpp, line 790]
Event: 0,187 Thread 0x00007f233c023c90 Exception <a 'java/lang/NoSuchMethodError'{0x00000007173ae608}: 'int java.lang.invoke.DirectMethodHandle$Holder.invokeSpecial(java.lang.Object, java.lang.Object, java.lang.Object)'> (0x00000007173ae608) 
thrown [./src/hotspot/share/interpreter/linkResolver.cpp, line 790]
Event: 0,227 Thread 0x00007f233c023c90 Exception <a 'sun/nio/fs/UnixException'{0x0000000717064170}> (0x0000000717064170) 
thrown [./src/hotspot/share/prims/jni.cpp, line 579]
Event: 0,264 Thread 0x00007f233c023c90 Exception <a 'java/lang/NoSuchMethodError'{0x00000007170fc1b8}: 'int java.lang.invoke.DirectMethodHandle$Holder.invokeStaticInit(java.lang.Object, java.lang.Object, int, long)'> (0x00000007170fc1b8) 
thrown [./src/hotspot/share/interpreter/linkResolver.cpp, line 790]
Event: 0,265 Thread 0x00007f233c023c90 Exception <a 'java/lang/NoSuchMethodError'{0x0000000717101c88}: 'java.lang.Object java.lang.invoke.DirectMethodHandle$Holder.newInvokeSpecial(java.lang.Object, java.lang.Object, int)'> (0x0000000717101c88) 
thrown [./src/hotspot/share/interpreter/linkResolver.cpp, line 790]
Event: 0,268 Thread 0x00007f233c023c90 Exception <a 'java/lang/NoSuchMethodError'{0x0000000717114258}: 'int java.lang.invoke.DirectMethodHandle$Holder.invokeStaticInit(java.lang.Object, java.lang.Object, long, long)'> (0x0000000717114258) 
thrown [./src/hotspot/share/interpreter/linkResolver.cpp, line 790]
Event: 0,269 Thread 0x00007f233c023c90 Exception <a 'java/lang/NoSuchMethodError'{0x000000071711a600}: 'java.lang.Object java.lang.invoke.DirectMethodHandle$Holder.newInvokeSpecial(java.lang.Object, java.lang.Object, long)'> (0x000000071711a600) 
thrown [./src/hotspot/share/interpreter/linkResolver.cpp, line 790]
Event: 0,270 Thread 0x00007f233c023c90 Exception <a 'java/lang/NoSuchMethodError'{0x000000071711e758}: 'java.lang.Object java.lang.invoke.Invokers$Holder.linkToTargetMethod(java.lang.Object, long, java.lang.Object)'> (0x000000071711e758) 
thrown [./src/hotspot/share/interpreter/linkResolver.cpp, line 790]
Event: 0,272 Thread 0x00007f233c023c90 Exception <a 'java/lang/NoSuchMethodError'{0x0000000717126200}: 'int java.lang.invoke.DirectMethodHandle$Holder.invokeStaticInit(java.lang.Object, java.lang.Object, java.lang.Object, long)'> (0x0000000717126200) 
thrown [./src/hotspot/share/interpreter/linkResolver.cpp, line 790]
Event: 0,311 Thread 0x00007f233c023c90 Exception <a 'sun/nio/fs/UnixException'{0x0000000716e1bd00}> (0x0000000716e1bd00) 
thrown [./src/hotspot/share/prims/jni.cpp, line 579]

Events (20 events):
Event: 0,255 loading class jdk/internal/reflect/UnsafeFieldAccessorFactory
Event: 0,256 loading class jdk/internal/reflect/UnsafeFieldAccessorFactory done
Event: 0,256 loading class jdk/internal/reflect/UnsafeQualifiedStaticObjectFieldAccessorImpl
Event: 0,256 loading class jdk/internal/reflect/UnsafeQualifiedStaticFieldAccessorImpl
Event: 0,256 loading class jdk/internal/reflect/UnsafeQualifiedStaticFieldAccessorImpl done
Event: 0,256 loading class jdk/internal/reflect/UnsafeQualifiedStaticObjectFieldAccessorImpl done
Event: 0,263 loading class java/util/function/LongPredicate
Event: 0,263 loading class java/util/function/LongPredicate done
Event: 0,266 loading class jdk/internal/access/foreign/MemorySegmentProxy
Event: 0,266 loading class jdk/internal/access/foreign/MemorySegmentProxy done
Event: 0,275 loading class java/nio/InvalidMarkException
Event: 0,275 loading class java/nio/InvalidMarkException done
Event: 0,275 loading class java/nio/BufferUnderflowException
Event: 0,275 loading class java/nio/BufferUnderflowException done
Event: 0,312 loading class java/lang/NoSuchFieldError
Event: 0,312 loading class java/lang/NoSuchFieldError done
Event: 0,317 loading class jdk/internal/reflect/UnsafeQualifiedStaticIntegerFieldAccessorImpl
Event: 0,317 loading class jdk/internal/reflect/UnsafeQualifiedStaticIntegerFieldAccessorImpl done
Event: 0,323 loading class jdk/internal/misc/ScopedMemoryAccess$Scope
Event: 0,323 loading class jdk/internal/misc/ScopedMemoryAccess$Scope done


Dynamic libraries:
707c00000-717600000 rw-p 00000000 00:00 0 
717600000-7ffc00000 ---p 00000000 00:00 0 
7ffc00000-7ffd00000 rw-p 00000000 00:00 0 
7ffd00000-7ffd76000 rw-p 00cb8000 00:21 724464                           /home/snoweuph/.jdks/corretto-16.0.2/lib/server/classes.jsa
7ffd76000-7ffe00000 rw-p 00000000 00:00 0 
7ffe00000-7ffe88000 rw-p 00c30000 00:21 724464                           /home/snoweuph/.jdks/corretto-16.0.2/lib/server/classes.jsa
7ffe88000-800000000 rw-p 00000000 00:00 0 
800000000-800003000 rwxp 00001000 00:21 724464                           /home/snoweuph/.jdks/corretto-16.0.2/lib/server/classes.jsa
800003000-80043c000 rw-p 00004000 00:21 724464                           /home/snoweuph/.jdks/corretto-16.0.2/lib/server/classes.jsa
80043c000-800bf7000 r--p 0043d000 00:21 724464                           /home/snoweuph/.jdks/corretto-16.0.2/lib/server/classes.jsa
800bf7000-800c00000 ---p 00000000 00:00 0 
800c00000-800c20000 rw-p 00000000 00:00 0 
800c20000-800c40000 ---p 00000000 00:00 0 
800c40000-800c60000 rw-p 00000000 00:00 0 
800c60000-840c00000 ---p 00000000 00:00 0 
560ecac00000-560ecac01000 r-xp 00000000 00:21 724575                     /home/snoweuph/.jdks/corretto-16.0.2/bin/java
560ecae01000-560ecae02000 r--p 00001000 00:21 724575                     /home/snoweuph/.jdks/corretto-16.0.2/bin/java
560ecae02000-560ecae03000 rw-p 00002000 00:21 724575                     /home/snoweuph/.jdks/corretto-16.0.2/bin/java
560ecb0b5000-560ecb0d6000 rw-p 00000000 00:00 0                          [heap]
7f2290000000-7f2290021000 rw-p 00000000 00:00 0 
7f2290021000-7f2294000000 ---p 00000000 00:00 0 
7f2294000000-7f2294021000 rw-p 00000000 00:00 0 
7f2294021000-7f2298000000 ---p 00000000 00:00 0 
7f229b7ff000-7f229b800000 ---p 00000000 00:00 0 
7f229b800000-7f229c000000 rw-p 00000000 00:00 0 
7f229c000000-7f229c021000 rw-p 00000000 00:00 0 
7f229c021000-7f22a0000000 ---p 00000000 00:00 0 
7f22a0000000-7f22a0021000 rw-p 00000000 00:00 0 
7f22a0021000-7f22a4000000 ---p 00000000 00:00 0 
7f22a4000000-7f22a4021000 rw-p 00000000 00:00 0 
7f22a4021000-7f22a8000000 ---p 00000000 00:00 0 
7f22a8000000-7f22a8021000 rw-p 00000000 00:00 0 
7f22a8021000-7f22ac000000 ---p 00000000 00:00 0 
7f22ac000000-7f22ac021000 rw-p 00000000 00:00 0 
7f22ac021000-7f22b0000000 ---p 00000000 00:00 0 
7f22b0000000-7f22b0021000 rw-p 00000000 00:00 0 
7f22b0021000-7f22b4000000 ---p 00000000 00:00 0 
7f22b4000000-7f22b4021000 rw-p 00000000 00:00 0 
7f22b4021000-7f22b8000000 ---p 00000000 00:00 0 
7f22b8000000-7f22b8021000 rw-p 00000000 00:00 0 
7f22b8021000-7f22bc000000 ---p 00000000 00:00 0 
7f22bc7f9000-7f22bc7fa000 ---p 00000000 00:00 0 
7f22bc7fa000-7f22bcffa000 rw-p 00000000 00:00 0 
7f22bcffa000-7f22bcffb000 ---p 00000000 00:00 0 
7f22bcffb000-7f22bd7fb000 rw-p 00000000 00:00 0 
7f22bd7fb000-7f22bd7fc000 ---p 00000000 00:00 0 
7f22bd7fc000-7f22bdffc000 rw-p 00000000 00:00 0 
7f22bdffc000-7f22bdffd000 ---p 00000000 00:00 0 
7f22bdffd000-7f22be7fd000 rw-p 00000000 00:00 0 
7f22be7fd000-7f22be7fe000 ---p 00000000 00:00 0 
7f22be7fe000-7f22beffe000 rw-p 00000000 00:00 0 
7f22beffe000-7f22befff000 ---p 00000000 00:00 0 
7f22befff000-7f22bf7ff000 rw-p 00000000 00:00 0 
7f22bf7ff000-7f22bf800000 ---p 00000000 00:00 0 
7f22bf800000-7f22c0000000 rw-p 00000000 00:00 0 
7f22c0000000-7f22c0021000 rw-p 00000000 00:00 0 
7f22c0021000-7f22c4000000 ---p 00000000 00:00 0 
7f22c4000000-7f22c4021000 rw-p 00000000 00:00 0 
7f22c4021000-7f22c8000000 ---p 00000000 00:00 0 
7f22c8000000-7f22c8021000 rw-p 00000000 00:00 0 
7f22c8021000-7f22cc000000 ---p 00000000 00:00 0 
7f22cc1f5000-7f22cc919000 r--p 00000000 00:21 283095                     /usr/lib/x86_64-linux-gnu/GL/default/lib/libLLVM-12.so
7f22cc919000-7f22cece0000 r-xp 00724000 00:21 283095                     /usr/lib/x86_64-linux-gnu/GL/default/lib/libLLVM-12.so
7f22cece0000-7f22cfcf9000 r--p 02aeb000 00:21 283095                     /usr/lib/x86_64-linux-gnu/GL/default/lib/libLLVM-12.so
7f22cfcf9000-7f22cff97000 r--p 03b03000 00:21 283095                     /usr/lib/x86_64-linux-gnu/GL/default/lib/libLLVM-12.so
7f22cff97000-7f22cff9f000 rw-p 03da1000 00:21 283095                     /usr/lib/x86_64-linux-gnu/GL/default/lib/libLLVM-12.so
7f22cff9f000-7f22d0000000 rw-p 00000000 00:00 0 
7f22d0000000-7f22d0021000 rw-p 00000000 00:00 0 
7f22d0021000-7f22d4000000 ---p 00000000 00:00 0 
7f22d402b000-7f22d40a4000 rw-p 00000000 00:00 0 
7f22d40a4000-7f22d42a4000 rw-s 16415e000 00:05 548                       /dev/dri/renderD128
7f22d42a4000-7f22d44a4000 rw-s 162635000 00:05 548                       /dev/dri/renderD128
7f22d44a4000-7f22d44a5000 ---p 00000000 00:00 0 
7f22d44a5000-7f22d4ca5000 rw-p 00000000 00:00 0 
7f22d4ca5000-7f22d4ca6000 ---p 00000000 00:00 0 
7f22d4ca6000-7f22d54a6000 rw-p 00000000 00:00 0 
7f22d54a6000-7f22d54a7000 ---p 00000000 00:00 0 
7f22d54a7000-7f22d5ca7000 rw-p 00000000 00:00 0 
7f22d5ca7000-7f22d5ca8000 ---p 00000000 00:00 0 
7f22d5ca8000-7f22d64a8000 rw-p 00000000 00:00 0 
7f22d64a8000-7f22d664e000 r--p 00000000 00:21 283019                     /usr/lib/x86_64-linux-gnu/GL/default/lib/dri/libgallium_dri.so
7f22d664e000-7f22d76fe000 r-xp 001a6000 00:21 283019                     /usr/lib/x86_64-linux-gnu/GL/default/lib/dri/libgallium_dri.so
7f22d76fe000-7f22d7b4f000 r--p 01256000 00:21 283019                     /usr/lib/x86_64-linux-gnu/GL/default/lib/dri/libgallium_dri.so
7f22d7b4f000-7f22d7c7f000 r--p 016a6000 00:21 283019                     /usr/lib/x86_64-linux-gnu/GL/default/lib/dri/libgallium_dri.so
7f22d7c7f000-7f22d7dd5000 rw-p 017d6000 00:21 283019                     /usr/lib/x86_64-linux-gnu/GL/default/lib/dri/libgallium_dri.so
7f22d7dd5000-7f22d8000000 rw-p 00000000 00:00 0 
7f22d8000000-7f22d8021000 rw-p 00000000 00:00 0 
7f22d8021000-7f22dc000000 ---p 00000000 00:00 0 
7f22dc000000-7f22dc021000 rw-p 00000000 00:00 0 
7f22dc021000-7f22e0000000 ---p 00000000 00:00 0 
7f22e0000000-7f22e0168000 rw-p 00000000 00:00 0 
7f22e0168000-7f22e4000000 ---p 00000000 00:00 0 
7f22e4000000-7f22e4021000 rw-p 00000000 00:00 0 
7f22e4021000-7f22e8000000 ---p 00000000 00:00 0 
7f22e8000000-7f22e8021000 rw-p 00000000 00:00 0 
7f22e8021000-7f22ec000000 ---p 00000000 00:00 0 
7f22ec000000-7f22ec10b000 rw-p 00000000 00:00 0 
7f22ec10b000-7f22f0000000 ---p 00000000 00:00 0 
7f22f0000000-7f22f0021000 rw-p 00000000 00:00 0 
7f22f0021000-7f22f4000000 ---p 00000000 00:00 0 
7f22f4000000-7f22f4021000 rw-p 00000000 00:00 0 
7f22f4021000-7f22f8000000 ---p 00000000 00:00 0 
7f22f8000000-7f22f8021000 rw-p 00000000 00:00 0 
7f22f8021000-7f22fc000000 ---p 00000000 00:00 0 
7f22fc000000-7f22fc021000 rw-p 00000000 00:00 0 
7f22fc021000-7f2300000000 ---p 00000000 00:00 0 
7f2300000000-7f2300021000 rw-p 00000000 00:00 0 
7f2300021000-7f2304000000 ---p 00000000 00:00 0 
7f2304000000-7f2304021000 rw-p 00000000 00:00 0 
7f2304021000-7f2308000000 ---p 00000000 00:00 0 
7f2308000000-7f2308021000 rw-p 00000000 00:00 0 
7f2308021000-7f230c000000 ---p 00000000 00:00 0 
7f230c00e000-7f230c14f000 rw-s 00000000 00:21 723772                     /home/snoweuph/.var/app/com.jetbrains.IntelliJ-IDEA-Community/cache/mesa_shader_cache/index
7f230c14f000-7f230c150000 ---p 00000000 00:00 0 
7f230c150000-7f230c950000 rw-p 00000000 00:00 0 
7f230c950000-7f230c95f000 r--p 00000000 00:21 295902                     /usr/lib/x86_64-linux-gnu/libtinfo.so.6.2
7f230c95f000-7f230c978000 r-xp 0000f000 00:21 295902                     /usr/lib/x86_64-linux-gnu/libtinfo.so.6.2
7f230c978000-7f230c987000 r--p 00028000 00:21 295902                     /usr/lib/x86_64-linux-gnu/libtinfo.so.6.2
7f230c987000-7f230c988000 ---p 00037000 00:21 295902                     /usr/lib/x86_64-linux-gnu/libtinfo.so.6.2
7f230c988000-7f230c98c000 r--p 00037000 00:21 295902                     /usr/lib/x86_64-linux-gnu/libtinfo.so.6.2
7f230c98c000-7f230c98d000 rw-p 0003b000 00:21 295902                     /usr/lib/x86_64-linux-gnu/libtinfo.so.6.2
7f230c98d000-7f230c98f000 r--p 00000000 00:21 289226                     /usr/lib/x86_64-linux-gnu/libffi.so.7.1.0
7f230c98f000-7f230c995000 r-xp 00002000 00:21 289226                     /usr/lib/x86_64-linux-gnu/libffi.so.7.1.0
7f230c995000-7f230c996000 r--p 00008000 00:21 289226                     /usr/lib/x86_64-linux-gnu/libffi.so.7.1.0
7f230c996000-7f230c997000 ---p 00009000 00:21 289226                     /usr/lib/x86_64-linux-gnu/libffi.so.7.1.0
7f230c997000-7f230c998000 r--p 00009000 00:21 289226                     /usr/lib/x86_64-linux-gnu/libffi.so.7.1.0
7f230c998000-7f230c999000 rw-p 0000a000 00:21 289226                     /usr/lib/x86_64-linux-gnu/libffi.so.7.1.0
7f230c999000-7f230c9af000 r--p 00000000 00:21 287179                     /usr/lib/x86_64-linux-gnu/libvulkan.so.1.2.198
7f230c9af000-7f230c9e1000 r-xp 00016000 00:21 287179                     /usr/lib/x86_64-linux-gnu/libvulkan.so.1.2.198
7f230c9e1000-7f230c9f6000 r--p 00048000 00:21 287179                     /usr/lib/x86_64-linux-gnu/libvulkan.so.1.2.198
7f230c9f6000-7f230c9f9000 r--p 0005c000 00:21 287179                     /usr/lib/x86_64-linux-gnu/libvulkan.so.1.2.198
7f230c9f9000-7f230c9fa000 rw-p 0005f000 00:21 287179                     /usr/lib/x86_64-linux-gnu/libvulkan.so.1.2.198
7f230c9fa000-7f230c9fd000 r--p 00000000 00:21 282911                     /usr/lib/x86_64-linux-gnu/GL/default/lib/libdrm_amdgpu.so.1.0.0
7f230c9fd000-7f230ca03000 r-xp 00003000 00:21 282911                     /usr/lib/x86_64-linux-gnu/GL/default/lib/libdrm_amdgpu.so.1.0.0
7f230ca03000-7f230ca05000 r--p 00009000 00:21 282911                     /usr/lib/x86_64-linux-gnu/GL/default/lib/libdrm_amdgpu.so.1.0.0
7f230ca05000-7f230ca06000 r--p 0000a000 00:21 282911                     /usr/lib/x86_64-linux-gnu/GL/default/lib/libdrm_amdgpu.so.1.0.0
7f230ca06000-7f230ca07000 rw-p 0000b000 00:21 282911                     /usr/lib/x86_64-linux-gnu/GL/default/lib/libdrm_amdgpu.so.1.0.0
7f230ca07000-7f230ca0b000 r--p 00000000 00:21 290105                     /usr/lib/x86_64-linux-gnu/libelf-0.185.so
7f230ca0b000-7f230ca1c000 r-xp 00004000 00:21 290105                     /usr/lib/x86_64-linux-gnu/libelf-0.185.so
7f230ca1c000-7f230ca20000 r--p 00015000 00:21 290105                     /usr/lib/x86_64-linux-gnu/libelf-0.185.so
7f230ca20000-7f230ca21000 ---p 00019000 00:21 290105                     /usr/lib/x86_64-linux-gnu/libelf-0.185.so
7f230ca21000-7f230ca22000 r--p 00019000 00:21 290105                     /usr/lib/x86_64-linux-gnu/libelf-0.185.so
7f230ca22000-7f230ca23000 rw-p 0001a000 00:21 290105                     /usr/lib/x86_64-linux-gnu/libelf-0.185.so
7f230ca23000-7f230ca25000 r--p 00000000 00:21 282903                     /usr/lib/x86_64-linux-gnu/GL/default/lib/libdrm_radeon.so.1.0.1
7f230ca25000-7f230ca2c000 r-xp 00002000 00:21 282903                     /usr/lib/x86_64-linux-gnu/GL/default/lib/libdrm_radeon.so.1.0.1
7f230ca2c000-7f230ca30000 r--p 00009000 00:21 282903                     /usr/lib/x86_64-linux-gnu/GL/default/lib/libdrm_radeon.so.1.0.1
7f230ca30000-7f230ca31000 r--p 0000c000 00:21 282903                     /usr/lib/x86_64-linux-gnu/GL/default/lib/libdrm_radeon.so.1.0.1
7f230ca31000-7f230ca32000 rw-p 0000d000 00:21 282903                     /usr/lib/x86_64-linux-gnu/GL/default/lib/libdrm_radeon.so.1.0.1
7f230ca32000-7f230ca34000 r--p 00000000 00:21 282958                     /usr/lib/x86_64-linux-gnu/GL/default/lib/libdrm_nouveau.so.2.0.0
7f230ca34000-7f230ca39000 r-xp 00002000 00:21 282958                     /usr/lib/x86_64-linux-gnu/GL/default/lib/libdrm_nouveau.so.2.0.0
7f230ca39000-7f230ca3a000 r--p 00007000 00:21 282958                     /usr/lib/x86_64-linux-gnu/GL/default/lib/libdrm_nouveau.so.2.0.0
7f230ca3a000-7f230ca3b000 ---p 00008000 00:21 282958                     /usr/lib/x86_64-linux-gnu/GL/default/lib/libdrm_nouveau.so.2.0.0
7f230ca3b000-7f230ca3c000 r--p 00008000 00:21 282958                     /usr/lib/x86_64-linux-gnu/GL/default/lib/libdrm_nouveau.so.2.0.0
7f230ca3c000-7f230ca3d000 rw-p 00009000 00:21 282958                     /usr/lib/x86_64-linux-gnu/GL/default/lib/libdrm_nouveau.so.2.0.0
7f230ca3d000-7f230ca42000 r--p 00000000 00:21 299153                     /usr/lib/x86_64-linux-gnu/libzstd.so.1.5.0
7f230ca42000-7f230cb3f000 r-xp 00005000 00:21 299153                     /usr/lib/x86_64-linux-gnu/libzstd.so.1.5.0
7f230cb3f000-7f230cb4f000 r--p 00102000 00:21 299153                     /usr/lib/x86_64-linux-gnu/libzstd.so.1.5.0
7f230cb4f000-7f230cb50000 r--p 00111000 00:21 299153                     /usr/lib/x86_64-linux-gnu/libzstd.so.1.5.0
7f230cb50000-7f230cb51000 rw-p 00112000 00:21 299153                     /usr/lib/x86_64-linux-gnu/libzstd.so.1.5.0
7f230cb51000-7f230cb54000 r--p 00000000 00:21 287603                     /usr/lib/x86_64-linux-gnu/libz.so.1.2.11
7f230cb54000-7f230cb62000 r-xp 00003000 00:21 287603                     /usr/lib/x86_64-linux-gnu/libz.so.1.2.11
7f230cb62000-7f230cb68000 r--p 00011000 00:21 287603                     /usr/lib/x86_64-linux-gnu/libz.so.1.2.11
7f230cb68000-7f230cb69000 r--p 00016000 00:21 287603                     /usr/lib/x86_64-linux-gnu/libz.so.1.2.11
7f230cb69000-7f230cb6a000 rw-p 00017000 00:21 287603                     /usr/lib/x86_64-linux-gnu/libz.so.1.2.11
7f230cb6a000-7f230cb8f000 r--p 00000000 00:21 283831                     /usr/share/runtime/locale/de/share/de/LC_MESSAGES/libc.mo
7f230cb8f000-7f230cb92000 r--p 00000000 00:21 293049                     /usr/lib/x86_64-linux-gnu/libgcc_s.so.1
7f230cb92000-7f230cba4000 r-xp 00003000 00:21 293049                     /usr/lib/x86_64-linux-gnu/libgcc_s.so.1
7f230cba4000-7f230cba7000 r--p 00015000 00:21 293049                     /usr/lib/x86_64-linux-gnu/libgcc_s.so.1
7f230cba7000-7f230cba8000 r--p 00017000 00:21 293049                     /usr/lib/x86_64-linux-gnu/libgcc_s.so.1
7f230cba8000-7f230cba9000 rw-p 00018000 00:21 293049                     /usr/lib/x86_64-linux-gnu/libgcc_s.so.1
7f230cba9000-7f230cc4a000 r--p 00000000 00:21 297042                     /usr/lib/x86_64-linux-gnu/libstdc++.so.6.0.29
7f230cc4a000-7f230cd5c000 r-xp 000a1000 00:21 297042                     /usr/lib/x86_64-linux-gnu/libstdc++.so.6.0.29
7f230cd5c000-7f230cdc7000 r--p 001b3000 00:21 297042                     /usr/lib/x86_64-linux-gnu/libstdc++.so.6.0.29
7f230cdc7000-7f230cdc8000 ---p 0021e000 00:21 297042                     /usr/lib/x86_64-linux-gnu/libstdc++.so.6.0.29
7f230cdc8000-7f230cdd3000 r--p 0021e000 00:21 297042                     /usr/lib/x86_64-linux-gnu/libstdc++.so.6.0.29
7f230cdd3000-7f230cdd6000 rw-p 00229000 00:21 297042                     /usr/lib/x86_64-linux-gnu/libstdc++.so.6.0.29
7f230cdd6000-7f230cdd9000 rw-p 00000000 00:00 0 
7f230cdd9000-7f230cddc000 r--p 00000000 00:21 285859                     /usr/lib/x86_64-linux-gnu/libxcb-xfixes.so.0.0.0
7f230cddc000-7f230cddf000 r-xp 00003000 00:21 285859                     /usr/lib/x86_64-linux-gnu/libxcb-xfixes.so.0.0.0
7f230cddf000-7f230cde1000 r--p 00006000 00:21 285859                     /usr/lib/x86_64-linux-gnu/libxcb-xfixes.so.0.0.0
7f230cde1000-7f230cde2000 r--p 00007000 00:21 285859                     /usr/lib/x86_64-linux-gnu/libxcb-xfixes.so.0.0.0
7f230cde2000-7f230cde3000 rw-p 00008000 00:21 285859                     /usr/lib/x86_64-linux-gnu/libxcb-xfixes.so.0.0.0
7f230cde3000-7f230cde4000 r--p 00000000 00:21 291660                     /usr/lib/x86_64-linux-gnu/libxshmfence.so.1.0.0
7f230cde4000-7f230cde5000 r-xp 00001000 00:21 291660                     /usr/lib/x86_64-linux-gnu/libxshmfence.so.1.0.0
7f230cde5000-7f230cde6000 r--p 00002000 00:21 291660                     /usr/lib/x86_64-linux-gnu/libxshmfence.so.1.0.0
7f230cde6000-7f230cde7000 r--p 00002000 00:21 291660                     /usr/lib/x86_64-linux-gnu/libxshmfence.so.1.0.0
7f230cde7000-7f230cde8000 rw-p 00003000 00:21 291660                     /usr/lib/x86_64-linux-gnu/libxshmfence.so.1.0.0
7f230cde8000-7f230cdeb000 r--p 00000000 00:21 290613                     /usr/lib/x86_64-linux-gnu/libxcb-sync.so.1.0.0
7f230cdeb000-7f230cdee000 r-xp 00003000 00:21 290613                     /usr/lib/x86_64-linux-gnu/libxcb-sync.so.1.0.0
7f230cdee000-7f230cdef000 r--p 00006000 00:21 290613                     /usr/lib/x86_64-linux-gnu/libxcb-sync.so.1.0.0
7f230cdef000-7f230cdf0000 ---p 00007000 00:21 290613                     /usr/lib/x86_64-linux-gnu/libxcb-sync.so.1.0.0
7f230cdf0000-7f230cdf1000 r--p 00007000 00:21 290613                     /usr/lib/x86_64-linux-gnu/libxcb-sync.so.1.0.0
7f230cdf1000-7f230cdf2000 rw-p 00008000 00:21 290613                     /usr/lib/x86_64-linux-gnu/libxcb-sync.so.1.0.0
7f230cdf2000-7f230cdf3000 r--p 00000000 00:21 286385                     /usr/lib/x86_64-linux-gnu/libxcb-present.so.0.0.0
7f230cdf3000-7f230cdf4000 r-xp 00001000 00:21 286385                     /usr/lib/x86_64-linux-gnu/libxcb-present.so.0.0.0
7f230cdf4000-7f230cdf5000 r--p 00002000 00:21 286385                     /usr/lib/x86_64-linux-gnu/libxcb-present.so.0.0.0
7f230cdf5000-7f230cdf6000 r--p 00002000 00:21 286385                     /usr/lib/x86_64-linux-gnu/libxcb-present.so.0.0.0
7f230cdf6000-7f230cdf7000 rw-p 00003000 00:21 286385                     /usr/lib/x86_64-linux-gnu/libxcb-present.so.0.0.0
7f230cdf7000-7f230cdf9000 r--p 00000000 00:21 290923                     /usr/lib/x86_64-linux-gnu/libxcb-dri3.so.0.0.0
7f230cdf9000-7f230cdfb000 r-xp 00002000 00:21 290923                     /usr/lib/x86_64-linux-gnu/libxcb-dri3.so.0.0.0
7f230cdfb000-7f230cdfc000 r--p 00004000 00:21 290923                     /usr/lib/x86_64-linux-gnu/libxcb-dri3.so.0.0.0
7f230cdfc000-7f230cdfd000 r--p 00004000 00:21 290923                     /usr/lib/x86_64-linux-gnu/libxcb-dri3.so.0.0.0
7f230cdfd000-7f230cdfe000 rw-p 00005000 00:21 290923                     /usr/lib/x86_64-linux-gnu/libxcb-dri3.so.0.0.0
7f230cdfe000-7f230ce02000 r--p 00000000 00:21 286773                     /usr/lib/x86_64-linux-gnu/libexpat.so.1.8.6
7f230ce02000-7f230ce21000 r-xp 00004000 00:21 286773                     /usr/lib/x86_64-linux-gnu/libexpat.so.1.8.6
7f230ce21000-7f230ce2b000 r--p 00023000 00:21 286773                     /usr/lib/x86_64-linux-gnu/libexpat.so.1.8.6
7f230ce2b000-7f230ce2c000 ---p 0002d000 00:21 286773                     /usr/lib/x86_64-linux-gnu/libexpat.so.1.8.6
7f230ce2c000-7f230ce2e000 r--p 0002d000 00:21 286773                     /usr/lib/x86_64-linux-gnu/libexpat.so.1.8.6
7f230ce2e000-7f230ce2f000 rw-p 0002f000 00:21 286773                     /usr/lib/x86_64-linux-gnu/libexpat.so.1.8.6
7f230ce2f000-7f230ce30000 r--p 00000000 00:21 291828                     /usr/lib/x86_64-linux-gnu/libxcb-shm.so.0.0.0
7f230ce30000-7f230ce31000 r-xp 00001000 00:21 291828                     /usr/lib/x86_64-linux-gnu/libxcb-shm.so.0.0.0
7f230ce31000-7f230ce32000 r--p 00002000 00:21 291828                     /usr/lib/x86_64-linux-gnu/libxcb-shm.so.0.0.0
7f230ce32000-7f230ce33000 r--p 00002000 00:21 291828                     /usr/lib/x86_64-linux-gnu/libxcb-shm.so.0.0.0
7f230ce33000-7f230ce34000 rw-p 00003000 00:21 291828                     /usr/lib/x86_64-linux-gnu/libxcb-shm.so.0.0.0
7f230ce34000-7f230ce40000 r--p 00000000 00:21 289839                     /usr/lib/x86_64-linux-gnu/libxcb-glx.so.0.0.0
7f230ce40000-7f230ce49000 r-xp 0000c000 00:21 289839                     /usr/lib/x86_64-linux-gnu/libxcb-glx.so.0.0.0
7f230ce49000-7f230ce4e000 r--p 00015000 00:21 289839                     /usr/lib/x86_64-linux-gnu/libxcb-glx.so.0.0.0
7f230ce4e000-7f230ce4f000 ---p 0001a000 00:21 289839                     /usr/lib/x86_64-linux-gnu/libxcb-glx.so.0.0.0
7f230ce4f000-7f230ce51000 r--p 0001a000 00:21 289839                     /usr/lib/x86_64-linux-gnu/libxcb-glx.so.0.0.0
7f230ce51000-7f230ce52000 rw-p 0001c000 00:21 289839                     /usr/lib/x86_64-linux-gnu/libxcb-glx.so.0.0.0
7f230ce52000-7f230ce57000 r--p 00000000 00:21 286717                     /usr/lib/x86_64-linux-gnu/libdrm.so.2.4.0
7f230ce57000-7f230ce62000 r-xp 00005000 00:21 286717                     /usr/lib/x86_64-linux-gnu/libdrm.so.2.4.0
7f230ce62000-7f230ce66000 r--p 00010000 00:21 286717                     /usr/lib/x86_64-linux-gnu/libdrm.so.2.4.0
7f230ce66000-7f230ce67000 r--p 00013000 00:21 286717                     /usr/lib/x86_64-linux-gnu/libdrm.so.2.4.0
7f230ce67000-7f230ce68000 rw-p 00014000 00:21 286717                     /usr/lib/x86_64-linux-gnu/libdrm.so.2.4.0
7f230ce68000-7f230ce75000 r--p 00000000 00:21 282897                     /usr/lib/x86_64-linux-gnu/GL/default/lib/libglapi.so.0.0.0
7f230ce75000-7f230ce83000 r-xp 0000d000 00:21 282897                     /usr/lib/x86_64-linux-gnu/GL/default/lib/libglapi.so.0.0.0
7f230ce83000-7f230ce9c000 r--p 0001b000 00:21 282897                     /usr/lib/x86_64-linux-gnu/GL/default/lib/libglapi.so.0.0.0
7f230ce9c000-7f230ce9d000 ---p 00034000 00:21 282897                     /usr/lib/x86_64-linux-gnu/GL/default/lib/libglapi.so.0.0.0
7f230ce9d000-7f230cea1000 r--p 00034000 00:21 282897                     /usr/lib/x86_64-linux-gnu/GL/default/lib/libglapi.so.0.0.0
7f230cea1000-7f230cea2000 rw-p 00038000 00:21 282897                     /usr/lib/x86_64-linux-gnu/GL/default/lib/libglapi.so.0.0.0
7f230cea2000-7f230cea3000 rw-p 00000000 00:00 0 
7f230cea3000-7f230cebf000 r--p 00000000 00:21 282913                     /usr/lib/x86_64-linux-gnu/GL/default/lib/libGLX_mesa.so.0.0.0
7f230cebf000-7f230ceff000 r-xp 0001c000 00:21 282913                     /usr/lib/x86_64-linux-gnu/GL/default/lib/libGLX_mesa.so.0.0.0
7f230ceff000-7f230cf11000 r--p 0005c000 00:21 282913                     /usr/lib/x86_64-linux-gnu/GL/default/lib/libGLX_mesa.so.0.0.0
7f230cf11000-7f230cf12000 ---p 0006e000 00:21 282913                     /usr/lib/x86_64-linux-gnu/GL/default/lib/libGLX_mesa.so.0.0.0
7f230cf12000-7f230cf15000 r--p 0006e000 00:21 282913                     /usr/lib/x86_64-linux-gnu/GL/default/lib/libGLX_mesa.so.0.0.0
7f230cf15000-7f230cf16000 rw-p 00071000 00:21 282913                     /usr/lib/x86_64-linux-gnu/GL/default/lib/libGLX_mesa.so.0.0.0
7f230cf16000-7f230cf6d000 r-xp 00000000 00:39 389                        /tmp/lwjglsnoweuph/3.3.1-build-7/libglfw.so
7f230cf6d000-7f230d16c000 ---p 00057000 00:39 389                        /tmp/lwjglsnoweuph/3.3.1-build-7/libglfw.so
7f230d16c000-7f230d16f000 r--p 00056000 00:39 389                        /tmp/lwjglsnoweuph/3.3.1-build-7/libglfw.so
7f230d16f000-7f230d171000 rw-p 00059000 00:39 389                        /tmp/lwjglsnoweuph/3.3.1-build-7/libglfw.so
7f230d171000-7f230d194000 rw-p 00000000 00:00 0 
7f230d194000-7f230d1ff000 r-xp 00000000 00:39 388                        /tmp/lwjglsnoweuph/3.3.1-build-7/liblwjgl.so
7f230d1ff000-7f230d3fe000 ---p 0006b000 00:39 388                        /tmp/lwjglsnoweuph/3.3.1-build-7/liblwjgl.so
7f230d3fe000-7f230d3ff000 r--p 0006a000 00:39 388                        /tmp/lwjglsnoweuph/3.3.1-build-7/liblwjgl.so
7f230d3ff000-7f230d400000 rw-p 0006b000 00:39 388                        /tmp/lwjglsnoweuph/3.3.1-build-7/liblwjgl.so
7f230d400000-7f230d540000 rw-p 00000000 00:00 0 
7f230d540000-7f230d800000 ---p 00000000 00:00 0 
7f230d800000-7f230d8f0000 rw-p 00000000 00:00 0 
7f230d8f0000-7f230dc00000 ---p 00000000 00:00 0 
7f230dc02000-7f230dc04000 r--p 00000000 00:21 292005                     /usr/lib/x86_64-linux-gnu/libxcb-dri2.so.0.0.0
7f230dc04000-7f230dc06000 r-xp 00002000 00:21 292005                     /usr/lib/x86_64-linux-gnu/libxcb-dri2.so.0.0.0
7f230dc06000-7f230dc07000 r--p 00004000 00:21 292005                     /usr/lib/x86_64-linux-gnu/libxcb-dri2.so.0.0.0
7f230dc07000-7f230dc08000 r--p 00004000 00:21 292005                     /usr/lib/x86_64-linux-gnu/libxcb-dri2.so.0.0.0
7f230dc08000-7f230dc09000 rw-p 00005000 00:21 292005                     /usr/lib/x86_64-linux-gnu/libxcb-dri2.so.0.0.0
7f230dc09000-7f230dc4a000 r--p 00000000 00:21 295921                     /usr/lib/x86_64-linux-gnu/libGLdispatch.so.0.0.0
7f230dc4a000-7f230dc89000 r-xp 00041000 00:21 295921                     /usr/lib/x86_64-linux-gnu/libGLdispatch.so.0.0.0
7f230dc89000-7f230dc9c000 r--p 00080000 00:21 295921                     /usr/lib/x86_64-linux-gnu/libGLdispatch.so.0.0.0
7f230dc9c000-7f230dc9d000 ---p 00093000 00:21 295921                     /usr/lib/x86_64-linux-gnu/libGLdispatch.so.0.0.0
7f230dc9d000-7f230dcb9000 r--p 00093000 00:21 295921                     /usr/lib/x86_64-linux-gnu/libGLdispatch.so.0.0.0
7f230dcb9000-7f230dcba000 rw-p 000af000 00:21 295921                     /usr/lib/x86_64-linux-gnu/libGLdispatch.so.0.0.0
7f230dcba000-7f230dcc2000 rw-p 00000000 00:00 0 
7f230dcc2000-7f230dcc5000 r--p 00000000 00:21 286279                     /usr/lib/x86_64-linux-gnu/libGLX.so.0.0.0
7f230dcc5000-7f230dce0000 r-xp 00003000 00:21 286279                     /usr/lib/x86_64-linux-gnu/libGLX.so.0.0.0
7f230dce0000-7f230dce3000 r--p 0001e000 00:21 286279                     /usr/lib/x86_64-linux-gnu/libGLX.so.0.0.0
7f230dce3000-7f230dce4000 r--p 00020000 00:21 286279                     /usr/lib/x86_64-linux-gnu/libGLX.so.0.0.0
7f230dce4000-7f230dce5000 rw-p 00021000 00:21 286279                     /usr/lib/x86_64-linux-gnu/libGLX.so.0.0.0
7f230dce5000-7f230dcf5000 rw-p 00000000 00:00 0 
7f230dcf5000-7f230dd3e000 r--p 00000000 00:21 288686                     /usr/lib/x86_64-linux-gnu/libGL.so.1.7.0
7f230dd3e000-7f230dd5e000 r-xp 00049000 00:21 288686                     /usr/lib/x86_64-linux-gnu/libGL.so.1.7.0
7f230dd5e000-7f230dd72000 r--p 00069000 00:21 288686                     /usr/lib/x86_64-linux-gnu/libGL.so.1.7.0
7f230dd72000-7f230dd73000 ---p 0007d000 00:21 288686                     /usr/lib/x86_64-linux-gnu/libGL.so.1.7.0
7f230dd73000-7f230dd81000 r--p 0007d000 00:21 288686                     /usr/lib/x86_64-linux-gnu/libGL.so.1.7.0
7f230dd81000-7f230dd82000 rw-p 0008b000 00:21 288686                     /usr/lib/x86_64-linux-gnu/libGL.so.1.7.0
7f230dd82000-7f230dd83000 rw-p 00000000 00:00 0 
7f230dd83000-7f230dd84000 r--p 00000000 00:21 287500                     /usr/lib/x86_64-linux-gnu/libX11-xcb.so.1.0.0
7f230dd84000-7f230dd85000 r-xp 00001000 00:21 287500                     /usr/lib/x86_64-linux-gnu/libX11-xcb.so.1.0.0
7f230dd85000-7f230dd86000 r--p 00002000 00:21 287500                     /usr/lib/x86_64-linux-gnu/libX11-xcb.so.1.0.0
7f230dd86000-7f230dd87000 r--p 00002000 00:21 287500                     /usr/lib/x86_64-linux-gnu/libX11-xcb.so.1.0.0
7f230dd87000-7f230dd88000 rw-p 00003000 00:21 287500                     /usr/lib/x86_64-linux-gnu/libX11-xcb.so.1.0.0
7f230dd88000-7f230dd89000 r--p 00000000 00:21 286509                     /usr/lib/x86_64-linux-gnu/libXinerama.so.1.0.0
7f230dd89000-7f230dd8a000 r-xp 00001000 00:21 286509                     /usr/lib/x86_64-linux-gnu/libXinerama.so.1.0.0
7f230dd8a000-7f230dd8b000 r--p 00002000 00:21 286509                     /usr/lib/x86_64-linux-gnu/libXinerama.so.1.0.0
7f230dd8b000-7f230dd8c000 r--p 00002000 00:21 286509                     /usr/lib/x86_64-linux-gnu/libXinerama.so.1.0.0
7f230dd8c000-7f230dd8d000 rw-p 00003000 00:21 286509                     /usr/lib/x86_64-linux-gnu/libXinerama.so.1.0.0
7f230dd8d000-7f230dd8f000 r--p 00000000 00:21 296983                     /usr/lib/x86_64-linux-gnu/libXfixes.so.3.1.0
7f230dd8f000-7f230dd92000 r-xp 00002000 00:21 296983                     /usr/lib/x86_64-linux-gnu/libXfixes.so.3.1.0
7f230dd92000-7f230dd93000 r--p 00005000 00:21 296983                     /usr/lib/x86_64-linux-gnu/libXfixes.so.3.1.0
7f230dd93000-7f230dd94000 r--p 00005000 00:21 296983                     /usr/lib/x86_64-linux-gnu/libXfixes.so.3.1.0
7f230dd94000-7f230dd95000 rw-p 00006000 00:21 296983                     /usr/lib/x86_64-linux-gnu/libXfixes.so.3.1.0
7f230dd95000-7f230dd98000 r--p 00000000 00:21 286214                     /usr/lib/x86_64-linux-gnu/libXcursor.so.1.0.2
7f230dd98000-7f230dd9e000 r-xp 00003000 00:21 286214                     /usr/lib/x86_64-linux-gnu/libXcursor.so.1.0.2
7f230dd9e000-7f230dda0000 r--p 00009000 00:21 286214                     /usr/lib/x86_64-linux-gnu/libXcursor.so.1.0.2
7f230dda0000-7f230dda1000 r--p 0000a000 00:21 286214                     /usr/lib/x86_64-linux-gnu/libXcursor.so.1.0.2
7f230dda1000-7f230dda2000 rw-p 0000b000 00:21 286214                     /usr/lib/x86_64-linux-gnu/libXcursor.so.1.0.2
7f230dda2000-7f230dda4000 r--p 00000000 00:21 291570                     /usr/lib/x86_64-linux-gnu/libXrender.so.1.3.0
7f230dda4000-7f230ddab000 r-xp 00002000 00:21 291570                     /usr/lib/x86_64-linux-gnu/libXrender.so.1.3.0
7f230ddab000-7f230ddac000 r--p 00009000 00:21 291570                     /usr/lib/x86_64-linux-gnu/libXrender.so.1.3.0
7f230ddac000-7f230ddad000 ---p 0000a000 00:21 291570                     /usr/lib/x86_64-linux-gnu/libXrender.so.1.3.0
7f230ddad000-7f230ddae000 r--p 0000a000 00:21 291570                     /usr/lib/x86_64-linux-gnu/libXrender.so.1.3.0
7f230ddae000-7f230ddaf000 rw-p 0000b000 00:21 291570                     /usr/lib/x86_64-linux-gnu/libXrender.so.1.3.0
7f230ddaf000-7f230ddb1000 r--p 00000000 00:21 290898                     /usr/lib/x86_64-linux-gnu/libXrandr.so.2.2.0
7f230ddb1000-7f230ddb8000 r-xp 00002000 00:21 290898                     /usr/lib/x86_64-linux-gnu/libXrandr.so.2.2.0
7f230ddb8000-7f230ddba000 r--p 00009000 00:21 290898                     /usr/lib/x86_64-linux-gnu/libXrandr.so.2.2.0
7f230ddba000-7f230ddbb000 r--p 0000a000 00:21 290898                     /usr/lib/x86_64-linux-gnu/libXrandr.so.2.2.0
7f230ddbb000-7f230ddbc000 rw-p 0000b000 00:21 290898                     /usr/lib/x86_64-linux-gnu/libXrandr.so.2.2.0
7f230ddbc000-7f230ddbf000 r--p 00000000 00:21 293670                     /usr/lib/x86_64-linux-gnu/libXi.so.6.1.0
7f230ddbf000-7f230ddcb000 r-xp 00003000 00:21 293670                     /usr/lib/x86_64-linux-gnu/libXi.so.6.1.0
7f230ddcb000-7f230ddcd000 r--p 0000f000 00:21 293670                     /usr/lib/x86_64-linux-gnu/libXi.so.6.1.0
7f230ddcd000-7f230ddce000 ---p 00011000 00:21 293670                     /usr/lib/x86_64-linux-gnu/libXi.so.6.1.0
7f230ddce000-7f230ddcf000 r--p 00011000 00:21 293670                     /usr/lib/x86_64-linux-gnu/libXi.so.6.1.0
7f230ddcf000-7f230ddd0000 rw-p 00012000 00:21 293670                     /usr/lib/x86_64-linux-gnu/libXi.so.6.1.0
7f230ddd0000-7f230ddd4000 r--p 00000000 00:21 296376                     /usr/lib/x86_64-linux-gnu/libXext.so.6.4.0
7f230ddd4000-7f230dde0000 r-xp 00004000 00:21 296376                     /usr/lib/x86_64-linux-gnu/libXext.so.6.4.0
7f230dde0000-7f230dde3000 r--p 00010000 00:21 296376                     /usr/lib/x86_64-linux-gnu/libXext.so.6.4.0
7f230dde3000-7f230dde4000 r--p 00012000 00:21 296376                     /usr/lib/x86_64-linux-gnu/libXext.so.6.4.0
7f230dde4000-7f230dde5000 rw-p 00013000 00:21 296376                     /usr/lib/x86_64-linux-gnu/libXext.so.6.4.0
7f230dde5000-7f230ddff000 r-xp 00000000 00:21 724469                     /home/snoweuph/.jdks/corretto-16.0.2/lib/libzip.so
7f230ddff000-7f230dffe000 ---p 0001a000 00:21 724469                     /home/snoweuph/.jdks/corretto-16.0.2/lib/libzip.so
7f230dffe000-7f230dfff000 r--p 00019000 00:21 724469                     /home/snoweuph/.jdks/corretto-16.0.2/lib/libzip.so
7f230dfff000-7f2310000000 rw-p 00000000 00:00 0 
7f2310000000-7f2310021000 rw-p 00000000 00:00 0 
7f2310021000-7f2314000000 ---p 00000000 00:00 0 
7f2314000000-7f2314021000 rw-p 00000000 00:00 0 
7f2314021000-7f2318000000 ---p 00000000 00:00 0 
7f2318000000-7f2318021000 rw-p 00000000 00:00 0 
7f2318021000-7f231c000000 ---p 00000000 00:00 0 
7f231c003000-7f231c004000 r--p 00000000 00:21 288895                     /usr/lib/x86_64-linux-gnu/libXxf86vm.so.1.0.0
7f231c004000-7f231c007000 r-xp 00001000 00:21 288895                     /usr/lib/x86_64-linux-gnu/libXxf86vm.so.1.0.0
7f231c007000-7f231c008000 r--p 00004000 00:21 288895                     /usr/lib/x86_64-linux-gnu/libXxf86vm.so.1.0.0
7f231c008000-7f231c009000 r--p 00004000 00:21 288895                     /usr/lib/x86_64-linux-gnu/libXxf86vm.so.1.0.0
7f231c009000-7f231c00a000 rw-p 00005000 00:21 288895                     /usr/lib/x86_64-linux-gnu/libXxf86vm.so.1.0.0
7f231c00a000-7f231c00b000 r--p 00000000 00:21 284954                     /usr/lib/x86_64-linux-gnu/libXau.so.6.0.0
7f231c00b000-7f231c00d000 r-xp 00001000 00:21 284954                     /usr/lib/x86_64-linux-gnu/libXau.so.6.0.0
7f231c00d000-7f231c00e000 r--p 00003000 00:21 284954                     /usr/lib/x86_64-linux-gnu/libXau.so.6.0.0
7f231c00e000-7f231c00f000 r--p 00003000 00:21 284954                     /usr/lib/x86_64-linux-gnu/libXau.so.6.0.0
7f231c00f000-7f231c010000 rw-p 00004000 00:21 284954                     /usr/lib/x86_64-linux-gnu/libXau.so.6.0.0
7f231c010000-7f231c02e000 r--p 00000000 00:21 298752                     /usr/lib/x86_64-linux-gnu/libX11.so.6.4.0
7f231c02e000-7f231c0c2000 r-xp 0001e000 00:21 298752                     /usr/lib/x86_64-linux-gnu/libX11.so.6.4.0
7f231c0c2000-7f231c150000 r--p 000b2000 00:21 298752                     /usr/lib/x86_64-linux-gnu/libX11.so.6.4.0
7f231c150000-7f231c151000 ---p 00140000 00:21 298752                     /usr/lib/x86_64-linux-gnu/libX11.so.6.4.0
7f231c151000-7f231c154000 r--p 00140000 00:21 298752                     /usr/lib/x86_64-linux-gnu/libX11.so.6.4.0
7f231c154000-7f231c158000 rw-p 00143000 00:21 298752                     /usr/lib/x86_64-linux-gnu/libX11.so.6.4.0
7f231c158000-7f231c16c000 r-xp 00000000 00:21 724471                     /home/snoweuph/.jdks/corretto-16.0.2/lib/libnet.so
7f231c16c000-7f231c36c000 ---p 00014000 00:21 724471                     /home/snoweuph/.jdks/corretto-16.0.2/lib/libnet.so
7f231c36c000-7f231c36d000 r--p 00014000 00:21 724471                     /home/snoweuph/.jdks/corretto-16.0.2/lib/libnet.so
7f231c36d000-7f231c36e000 rw-p 00015000 00:21 724471                     /home/snoweuph/.jdks/corretto-16.0.2/lib/libnet.so
7f231c36e000-7f231c380000 r-xp 00000000 00:21 724472                     /home/snoweuph/.jdks/corretto-16.0.2/lib/libnio.so
7f231c380000-7f231c57f000 ---p 00012000 00:21 724472                     /home/snoweuph/.jdks/corretto-16.0.2/lib/libnio.so
7f231c57f000-7f231c580000 r--p 00011000 00:21 724472                     /home/snoweuph/.jdks/corretto-16.0.2/lib/libnio.so
7f231c580000-7f231c581000 rw-p 00012000 00:21 724472                     /home/snoweuph/.jdks/corretto-16.0.2/lib/libnio.so
7f231c581000-7f231c585000 ---p 00000000 00:00 0 
7f231c585000-7f231c682000 rw-p 00000000 00:00 0 
7f231c682000-7f231c683000 ---p 00000000 00:00 0 
7f231c683000-7f231c784000 rw-p 00000000 00:00 0 
7f231c784000-7f231c788000 ---p 00000000 00:00 0 
7f231c788000-7f231c885000 rw-p 00000000 00:00 0 
7f231c885000-7f231c889000 ---p 00000000 00:00 0 
7f231c889000-7f231cd6e000 rw-p 00000000 00:00 0 
7f231cd6e000-7f2320786000 ---p 00000000 00:00 0 
7f2320786000-7f2320b7e000 rw-p 00000000 00:00 0 
7f2320b7e000-7f2324596000 ---p 00000000 00:00 0 
7f2324596000-7f23245a6000 rw-p 00000000 00:00 0 
7f23245a6000-7f2324816000 rwxp 00000000 00:00 0 
7f2324816000-7f2324b38000 ---p 00000000 00:00 0 
7f2324b38000-7f2324da8000 rwxp 00000000 00:00 0 
7f2324da8000-7f232c06f000 ---p 00000000 00:00 0 
7f232c06f000-7f232c2df000 rwxp 00000000 00:00 0 
7f232c2df000-7f23335a6000 ---p 00000000 00:00 0 
7f23335a6000-7f233c000000 r--s 00000000 00:21 724451                     /home/snoweuph/.jdks/corretto-16.0.2/lib/modules
7f233c000000-7f233c5b7000 rw-p 00000000 00:00 0 
7f233c5b7000-7f2340000000 ---p 00000000 00:00 0 
7f2340001000-7f234000e000 r--p 00000000 00:21 289198                     /usr/lib/x86_64-linux-gnu/libxcb.so.1.1.0
7f234000e000-7f2340021000 r-xp 0000d000 00:21 289198                     /usr/lib/x86_64-linux-gnu/libxcb.so.1.1.0
7f2340021000-7f234002a000 r--p 00020000 00:21 289198                     /usr/lib/x86_64-linux-gnu/libxcb.so.1.1.0
7f234002a000-7f234002b000 ---p 00029000 00:21 289198                     /usr/lib/x86_64-linux-gnu/libxcb.so.1.1.0
7f234002b000-7f234002c000 r--p 00029000 00:21 289198                     /usr/lib/x86_64-linux-gnu/libxcb.so.1.1.0
7f234002c000-7f234002d000 rw-p 0002a000 00:21 289198                     /usr/lib/x86_64-linux-gnu/libxcb.so.1.1.0
7f2340039000-7f234003a000 rw-s 14885d000 00:05 548                       /dev/dri/renderD128
7f234003a000-7f234003b000 rw-s 1171c6000 00:05 548                       /dev/dri/renderD128
7f234003b000-7f234003c000 rw-p 00000000 00:00 0 
7f234003c000-7f234003d000 r-xp 00053000 00:39 388                        /tmp/lwjglsnoweuph/3.3.1-build-7/liblwjgl.so
7f234003d000-7f234006f000 rw-p 00000000 00:00 0 
7f234006f000-7f2340073000 ---p 00000000 00:00 0 
7f2340073000-7f2340170000 rw-p 00000000 00:00 0 
7f2340170000-7f2340174000 ---p 00000000 00:00 0 
7f2340174000-7f2340271000 rw-p 00000000 00:00 0 
7f2340271000-7f2340275000 ---p 00000000 00:00 0 
7f2340275000-7f2340372000 rw-p 00000000 00:00 0 
7f2340372000-7f2340376000 ---p 00000000 00:00 0 
7f2340376000-7f2340473000 rw-p 00000000 00:00 0 
7f2340473000-7f2340477000 ---p 00000000 00:00 0 
7f2340477000-7f2340574000 rw-p 00000000 00:00 0 
7f2340574000-7f23405c9000 r--p 00000000 00:21 283752                     /usr/share/runtime/locale/de/lib/de_DE.utf8/LC_CTYPE
7f23405c9000-7f23405ca000 r--p 00000000 00:21 283945                     /usr/share/runtime/locale/de/lib/de_DE.utf8/LC_NUMERIC
7f23405ca000-7f23405cb000 r--p 00000000 00:21 283813                     /usr/share/runtime/locale/de/lib/de_DE.utf8/LC_TIME
7f23405cb000-7f2340843000 r--p 00000000 00:21 283765                     /usr/share/runtime/locale/de/lib/de_DE.utf8/LC_COLLATE
7f2340843000-7f2340844000 r--p 00000000 00:21 283876                     /usr/share/runtime/locale/de/lib/de_DE.utf8/LC_MONETARY
7f2340844000-7f2340845000 r--p 00000000 00:21 283674                     /usr/share/runtime/locale/de/lib/de_DE.utf8/LC_MESSAGES/SYS_LC_MESSAGES
7f2340845000-7f2340846000 r--p 00000000 00:21 283895                     /usr/share/runtime/locale/de/lib/de_DE.utf8/LC_PAPER
7f2340846000-7f234084a000 ---p 00000000 00:00 0 
7f234084a000-7f2340947000 rw-p 00000000 00:00 0 
7f2340947000-7f234094b000 ---p 00000000 00:00 0 
7f234094b000-7f2340a48000 rw-p 00000000 00:00 0 
7f2340a48000-7f2340a49000 ---p 00000000 00:00 0 
7f2340a49000-7f2340c67000 rw-p 00000000 00:00 0 
7f2340c67000-7f2340c68000 ---p 00000000 00:00 0 
7f2340c68000-7f2340d69000 rw-p 00000000 00:00 0 
7f2340d69000-7f2340d6a000 ---p 00000000 00:00 0 
7f2340d6a000-7f2341673000 rw-p 00000000 00:00 0 
7f2341673000-7f2341674000 ---p 00000000 00:00 0 
7f2341674000-7f2341775000 rw-p 00000000 00:00 0 
7f2341775000-7f2341776000 ---p 00000000 00:00 0 
7f2341776000-7f2341877000 rw-p 00000000 00:00 0 
7f2341877000-7f2341878000 ---p 00000000 00:00 0 
7f2341878000-7f2341a77000 rw-p 00000000 00:00 0 
7f2341a77000-7f23421ba000 ---p 00000000 00:00 0 
7f23421ba000-7f2342239000 rw-p 00000000 00:00 0 
7f2342239000-7f234297c000 ---p 00000000 00:00 0 
7f234297c000-7f23429fb000 rw-p 00000000 00:00 0 
7f23429fb000-7f234313e000 ---p 00000000 00:00 0 
7f234313e000-7f234394d000 rw-p 00000000 00:00 0 
7f234394d000-7f2343a33000 ---p 00000000 00:00 0 
7f2343a33000-7f2343a38000 rw-p 00000000 00:00 0 
7f2343a38000-7f2343b1e000 ---p 00000000 00:00 0 
7f2343b1e000-7f2343b42000 r-xp 00000000 00:21 724468                     /home/snoweuph/.jdks/corretto-16.0.2/lib/libjava.so
7f2343b42000-7f2343d42000 ---p 00024000 00:21 724468                     /home/snoweuph/.jdks/corretto-16.0.2/lib/libjava.so
7f2343d42000-7f2343d43000 r--p 00024000 00:21 724468                     /home/snoweuph/.jdks/corretto-16.0.2/lib/libjava.so
7f2343d43000-7f2343d44000 rw-p 00025000 00:21 724468                     /home/snoweuph/.jdks/corretto-16.0.2/lib/libjava.so
7f2343d44000-7f2343d45000 rw-p 00000000 00:00 0 
7f2343d45000-7f2343d48000 r--p 00000000 00:21 2248421                    /usr/lib/x86_64-linux-gnu/libnss_files-2.33.so
7f2343d48000-7f2343d4f000 r-xp 00003000 00:21 2248421                    /usr/lib/x86_64-linux-gnu/libnss_files-2.33.so
7f2343d4f000-7f2343d51000 r--p 0000a000 00:21 2248421                    /usr/lib/x86_64-linux-gnu/libnss_files-2.33.so
7f2343d51000-7f2343d52000 r--p 0000b000 00:21 2248421                    /usr/lib/x86_64-linux-gnu/libnss_files-2.33.so
7f2343d52000-7f2343d53000 rw-p 0000c000 00:21 2248421                    /usr/lib/x86_64-linux-gnu/libnss_files-2.33.so
7f2343d53000-7f2343d59000 rw-p 00000000 00:00 0 
7f2343d59000-7f2343d5a000 r--p 00000000 00:21 284137                     /usr/share/runtime/locale/de/lib/de_DE.utf8/LC_NAME
7f2343d5a000-7f2343d5b000 r--p 00000000 00:21 283970                     /usr/share/runtime/locale/de/lib/de_DE.utf8/LC_ADDRESS
7f2343d5b000-7f2343d60000 rw-p 00000000 00:00 0 
7f2343d60000-7f2343d67000 ---p 00000000 00:00 0 
7f2343d67000-7f2343d82000 r-xp 00000000 00:21 724470                     /home/snoweuph/.jdks/corretto-16.0.2/lib/libjimage.so
7f2343d82000-7f2343f81000 ---p 0001b000 00:21 724470                     /home/snoweuph/.jdks/corretto-16.0.2/lib/libjimage.so
7f2343f81000-7f2343f83000 r--p 0001a000 00:21 724470                     /home/snoweuph/.jdks/corretto-16.0.2/lib/libjimage.so
7f2343f83000-7f2343f84000 rw-p 0001c000 00:21 724470                     /home/snoweuph/.jdks/corretto-16.0.2/lib/libjimage.so
7f2343f84000-7f2343f86000 r--p 00000000 00:21 2247724                    /usr/lib/x86_64-linux-gnu/librt-2.33.so
7f2343f86000-7f2343f8a000 r-xp 00002000 00:21 2247724                    /usr/lib/x86_64-linux-gnu/librt-2.33.so
7f2343f8a000-7f2343f8c000 r--p 00006000 00:21 2247724                    /usr/lib/x86_64-linux-gnu/librt-2.33.so
7f2343f8c000-7f2343f8d000 r--p 00007000 00:21 2247724                    /usr/lib/x86_64-linux-gnu/librt-2.33.so
7f2343f8d000-7f2343f8e000 rw-p 00008000 00:21 2247724                    /usr/lib/x86_64-linux-gnu/librt-2.33.so
7f2343f8e000-7f2343f92000 ---p 00000000 00:00 0 
7f2343f92000-7f234408f000 rw-p 00000000 00:00 0 
7f234408f000-7f234409c000 r--p 00000000 00:21 2246123                    /usr/lib/x86_64-linux-gnu/libm-2.33.so
7f234409c000-7f234413b000 r-xp 0000d000 00:21 2246123                    /usr/lib/x86_64-linux-gnu/libm-2.33.so
7f234413b000-7f23441d6000 r--p 000ac000 00:21 2246123                    /usr/lib/x86_64-linux-gnu/libm-2.33.so
7f23441d6000-7f23441d7000 r--p 00146000 00:21 2246123                    /usr/lib/x86_64-linux-gnu/libm-2.33.so
7f23441d7000-7f23441d8000 rw-p 00147000 00:21 2246123                    /usr/lib/x86_64-linux-gnu/libm-2.33.so
7f23441d8000-7f2345494000 r-xp 00000000 00:21 724461                     /home/snoweuph/.jdks/corretto-16.0.2/lib/server/libjvm.so
7f2345494000-7f2345693000 ---p 012bc000 00:21 724461                     /home/snoweuph/.jdks/corretto-16.0.2/lib/server/libjvm.so
7f2345693000-7f2345748000 r--p 012bb000 00:21 724461                     /home/snoweuph/.jdks/corretto-16.0.2/lib/server/libjvm.so
7f2345748000-7f234577c000 rw-p 01370000 00:21 724461                     /home/snoweuph/.jdks/corretto-16.0.2/lib/server/libjvm.so
7f234577c000-7f23457d9000 rw-p 00000000 00:00 0 
7f23457d9000-7f23457fb000 r--p 00000000 00:21 2249850                    /usr/lib/x86_64-linux-gnu/libc-2.33.so
7f23457fb000-7f234595f000 r-xp 00022000 00:21 2249850                    /usr/lib/x86_64-linux-gnu/libc-2.33.so
7f234595f000-7f23459aa000 r--p 00186000 00:21 2249850                    /usr/lib/x86_64-linux-gnu/libc-2.33.so
7f23459aa000-7f23459ae000 r--p 001d0000 00:21 2249850                    /usr/lib/x86_64-linux-gnu/libc-2.33.so
7f23459ae000-7f23459b0000 rw-p 001d4000 00:21 2249850                    /usr/lib/x86_64-linux-gnu/libc-2.33.so
7f23459b0000-7f23459b9000 rw-p 00000000 00:00 0 
7f23459b9000-7f23459ba000 r--p 00000000 00:21 2248554                    /usr/lib/x86_64-linux-gnu/libdl-2.33.so
7f23459ba000-7f23459bc000 r-xp 00001000 00:21 2248554                    /usr/lib/x86_64-linux-gnu/libdl-2.33.so
7f23459bc000-7f23459bd000 r--p 00003000 00:21 2248554                    /usr/lib/x86_64-linux-gnu/libdl-2.33.so
7f23459bd000-7f23459be000 r--p 00003000 00:21 2248554                    /usr/lib/x86_64-linux-gnu/libdl-2.33.so
7f23459be000-7f23459bf000 rw-p 00004000 00:21 2248554                    /usr/lib/x86_64-linux-gnu/libdl-2.33.so
7f23459bf000-7f23459c5000 r--p 00000000 00:21 2248972                    /usr/lib/x86_64-linux-gnu/libpthread-2.33.so
7f23459c5000-7f23459d4000 r-xp 00006000 00:21 2248972                    /usr/lib/x86_64-linux-gnu/libpthread-2.33.so
7f23459d4000-7f23459d9000 r--p 00015000 00:21 2248972                    /usr/lib/x86_64-linux-gnu/libpthread-2.33.so
7f23459d9000-7f23459da000 ---p 0001a000 00:21 2248972                    /usr/lib/x86_64-linux-gnu/libpthread-2.33.so
7f23459da000-7f23459db000 r--p 0001a000 00:21 2248972                    /usr/lib/x86_64-linux-gnu/libpthread-2.33.so
7f23459db000-7f23459dc000 rw-p 0001b000 00:21 2248972                    /usr/lib/x86_64-linux-gnu/libpthread-2.33.so
7f23459dc000-7f23459e0000 rw-p 00000000 00:00 0 
7f23459e0000-7f23459e1000 r--p 00000000 00:21 284142                     /usr/share/runtime/locale/de/lib/de_DE.utf8/LC_TELEPHONE
7f23459e1000-7f23459e2000 r--p 00000000 00:21 283898                     /usr/share/runtime/locale/de/lib/de_DE.utf8/LC_MEASUREMENT
7f23459e2000-7f23459e3000 r--p 00000000 00:21 283698                     /usr/share/runtime/locale/de/lib/de_DE.utf8/LC_IDENTIFICATION
7f23459e3000-7f23459eb000 rw-s 00000000 00:39 693                        /tmp/hsperfdata_snoweuph/2050
7f23459eb000-7f23459ec000 ---p 00000000 00:00 0 
7f23459ec000-7f23459ed000 r--p 00000000 00:00 0 
7f23459ed000-7f23459ee000 ---p 00000000 00:00 0 
7f23459ee000-7f2345a07000 r-xp 00000000 00:21 724466                     /home/snoweuph/.jdks/corretto-16.0.2/lib/libjli.so
7f2345a07000-7f2345c06000 ---p 00019000 00:21 724466                     /home/snoweuph/.jdks/corretto-16.0.2/lib/libjli.so
7f2345c06000-7f2345c07000 r--p 00018000 00:21 724466                     /home/snoweuph/.jdks/corretto-16.0.2/lib/libjli.so
7f2345c07000-7f2345c08000 rw-p 00019000 00:21 724466                     /home/snoweuph/.jdks/corretto-16.0.2/lib/libjli.so
7f2345c08000-7f2345c0a000 rw-p 00000000 00:00 0 
7f2345c0a000-7f2345c0b000 r--p 00000000 00:21 2246395                    /usr/lib/x86_64-linux-gnu/ld-2.33.so
7f2345c0b000-7f2345c31000 r-xp 00001000 00:21 2246395                    /usr/lib/x86_64-linux-gnu/ld-2.33.so
7f2345c31000-7f2345c3a000 r--p 00027000 00:21 2246395                    /usr/lib/x86_64-linux-gnu/ld-2.33.so
7f2345c3a000-7f2345c3c000 r--p 0002f000 00:21 2246395                    /usr/lib/x86_64-linux-gnu/ld-2.33.so
7f2345c3c000-7f2345c3e000 rw-p 00031000 00:21 2246395                    /usr/lib/x86_64-linux-gnu/ld-2.33.so
7ffce5f71000-7ffce5f94000 rw-p 00000000 00:00 0                          [stack]
7ffce5fda000-7ffce5fde000 r--p 00000000 00:00 0                          [vvar]
7ffce5fde000-7ffce5fe0000 r-xp 00000000 00:00 0                          [vdso]
ffffffffff600000-ffffffffff601000 --xp 00000000 00:00 0                  [vsyscall]


VM Arguments:
jvm_args: -Dfile.encoding=UTF-8 -Duser.country=DE -Duser.language=de -Duser.variant 
java_command: org.euph.Main
java_class_path (initial): /home/snoweuph/Git/GameEngine/GameEngine/build/classes/java/main:/home/snoweuph/Git/GameEngine/GameEngine/build/resources/main:/home/snoweuph/.gradle/caches/modules-2/files-2.1/org.lwjgl/lwjgl-assimp/3.3.1/312072f451794f25670aebb0160ce6ec88aff842/lwjgl-assimp-3.3.1.jar:/home/snoweuph/.gradle/caches/modules-2/files-2.1/org.lwjgl/lwjgl-assimp/3.3.1/79fdb4d7fc27bc61579eb3803c8c389b8e57af1f/lwjgl-assimp-3.3.1-natives-linux.jar:/home/snoweuph/.gradle/caches/modules-2/files-2.1/org.lwjgl/lwjgl-bgfx/3.3.1/4243b7d255d885980f10c36edfb678729493685e/lwjgl-bgfx-3.3.1.jar:/home/snoweuph/.gradle/caches/modules-2/files-2.1/org.lwjgl/lwjgl-bgfx/3.3.1/6ae3c5e24f748c6e4d0f2a724bfdbf9d5a7ec6b6/lwjgl-bgfx-3.3.1-natives-linux.jar:/home/snoweuph/.gradle/caches/modules-2/files-2.1/org.lwjgl/lwjgl-glfw/3.3.1/cbac1b8d30cb4795149c1ef540f912671a8616d0/lwjgl-glfw-3.3.1.jar:/home/snoweuph/.gradle/caches/modules-2/files-2.1/org.lwjgl/lwjgl-glfw/3.3.1/81716978214ecbda15050ca394b06ef61501a49e/lwjgl-glfw-3.3.1-natives-linux.jar:/home/snoweuph/.gradle/caches/modules-2/files-2.1/org.lwjgl/lwjgl-libdivide/3.3.1/ed21d21e4f3d508908ef1a23d885e73983f244ea/lwjgl-libdivide-3.3.1.jar:/home/snoweuph/.gradle/caches/modules-2/files-2.1/org.lwjgl/lwjgl-libdivide/3.3.1/c4312cccbfae5fea8f9e3f72b367c3a0af6b20a2/lwjgl-libdivide-3.3.1-natives-linux.jar:/home/snoweuph/.gradle/caches/modules-2/files-2.1/org.lwjgl/lwjgl-meshoptimizer/3.3.1/8cc3325a9bba8beba08190f909a6f0003d96ad8f/lwjgl-meshoptimizer-3.3.1.jar:/home/snoweuph/.gradle/caches/modules-2/files-2.1/org.lwjgl/lwjgl-meshoptimizer/3.3.1/b881a520004d291093c2540e2f398f4c2173e8a8/lwjgl-meshoptimizer-3.3.1-natives-linux.jar:/home/snoweuph/.gradle/caches/modules-2/files-2.1/org.lwjgl/lwjgl-nfd/3.3.1/622318116996ddcff449b46cb38f0fdee39b8ac3/lwjgl-nfd-3.3.1.jar:/home/snoweuph/.gradle/caches/modules-2/files-2.1/org.lwjgl/lwjgl-nfd/3.3.1/2e007667e04ed3281152ae5c6e677fb1c2211691/lwjgl-nfd-3.3.1-natives-linux.jar:/home/snoweuph/.gradle/caches/mo
Launcher Type: SUN_STANDARD

[Global flags]
     intx CICompilerCount                          = 4                                         {product} {ergonomic}
     uint ConcGCThreads                            = 2                                         {product} {ergonomic}
     uint G1ConcRefinementThreads                  = 8                                         {product} {ergonomic}
   size_t G1HeapRegionSize                         = 2097152                                   {product} {ergonomic}
    uintx GCDrainStackTargetSize                   = 64                                        {product} {ergonomic}
   size_t InitialHeapSize                          = 262144000                                 {product} {ergonomic}
   size_t MarkStackSize                            = 4194304                                   {product} {ergonomic}
   size_t MaxHeapSize                              = 4164943872                                {product} {ergonomic}
   size_t MaxNewSize                               = 2497708032                                {product} {ergonomic}
   size_t MinHeapDeltaBytes                        = 2097152                                   {product} {ergonomic}
   size_t MinHeapSize                              = 8388608                                   {product} {ergonomic}
    uintx NonNMethodCodeHeapSize                   = 5839372                                {pd product} {ergonomic}
    uintx NonProfiledCodeHeapSize                  = 122909434                              {pd product} {ergonomic}
    uintx ProfiledCodeHeapSize                     = 122909434                              {pd product} {ergonomic}
    uintx ReservedCodeCacheSize                    = 251658240                              {pd product} {ergonomic}
     bool SegmentedCodeCache                       = true                                      {product} {ergonomic}
   size_t SoftMaxHeapSize                          = 4164943872                             {manageable} {ergonomic}
     bool UseCompressedClassPointers               = true                           {product lp64_product} {ergonomic}
     bool UseCompressedOops                        = true                           {product lp64_product} {ergonomic}
     bool UseG1GC                                  = true                                      {product} {ergonomic}

Logging:
Log output configuration:
 #0: stdout all=warning uptime,level,tags
 #1: stderr all=off uptime,level,tags

Environment Variables:
PATH=/app/bin:/usr/bin
LD_LIBRARY_PATH=
SHELL=/bin/sh
DISPLAY=:99.0
LANG=de_DE.UTF-8

Signal Handlers:
SIGSEGV: [libjvm.so+0xf67e20], sa_mask[0]=11100100010111111101111111111110, sa_flags=SA_RESTART|SA_SIGINFO
SIGBUS: [libjvm.so+0xf67e20], sa_mask[0]=11100100010111111101111111111110, sa_flags=SA_RESTART|SA_SIGINFO
SIGFPE: [libjvm.so+0xf67e20], sa_mask[0]=11100100010111111101111111111110, sa_flags=SA_RESTART|SA_SIGINFO
SIGPIPE: [libjvm.so+0xe05b30], sa_mask[0]=11100100010111111101111111111110, sa_flags=SA_RESTART|SA_SIGINFO
SIGXFSZ: [libjvm.so+0xe05b30], sa_mask[0]=11100100010111111101111111111110, sa_flags=SA_RESTART|SA_SIGINFO
SIGILL: [libjvm.so+0xf67e20], sa_mask[0]=11100100010111111101111111111110, sa_flags=SA_RESTART|SA_SIGINFO
SIGUSR2: [libjvm.so+0xe05200], sa_mask[0]=00100000000000000000000000000000, sa_flags=SA_RESTART|SA_SIGINFO
SIGHUP: [libjvm.so+0xe05140], sa_mask[0]=11100100010111111101111111111110, sa_flags=SA_RESTART|SA_SIGINFO
SIGINT: [libjvm.so+0xe05140], sa_mask[0]=11100100010111111101111111111110, sa_flags=SA_RESTART|SA_SIGINFO
SIGTERM: [libjvm.so+0xe05140], sa_mask[0]=11100100010111111101111111111110, sa_flags=SA_RESTART|SA_SIGINFO
SIGQUIT: [libjvm.so+0xe05140], sa_mask[0]=11100100010111111101111111111110, sa_flags=SA_RESTART|SA_SIGINFO
SIGTRAP: [libjvm.so+0xf67e20], sa_mask[0]=11100100010111111101111111111110, sa_flags=SA_RESTART|SA_SIGINFO


---------------  S Y S T E M  ---------------

OS:
NAME=Freedesktop.org
VERSION="21.08.14 (Flatpak runtime)"
VERSION_ID=21.08.14
ID=org.freedesktop.platform
PRETTY_NAME="Freedesktop.org 21.08.14 (Flatpak runtime)"
BUG_REPORT_URL=https://gitlab.com/freedesktop-sdk/freedesktop-sdk/issues
uname: Linux 5.17.5-300.fc36.x86_64 #1 SMP PREEMPT Thu Apr 28 15:51:30 UTC 2022 x86_64
OS uptime: 0 days 0:28 hours
libc: glibc 2.33 NPTL 2.33 
rlimit (soft/hard): STACK 8192k/infinity , CORE infinity/infinity , NPROC 63055/63055 , NOFILE 1048576/1048576 , AS infinity/infinity , CPU infinity/infinity , DATA infinity/infinity , FSIZE infinity/infinity , MEMLOCK 8192k/8192k
load average: 6,14 4,04 3,23

/proc/meminfo:
MemTotal:       16262536 kB
MemFree:          148740 kB
MemAvailable:    7953648 kB
Buffers:           16976 kB
Cached:          7922716 kB
SwapCached:           28 kB
Active:          2606044 kB
Inactive:       12099232 kB
Active(anon):       9364 kB
Inactive(anon):  6880120 kB
Active(file):    2596680 kB
Inactive(file):  5219112 kB
Unevictable:        4812 kB
Mlocked:            4812 kB
SwapTotal:       8388604 kB
SwapFree:        8385532 kB
Dirty:            315904 kB
Writeback:             0 kB
AnonPages:       6770200 kB
Mapped:          1704244 kB
Shmem:            124144 kB
KReclaimable:     324500 kB
Slab:             656716 kB
SReclaimable:     324500 kB
SUnreclaim:       332216 kB
KernelStack:       30480 kB
PageTables:        65916 kB
NFS_Unstable:          0 kB
Bounce:                0 kB
WritebackTmp:          0 kB
CommitLimit:    16519872 kB
Committed_AS:   15722524 kB
VmallocTotal:   34359738367 kB
VmallocUsed:      208416 kB
VmallocChunk:          0 kB
Percpu:            47488 kB
HardwareCorrupted:     0 kB
AnonHugePages:    120832 kB
ShmemHugePages:        0 kB
ShmemPmdMapped:        0 kB
FileHugePages:         0 kB
FilePmdMapped:         0 kB
CmaTotal:              0 kB
CmaFree:               0 kB
HugePages_Total:       0
HugePages_Free:        0
HugePages_Rsvd:        0
HugePages_Surp:        0
Hugepagesize:       2048 kB
Hugetlb:               0 kB
DirectMap4k:     1230584 kB
DirectMap2M:    15370240 kB
DirectMap1G:     1048576 kB

/sys/kernel/mm/transparent_hugepage/enabled: <Not Available>
/sys/kernel/mm/transparent_hugepage/defrag (defrag/compaction efforts parameter): <Not Available>

Process Memory:
Virtual Size: 8038732K (peak: 8038732K)
Resident Set Size: 89536K (peak: 89536K) (anon: 30988K, file: 57800K, shmem: 748K)
Swapped out: 0K
C-Heap outstanding allocations: 8270K

/proc/sys/kernel/threads-max (system-wide limit on the number of threads): 126110
/proc/sys/vm/max_map_count (maximum number of memory map areas a process may have): 65530
/proc/sys/kernel/pid_max (system-wide limit on number of process identifiers): 4194304

Steal ticks since vm start: 0
Steal ticks percentage since vm start:  0,000

CPU: total 8 (initial active 8) (8 cores per cpu, 2 threads per core) family 23 model 1 stepping 1 microcode 0x8001138, cx8, cmov, fxsr, ht, mmx, 3dnowpref, sse, sse2, sse3, ssse3, sse4a, sse4.1, sse4.2, popcnt, lzcnt, tsc, tscinvbit, avx, avx2, aes, clmul, bmi1, bmi2, adx, sha, fma, vzeroupper, clflush, clflushopt
CPU Model and flags from /proc/cpuinfo:
model name	: AMD Ryzen 5 1400 Quad-Core Processor
flags		: fpu vme de pse tsc msr pae mce cx8 apic sep mtrr pge mca cmov pat pse36 clflush mmx fxsr sse sse2 ht syscall nx mmxext fxsr_opt pdpe1gb rdtscp lm constant_tsc rep_good nopl nonstop_tsc cpuid extd_apicid aperfmperf rapl pni pclmulqdq monitor ssse3 fma cx16 sse4_1 sse4_2 movbe popcnt aes xsave avx f16c rdrand lahf_lm cmp_legacy svm extapic cr8_legacy abm sse4a misalignsse 3dnowprefetch osvw skinit wdt tce topoext perfctr_core perfctr_nb bpext perfctr_llc mwaitx cpb hw_pstate ssbd ibpb vmmcall fsgsbase bmi1 avx2 smep bmi2 rdseed adx smap clflushopt sha_ni xsaveopt xsavec xgetbv1 xsaves clzero irperf xsaveerptr arat npt lbrv svm_lock nrip_save tsc_scale vmcb_clean flushbyasid decodeassists pausefilter pfthreshold avic v_vmsave_vmload vgif overflow_recov succor smca sme sev

Online cpus: 0-7
Offline cpus: 8-31
BIOS frequency limitation: 2500000
Frequency switch latency (ns): 0
Available cpu frequencies: 2500000 2250000 1550000 
Current governor: schedutil
Core performance/turbo boost: 0

Memory: 4k page, physical 16262536k(149192k free), swap 8388604k(8385532k free)

vm_info: OpenJDK 64-Bit Server VM (16.0.2+7) for linux-amd64 JRE (16.0.2+7), built on Jul 22 2021 01:08:17 by "jenkins" with gcc 7.3.1 20180303 (Red Hat 7.3.1-5)

END.
