#
# A fatal error has been detected by the Java Runtime Environment:
#
#  SIGSEGV (0xb) at pc=0x00007ff2feeeaf88, pid=2361, tid=2363
#
# JRE version: OpenJDK Runtime Environment Corretto-16.0.2.7.1 (16.0.2+7) (build 16.0.2+7)
# Java VM: OpenJDK 64-Bit Server VM Corretto-16.0.2.7.1 (16.0.2+7, mixed mode, sharing, tiered, compressed oops, compressed class ptrs, g1 gc, linux-amd64)
# Problematic frame:
# C  [libglfw.so+0x1ff88]
#
# Core dump will be written. Default location: Core dumps may be processed with "/usr/lib/systemd/systemd-coredump %P %u %g %s %t %c %h" (or dumping to /home/snoweuph/Git/GameEngine/GameEngine/core.2361)
#
# If you would like to submit a bug report, please visit:
#   https://github.com/corretto/corretto-jdk/issues/
# The crash happened outside the Java Virtual Machine in native code.
# See problematic frame for where to report the bug.
#

---------------  S U M M A R Y ------------

Command Line: -Dfile.encoding=UTF-8 -Duser.country=DE -Duser.language=de -Duser.variant org.euph.Main

Host: AMD Ryzen 5 1400 Quad-Core Processor, 8 cores, 15G, Freedesktop.org 21.08.14 (Flatpak runtime)
Time: Tue Jul 26 04:11:19 2022 CEST elapsed time: 0.476595 seconds (0d 0h 0m 0s)

---------------  T H R E A D  ---------------

Current thread (0x00007ff350023c90):  JavaThread "main" [_thread_in_native, id=2363, stack(0x00007ff355cae000,0x00007ff355daf000)]

Stack: [0x00007ff355cae000,0x00007ff355daf000],  sp=0x00007ff355dacfd0,  free space=1019k
Native frames: (J=compiled Java code, A=aot compiled Java code, j=interpreted, Vv=VM code, C=native code)
C  [libglfw.so+0x1ff88]

Java frames: (J=compiled Java code, j=interpreted, Vv=VM code)
j  org.lwjgl.system.JNI.invokePPPP(IIJJJJ)J+0
j  org.lwjgl.glfw.GLFW.nglfwCreateWindow(IIJJJ)J+14
j  org.lwjgl.glfw.GLFW.glfwCreateWindow(IILjava/lang/CharSequence;JJ)J+34
j  org.euph.engine.displaySystem.DisplayManager.createWindow(IIILjava/lang/String;ZZZZ)Lorg/euph/engine/displaySystem/Window;+55
j  org.euph.Main.main([Ljava/lang/String;)V+17
v  ~StubRoutines::call_stub

siginfo: si_signo: 11 (SIGSEGV), si_code: 1 (SEGV_MAPERR), si_addr: 0x0000000000000139

Register to memory mapping:

RAX=0x0000000000000001 is an unknown value
RBX=0x00007ff2ff125c40: <offset 0x000000000025ac40> in /tmp/lwjglsnoweuph/3.3.1-build-7/libglfw.so at 0x00007ff2feecb000
RCX=0x0000000000000025 is an unknown value
RDX=0x0000000000000157 is an unknown value
RSP=0x00007ff355dacfd0 is pointing into the stack for thread: 0x00007ff350023c90
RBP=0x00007ff35046a540 points into unknown readable memory: 0x0000000000000000 | 00 00 00 00 00 00 00 00
RSI=0x000000000240000b is an unknown value
RDI=0x00007ff355dad05c is pointing into the stack for thread: 0x00007ff350023c90
R8 =0x0 is NULL
R9 =0x00007ff35042d820 points into unknown readable memory: 0x0000000000000000 | 00 00 00 00 00 00 00 00
R10=0x00007ffe591f7080 points into unknown readable memory: 0x0000000100365e80 | 80 5e 36 00 01 00 00 00
R11=0x0000000000000293 is an unknown value
R12=0x00007ff355dad1e0 is pointing into the stack for thread: 0x00007ff350023c90
R13=0x00007ff355dad230 is pointing into the stack for thread: 0x00007ff350023c90
R14=0x00000000000002d0 is an unknown value
R15=0x00007ff355dad1a0 is pointing into the stack for thread: 0x00007ff350023c90


Registers:
RAX=0x0000000000000001, RBX=0x00007ff2ff125c40, RCX=0x0000000000000025, RDX=0x0000000000000157
RSP=0x00007ff355dacfd0, RBP=0x00007ff35046a540, RSI=0x000000000240000b, RDI=0x00007ff355dad05c
R8 =0x0000000000000000, R9 =0x00007ff35042d820, R10=0x00007ffe591f7080, R11=0x0000000000000293
R12=0x00007ff355dad1e0, R13=0x00007ff355dad230, R14=0x00000000000002d0, R15=0x00007ff355dad1a0
RIP=0x00007ff2feeeaf88, EFLAGS=0x0000000000010202, CSGSFS=0x002b000000000033, ERR=0x0000000000000004
  TRAPNO=0x000000000000000e

Top of Stack: (sp=0x00007ff355dacfd0)
0x00007ff355dacfd0:   00000000000003da 0000000000000001
0x00007ff355dacfe0:   0000000000000001 00000000ffffffff
0x00007ff355dacff0:   0000000000000000 0000000000000000
0x00007ff355dad000:   000000000240000a 0000000000000000 

Instructions: (pc=0x00007ff2feeeaf88)
0x00007ff2feeeae88:   58 01 00 00 48 8d 1d ad ad 23 00 48 8b b7 78 04
0x00007ff2feeeae98:   00 00 64 48 8b 04 25 28 00 00 00 48 89 84 24 48
0x00007ff2feeeaea8:   01 00 00 31 c0 48 8b 47 50 8b 93 40 2a 02 00 4c
0x00007ff2feeeaeb8:   8b 8b 50 18 02 00 48 85 c0 0f 84 79 01 00 00 85
0x00007ff2feeeaec8:   d2 0f 85 a1 00 00 00 48 8b 93 b0 24 02 00 48 85
0x00007ff2feeeaed8:   d2 0f 85 01 02 00 00 c7 44 24 68 01 00 00 00 48
0x00007ff2feeeaee8:   8d 4c 24 10 ba 00 02 00 00 4c 89 cf ff 93 10 26
0x00007ff2feeeaef8:   02 00 c7 85 90 04 00 00 01 00 00 00 8b b5 9c 04
0x00007ff2feeeaf08:   00 00 85 f6 75 3c 48 c7 44 24 10 01 00 00 00 48
0x00007ff2feeeaf18:   8b 93 e0 24 02 00 b9 06 00 00 00 48 8b b5 78 04
0x00007ff2feeeaf28:   00 00 48 8b bb 50 18 02 00 45 31 c9 6a 01 41 b8
0x00007ff2feeeaf38:   20 00 00 00 48 8d 44 24 18 50 ff 93 08 26 02 00
0x00007ff2feeeaf48:   5a 59 48 8b 84 24 48 01 00 00 64 48 33 04 25 28
0x00007ff2feeeaf58:   00 00 00 0f 85 08 03 00 00 48 81 c4 58 01 00 00
0x00007ff2feeeaf68:   5b 5d c3 0f 1f 44 00 00 48 8b 93 e8 24 02 00 48
0x00007ff2feeeaf78:   85 d2 0f 84 4f ff ff ff 48 8d bc 24 8c 00 00 00
0x00007ff2feeeaf88:   4c 63 80 38 01 00 00 48 8d 84 24 84 00 00 00 48
0x00007ff2feeeaf98:   c7 84 24 84 00 00 00 00 00 00 00 48 c7 84 24 38
0x00007ff2feeeafa8:   01 00 00 00 00 00 00 48 83 e7 f8 48 29 f8 8d 88
0x00007ff2feeeafb8:   bc 00 00 00 89 c8 c1 e8 03 89 c1 31 c0 f3 48 ab
0x00007ff2feeeafc8:   48 89 b4 24 a0 00 00 00 48 89 94 24 a8 00 00 00
0x00007ff2feeeafd8:   4c 89 cf 4c 89 84 24 b8 00 00 00 4c 89 84 24 c0
0x00007ff2feeeafe8:   00 00 00 b9 00 00 18 00 4c 89 84 24 c8 00 00 00
0x00007ff2feeeaff8:   4c 89 84 24 d0 00 00 00 31 d2 48 8b b3 60 18 02
0x00007ff2feeeb008:   00 c7 84 24 80 00 00 00 21 00 00 00 4c 8d 84 24
0x00007ff2feeeb018:   80 00 00 00 c7 84 24 b0 00 00 00 20 00 00 00 ff
0x00007ff2feeeb028:   93 e0 27 02 00 48 8b b5 78 04 00 00 4c 8b 8b 50
0x00007ff2feeeb038:   18 02 00 e9 8f fe ff ff 85 d2 75 6c 48 8b 93 b0
0x00007ff2feeeb048:   24 02 00 48 85 d2 0f 85 5c 01 00 00 c7 44 24 68
0x00007ff2feeeb058:   00 00 00 00 48 8d 4c 24 10 ba 00 02 00 00 4c 89
0x00007ff2feeeb068:   cf ff 93 10 26 02 00 c7 85 90 04 00 00 00 00 00
0x00007ff2feeeb078:   00 8b 85 9c 04 00 00 85 c0 0f 85 c3 fe ff ff 48 


Stack slot to memory mapping:
stack at sp + 0 slots: 0x00000000000003da is an unknown value
stack at sp + 1 slots: 0x0000000000000001 is an unknown value
stack at sp + 2 slots: 0x0000000000000001 is an unknown value
stack at sp + 3 slots: 0x00000000ffffffff is an unknown value
stack at sp + 4 slots: 0x0 is NULL
stack at sp + 5 slots: 0x0 is NULL
stack at sp + 6 slots: 0x000000000240000a is an unknown value
stack at sp + 7 slots: 0x0 is NULL


---------------  P R O C E S S  ---------------

Threads class SMR info:
_java_thread_list=0x00007ff3501c3520, length=11, elements={
0x00007ff350023c90, 0x00007ff350177a10, 0x00007ff350178f90, 0x00007ff3501a5ef0,
0x00007ff3501a7440, 0x00007ff3501a8960, 0x00007ff3501aa440, 0x00007ff3501abaa0,
0x00007ff3501b5030, 0x00007ff3501bc820, 0x00007ff3501c2420
}

Java Threads: ( => current thread )
=>0x00007ff350023c90 JavaThread "main" [_thread_in_native, id=2363, stack(0x00007ff355cae000,0x00007ff355daf000)]
  0x00007ff350177a10 JavaThread "Reference Handler" daemon [_thread_blocked, id=2372, stack(0x00007ff32c6ff000,0x00007ff32c800000)]
  0x00007ff350178f90 JavaThread "Finalizer" daemon [_thread_blocked, id=2375, stack(0x00007ff32c5fe000,0x00007ff32c6ff000)]
  0x00007ff3501a5ef0 JavaThread "Signal Dispatcher" daemon [_thread_blocked, id=2376, stack(0x00007ff32c285000,0x00007ff32c386000)]
  0x00007ff3501a7440 JavaThread "Service Thread" daemon [_thread_blocked, id=2377, stack(0x00007ff32c184000,0x00007ff32c285000)]
  0x00007ff3501a8960 JavaThread "Monitor Deflation Thread" daemon [_thread_blocked, id=2378, stack(0x00007ff32c083000,0x00007ff32c184000)]
  0x00007ff3501aa440 JavaThread "C2 CompilerThread0" daemon [_thread_blocked, id=2379, stack(0x00007ff2ffeff000,0x00007ff300000000)]
  0x00007ff3501abaa0 JavaThread "C1 CompilerThread0" daemon [_thread_blocked, id=2380, stack(0x00007ff2ffdfe000,0x00007ff2ffeff000)]
  0x00007ff3501b5030 JavaThread "Sweeper thread" daemon [_thread_blocked, id=2381, stack(0x00007ff2ffcfd000,0x00007ff2ffdfe000)]
  0x00007ff3501bc820 JavaThread "Notification Thread" daemon [_thread_blocked, id=2382, stack(0x00007ff2ffbfc000,0x00007ff2ffcfd000)]
  0x00007ff3501c2420 JavaThread "Common-Cleaner" daemon [_thread_blocked, id=2384, stack(0x00007ff2ff9f9000,0x00007ff2ffafa000)]

Other Threads:
  0x00007ff350175450 VMThread "VM Thread" [stack: 0x00007ff32d0dc000,0x00007ff32d1dc000] [id=2370]
  0x00007ff3501be2f0 WatcherThread [stack: 0x00007ff2ffafc000,0x00007ff2ffbfc000] [id=2383]
  0x00007ff350073680 GCTaskThread "GC Thread#0" [stack: 0x00007ff35451d000,0x00007ff35461d000] [id=2364]
  0x00007ff350084630 ConcurrentGCThread "G1 Main Marker" [stack: 0x00007ff35441b000,0x00007ff35451b000] [id=2365]
  0x00007ff3500856c0 ConcurrentGCThread "G1 Conc#0" [stack: 0x00007ff354319000,0x00007ff354419000] [id=2366]
  0x00007ff35013b3c0 ConcurrentGCThread "G1 Refine#0" [stack: 0x00007ff32d3fd000,0x00007ff32d4fd000] [id=2367]
  0x00007ff35013c3e0 ConcurrentGCThread "G1 Service" [stack: 0x00007ff32d2fb000,0x00007ff32d3fb000] [id=2368]

Threads with active compile tasks:

VM state: not at safepoint (normal execution)

VM Mutex/Monitor currently owned by a thread: None

Heap address: 0x0000000707c00000, size: 3972 MB, Compressed Oops mode: Zero based, Oop shift amount: 3

CDS archive(s) mapped at: [0x0000000800000000-0x0000000800bf7000-0x0000000800bf7000), size 12546048, SharedBaseAddress: 0x0000000800000000, ArchiveRelocationMode: 0.
Compressed class space mapped at: 0x0000000800c00000-0x0000000840c00000, reserved size: 1073741824
Narrow klass base: 0x0000000800000000, Narrow klass shift: 3, Narrow klass range: 0x100000000

GC Precious Log:
 CPUs: 8 total, 8 available
 Memory: 15881M
 Large Page Support: Disabled
 NUMA Support: Disabled
 Compressed Oops: Enabled (Zero based)
 Heap Region Size: 2M
 Heap Min Capacity: 8M
 Heap Initial Capacity: 250M
 Heap Max Capacity: 3972M
 Pre-touch: Disabled
 Parallel Workers: 8
 Concurrent Workers: 2
 Concurrent Refinement Workers: 8
 Periodic GC: Disabled

Heap:
 garbage-first heap   total 260096K, used 8184K [0x0000000707c00000, 0x0000000800000000)
  region size 2048K, 4 young (8192K), 0 survivors (0K)
 Metaspace       used 2327K, committed 2496K, reserved 1056768K
  class space    used 155K, committed 256K, reserved 1048576K

Heap Regions: E=young(eden), S=young(survivor), O=old, HS=humongous(starts), HC=humongous(continues), CS=collection set, F=free, OA=open archive, CA=closed archive, TAMS=top-at-mark-start (previous, next)
|   0|0x0000000707c00000, 0x0000000707c00000, 0x0000000707e00000|  0%| F|  |TAMS 0x0000000707c00000, 0x0000000707c00000| Untracked 
|   1|0x0000000707e00000, 0x0000000707e00000, 0x0000000708000000|  0%| F|  |TAMS 0x0000000707e00000, 0x0000000707e00000| Untracked 
|   2|0x0000000708000000, 0x0000000708000000, 0x0000000708200000|  0%| F|  |TAMS 0x0000000708000000, 0x0000000708000000| Untracked 
|   3|0x0000000708200000, 0x0000000708200000, 0x0000000708400000|  0%| F|  |TAMS 0x0000000708200000, 0x0000000708200000| Untracked 
|   4|0x0000000708400000, 0x0000000708400000, 0x0000000708600000|  0%| F|  |TAMS 0x0000000708400000, 0x0000000708400000| Untracked 
|   5|0x0000000708600000, 0x0000000708600000, 0x0000000708800000|  0%| F|  |TAMS 0x0000000708600000, 0x0000000708600000| Untracked 
|   6|0x0000000708800000, 0x0000000708800000, 0x0000000708a00000|  0%| F|  |TAMS 0x0000000708800000, 0x0000000708800000| Untracked 
|   7|0x0000000708a00000, 0x0000000708a00000, 0x0000000708c00000|  0%| F|  |TAMS 0x0000000708a00000, 0x0000000708a00000| Untracked 
|   8|0x0000000708c00000, 0x0000000708c00000, 0x0000000708e00000|  0%| F|  |TAMS 0x0000000708c00000, 0x0000000708c00000| Untracked 
|   9|0x0000000708e00000, 0x0000000708e00000, 0x0000000709000000|  0%| F|  |TAMS 0x0000000708e00000, 0x0000000708e00000| Untracked 
|  10|0x0000000709000000, 0x0000000709000000, 0x0000000709200000|  0%| F|  |TAMS 0x0000000709000000, 0x0000000709000000| Untracked 
|  11|0x0000000709200000, 0x0000000709200000, 0x0000000709400000|  0%| F|  |TAMS 0x0000000709200000, 0x0000000709200000| Untracked 
|  12|0x0000000709400000, 0x0000000709400000, 0x0000000709600000|  0%| F|  |TAMS 0x0000000709400000, 0x0000000709400000| Untracked 
|  13|0x0000000709600000, 0x0000000709600000, 0x0000000709800000|  0%| F|  |TAMS 0x0000000709600000, 0x0000000709600000| Untracked 
|  14|0x0000000709800000, 0x0000000709800000, 0x0000000709a00000|  0%| F|  |TAMS 0x0000000709800000, 0x0000000709800000| Untracked 
|  15|0x0000000709a00000, 0x0000000709a00000, 0x0000000709c00000|  0%| F|  |TAMS 0x0000000709a00000, 0x0000000709a00000| Untracked 
|  16|0x0000000709c00000, 0x0000000709c00000, 0x0000000709e00000|  0%| F|  |TAMS 0x0000000709c00000, 0x0000000709c00000| Untracked 
|  17|0x0000000709e00000, 0x0000000709e00000, 0x000000070a000000|  0%| F|  |TAMS 0x0000000709e00000, 0x0000000709e00000| Untracked 
|  18|0x000000070a000000, 0x000000070a000000, 0x000000070a200000|  0%| F|  |TAMS 0x000000070a000000, 0x000000070a000000| Untracked 
|  19|0x000000070a200000, 0x000000070a200000, 0x000000070a400000|  0%| F|  |TAMS 0x000000070a200000, 0x000000070a200000| Untracked 
|  20|0x000000070a400000, 0x000000070a400000, 0x000000070a600000|  0%| F|  |TAMS 0x000000070a400000, 0x000000070a400000| Untracked 
|  21|0x000000070a600000, 0x000000070a600000, 0x000000070a800000|  0%| F|  |TAMS 0x000000070a600000, 0x000000070a600000| Untracked 
|  22|0x000000070a800000, 0x000000070a800000, 0x000000070aa00000|  0%| F|  |TAMS 0x000000070a800000, 0x000000070a800000| Untracked 
|  23|0x000000070aa00000, 0x000000070aa00000, 0x000000070ac00000|  0%| F|  |TAMS 0x000000070aa00000, 0x000000070aa00000| Untracked 
|  24|0x000000070ac00000, 0x000000070ac00000, 0x000000070ae00000|  0%| F|  |TAMS 0x000000070ac00000, 0x000000070ac00000| Untracked 
|  25|0x000000070ae00000, 0x000000070ae00000, 0x000000070b000000|  0%| F|  |TAMS 0x000000070ae00000, 0x000000070ae00000| Untracked 
|  26|0x000000070b000000, 0x000000070b000000, 0x000000070b200000|  0%| F|  |TAMS 0x000000070b000000, 0x000000070b000000| Untracked 
|  27|0x000000070b200000, 0x000000070b200000, 0x000000070b400000|  0%| F|  |TAMS 0x000000070b200000, 0x000000070b200000| Untracked 
|  28|0x000000070b400000, 0x000000070b400000, 0x000000070b600000|  0%| F|  |TAMS 0x000000070b400000, 0x000000070b400000| Untracked 
|  29|0x000000070b600000, 0x000000070b600000, 0x000000070b800000|  0%| F|  |TAMS 0x000000070b600000, 0x000000070b600000| Untracked 
|  30|0x000000070b800000, 0x000000070b800000, 0x000000070ba00000|  0%| F|  |TAMS 0x000000070b800000, 0x000000070b800000| Untracked 
|  31|0x000000070ba00000, 0x000000070ba00000, 0x000000070bc00000|  0%| F|  |TAMS 0x000000070ba00000, 0x000000070ba00000| Untracked 
|  32|0x000000070bc00000, 0x000000070bc00000, 0x000000070be00000|  0%| F|  |TAMS 0x000000070bc00000, 0x000000070bc00000| Untracked 
|  33|0x000000070be00000, 0x000000070be00000, 0x000000070c000000|  0%| F|  |TAMS 0x000000070be00000, 0x000000070be00000| Untracked 
|  34|0x000000070c000000, 0x000000070c000000, 0x000000070c200000|  0%| F|  |TAMS 0x000000070c000000, 0x000000070c000000| Untracked 
|  35|0x000000070c200000, 0x000000070c200000, 0x000000070c400000|  0%| F|  |TAMS 0x000000070c200000, 0x000000070c200000| Untracked 
|  36|0x000000070c400000, 0x000000070c400000, 0x000000070c600000|  0%| F|  |TAMS 0x000000070c400000, 0x000000070c400000| Untracked 
|  37|0x000000070c600000, 0x000000070c600000, 0x000000070c800000|  0%| F|  |TAMS 0x000000070c600000, 0x000000070c600000| Untracked 
|  38|0x000000070c800000, 0x000000070c800000, 0x000000070ca00000|  0%| F|  |TAMS 0x000000070c800000, 0x000000070c800000| Untracked 
|  39|0x000000070ca00000, 0x000000070ca00000, 0x000000070cc00000|  0%| F|  |TAMS 0x000000070ca00000, 0x000000070ca00000| Untracked 
|  40|0x000000070cc00000, 0x000000070cc00000, 0x000000070ce00000|  0%| F|  |TAMS 0x000000070cc00000, 0x000000070cc00000| Untracked 
|  41|0x000000070ce00000, 0x000000070ce00000, 0x000000070d000000|  0%| F|  |TAMS 0x000000070ce00000, 0x000000070ce00000| Untracked 
|  42|0x000000070d000000, 0x000000070d000000, 0x000000070d200000|  0%| F|  |TAMS 0x000000070d000000, 0x000000070d000000| Untracked 
|  43|0x000000070d200000, 0x000000070d200000, 0x000000070d400000|  0%| F|  |TAMS 0x000000070d200000, 0x000000070d200000| Untracked 
|  44|0x000000070d400000, 0x000000070d400000, 0x000000070d600000|  0%| F|  |TAMS 0x000000070d400000, 0x000000070d400000| Untracked 
|  45|0x000000070d600000, 0x000000070d600000, 0x000000070d800000|  0%| F|  |TAMS 0x000000070d600000, 0x000000070d600000| Untracked 
|  46|0x000000070d800000, 0x000000070d800000, 0x000000070da00000|  0%| F|  |TAMS 0x000000070d800000, 0x000000070d800000| Untracked 
|  47|0x000000070da00000, 0x000000070da00000, 0x000000070dc00000|  0%| F|  |TAMS 0x000000070da00000, 0x000000070da00000| Untracked 
|  48|0x000000070dc00000, 0x000000070dc00000, 0x000000070de00000|  0%| F|  |TAMS 0x000000070dc00000, 0x000000070dc00000| Untracked 
|  49|0x000000070de00000, 0x000000070de00000, 0x000000070e000000|  0%| F|  |TAMS 0x000000070de00000, 0x000000070de00000| Untracked 
|  50|0x000000070e000000, 0x000000070e000000, 0x000000070e200000|  0%| F|  |TAMS 0x000000070e000000, 0x000000070e000000| Untracked 
|  51|0x000000070e200000, 0x000000070e200000, 0x000000070e400000|  0%| F|  |TAMS 0x000000070e200000, 0x000000070e200000| Untracked 
|  52|0x000000070e400000, 0x000000070e400000, 0x000000070e600000|  0%| F|  |TAMS 0x000000070e400000, 0x000000070e400000| Untracked 
|  53|0x000000070e600000, 0x000000070e600000, 0x000000070e800000|  0%| F|  |TAMS 0x000000070e600000, 0x000000070e600000| Untracked 
|  54|0x000000070e800000, 0x000000070e800000, 0x000000070ea00000|  0%| F|  |TAMS 0x000000070e800000, 0x000000070e800000| Untracked 
|  55|0x000000070ea00000, 0x000000070ea00000, 0x000000070ec00000|  0%| F|  |TAMS 0x000000070ea00000, 0x000000070ea00000| Untracked 
|  56|0x000000070ec00000, 0x000000070ec00000, 0x000000070ee00000|  0%| F|  |TAMS 0x000000070ec00000, 0x000000070ec00000| Untracked 
|  57|0x000000070ee00000, 0x000000070ee00000, 0x000000070f000000|  0%| F|  |TAMS 0x000000070ee00000, 0x000000070ee00000| Untracked 
|  58|0x000000070f000000, 0x000000070f000000, 0x000000070f200000|  0%| F|  |TAMS 0x000000070f000000, 0x000000070f000000| Untracked 
|  59|0x000000070f200000, 0x000000070f200000, 0x000000070f400000|  0%| F|  |TAMS 0x000000070f200000, 0x000000070f200000| Untracked 
|  60|0x000000070f400000, 0x000000070f400000, 0x000000070f600000|  0%| F|  |TAMS 0x000000070f400000, 0x000000070f400000| Untracked 
|  61|0x000000070f600000, 0x000000070f600000, 0x000000070f800000|  0%| F|  |TAMS 0x000000070f600000, 0x000000070f600000| Untracked 
|  62|0x000000070f800000, 0x000000070f800000, 0x000000070fa00000|  0%| F|  |TAMS 0x000000070f800000, 0x000000070f800000| Untracked 
|  63|0x000000070fa00000, 0x000000070fa00000, 0x000000070fc00000|  0%| F|  |TAMS 0x000000070fa00000, 0x000000070fa00000| Untracked 
|  64|0x000000070fc00000, 0x000000070fc00000, 0x000000070fe00000|  0%| F|  |TAMS 0x000000070fc00000, 0x000000070fc00000| Untracked 
|  65|0x000000070fe00000, 0x000000070fe00000, 0x0000000710000000|  0%| F|  |TAMS 0x000000070fe00000, 0x000000070fe00000| Untracked 
|  66|0x0000000710000000, 0x0000000710000000, 0x0000000710200000|  0%| F|  |TAMS 0x0000000710000000, 0x0000000710000000| Untracked 
|  67|0x0000000710200000, 0x0000000710200000, 0x0000000710400000|  0%| F|  |TAMS 0x0000000710200000, 0x0000000710200000| Untracked 
|  68|0x0000000710400000, 0x0000000710400000, 0x0000000710600000|  0%| F|  |TAMS 0x0000000710400000, 0x0000000710400000| Untracked 
|  69|0x0000000710600000, 0x0000000710600000, 0x0000000710800000|  0%| F|  |TAMS 0x0000000710600000, 0x0000000710600000| Untracked 
|  70|0x0000000710800000, 0x0000000710800000, 0x0000000710a00000|  0%| F|  |TAMS 0x0000000710800000, 0x0000000710800000| Untracked 
|  71|0x0000000710a00000, 0x0000000710a00000, 0x0000000710c00000|  0%| F|  |TAMS 0x0000000710a00000, 0x0000000710a00000| Untracked 
|  72|0x0000000710c00000, 0x0000000710c00000, 0x0000000710e00000|  0%| F|  |TAMS 0x0000000710c00000, 0x0000000710c00000| Untracked 
|  73|0x0000000710e00000, 0x0000000710e00000, 0x0000000711000000|  0%| F|  |TAMS 0x0000000710e00000, 0x0000000710e00000| Untracked 
|  74|0x0000000711000000, 0x0000000711000000, 0x0000000711200000|  0%| F|  |TAMS 0x0000000711000000, 0x0000000711000000| Untracked 
|  75|0x0000000711200000, 0x0000000711200000, 0x0000000711400000|  0%| F|  |TAMS 0x0000000711200000, 0x0000000711200000| Untracked 
|  76|0x0000000711400000, 0x0000000711400000, 0x0000000711600000|  0%| F|  |TAMS 0x0000000711400000, 0x0000000711400000| Untracked 
|  77|0x0000000711600000, 0x0000000711600000, 0x0000000711800000|  0%| F|  |TAMS 0x0000000711600000, 0x0000000711600000| Untracked 
|  78|0x0000000711800000, 0x0000000711800000, 0x0000000711a00000|  0%| F|  |TAMS 0x0000000711800000, 0x0000000711800000| Untracked 
|  79|0x0000000711a00000, 0x0000000711a00000, 0x0000000711c00000|  0%| F|  |TAMS 0x0000000711a00000, 0x0000000711a00000| Untracked 
|  80|0x0000000711c00000, 0x0000000711c00000, 0x0000000711e00000|  0%| F|  |TAMS 0x0000000711c00000, 0x0000000711c00000| Untracked 
|  81|0x0000000711e00000, 0x0000000711e00000, 0x0000000712000000|  0%| F|  |TAMS 0x0000000711e00000, 0x0000000711e00000| Untracked 
|  82|0x0000000712000000, 0x0000000712000000, 0x0000000712200000|  0%| F|  |TAMS 0x0000000712000000, 0x0000000712000000| Untracked 
|  83|0x0000000712200000, 0x0000000712200000, 0x0000000712400000|  0%| F|  |TAMS 0x0000000712200000, 0x0000000712200000| Untracked 
|  84|0x0000000712400000, 0x0000000712400000, 0x0000000712600000|  0%| F|  |TAMS 0x0000000712400000, 0x0000000712400000| Untracked 
|  85|0x0000000712600000, 0x0000000712600000, 0x0000000712800000|  0%| F|  |TAMS 0x0000000712600000, 0x0000000712600000| Untracked 
|  86|0x0000000712800000, 0x0000000712800000, 0x0000000712a00000|  0%| F|  |TAMS 0x0000000712800000, 0x0000000712800000| Untracked 
|  87|0x0000000712a00000, 0x0000000712a00000, 0x0000000712c00000|  0%| F|  |TAMS 0x0000000712a00000, 0x0000000712a00000| Untracked 
|  88|0x0000000712c00000, 0x0000000712c00000, 0x0000000712e00000|  0%| F|  |TAMS 0x0000000712c00000, 0x0000000712c00000| Untracked 
|  89|0x0000000712e00000, 0x0000000712e00000, 0x0000000713000000|  0%| F|  |TAMS 0x0000000712e00000, 0x0000000712e00000| Untracked 
|  90|0x0000000713000000, 0x0000000713000000, 0x0000000713200000|  0%| F|  |TAMS 0x0000000713000000, 0x0000000713000000| Untracked 
|  91|0x0000000713200000, 0x0000000713200000, 0x0000000713400000|  0%| F|  |TAMS 0x0000000713200000, 0x0000000713200000| Untracked 
|  92|0x0000000713400000, 0x0000000713400000, 0x0000000713600000|  0%| F|  |TAMS 0x0000000713400000, 0x0000000713400000| Untracked 
|  93|0x0000000713600000, 0x0000000713600000, 0x0000000713800000|  0%| F|  |TAMS 0x0000000713600000, 0x0000000713600000| Untracked 
|  94|0x0000000713800000, 0x0000000713800000, 0x0000000713a00000|  0%| F|  |TAMS 0x0000000713800000, 0x0000000713800000| Untracked 
|  95|0x0000000713a00000, 0x0000000713a00000, 0x0000000713c00000|  0%| F|  |TAMS 0x0000000713a00000, 0x0000000713a00000| Untracked 
|  96|0x0000000713c00000, 0x0000000713c00000, 0x0000000713e00000|  0%| F|  |TAMS 0x0000000713c00000, 0x0000000713c00000| Untracked 
|  97|0x0000000713e00000, 0x0000000713e00000, 0x0000000714000000|  0%| F|  |TAMS 0x0000000713e00000, 0x0000000713e00000| Untracked 
|  98|0x0000000714000000, 0x0000000714000000, 0x0000000714200000|  0%| F|  |TAMS 0x0000000714000000, 0x0000000714000000| Untracked 
|  99|0x0000000714200000, 0x0000000714200000, 0x0000000714400000|  0%| F|  |TAMS 0x0000000714200000, 0x0000000714200000| Untracked 
| 100|0x0000000714400000, 0x0000000714400000, 0x0000000714600000|  0%| F|  |TAMS 0x0000000714400000, 0x0000000714400000| Untracked 
| 101|0x0000000714600000, 0x0000000714600000, 0x0000000714800000|  0%| F|  |TAMS 0x0000000714600000, 0x0000000714600000| Untracked 
| 102|0x0000000714800000, 0x0000000714800000, 0x0000000714a00000|  0%| F|  |TAMS 0x0000000714800000, 0x0000000714800000| Untracked 
| 103|0x0000000714a00000, 0x0000000714a00000, 0x0000000714c00000|  0%| F|  |TAMS 0x0000000714a00000, 0x0000000714a00000| Untracked 
| 104|0x0000000714c00000, 0x0000000714c00000, 0x0000000714e00000|  0%| F|  |TAMS 0x0000000714c00000, 0x0000000714c00000| Untracked 
| 105|0x0000000714e00000, 0x0000000714e00000, 0x0000000715000000|  0%| F|  |TAMS 0x0000000714e00000, 0x0000000714e00000| Untracked 
| 106|0x0000000715000000, 0x0000000715000000, 0x0000000715200000|  0%| F|  |TAMS 0x0000000715000000, 0x0000000715000000| Untracked 
| 107|0x0000000715200000, 0x0000000715200000, 0x0000000715400000|  0%| F|  |TAMS 0x0000000715200000, 0x0000000715200000| Untracked 
| 108|0x0000000715400000, 0x0000000715400000, 0x0000000715600000|  0%| F|  |TAMS 0x0000000715400000, 0x0000000715400000| Untracked 
| 109|0x0000000715600000, 0x0000000715600000, 0x0000000715800000|  0%| F|  |TAMS 0x0000000715600000, 0x0000000715600000| Untracked 
| 110|0x0000000715800000, 0x0000000715800000, 0x0000000715a00000|  0%| F|  |TAMS 0x0000000715800000, 0x0000000715800000| Untracked 
| 111|0x0000000715a00000, 0x0000000715a00000, 0x0000000715c00000|  0%| F|  |TAMS 0x0000000715a00000, 0x0000000715a00000| Untracked 
| 112|0x0000000715c00000, 0x0000000715c00000, 0x0000000715e00000|  0%| F|  |TAMS 0x0000000715c00000, 0x0000000715c00000| Untracked 
| 113|0x0000000715e00000, 0x0000000715e00000, 0x0000000716000000|  0%| F|  |TAMS 0x0000000715e00000, 0x0000000715e00000| Untracked 
| 114|0x0000000716000000, 0x0000000716000000, 0x0000000716200000|  0%| F|  |TAMS 0x0000000716000000, 0x0000000716000000| Untracked 
| 115|0x0000000716200000, 0x0000000716200000, 0x0000000716400000|  0%| F|  |TAMS 0x0000000716200000, 0x0000000716200000| Untracked 
| 116|0x0000000716400000, 0x0000000716400000, 0x0000000716600000|  0%| F|  |TAMS 0x0000000716400000, 0x0000000716400000| Untracked 
| 117|0x0000000716600000, 0x0000000716600000, 0x0000000716800000|  0%| F|  |TAMS 0x0000000716600000, 0x0000000716600000| Untracked 
| 118|0x0000000716800000, 0x0000000716800000, 0x0000000716a00000|  0%| F|  |TAMS 0x0000000716800000, 0x0000000716800000| Untracked 
| 119|0x0000000716a00000, 0x0000000716a00000, 0x0000000716c00000|  0%| F|  |TAMS 0x0000000716a00000, 0x0000000716a00000| Untracked 
| 120|0x0000000716c00000, 0x0000000716c00000, 0x0000000716e00000|  0%| F|  |TAMS 0x0000000716c00000, 0x0000000716c00000| Untracked 
| 121|0x0000000716e00000, 0x0000000716ee1d10, 0x0000000717000000| 44%| E|  |TAMS 0x0000000716e00000, 0x0000000716e00000| Complete 
| 122|0x0000000717000000, 0x0000000717200000, 0x0000000717200000|100%| E|CS|TAMS 0x0000000717000000, 0x0000000717000000| Complete 
| 123|0x0000000717200000, 0x0000000717400000, 0x0000000717400000|100%| E|CS|TAMS 0x0000000717200000, 0x0000000717200000| Complete 
| 124|0x0000000717400000, 0x0000000717600000, 0x0000000717600000|100%| E|CS|TAMS 0x0000000717400000, 0x0000000717400000| Complete 
|1984|0x00000007ffc00000, 0x00000007ffd76000, 0x00000007ffe00000| 73%|OA|  |TAMS 0x00000007ffc00000, 0x00000007ffc00000| Untracked 
|1985|0x00000007ffe00000, 0x00000007ffe88000, 0x0000000800000000| 26%|CA|  |TAMS 0x00000007ffe00000, 0x00000007ffe00000| Untracked 

Card table byte_map: [0x00007ff337de4000,0x00007ff3385a6000] _byte_map_base: 0x00007ff3345a6000

Marking Bits (Prev, Next): (CMBitMap*) 0x00007ff350074230, (CMBitMap*) 0x00007ff350074270
 Prev Bits: [0x00007ff333812000, 0x00007ff337622000)
 Next Bits: [0x00007ff32fa02000, 0x00007ff333812000)

Polling page: 0x00007ff35770b000

Metaspace:

Usage:
  Non-class:      2,12 MB used.
      Class:    155,84 KB used.
       Both:      2,27 MB used.

Virtual space:
  Non-class space:        8,00 MB reserved,       2,19 MB ( 27%) committed,  1 nodes.
      Class space:        1,00 GB reserved,     256,00 KB ( <1%) committed,  1 nodes.
              Both:        1,01 GB reserved,       2,44 MB ( <1%) committed. 

Chunk freelists:
   Non-Class:  3,06 MB
       Class:  3,66 MB
        Both:  6,73 MB

MaxMetaspaceSize: 17179869184,00 GB
CompressedClassSpaceSize: 1,00 GB
 - commit_granule_bytes: 65536.
 - commit_granule_words: 8192.
 - virtual_space_node_default_size: 1048576.
 - enlarge_chunks_in_place: 1.
 - new_chunks_are_fully_committed: 0.
 - uncommit_free_chunks: 1.
 - use_allocation_guard: 0.
 - handle_deallocations: 1.


Internal statistics:

num_allocs_failed_limit: 0.
num_arena_births: 58.
num_arena_deaths: 0.
num_vsnodes_births: 2.
num_vsnodes_deaths: 0.
num_space_committed: 39.
num_space_uncommitted: 0.
num_chunks_returned_to_freelist: 0.
num_chunks_taken_from_freelist: 112.
num_chunk_merges: 0.
num_chunk_splits: 70.
num_chunks_enlarged: 50.
num_purges: 0.

CodeHeap 'non-profiled nmethods': size=120028Kb used=142Kb max_used=142Kb free=119885Kb
 bounds [0x00007ff34006f000, 0x00007ff3402df000, 0x00007ff3475a6000]
CodeHeap 'profiled nmethods': size=120028Kb used=730Kb max_used=730Kb free=119297Kb
 bounds [0x00007ff338b38000, 0x00007ff338da8000, 0x00007ff34006f000]
CodeHeap 'non-nmethods': size=5704Kb used=1516Kb max_used=1516Kb free=4188Kb
 bounds [0x00007ff3385a6000, 0x00007ff338816000, 0x00007ff338b38000]
 total_blobs=1391 nmethods=472 adapters=833
 compilation: enabled
              stopped_count=0, restarted_count=0
 full_count=0

Compilation events (20 events):
Event: 0,341 Thread 0x00007ff3501abaa0 nmethod 463 0x00007ff338beb110 code [0x00007ff338beb300, 0x00007ff338beb710]
Event: 0,341 Thread 0x00007ff3501abaa0  464       3       java.nio.Buffer::remaining (20 bytes)
Event: 0,342 Thread 0x00007ff3501abaa0 nmethod 464 0x00007ff338beb890 code [0x00007ff338beba40, 0x00007ff338bebbd0]
Event: 0,342 Thread 0x00007ff3501abaa0  466       3       java.lang.StringConcatHelper::stringOf (20 bytes)
Event: 0,342 Thread 0x00007ff3501abaa0 nmethod 466 0x00007ff338bebc90 code [0x00007ff338bebe40, 0x00007ff338bec080]
Event: 0,342 Thread 0x00007ff3501abaa0  467       3       java.lang.StringConcatHelper::mix (27 bytes)
Event: 0,342 Thread 0x00007ff3501aa440 nmethod 462 0x00007ff340092490 code [0x00007ff340092620, 0x00007ff3400926f8]
Event: 0,342 Thread 0x00007ff3501aa440  465       4       java.util.zip.ZipFile::ensureOpen (40 bytes)
Event: 0,342 Thread 0x00007ff3501abaa0 nmethod 467 0x00007ff338bec190 code [0x00007ff338bec360, 0x00007ff338bec780]
Event: 0,342 Thread 0x00007ff3501aa440 nmethod 465 0x00007ff340092810 code [0x00007ff3400929a0, 0x00007ff340092a58]
Event: 0,349 Thread 0x00007ff3501abaa0  468       3       java.util.WeakHashMap::maskNull (12 bytes)
Event: 0,349 Thread 0x00007ff3501abaa0 nmethod 468 0x00007ff338bec990 code [0x00007ff338becb20, 0x00007ff338becc50]
Event: 0,349 Thread 0x00007ff3501abaa0  469       3       java.util.WeakHashMap::hash (28 bytes)
Event: 0,349 Thread 0x00007ff3501abaa0 nmethod 469 0x00007ff338becd10 code [0x00007ff338becec0, 0x00007ff338bed0c0]
Event: 0,349 Thread 0x00007ff3501abaa0  470       3       java.util.WeakHashMap::getTable (9 bytes)
Event: 0,349 Thread 0x00007ff3501abaa0 nmethod 470 0x00007ff338bed190 code [0x00007ff338bed340, 0x00007ff338bed480]
Event: 0,349 Thread 0x00007ff3501abaa0  471   !   3       java.util.WeakHashMap::expungeStaleEntries (139 bytes)
Event: 0,350 Thread 0x00007ff3501abaa0 nmethod 471 0x00007ff338bed510 code [0x00007ff338bed720, 0x00007ff338bee160]
Event: 0,350 Thread 0x00007ff3501abaa0  472       3       java.util.WeakHashMap::indexFor (6 bytes)
Event: 0,350 Thread 0x00007ff3501abaa0 nmethod 472 0x00007ff338bee610 code [0x00007ff338bee7a0, 0x00007ff338bee890]

GC Heap History (0 events):
No events

Deoptimization events (2 events):
Event: 0,286 Thread 0x00007ff350023c90 DEOPT PACKING pc=0x00007ff338b3e16e sp=0x00007ff355da67a0
Event: 0,286 Thread 0x00007ff350023c90 DEOPT UNPACKING pc=0x00007ff3385f3bba sp=0x00007ff355da5c10 mode 0

Classes unloaded (0 events):
No events

Classes redefined (0 events):
No events

Internal exceptions (15 events):
Event: 0,181 Thread 0x00007ff350023c90 Exception <a 'java/lang/NoSuchMethodError'{0x0000000717319580}: 'java.lang.Object java.lang.invoke.DirectMethodHandle$Holder.invokeStatic(java.lang.Object)'> (0x0000000717319580) 
thrown [./src/hotspot/share/interpreter/linkResolver.cpp, line 790]
Event: 0,182 Thread 0x00007ff350023c90 Exception <a 'java/lang/NoSuchMethodError'{0x000000071731ccd0}: 'java.lang.Object java.lang.invoke.DirectMethodHandle$Holder.invokeStaticInit(java.lang.Object)'> (0x000000071731ccd0) 
thrown [./src/hotspot/share/interpreter/linkResolver.cpp, line 790]
Event: 0,207 Thread 0x00007ff350023c90 Exception <a 'java/lang/NoSuchMethodError'{0x00000007173847a8}: 'void java.lang.invoke.DirectMethodHandle$Holder.invokeStatic(java.lang.Object, java.lang.Object)'> (0x00000007173847a8) 
thrown [./src/hotspot/share/interpreter/linkResolver.cpp, line 790]
Event: 0,209 Thread 0x00007ff350023c90 Exception <a 'java/lang/NoSuchMethodError'{0x0000000717389bd8}: 'void java.lang.invoke.DirectMethodHandle$Holder.invokeSpecial(java.lang.Object, java.lang.Object, java.lang.Object)'> (0x0000000717389bd8) 
thrown [./src/hotspot/share/interpreter/linkResolver.cpp, line 790]
Event: 0,213 Thread 0x00007ff350023c90 Exception <a 'java/lang/NoSuchMethodError'{0x0000000717003d70}: 'java.lang.Object java.lang.invoke.DirectMethodHandle$Holder.invokeStatic(java.lang.Object, java.lang.Object, int)'> (0x0000000717003d70) 
thrown [./src/hotspot/share/interpreter/linkResolver.cpp, line 790]
Event: 0,216 Thread 0x00007ff350023c90 Exception <a 'java/lang/NoSuchMethodError'{0x000000071700fee0}: 'void java.lang.invoke.DelegatingMethodHandle$Holder.delegate(java.lang.Object, java.lang.Object, int, java.lang.Object)'> (0x000000071700fee0) 
thrown [./src/hotspot/share/interpreter/linkResolver.cpp, line 790]
Event: 0,217 Thread 0x00007ff350023c90 Exception <a 'java/lang/NoSuchMethodError'{0x0000000717014208}: 'int java.lang.invoke.DirectMethodHandle$Holder.invokeSpecial(java.lang.Object, java.lang.Object, java.lang.Object)'> (0x0000000717014208) 
thrown [./src/hotspot/share/interpreter/linkResolver.cpp, line 790]
Event: 0,254 Thread 0x00007ff350023c90 Exception <a 'sun/nio/fs/UnixException'{0x00000007170caec8}> (0x00000007170caec8) 
thrown [./src/hotspot/share/prims/jni.cpp, line 579]
Event: 0,289 Thread 0x00007ff350023c90 Exception <a 'java/lang/NoSuchMethodError'{0x0000000717162f18}: 'int java.lang.invoke.DirectMethodHandle$Holder.invokeStaticInit(java.lang.Object, java.lang.Object, int, long)'> (0x0000000717162f18) 
thrown [./src/hotspot/share/interpreter/linkResolver.cpp, line 790]
Event: 0,290 Thread 0x00007ff350023c90 Exception <a 'java/lang/NoSuchMethodError'{0x00000007171689e8}: 'java.lang.Object java.lang.invoke.DirectMethodHandle$Holder.newInvokeSpecial(java.lang.Object, java.lang.Object, int)'> (0x00000007171689e8) 
thrown [./src/hotspot/share/interpreter/linkResolver.cpp, line 790]
Event: 0,293 Thread 0x00007ff350023c90 Exception <a 'java/lang/NoSuchMethodError'{0x000000071717afb8}: 'int java.lang.invoke.DirectMethodHandle$Holder.invokeStaticInit(java.lang.Object, java.lang.Object, long, long)'> (0x000000071717afb8) 
thrown [./src/hotspot/share/interpreter/linkResolver.cpp, line 790]
Event: 0,294 Thread 0x00007ff350023c90 Exception <a 'java/lang/NoSuchMethodError'{0x0000000717181360}: 'java.lang.Object java.lang.invoke.DirectMethodHandle$Holder.newInvokeSpecial(java.lang.Object, java.lang.Object, long)'> (0x0000000717181360) 
thrown [./src/hotspot/share/interpreter/linkResolver.cpp, line 790]
Event: 0,295 Thread 0x00007ff350023c90 Exception <a 'java/lang/NoSuchMethodError'{0x00000007171854b8}: 'java.lang.Object java.lang.invoke.Invokers$Holder.linkToTargetMethod(java.lang.Object, long, java.lang.Object)'> (0x00000007171854b8) 
thrown [./src/hotspot/share/interpreter/linkResolver.cpp, line 790]
Event: 0,296 Thread 0x00007ff350023c90 Exception <a 'java/lang/NoSuchMethodError'{0x000000071718cf60}: 'int java.lang.invoke.DirectMethodHandle$Holder.invokeStaticInit(java.lang.Object, java.lang.Object, java.lang.Object, long)'> (0x000000071718cf60) 
thrown [./src/hotspot/share/interpreter/linkResolver.cpp, line 790]
Event: 0,330 Thread 0x00007ff350023c90 Exception <a 'sun/nio/fs/UnixException'{0x0000000716e81c28}> (0x0000000716e81c28) 
thrown [./src/hotspot/share/prims/jni.cpp, line 579]

Events (20 events):
Event: 0,281 loading class jdk/internal/reflect/UnsafeFieldAccessorFactory
Event: 0,281 loading class jdk/internal/reflect/UnsafeFieldAccessorFactory done
Event: 0,282 loading class jdk/internal/reflect/UnsafeQualifiedStaticObjectFieldAccessorImpl
Event: 0,282 loading class jdk/internal/reflect/UnsafeQualifiedStaticFieldAccessorImpl
Event: 0,282 loading class jdk/internal/reflect/UnsafeQualifiedStaticFieldAccessorImpl done
Event: 0,282 loading class jdk/internal/reflect/UnsafeQualifiedStaticObjectFieldAccessorImpl done
Event: 0,287 loading class java/util/function/LongPredicate
Event: 0,287 loading class java/util/function/LongPredicate done
Event: 0,291 loading class jdk/internal/access/foreign/MemorySegmentProxy
Event: 0,291 loading class jdk/internal/access/foreign/MemorySegmentProxy done
Event: 0,298 loading class java/nio/InvalidMarkException
Event: 0,298 loading class java/nio/InvalidMarkException done
Event: 0,298 loading class java/nio/BufferUnderflowException
Event: 0,298 loading class java/nio/BufferUnderflowException done
Event: 0,331 loading class java/lang/NoSuchFieldError
Event: 0,331 loading class java/lang/NoSuchFieldError done
Event: 0,334 loading class jdk/internal/reflect/UnsafeQualifiedStaticIntegerFieldAccessorImpl
Event: 0,335 loading class jdk/internal/reflect/UnsafeQualifiedStaticIntegerFieldAccessorImpl done
Event: 0,341 loading class jdk/internal/misc/ScopedMemoryAccess$Scope
Event: 0,341 loading class jdk/internal/misc/ScopedMemoryAccess$Scope done


Dynamic libraries:
707c00000-717600000 rw-p 00000000 00:00 0 
717600000-7ffc00000 ---p 00000000 00:00 0 
7ffc00000-7ffd00000 rw-p 00000000 00:00 0 
7ffd00000-7ffd76000 rw-p 00cb8000 00:21 724464                           /home/snoweuph/.jdks/corretto-16.0.2/lib/server/classes.jsa
7ffd76000-7ffe00000 rw-p 00000000 00:00 0 
7ffe00000-7ffe88000 rw-p 00c30000 00:21 724464                           /home/snoweuph/.jdks/corretto-16.0.2/lib/server/classes.jsa
7ffe88000-800000000 rw-p 00000000 00:00 0 
800000000-800003000 rwxp 00001000 00:21 724464                           /home/snoweuph/.jdks/corretto-16.0.2/lib/server/classes.jsa
800003000-80043c000 rw-p 00004000 00:21 724464                           /home/snoweuph/.jdks/corretto-16.0.2/lib/server/classes.jsa
80043c000-800bf7000 r--p 0043d000 00:21 724464                           /home/snoweuph/.jdks/corretto-16.0.2/lib/server/classes.jsa
800bf7000-800c00000 ---p 00000000 00:00 0 
800c00000-800c20000 rw-p 00000000 00:00 0 
800c20000-800c40000 ---p 00000000 00:00 0 
800c40000-800c60000 rw-p 00000000 00:00 0 
800c60000-840c00000 ---p 00000000 00:00 0 
55fe59a00000-55fe59a01000 r-xp 00000000 00:21 724575                     /home/snoweuph/.jdks/corretto-16.0.2/bin/java
55fe59c01000-55fe59c02000 r--p 00001000 00:21 724575                     /home/snoweuph/.jdks/corretto-16.0.2/bin/java
55fe59c02000-55fe59c03000 rw-p 00002000 00:21 724575                     /home/snoweuph/.jdks/corretto-16.0.2/bin/java
55fe5ac11000-55fe5ac32000 rw-p 00000000 00:00 0                          [heap]
7ff29c000000-7ff29c021000 rw-p 00000000 00:00 0 
7ff29c021000-7ff2a0000000 ---p 00000000 00:00 0 
7ff2a4000000-7ff2a4021000 rw-p 00000000 00:00 0 
7ff2a4021000-7ff2a8000000 ---p 00000000 00:00 0 
7ff2a8000000-7ff2a8021000 rw-p 00000000 00:00 0 
7ff2a8021000-7ff2ac000000 ---p 00000000 00:00 0 
7ff2ac000000-7ff2ac021000 rw-p 00000000 00:00 0 
7ff2ac021000-7ff2b0000000 ---p 00000000 00:00 0 
7ff2b37ff000-7ff2b3800000 ---p 00000000 00:00 0 
7ff2b3800000-7ff2b4000000 rw-p 00000000 00:00 0 
7ff2b4000000-7ff2b4021000 rw-p 00000000 00:00 0 
7ff2b4021000-7ff2b8000000 ---p 00000000 00:00 0 
7ff2b9ffc000-7ff2b9ffd000 ---p 00000000 00:00 0 
7ff2b9ffd000-7ff2ba7fd000 rw-p 00000000 00:00 0 
7ff2ba7fd000-7ff2ba7fe000 ---p 00000000 00:00 0 
7ff2ba7fe000-7ff2baffe000 rw-p 00000000 00:00 0 
7ff2baffe000-7ff2bafff000 ---p 00000000 00:00 0 
7ff2bafff000-7ff2bb7ff000 rw-p 00000000 00:00 0 
7ff2bb7ff000-7ff2bb800000 ---p 00000000 00:00 0 
7ff2bb800000-7ff2bc000000 rw-p 00000000 00:00 0 
7ff2bc000000-7ff2bc021000 rw-p 00000000 00:00 0 
7ff2bc021000-7ff2c0000000 ---p 00000000 00:00 0 
7ff2c0000000-7ff2c0021000 rw-p 00000000 00:00 0 
7ff2c0021000-7ff2c4000000 ---p 00000000 00:00 0 
7ff2c4000000-7ff2c4021000 rw-p 00000000 00:00 0 
7ff2c4021000-7ff2c8000000 ---p 00000000 00:00 0 
7ff2c8000000-7ff2c8021000 rw-p 00000000 00:00 0 
7ff2c8021000-7ff2cc000000 ---p 00000000 00:00 0 
7ff2cc000000-7ff2cc021000 rw-p 00000000 00:00 0 
7ff2cc021000-7ff2d0000000 ---p 00000000 00:00 0 
7ff2d0000000-7ff2d0021000 rw-p 00000000 00:00 0 
7ff2d0021000-7ff2d4000000 ---p 00000000 00:00 0 
7ff2d4000000-7ff2d4021000 rw-p 00000000 00:00 0 
7ff2d4021000-7ff2d8000000 ---p 00000000 00:00 0 
7ff2d83f9000-7ff2d85f9000 rw-s 1560d9000 00:05 548                       /dev/dri/renderD128
7ff2d85f9000-7ff2d87f9000 rw-s 1685d5000 00:05 548                       /dev/dri/renderD128
7ff2d87f9000-7ff2d87fa000 ---p 00000000 00:00 0 
7ff2d87fa000-7ff2d8ffa000 rw-p 00000000 00:00 0 
7ff2d8ffa000-7ff2d8ffb000 ---p 00000000 00:00 0 
7ff2d8ffb000-7ff2d97fb000 rw-p 00000000 00:00 0 
7ff2d97fb000-7ff2d97fc000 ---p 00000000 00:00 0 
7ff2d97fc000-7ff2d9ffc000 rw-p 00000000 00:00 0 
7ff2d9ffc000-7ff2d9ffd000 ---p 00000000 00:00 0 
7ff2d9ffd000-7ff2da7fd000 rw-p 00000000 00:00 0 
7ff2da7fd000-7ff2da7fe000 ---p 00000000 00:00 0 
7ff2da7fe000-7ff2daffe000 rw-p 00000000 00:00 0 
7ff2daffe000-7ff2dafff000 ---p 00000000 00:00 0 
7ff2dafff000-7ff2db7ff000 rw-p 00000000 00:00 0 
7ff2db7ff000-7ff2db800000 ---p 00000000 00:00 0 
7ff2db800000-7ff2dc000000 rw-p 00000000 00:00 0 
7ff2dc000000-7ff2dc021000 rw-p 00000000 00:00 0 
7ff2dc021000-7ff2e0000000 ---p 00000000 00:00 0 
7ff2e0000000-7ff2e0021000 rw-p 00000000 00:00 0 
7ff2e0021000-7ff2e4000000 ---p 00000000 00:00 0 
7ff2e41f5000-7ff2e4919000 r--p 00000000 00:21 283095                     /usr/lib/x86_64-linux-gnu/GL/default/lib/libLLVM-12.so
7ff2e4919000-7ff2e6ce0000 r-xp 00724000 00:21 283095                     /usr/lib/x86_64-linux-gnu/GL/default/lib/libLLVM-12.so
7ff2e6ce0000-7ff2e7cf9000 r--p 02aeb000 00:21 283095                     /usr/lib/x86_64-linux-gnu/GL/default/lib/libLLVM-12.so
7ff2e7cf9000-7ff2e7f97000 r--p 03b03000 00:21 283095                     /usr/lib/x86_64-linux-gnu/GL/default/lib/libLLVM-12.so
7ff2e7f97000-7ff2e7f9f000 rw-p 03da1000 00:21 283095                     /usr/lib/x86_64-linux-gnu/GL/default/lib/libLLVM-12.so
7ff2e7f9f000-7ff2e8000000 rw-p 00000000 00:00 0 
7ff2e8000000-7ff2e8021000 rw-p 00000000 00:00 0 
7ff2e8021000-7ff2ec000000 ---p 00000000 00:00 0 
7ff2ec000000-7ff2ec021000 rw-p 00000000 00:00 0 
7ff2ec021000-7ff2f0000000 ---p 00000000 00:00 0 
7ff2f0000000-7ff2f0168000 rw-p 00000000 00:00 0 
7ff2f0168000-7ff2f4000000 ---p 00000000 00:00 0 
7ff2f4000000-7ff2f4021000 rw-p 00000000 00:00 0 
7ff2f4021000-7ff2f8000000 ---p 00000000 00:00 0 
7ff2f8000000-7ff2f8104000 rw-p 00000000 00:00 0 
7ff2f8104000-7ff2fc000000 ---p 00000000 00:00 0 
7ff2fc161000-7ff2fc1da000 rw-p 00000000 00:00 0 
7ff2fc1da000-7ff2fc31b000 rw-s 00000000 00:21 723772                     /home/snoweuph/.var/app/com.jetbrains.IntelliJ-IDEA-Community/cache/mesa_shader_cache/index
7ff2fc31b000-7ff2fc31c000 ---p 00000000 00:00 0 
7ff2fc31c000-7ff2fcb1c000 rw-p 00000000 00:00 0 
7ff2fcb1c000-7ff2fcb2b000 r--p 00000000 00:21 295902                     /usr/lib/x86_64-linux-gnu/libtinfo.so.6.2
7ff2fcb2b000-7ff2fcb44000 r-xp 0000f000 00:21 295902                     /usr/lib/x86_64-linux-gnu/libtinfo.so.6.2
7ff2fcb44000-7ff2fcb53000 r--p 00028000 00:21 295902                     /usr/lib/x86_64-linux-gnu/libtinfo.so.6.2
7ff2fcb53000-7ff2fcb54000 ---p 00037000 00:21 295902                     /usr/lib/x86_64-linux-gnu/libtinfo.so.6.2
7ff2fcb54000-7ff2fcb58000 r--p 00037000 00:21 295902                     /usr/lib/x86_64-linux-gnu/libtinfo.so.6.2
7ff2fcb58000-7ff2fcb59000 rw-p 0003b000 00:21 295902                     /usr/lib/x86_64-linux-gnu/libtinfo.so.6.2
7ff2fcb59000-7ff2fcb5b000 r--p 00000000 00:21 289226                     /usr/lib/x86_64-linux-gnu/libffi.so.7.1.0
7ff2fcb5b000-7ff2fcb61000 r-xp 00002000 00:21 289226                     /usr/lib/x86_64-linux-gnu/libffi.so.7.1.0
7ff2fcb61000-7ff2fcb62000 r--p 00008000 00:21 289226                     /usr/lib/x86_64-linux-gnu/libffi.so.7.1.0
7ff2fcb62000-7ff2fcb63000 ---p 00009000 00:21 289226                     /usr/lib/x86_64-linux-gnu/libffi.so.7.1.0
7ff2fcb63000-7ff2fcb64000 r--p 00009000 00:21 289226                     /usr/lib/x86_64-linux-gnu/libffi.so.7.1.0
7ff2fcb64000-7ff2fcb65000 rw-p 0000a000 00:21 289226                     /usr/lib/x86_64-linux-gnu/libffi.so.7.1.0
7ff2fcb65000-7ff2fcb7b000 r--p 00000000 00:21 287179                     /usr/lib/x86_64-linux-gnu/libvulkan.so.1.2.198
7ff2fcb7b000-7ff2fcbad000 r-xp 00016000 00:21 287179                     /usr/lib/x86_64-linux-gnu/libvulkan.so.1.2.198
7ff2fcbad000-7ff2fcbc2000 r--p 00048000 00:21 287179                     /usr/lib/x86_64-linux-gnu/libvulkan.so.1.2.198
7ff2fcbc2000-7ff2fcbc5000 r--p 0005c000 00:21 287179                     /usr/lib/x86_64-linux-gnu/libvulkan.so.1.2.198
7ff2fcbc5000-7ff2fcbc6000 rw-p 0005f000 00:21 287179                     /usr/lib/x86_64-linux-gnu/libvulkan.so.1.2.198
7ff2fcbc6000-7ff2fcbc9000 r--p 00000000 00:21 282911                     /usr/lib/x86_64-linux-gnu/GL/default/lib/libdrm_amdgpu.so.1.0.0
7ff2fcbc9000-7ff2fcbcf000 r-xp 00003000 00:21 282911                     /usr/lib/x86_64-linux-gnu/GL/default/lib/libdrm_amdgpu.so.1.0.0
7ff2fcbcf000-7ff2fcbd1000 r--p 00009000 00:21 282911                     /usr/lib/x86_64-linux-gnu/GL/default/lib/libdrm_amdgpu.so.1.0.0
7ff2fcbd1000-7ff2fcbd2000 r--p 0000a000 00:21 282911                     /usr/lib/x86_64-linux-gnu/GL/default/lib/libdrm_amdgpu.so.1.0.0
7ff2fcbd2000-7ff2fcbd3000 rw-p 0000b000 00:21 282911                     /usr/lib/x86_64-linux-gnu/GL/default/lib/libdrm_amdgpu.so.1.0.0
7ff2fcbd3000-7ff2fcbd7000 r--p 00000000 00:21 290105                     /usr/lib/x86_64-linux-gnu/libelf-0.185.so
7ff2fcbd7000-7ff2fcbe8000 r-xp 00004000 00:21 290105                     /usr/lib/x86_64-linux-gnu/libelf-0.185.so
7ff2fcbe8000-7ff2fcbec000 r--p 00015000 00:21 290105                     /usr/lib/x86_64-linux-gnu/libelf-0.185.so
7ff2fcbec000-7ff2fcbed000 ---p 00019000 00:21 290105                     /usr/lib/x86_64-linux-gnu/libelf-0.185.so
7ff2fcbed000-7ff2fcbee000 r--p 00019000 00:21 290105                     /usr/lib/x86_64-linux-gnu/libelf-0.185.so
7ff2fcbee000-7ff2fcbef000 rw-p 0001a000 00:21 290105                     /usr/lib/x86_64-linux-gnu/libelf-0.185.so
7ff2fcbef000-7ff2fcbf1000 r--p 00000000 00:21 282903                     /usr/lib/x86_64-linux-gnu/GL/default/lib/libdrm_radeon.so.1.0.1
7ff2fcbf1000-7ff2fcbf8000 r-xp 00002000 00:21 282903                     /usr/lib/x86_64-linux-gnu/GL/default/lib/libdrm_radeon.so.1.0.1
7ff2fcbf8000-7ff2fcbfc000 r--p 00009000 00:21 282903                     /usr/lib/x86_64-linux-gnu/GL/default/lib/libdrm_radeon.so.1.0.1
7ff2fcbfc000-7ff2fcbfd000 r--p 0000c000 00:21 282903                     /usr/lib/x86_64-linux-gnu/GL/default/lib/libdrm_radeon.so.1.0.1
7ff2fcbfd000-7ff2fcbfe000 rw-p 0000d000 00:21 282903                     /usr/lib/x86_64-linux-gnu/GL/default/lib/libdrm_radeon.so.1.0.1
7ff2fcbfe000-7ff2fcc00000 r--p 00000000 00:21 282958                     /usr/lib/x86_64-linux-gnu/GL/default/lib/libdrm_nouveau.so.2.0.0
7ff2fcc00000-7ff2fcc05000 r-xp 00002000 00:21 282958                     /usr/lib/x86_64-linux-gnu/GL/default/lib/libdrm_nouveau.so.2.0.0
7ff2fcc05000-7ff2fcc06000 r--p 00007000 00:21 282958                     /usr/lib/x86_64-linux-gnu/GL/default/lib/libdrm_nouveau.so.2.0.0
7ff2fcc06000-7ff2fcc07000 ---p 00008000 00:21 282958                     /usr/lib/x86_64-linux-gnu/GL/default/lib/libdrm_nouveau.so.2.0.0
7ff2fcc07000-7ff2fcc08000 r--p 00008000 00:21 282958                     /usr/lib/x86_64-linux-gnu/GL/default/lib/libdrm_nouveau.so.2.0.0
7ff2fcc08000-7ff2fcc09000 rw-p 00009000 00:21 282958                     /usr/lib/x86_64-linux-gnu/GL/default/lib/libdrm_nouveau.so.2.0.0
7ff2fcc09000-7ff2fcc0e000 r--p 00000000 00:21 299153                     /usr/lib/x86_64-linux-gnu/libzstd.so.1.5.0
7ff2fcc0e000-7ff2fcd0b000 r-xp 00005000 00:21 299153                     /usr/lib/x86_64-linux-gnu/libzstd.so.1.5.0
7ff2fcd0b000-7ff2fcd1b000 r--p 00102000 00:21 299153                     /usr/lib/x86_64-linux-gnu/libzstd.so.1.5.0
7ff2fcd1b000-7ff2fcd1c000 r--p 00111000 00:21 299153                     /usr/lib/x86_64-linux-gnu/libzstd.so.1.5.0
7ff2fcd1c000-7ff2fcd1d000 rw-p 00112000 00:21 299153                     /usr/lib/x86_64-linux-gnu/libzstd.so.1.5.0
7ff2fcd1d000-7ff2fcd20000 r--p 00000000 00:21 287603                     /usr/lib/x86_64-linux-gnu/libz.so.1.2.11
7ff2fcd20000-7ff2fcd2e000 r-xp 00003000 00:21 287603                     /usr/lib/x86_64-linux-gnu/libz.so.1.2.11
7ff2fcd2e000-7ff2fcd34000 r--p 00011000 00:21 287603                     /usr/lib/x86_64-linux-gnu/libz.so.1.2.11
7ff2fcd34000-7ff2fcd35000 r--p 00016000 00:21 287603                     /usr/lib/x86_64-linux-gnu/libz.so.1.2.11
7ff2fcd35000-7ff2fcd36000 rw-p 00017000 00:21 287603                     /usr/lib/x86_64-linux-gnu/libz.so.1.2.11
7ff2fcd36000-7ff2fcedc000 r--p 00000000 00:21 283019                     /usr/lib/x86_64-linux-gnu/GL/default/lib/dri/libgallium_dri.so
7ff2fcedc000-7ff2fdf8c000 r-xp 001a6000 00:21 283019                     /usr/lib/x86_64-linux-gnu/GL/default/lib/dri/libgallium_dri.so
7ff2fdf8c000-7ff2fe3dd000 r--p 01256000 00:21 283019                     /usr/lib/x86_64-linux-gnu/GL/default/lib/dri/libgallium_dri.so
7ff2fe3dd000-7ff2fe50d000 r--p 016a6000 00:21 283019                     /usr/lib/x86_64-linux-gnu/GL/default/lib/dri/libgallium_dri.so
7ff2fe50d000-7ff2fe663000 rw-p 017d6000 00:21 283019                     /usr/lib/x86_64-linux-gnu/GL/default/lib/dri/libgallium_dri.so
7ff2fe663000-7ff2fe88e000 rw-p 00000000 00:00 0 
7ff2fe88e000-7ff2fe8b3000 r--p 00000000 00:21 283831                     /usr/share/runtime/locale/de/share/de/LC_MESSAGES/libc.mo
7ff2fe8b3000-7ff2fe8b6000 r--p 00000000 00:21 293049                     /usr/lib/x86_64-linux-gnu/libgcc_s.so.1
7ff2fe8b6000-7ff2fe8c8000 r-xp 00003000 00:21 293049                     /usr/lib/x86_64-linux-gnu/libgcc_s.so.1
7ff2fe8c8000-7ff2fe8cb000 r--p 00015000 00:21 293049                     /usr/lib/x86_64-linux-gnu/libgcc_s.so.1
7ff2fe8cb000-7ff2fe8cc000 r--p 00017000 00:21 293049                     /usr/lib/x86_64-linux-gnu/libgcc_s.so.1
7ff2fe8cc000-7ff2fe8cd000 rw-p 00018000 00:21 293049                     /usr/lib/x86_64-linux-gnu/libgcc_s.so.1
7ff2fe8cd000-7ff2fe96e000 r--p 00000000 00:21 297042                     /usr/lib/x86_64-linux-gnu/libstdc++.so.6.0.29
7ff2fe96e000-7ff2fea80000 r-xp 000a1000 00:21 297042                     /usr/lib/x86_64-linux-gnu/libstdc++.so.6.0.29
7ff2fea80000-7ff2feaeb000 r--p 001b3000 00:21 297042                     /usr/lib/x86_64-linux-gnu/libstdc++.so.6.0.29
7ff2feaeb000-7ff2feaec000 ---p 0021e000 00:21 297042                     /usr/lib/x86_64-linux-gnu/libstdc++.so.6.0.29
7ff2feaec000-7ff2feaf7000 r--p 0021e000 00:21 297042                     /usr/lib/x86_64-linux-gnu/libstdc++.so.6.0.29
7ff2feaf7000-7ff2feafa000 rw-p 00229000 00:21 297042                     /usr/lib/x86_64-linux-gnu/libstdc++.so.6.0.29
7ff2feafa000-7ff2feafd000 rw-p 00000000 00:00 0 
7ff2feafd000-7ff2feb00000 r--p 00000000 00:21 285859                     /usr/lib/x86_64-linux-gnu/libxcb-xfixes.so.0.0.0
7ff2feb00000-7ff2feb03000 r-xp 00003000 00:21 285859                     /usr/lib/x86_64-linux-gnu/libxcb-xfixes.so.0.0.0
7ff2feb03000-7ff2feb05000 r--p 00006000 00:21 285859                     /usr/lib/x86_64-linux-gnu/libxcb-xfixes.so.0.0.0
7ff2feb05000-7ff2feb06000 r--p 00007000 00:21 285859                     /usr/lib/x86_64-linux-gnu/libxcb-xfixes.so.0.0.0
7ff2feb06000-7ff2feb07000 rw-p 00008000 00:21 285859                     /usr/lib/x86_64-linux-gnu/libxcb-xfixes.so.0.0.0
7ff2feb07000-7ff2feb08000 r--p 00000000 00:21 291660                     /usr/lib/x86_64-linux-gnu/libxshmfence.so.1.0.0
7ff2feb08000-7ff2feb09000 r-xp 00001000 00:21 291660                     /usr/lib/x86_64-linux-gnu/libxshmfence.so.1.0.0
7ff2feb09000-7ff2feb0a000 r--p 00002000 00:21 291660                     /usr/lib/x86_64-linux-gnu/libxshmfence.so.1.0.0
7ff2feb0a000-7ff2feb0b000 r--p 00002000 00:21 291660                     /usr/lib/x86_64-linux-gnu/libxshmfence.so.1.0.0
7ff2feb0b000-7ff2feb0c000 rw-p 00003000 00:21 291660                     /usr/lib/x86_64-linux-gnu/libxshmfence.so.1.0.0
7ff2feb0c000-7ff2feb0f000 r--p 00000000 00:21 290613                     /usr/lib/x86_64-linux-gnu/libxcb-sync.so.1.0.0
7ff2feb0f000-7ff2feb12000 r-xp 00003000 00:21 290613                     /usr/lib/x86_64-linux-gnu/libxcb-sync.so.1.0.0
7ff2feb12000-7ff2feb13000 r--p 00006000 00:21 290613                     /usr/lib/x86_64-linux-gnu/libxcb-sync.so.1.0.0
7ff2feb13000-7ff2feb14000 ---p 00007000 00:21 290613                     /usr/lib/x86_64-linux-gnu/libxcb-sync.so.1.0.0
7ff2feb14000-7ff2feb15000 r--p 00007000 00:21 290613                     /usr/lib/x86_64-linux-gnu/libxcb-sync.so.1.0.0
7ff2feb15000-7ff2feb16000 rw-p 00008000 00:21 290613                     /usr/lib/x86_64-linux-gnu/libxcb-sync.so.1.0.0
7ff2feb16000-7ff2feb17000 r--p 00000000 00:21 286385                     /usr/lib/x86_64-linux-gnu/libxcb-present.so.0.0.0
7ff2feb17000-7ff2feb18000 r-xp 00001000 00:21 286385                     /usr/lib/x86_64-linux-gnu/libxcb-present.so.0.0.0
7ff2feb18000-7ff2feb19000 r--p 00002000 00:21 286385                     /usr/lib/x86_64-linux-gnu/libxcb-present.so.0.0.0
7ff2feb19000-7ff2feb1a000 r--p 00002000 00:21 286385                     /usr/lib/x86_64-linux-gnu/libxcb-present.so.0.0.0
7ff2feb1a000-7ff2feb1b000 rw-p 00003000 00:21 286385                     /usr/lib/x86_64-linux-gnu/libxcb-present.so.0.0.0
7ff2feb1b000-7ff2feb1d000 r--p 00000000 00:21 290923                     /usr/lib/x86_64-linux-gnu/libxcb-dri3.so.0.0.0
7ff2feb1d000-7ff2feb1f000 r-xp 00002000 00:21 290923                     /usr/lib/x86_64-linux-gnu/libxcb-dri3.so.0.0.0
7ff2feb1f000-7ff2feb20000 r--p 00004000 00:21 290923                     /usr/lib/x86_64-linux-gnu/libxcb-dri3.so.0.0.0
7ff2feb20000-7ff2feb21000 r--p 00004000 00:21 290923                     /usr/lib/x86_64-linux-gnu/libxcb-dri3.so.0.0.0
7ff2feb21000-7ff2feb22000 rw-p 00005000 00:21 290923                     /usr/lib/x86_64-linux-gnu/libxcb-dri3.so.0.0.0
7ff2feb22000-7ff2feb26000 r--p 00000000 00:21 286773                     /usr/lib/x86_64-linux-gnu/libexpat.so.1.8.6
7ff2feb26000-7ff2feb45000 r-xp 00004000 00:21 286773                     /usr/lib/x86_64-linux-gnu/libexpat.so.1.8.6
7ff2feb45000-7ff2feb4f000 r--p 00023000 00:21 286773                     /usr/lib/x86_64-linux-gnu/libexpat.so.1.8.6
7ff2feb4f000-7ff2feb50000 ---p 0002d000 00:21 286773                     /usr/lib/x86_64-linux-gnu/libexpat.so.1.8.6
7ff2feb50000-7ff2feb52000 r--p 0002d000 00:21 286773                     /usr/lib/x86_64-linux-gnu/libexpat.so.1.8.6
7ff2feb52000-7ff2feb53000 rw-p 0002f000 00:21 286773                     /usr/lib/x86_64-linux-gnu/libexpat.so.1.8.6
7ff2feb53000-7ff2feb55000 r--p 00000000 00:21 292005                     /usr/lib/x86_64-linux-gnu/libxcb-dri2.so.0.0.0
7ff2feb55000-7ff2feb57000 r-xp 00002000 00:21 292005                     /usr/lib/x86_64-linux-gnu/libxcb-dri2.so.0.0.0
7ff2feb57000-7ff2feb58000 r--p 00004000 00:21 292005                     /usr/lib/x86_64-linux-gnu/libxcb-dri2.so.0.0.0
7ff2feb58000-7ff2feb59000 r--p 00004000 00:21 292005                     /usr/lib/x86_64-linux-gnu/libxcb-dri2.so.0.0.0
7ff2feb59000-7ff2feb5a000 rw-p 00005000 00:21 292005                     /usr/lib/x86_64-linux-gnu/libxcb-dri2.so.0.0.0
7ff2feb5a000-7ff2feb66000 r--p 00000000 00:21 289839                     /usr/lib/x86_64-linux-gnu/libxcb-glx.so.0.0.0
7ff2feb66000-7ff2feb6f000 r-xp 0000c000 00:21 289839                     /usr/lib/x86_64-linux-gnu/libxcb-glx.so.0.0.0
7ff2feb6f000-7ff2feb74000 r--p 00015000 00:21 289839                     /usr/lib/x86_64-linux-gnu/libxcb-glx.so.0.0.0
7ff2feb74000-7ff2feb75000 ---p 0001a000 00:21 289839                     /usr/lib/x86_64-linux-gnu/libxcb-glx.so.0.0.0
7ff2feb75000-7ff2feb77000 r--p 0001a000 00:21 289839                     /usr/lib/x86_64-linux-gnu/libxcb-glx.so.0.0.0
7ff2feb77000-7ff2feb78000 rw-p 0001c000 00:21 289839                     /usr/lib/x86_64-linux-gnu/libxcb-glx.so.0.0.0
7ff2feb78000-7ff2feb7d000 r--p 00000000 00:21 286717                     /usr/lib/x86_64-linux-gnu/libdrm.so.2.4.0
7ff2feb7d000-7ff2feb88000 r-xp 00005000 00:21 286717                     /usr/lib/x86_64-linux-gnu/libdrm.so.2.4.0
7ff2feb88000-7ff2feb8c000 r--p 00010000 00:21 286717                     /usr/lib/x86_64-linux-gnu/libdrm.so.2.4.0
7ff2feb8c000-7ff2feb8d000 r--p 00013000 00:21 286717                     /usr/lib/x86_64-linux-gnu/libdrm.so.2.4.0
7ff2feb8d000-7ff2feb8e000 rw-p 00014000 00:21 286717                     /usr/lib/x86_64-linux-gnu/libdrm.so.2.4.0
7ff2feb8e000-7ff2feb9b000 r--p 00000000 00:21 282897                     /usr/lib/x86_64-linux-gnu/GL/default/lib/libglapi.so.0.0.0
7ff2feb9b000-7ff2feba9000 r-xp 0000d000 00:21 282897                     /usr/lib/x86_64-linux-gnu/GL/default/lib/libglapi.so.0.0.0
7ff2feba9000-7ff2febc2000 r--p 0001b000 00:21 282897                     /usr/lib/x86_64-linux-gnu/GL/default/lib/libglapi.so.0.0.0
7ff2febc2000-7ff2febc3000 ---p 00034000 00:21 282897                     /usr/lib/x86_64-linux-gnu/GL/default/lib/libglapi.so.0.0.0
7ff2febc3000-7ff2febc7000 r--p 00034000 00:21 282897                     /usr/lib/x86_64-linux-gnu/GL/default/lib/libglapi.so.0.0.0
7ff2febc7000-7ff2febc8000 rw-p 00038000 00:21 282897                     /usr/lib/x86_64-linux-gnu/GL/default/lib/libglapi.so.0.0.0
7ff2febc8000-7ff2febc9000 rw-p 00000000 00:00 0 
7ff2febc9000-7ff2febe5000 r--p 00000000 00:21 282913                     /usr/lib/x86_64-linux-gnu/GL/default/lib/libGLX_mesa.so.0.0.0
7ff2febe5000-7ff2fec25000 r-xp 0001c000 00:21 282913                     /usr/lib/x86_64-linux-gnu/GL/default/lib/libGLX_mesa.so.0.0.0
7ff2fec25000-7ff2fec37000 r--p 0005c000 00:21 282913                     /usr/lib/x86_64-linux-gnu/GL/default/lib/libGLX_mesa.so.0.0.0
7ff2fec37000-7ff2fec38000 ---p 0006e000 00:21 282913                     /usr/lib/x86_64-linux-gnu/GL/default/lib/libGLX_mesa.so.0.0.0
7ff2fec38000-7ff2fec3b000 r--p 0006e000 00:21 282913                     /usr/lib/x86_64-linux-gnu/GL/default/lib/libGLX_mesa.so.0.0.0
7ff2fec3b000-7ff2fec3c000 rw-p 00071000 00:21 282913                     /usr/lib/x86_64-linux-gnu/GL/default/lib/libGLX_mesa.so.0.0.0
7ff2fec3c000-7ff2fec7d000 r--p 00000000 00:21 295921                     /usr/lib/x86_64-linux-gnu/libGLdispatch.so.0.0.0
7ff2fec7d000-7ff2fecbc000 r-xp 00041000 00:21 295921                     /usr/lib/x86_64-linux-gnu/libGLdispatch.so.0.0.0
7ff2fecbc000-7ff2feccf000 r--p 00080000 00:21 295921                     /usr/lib/x86_64-linux-gnu/libGLdispatch.so.0.0.0
7ff2feccf000-7ff2fecd0000 ---p 00093000 00:21 295921                     /usr/lib/x86_64-linux-gnu/libGLdispatch.so.0.0.0
7ff2fecd0000-7ff2fecec000 r--p 00093000 00:21 295921                     /usr/lib/x86_64-linux-gnu/libGLdispatch.so.0.0.0
7ff2fecec000-7ff2feced000 rw-p 000af000 00:21 295921                     /usr/lib/x86_64-linux-gnu/libGLdispatch.so.0.0.0
7ff2feced000-7ff2fecf5000 rw-p 00000000 00:00 0 
7ff2fecf5000-7ff2fed3e000 r--p 00000000 00:21 288686                     /usr/lib/x86_64-linux-gnu/libGL.so.1.7.0
7ff2fed3e000-7ff2fed5e000 r-xp 00049000 00:21 288686                     /usr/lib/x86_64-linux-gnu/libGL.so.1.7.0
7ff2fed5e000-7ff2fed72000 r--p 00069000 00:21 288686                     /usr/lib/x86_64-linux-gnu/libGL.so.1.7.0
7ff2fed72000-7ff2fed73000 ---p 0007d000 00:21 288686                     /usr/lib/x86_64-linux-gnu/libGL.so.1.7.0
7ff2fed73000-7ff2fed81000 r--p 0007d000 00:21 288686                     /usr/lib/x86_64-linux-gnu/libGL.so.1.7.0
7ff2fed81000-7ff2fed82000 rw-p 0008b000 00:21 288686                     /usr/lib/x86_64-linux-gnu/libGL.so.1.7.0
7ff2fed82000-7ff2fed83000 rw-p 00000000 00:00 0 
7ff2fed83000-7ff2feda1000 r--p 00000000 00:21 298752                     /usr/lib/x86_64-linux-gnu/libX11.so.6.4.0
7ff2feda1000-7ff2fee35000 r-xp 0001e000 00:21 298752                     /usr/lib/x86_64-linux-gnu/libX11.so.6.4.0
7ff2fee35000-7ff2feec3000 r--p 000b2000 00:21 298752                     /usr/lib/x86_64-linux-gnu/libX11.so.6.4.0
7ff2feec3000-7ff2feec4000 ---p 00140000 00:21 298752                     /usr/lib/x86_64-linux-gnu/libX11.so.6.4.0
7ff2feec4000-7ff2feec7000 r--p 00140000 00:21 298752                     /usr/lib/x86_64-linux-gnu/libX11.so.6.4.0
7ff2feec7000-7ff2feecb000 rw-p 00143000 00:21 298752                     /usr/lib/x86_64-linux-gnu/libX11.so.6.4.0
7ff2feecb000-7ff2fef22000 r-xp 00000000 00:39 389                        /tmp/lwjglsnoweuph/3.3.1-build-7/libglfw.so
7ff2fef22000-7ff2ff121000 ---p 00057000 00:39 389                        /tmp/lwjglsnoweuph/3.3.1-build-7/libglfw.so
7ff2ff121000-7ff2ff124000 r--p 00056000 00:39 389                        /tmp/lwjglsnoweuph/3.3.1-build-7/libglfw.so
7ff2ff124000-7ff2ff126000 rw-p 00059000 00:39 389                        /tmp/lwjglsnoweuph/3.3.1-build-7/libglfw.so
7ff2ff126000-7ff2ff149000 rw-p 00000000 00:00 0 
7ff2ff149000-7ff2ff1b4000 r-xp 00000000 00:39 388                        /tmp/lwjglsnoweuph/3.3.1-build-7/liblwjgl.so
7ff2ff1b4000-7ff2ff3b3000 ---p 0006b000 00:39 388                        /tmp/lwjglsnoweuph/3.3.1-build-7/liblwjgl.so
7ff2ff3b3000-7ff2ff3b4000 r--p 0006a000 00:39 388                        /tmp/lwjglsnoweuph/3.3.1-build-7/liblwjgl.so
7ff2ff3b4000-7ff2ff3b5000 rw-p 0006b000 00:39 388                        /tmp/lwjglsnoweuph/3.3.1-build-7/liblwjgl.so
7ff2ff3b5000-7ff2ff3cf000 r-xp 00000000 00:21 724469                     /home/snoweuph/.jdks/corretto-16.0.2/lib/libzip.so
7ff2ff3cf000-7ff2ff5ce000 ---p 0001a000 00:21 724469                     /home/snoweuph/.jdks/corretto-16.0.2/lib/libzip.so
7ff2ff5ce000-7ff2ff5cf000 r--p 00019000 00:21 724469                     /home/snoweuph/.jdks/corretto-16.0.2/lib/libzip.so
7ff2ff5cf000-7ff2ff5d0000 rw-p 00000000 00:00 0 
7ff2ff5d0000-7ff2ff5e4000 r-xp 00000000 00:21 724471                     /home/snoweuph/.jdks/corretto-16.0.2/lib/libnet.so
7ff2ff5e4000-7ff2ff7e4000 ---p 00014000 00:21 724471                     /home/snoweuph/.jdks/corretto-16.0.2/lib/libnet.so
7ff2ff7e4000-7ff2ff7e5000 r--p 00014000 00:21 724471                     /home/snoweuph/.jdks/corretto-16.0.2/lib/libnet.so
7ff2ff7e5000-7ff2ff7e6000 rw-p 00015000 00:21 724471                     /home/snoweuph/.jdks/corretto-16.0.2/lib/libnet.so
7ff2ff7e6000-7ff2ff7f8000 r-xp 00000000 00:21 724472                     /home/snoweuph/.jdks/corretto-16.0.2/lib/libnio.so
7ff2ff7f8000-7ff2ff9f7000 ---p 00012000 00:21 724472                     /home/snoweuph/.jdks/corretto-16.0.2/lib/libnio.so
7ff2ff9f7000-7ff2ff9f8000 r--p 00011000 00:21 724472                     /home/snoweuph/.jdks/corretto-16.0.2/lib/libnio.so
7ff2ff9f8000-7ff2ff9f9000 rw-p 00012000 00:21 724472                     /home/snoweuph/.jdks/corretto-16.0.2/lib/libnio.so
7ff2ff9f9000-7ff2ff9fd000 ---p 00000000 00:00 0 
7ff2ff9fd000-7ff2ffafa000 rw-p 00000000 00:00 0 
7ff2ffafa000-7ff2ffafb000 ---p 00000000 00:00 0 
7ff2ffafb000-7ff2ffbfc000 rw-p 00000000 00:00 0 
7ff2ffbfc000-7ff2ffc00000 ---p 00000000 00:00 0 
7ff2ffc00000-7ff2ffcfd000 rw-p 00000000 00:00 0 
7ff2ffcfd000-7ff2ffd01000 ---p 00000000 00:00 0 
7ff2ffd01000-7ff2ffdfe000 rw-p 00000000 00:00 0 
7ff2ffdfe000-7ff2ffe02000 ---p 00000000 00:00 0 
7ff2ffe02000-7ff2ffeff000 rw-p 00000000 00:00 0 
7ff2ffeff000-7ff2fff03000 ---p 00000000 00:00 0 
7ff2fff03000-7ff300000000 rw-p 00000000 00:00 0 
7ff300000000-7ff300021000 rw-p 00000000 00:00 0 
7ff300021000-7ff304000000 ---p 00000000 00:00 0 
7ff304000000-7ff304021000 rw-p 00000000 00:00 0 
7ff304021000-7ff308000000 ---p 00000000 00:00 0 
7ff308000000-7ff308021000 rw-p 00000000 00:00 0 
7ff308021000-7ff30c000000 ---p 00000000 00:00 0 
7ff30c000000-7ff30c021000 rw-p 00000000 00:00 0 
7ff30c021000-7ff310000000 ---p 00000000 00:00 0 
7ff310000000-7ff310021000 rw-p 00000000 00:00 0 
7ff310021000-7ff314000000 ---p 00000000 00:00 0 
7ff314000000-7ff314021000 rw-p 00000000 00:00 0 
7ff314021000-7ff318000000 ---p 00000000 00:00 0 
7ff318000000-7ff318021000 rw-p 00000000 00:00 0 
7ff318021000-7ff31c000000 ---p 00000000 00:00 0 
7ff31c000000-7ff31c021000 rw-p 00000000 00:00 0 
7ff31c021000-7ff320000000 ---p 00000000 00:00 0 
7ff320000000-7ff320021000 rw-p 00000000 00:00 0 
7ff320021000-7ff324000000 ---p 00000000 00:00 0 
7ff324000000-7ff324021000 rw-p 00000000 00:00 0 
7ff324021000-7ff328000000 ---p 00000000 00:00 0 
7ff328000000-7ff328021000 rw-p 00000000 00:00 0 
7ff328021000-7ff32c000000 ---p 00000000 00:00 0 
7ff32c000000-7ff32c001000 r--p 00000000 00:21 291828                     /usr/lib/x86_64-linux-gnu/libxcb-shm.so.0.0.0
7ff32c001000-7ff32c002000 r-xp 00001000 00:21 291828                     /usr/lib/x86_64-linux-gnu/libxcb-shm.so.0.0.0
7ff32c002000-7ff32c003000 r--p 00002000 00:21 291828                     /usr/lib/x86_64-linux-gnu/libxcb-shm.so.0.0.0
7ff32c003000-7ff32c004000 r--p 00002000 00:21 291828                     /usr/lib/x86_64-linux-gnu/libxcb-shm.so.0.0.0
7ff32c004000-7ff32c005000 rw-p 00003000 00:21 291828                     /usr/lib/x86_64-linux-gnu/libxcb-shm.so.0.0.0
7ff32c005000-7ff32c008000 r--p 00000000 00:21 286279                     /usr/lib/x86_64-linux-gnu/libGLX.so.0.0.0
7ff32c008000-7ff32c023000 r-xp 00003000 00:21 286279                     /usr/lib/x86_64-linux-gnu/libGLX.so.0.0.0
7ff32c023000-7ff32c026000 r--p 0001e000 00:21 286279                     /usr/lib/x86_64-linux-gnu/libGLX.so.0.0.0
7ff32c026000-7ff32c027000 r--p 00020000 00:21 286279                     /usr/lib/x86_64-linux-gnu/libGLX.so.0.0.0
7ff32c027000-7ff32c028000 rw-p 00021000 00:21 286279                     /usr/lib/x86_64-linux-gnu/libGLX.so.0.0.0
7ff32c028000-7ff32c038000 rw-p 00000000 00:00 0 
7ff32c038000-7ff32c03a000 r--p 00000000 00:21 296983                     /usr/lib/x86_64-linux-gnu/libXfixes.so.3.1.0
7ff32c03a000-7ff32c03d000 r-xp 00002000 00:21 296983                     /usr/lib/x86_64-linux-gnu/libXfixes.so.3.1.0
7ff32c03d000-7ff32c03e000 r--p 00005000 00:21 296983                     /usr/lib/x86_64-linux-gnu/libXfixes.so.3.1.0
7ff32c03e000-7ff32c03f000 r--p 00005000 00:21 296983                     /usr/lib/x86_64-linux-gnu/libXfixes.so.3.1.0
7ff32c03f000-7ff32c040000 rw-p 00006000 00:21 296983                     /usr/lib/x86_64-linux-gnu/libXfixes.so.3.1.0
7ff32c040000-7ff32c043000 r--p 00000000 00:21 286214                     /usr/lib/x86_64-linux-gnu/libXcursor.so.1.0.2
7ff32c043000-7ff32c049000 r-xp 00003000 00:21 286214                     /usr/lib/x86_64-linux-gnu/libXcursor.so.1.0.2
7ff32c049000-7ff32c04b000 r--p 00009000 00:21 286214                     /usr/lib/x86_64-linux-gnu/libXcursor.so.1.0.2
7ff32c04b000-7ff32c04c000 r--p 0000a000 00:21 286214                     /usr/lib/x86_64-linux-gnu/libXcursor.so.1.0.2
7ff32c04c000-7ff32c04d000 rw-p 0000b000 00:21 286214                     /usr/lib/x86_64-linux-gnu/libXcursor.so.1.0.2
7ff32c04d000-7ff32c04f000 r--p 00000000 00:21 291570                     /usr/lib/x86_64-linux-gnu/libXrender.so.1.3.0
7ff32c04f000-7ff32c056000 r-xp 00002000 00:21 291570                     /usr/lib/x86_64-linux-gnu/libXrender.so.1.3.0
7ff32c056000-7ff32c057000 r--p 00009000 00:21 291570                     /usr/lib/x86_64-linux-gnu/libXrender.so.1.3.0
7ff32c057000-7ff32c058000 ---p 0000a000 00:21 291570                     /usr/lib/x86_64-linux-gnu/libXrender.so.1.3.0
7ff32c058000-7ff32c059000 r--p 0000a000 00:21 291570                     /usr/lib/x86_64-linux-gnu/libXrender.so.1.3.0
7ff32c059000-7ff32c05a000 rw-p 0000b000 00:21 291570                     /usr/lib/x86_64-linux-gnu/libXrender.so.1.3.0
7ff32c05a000-7ff32c05d000 r--p 00000000 00:21 293670                     /usr/lib/x86_64-linux-gnu/libXi.so.6.1.0
7ff32c05d000-7ff32c069000 r-xp 00003000 00:21 293670                     /usr/lib/x86_64-linux-gnu/libXi.so.6.1.0
7ff32c069000-7ff32c06b000 r--p 0000f000 00:21 293670                     /usr/lib/x86_64-linux-gnu/libXi.so.6.1.0
7ff32c06b000-7ff32c06c000 ---p 00011000 00:21 293670                     /usr/lib/x86_64-linux-gnu/libXi.so.6.1.0
7ff32c06c000-7ff32c06d000 r--p 00011000 00:21 293670                     /usr/lib/x86_64-linux-gnu/libXi.so.6.1.0
7ff32c06d000-7ff32c06e000 rw-p 00012000 00:21 293670                     /usr/lib/x86_64-linux-gnu/libXi.so.6.1.0
7ff32c06e000-7ff32c072000 r--p 00000000 00:21 296376                     /usr/lib/x86_64-linux-gnu/libXext.so.6.4.0
7ff32c072000-7ff32c07e000 r-xp 00004000 00:21 296376                     /usr/lib/x86_64-linux-gnu/libXext.so.6.4.0
7ff32c07e000-7ff32c081000 r--p 00010000 00:21 296376                     /usr/lib/x86_64-linux-gnu/libXext.so.6.4.0
7ff32c081000-7ff32c082000 r--p 00012000 00:21 296376                     /usr/lib/x86_64-linux-gnu/libXext.so.6.4.0
7ff32c082000-7ff32c083000 rw-p 00013000 00:21 296376                     /usr/lib/x86_64-linux-gnu/libXext.so.6.4.0
7ff32c083000-7ff32c087000 ---p 00000000 00:00 0 
7ff32c087000-7ff32c184000 rw-p 00000000 00:00 0 
7ff32c184000-7ff32c188000 ---p 00000000 00:00 0 
7ff32c188000-7ff32c285000 rw-p 00000000 00:00 0 
7ff32c285000-7ff32c289000 ---p 00000000 00:00 0 
7ff32c289000-7ff32c386000 rw-p 00000000 00:00 0 
7ff32c386000-7ff32c5fe000 r--p 00000000 00:21 283765                     /usr/share/runtime/locale/de/lib/de_DE.utf8/LC_COLLATE
7ff32c5fe000-7ff32c602000 ---p 00000000 00:00 0 
7ff32c602000-7ff32c6ff000 rw-p 00000000 00:00 0 
7ff32c6ff000-7ff32c703000 ---p 00000000 00:00 0 
7ff32c703000-7ff32c940000 rw-p 00000000 00:00 0 
7ff32c940000-7ff32cc00000 ---p 00000000 00:00 0 
7ff32cc00000-7ff32ccf0000 rw-p 00000000 00:00 0 
7ff32ccf0000-7ff32d000000 ---p 00000000 00:00 0 
7ff32d001000-7ff32d002000 r--p 00000000 00:21 287500                     /usr/lib/x86_64-linux-gnu/libX11-xcb.so.1.0.0
7ff32d002000-7ff32d003000 r-xp 00001000 00:21 287500                     /usr/lib/x86_64-linux-gnu/libX11-xcb.so.1.0.0
7ff32d003000-7ff32d004000 r--p 00002000 00:21 287500                     /usr/lib/x86_64-linux-gnu/libX11-xcb.so.1.0.0
7ff32d004000-7ff32d005000 r--p 00002000 00:21 287500                     /usr/lib/x86_64-linux-gnu/libX11-xcb.so.1.0.0
7ff32d005000-7ff32d006000 rw-p 00003000 00:21 287500                     /usr/lib/x86_64-linux-gnu/libX11-xcb.so.1.0.0
7ff32d006000-7ff32d008000 r--p 00000000 00:21 290898                     /usr/lib/x86_64-linux-gnu/libXrandr.so.2.2.0
7ff32d008000-7ff32d00f000 r-xp 00002000 00:21 290898                     /usr/lib/x86_64-linux-gnu/libXrandr.so.2.2.0
7ff32d00f000-7ff32d011000 r--p 00009000 00:21 290898                     /usr/lib/x86_64-linux-gnu/libXrandr.so.2.2.0
7ff32d011000-7ff32d012000 r--p 0000a000 00:21 290898                     /usr/lib/x86_64-linux-gnu/libXrandr.so.2.2.0
7ff32d012000-7ff32d013000 rw-p 0000b000 00:21 290898                     /usr/lib/x86_64-linux-gnu/libXrandr.so.2.2.0
7ff32d013000-7ff32d014000 r--p 00000000 00:21 288895                     /usr/lib/x86_64-linux-gnu/libXxf86vm.so.1.0.0
7ff32d014000-7ff32d017000 r-xp 00001000 00:21 288895                     /usr/lib/x86_64-linux-gnu/libXxf86vm.so.1.0.0
7ff32d017000-7ff32d018000 r--p 00004000 00:21 288895                     /usr/lib/x86_64-linux-gnu/libXxf86vm.so.1.0.0
7ff32d018000-7ff32d019000 r--p 00004000 00:21 288895                     /usr/lib/x86_64-linux-gnu/libXxf86vm.so.1.0.0
7ff32d019000-7ff32d01a000 rw-p 00005000 00:21 288895                     /usr/lib/x86_64-linux-gnu/libXxf86vm.so.1.0.0
7ff32d01a000-7ff32d027000 r--p 00000000 00:21 289198                     /usr/lib/x86_64-linux-gnu/libxcb.so.1.1.0
7ff32d027000-7ff32d03a000 r-xp 0000d000 00:21 289198                     /usr/lib/x86_64-linux-gnu/libxcb.so.1.1.0
7ff32d03a000-7ff32d043000 r--p 00020000 00:21 289198                     /usr/lib/x86_64-linux-gnu/libxcb.so.1.1.0
7ff32d043000-7ff32d044000 ---p 00029000 00:21 289198                     /usr/lib/x86_64-linux-gnu/libxcb.so.1.1.0
7ff32d044000-7ff32d045000 r--p 00029000 00:21 289198                     /usr/lib/x86_64-linux-gnu/libxcb.so.1.1.0
7ff32d045000-7ff32d046000 rw-p 0002a000 00:21 289198                     /usr/lib/x86_64-linux-gnu/libxcb.so.1.1.0
7ff32d053000-7ff32d054000 rw-s 1171c6000 00:05 548                       /dev/dri/renderD128
7ff32d054000-7ff32d085000 rw-p 00000000 00:00 0 
7ff32d085000-7ff32d0da000 r--p 00000000 00:21 283752                     /usr/share/runtime/locale/de/lib/de_DE.utf8/LC_CTYPE
7ff32d0da000-7ff32d0db000 ---p 00000000 00:00 0 
7ff32d0db000-7ff32d2f9000 rw-p 00000000 00:00 0 
7ff32d2f9000-7ff32d2fa000 ---p 00000000 00:00 0 
7ff32d2fa000-7ff32d3fb000 rw-p 00000000 00:00 0 
7ff32d3fb000-7ff32d3fc000 ---p 00000000 00:00 0 
7ff32d3fc000-7ff32fdea000 rw-p 00000000 00:00 0 
7ff32fdea000-7ff333802000 ---p 00000000 00:00 0 
7ff333802000-7ff333bfa000 rw-p 00000000 00:00 0 
7ff333bfa000-7ff337612000 ---p 00000000 00:00 0 
7ff337612000-7ff33769f000 rw-p 00000000 00:00 0 
7ff33769f000-7ff337de2000 ---p 00000000 00:00 0 
7ff337de2000-7ff337e61000 rw-p 00000000 00:00 0 
7ff337e61000-7ff3385a4000 ---p 00000000 00:00 0 
7ff3385a4000-7ff3385a6000 rw-p 00000000 00:00 0 
7ff3385a6000-7ff338816000 rwxp 00000000 00:00 0 
7ff338816000-7ff338b38000 ---p 00000000 00:00 0 
7ff338b38000-7ff338da8000 rwxp 00000000 00:00 0 
7ff338da8000-7ff34006f000 ---p 00000000 00:00 0 
7ff34006f000-7ff3402df000 rwxp 00000000 00:00 0 
7ff3402df000-7ff3475a6000 ---p 00000000 00:00 0 
7ff3475a6000-7ff350000000 r--s 00000000 00:21 724451                     /home/snoweuph/.jdks/corretto-16.0.2/lib/modules
7ff350000000-7ff3505cf000 rw-p 00000000 00:00 0 
7ff3505cf000-7ff354000000 ---p 00000000 00:00 0 
7ff354000000-7ff354001000 rw-s 14885d000 00:05 548                       /dev/dri/renderD128
7ff354001000-7ff354002000 r--p 00000000 00:21 286509                     /usr/lib/x86_64-linux-gnu/libXinerama.so.1.0.0
7ff354002000-7ff354003000 r-xp 00001000 00:21 286509                     /usr/lib/x86_64-linux-gnu/libXinerama.so.1.0.0
7ff354003000-7ff354004000 r--p 00002000 00:21 286509                     /usr/lib/x86_64-linux-gnu/libXinerama.so.1.0.0
7ff354004000-7ff354005000 r--p 00002000 00:21 286509                     /usr/lib/x86_64-linux-gnu/libXinerama.so.1.0.0
7ff354005000-7ff354006000 rw-p 00003000 00:21 286509                     /usr/lib/x86_64-linux-gnu/libXinerama.so.1.0.0
7ff354006000-7ff354007000 r--p 00000000 00:21 284954                     /usr/lib/x86_64-linux-gnu/libXau.so.6.0.0
7ff354007000-7ff354009000 r-xp 00001000 00:21 284954                     /usr/lib/x86_64-linux-gnu/libXau.so.6.0.0
7ff354009000-7ff35400a000 r--p 00003000 00:21 284954                     /usr/lib/x86_64-linux-gnu/libXau.so.6.0.0
7ff35400a000-7ff35400b000 r--p 00003000 00:21 284954                     /usr/lib/x86_64-linux-gnu/libXau.so.6.0.0
7ff35400b000-7ff35400c000 rw-p 00004000 00:21 284954                     /usr/lib/x86_64-linux-gnu/libXau.so.6.0.0
7ff35400c000-7ff35400d000 rw-p 00000000 00:00 0 
7ff35400d000-7ff35400e000 r-xp 00053000 00:39 388                        /tmp/lwjglsnoweuph/3.3.1-build-7/liblwjgl.so
7ff35400e000-7ff35400f000 rw-p 00000000 00:00 0 
7ff35400f000-7ff354010000 r--p 00000000 00:21 283945                     /usr/share/runtime/locale/de/lib/de_DE.utf8/LC_NUMERIC
7ff354010000-7ff354011000 r--p 00000000 00:21 283813                     /usr/share/runtime/locale/de/lib/de_DE.utf8/LC_TIME
7ff354011000-7ff354012000 r--p 00000000 00:21 283876                     /usr/share/runtime/locale/de/lib/de_DE.utf8/LC_MONETARY
7ff354012000-7ff354013000 r--p 00000000 00:21 283674                     /usr/share/runtime/locale/de/lib/de_DE.utf8/LC_MESSAGES/SYS_LC_MESSAGES
7ff354013000-7ff354014000 r--p 00000000 00:21 283895                     /usr/share/runtime/locale/de/lib/de_DE.utf8/LC_PAPER
7ff354014000-7ff354317000 rw-p 00000000 00:00 0 
7ff354317000-7ff354318000 ---p 00000000 00:00 0 
7ff354318000-7ff354419000 rw-p 00000000 00:00 0 
7ff354419000-7ff35441a000 ---p 00000000 00:00 0 
7ff35441a000-7ff35451b000 rw-p 00000000 00:00 0 
7ff35451b000-7ff35451c000 ---p 00000000 00:00 0 
7ff35451c000-7ff35471b000 rw-p 00000000 00:00 0 
7ff35471b000-7ff354e5e000 ---p 00000000 00:00 0 
7ff354e5e000-7ff35566d000 rw-p 00000000 00:00 0 
7ff35566d000-7ff355753000 ---p 00000000 00:00 0 
7ff355753000-7ff355758000 rw-p 00000000 00:00 0 
7ff355758000-7ff35583e000 ---p 00000000 00:00 0 
7ff35583e000-7ff355862000 r-xp 00000000 00:21 724468                     /home/snoweuph/.jdks/corretto-16.0.2/lib/libjava.so
7ff355862000-7ff355a62000 ---p 00024000 00:21 724468                     /home/snoweuph/.jdks/corretto-16.0.2/lib/libjava.so
7ff355a62000-7ff355a63000 r--p 00024000 00:21 724468                     /home/snoweuph/.jdks/corretto-16.0.2/lib/libjava.so
7ff355a63000-7ff355a64000 rw-p 00025000 00:21 724468                     /home/snoweuph/.jdks/corretto-16.0.2/lib/libjava.so
7ff355a64000-7ff355a65000 rw-p 00000000 00:00 0 
7ff355a65000-7ff355a68000 r--p 00000000 00:21 2248421                    /usr/lib/x86_64-linux-gnu/libnss_files-2.33.so
7ff355a68000-7ff355a6f000 r-xp 00003000 00:21 2248421                    /usr/lib/x86_64-linux-gnu/libnss_files-2.33.so
7ff355a6f000-7ff355a71000 r--p 0000a000 00:21 2248421                    /usr/lib/x86_64-linux-gnu/libnss_files-2.33.so
7ff355a71000-7ff355a72000 r--p 0000b000 00:21 2248421                    /usr/lib/x86_64-linux-gnu/libnss_files-2.33.so
7ff355a72000-7ff355a73000 rw-p 0000c000 00:21 2248421                    /usr/lib/x86_64-linux-gnu/libnss_files-2.33.so
7ff355a73000-7ff355a79000 rw-p 00000000 00:00 0 
7ff355a79000-7ff355a7a000 r--p 00000000 00:21 284137                     /usr/share/runtime/locale/de/lib/de_DE.utf8/LC_NAME
7ff355a7a000-7ff355a7b000 r--p 00000000 00:21 283970                     /usr/share/runtime/locale/de/lib/de_DE.utf8/LC_ADDRESS
7ff355a7b000-7ff355a80000 rw-p 00000000 00:00 0 
7ff355a80000-7ff355a87000 ---p 00000000 00:00 0 
7ff355a87000-7ff355aa2000 r-xp 00000000 00:21 724470                     /home/snoweuph/.jdks/corretto-16.0.2/lib/libjimage.so
7ff355aa2000-7ff355ca1000 ---p 0001b000 00:21 724470                     /home/snoweuph/.jdks/corretto-16.0.2/lib/libjimage.so
7ff355ca1000-7ff355ca3000 r--p 0001a000 00:21 724470                     /home/snoweuph/.jdks/corretto-16.0.2/lib/libjimage.so
7ff355ca3000-7ff355ca4000 rw-p 0001c000 00:21 724470                     /home/snoweuph/.jdks/corretto-16.0.2/lib/libjimage.so
7ff355ca4000-7ff355ca6000 r--p 00000000 00:21 2247724                    /usr/lib/x86_64-linux-gnu/librt-2.33.so
7ff355ca6000-7ff355caa000 r-xp 00002000 00:21 2247724                    /usr/lib/x86_64-linux-gnu/librt-2.33.so
7ff355caa000-7ff355cac000 r--p 00006000 00:21 2247724                    /usr/lib/x86_64-linux-gnu/librt-2.33.so
7ff355cac000-7ff355cad000 r--p 00007000 00:21 2247724                    /usr/lib/x86_64-linux-gnu/librt-2.33.so
7ff355cad000-7ff355cae000 rw-p 00008000 00:21 2247724                    /usr/lib/x86_64-linux-gnu/librt-2.33.so
7ff355cae000-7ff355cb2000 ---p 00000000 00:00 0 
7ff355cb2000-7ff355daf000 rw-p 00000000 00:00 0 
7ff355daf000-7ff355dbc000 r--p 00000000 00:21 2246123                    /usr/lib/x86_64-linux-gnu/libm-2.33.so
7ff355dbc000-7ff355e5b000 r-xp 0000d000 00:21 2246123                    /usr/lib/x86_64-linux-gnu/libm-2.33.so
7ff355e5b000-7ff355ef6000 r--p 000ac000 00:21 2246123                    /usr/lib/x86_64-linux-gnu/libm-2.33.so
7ff355ef6000-7ff355ef7000 r--p 00146000 00:21 2246123                    /usr/lib/x86_64-linux-gnu/libm-2.33.so
7ff355ef7000-7ff355ef8000 rw-p 00147000 00:21 2246123                    /usr/lib/x86_64-linux-gnu/libm-2.33.so
7ff355ef8000-7ff3571b4000 r-xp 00000000 00:21 724461                     /home/snoweuph/.jdks/corretto-16.0.2/lib/server/libjvm.so
7ff3571b4000-7ff3573b3000 ---p 012bc000 00:21 724461                     /home/snoweuph/.jdks/corretto-16.0.2/lib/server/libjvm.so
7ff3573b3000-7ff357468000 r--p 012bb000 00:21 724461                     /home/snoweuph/.jdks/corretto-16.0.2/lib/server/libjvm.so
7ff357468000-7ff35749c000 rw-p 01370000 00:21 724461                     /home/snoweuph/.jdks/corretto-16.0.2/lib/server/libjvm.so
7ff35749c000-7ff3574f9000 rw-p 00000000 00:00 0 
7ff3574f9000-7ff35751b000 r--p 00000000 00:21 2249850                    /usr/lib/x86_64-linux-gnu/libc-2.33.so
7ff35751b000-7ff35767f000 r-xp 00022000 00:21 2249850                    /usr/lib/x86_64-linux-gnu/libc-2.33.so
7ff35767f000-7ff3576ca000 r--p 00186000 00:21 2249850                    /usr/lib/x86_64-linux-gnu/libc-2.33.so
7ff3576ca000-7ff3576ce000 r--p 001d0000 00:21 2249850                    /usr/lib/x86_64-linux-gnu/libc-2.33.so
7ff3576ce000-7ff3576d0000 rw-p 001d4000 00:21 2249850                    /usr/lib/x86_64-linux-gnu/libc-2.33.so
7ff3576d0000-7ff3576d9000 rw-p 00000000 00:00 0 
7ff3576d9000-7ff3576da000 r--p 00000000 00:21 2248554                    /usr/lib/x86_64-linux-gnu/libdl-2.33.so
7ff3576da000-7ff3576dc000 r-xp 00001000 00:21 2248554                    /usr/lib/x86_64-linux-gnu/libdl-2.33.so
7ff3576dc000-7ff3576dd000 r--p 00003000 00:21 2248554                    /usr/lib/x86_64-linux-gnu/libdl-2.33.so
7ff3576dd000-7ff3576de000 r--p 00003000 00:21 2248554                    /usr/lib/x86_64-linux-gnu/libdl-2.33.so
7ff3576de000-7ff3576df000 rw-p 00004000 00:21 2248554                    /usr/lib/x86_64-linux-gnu/libdl-2.33.so
7ff3576df000-7ff3576e5000 r--p 00000000 00:21 2248972                    /usr/lib/x86_64-linux-gnu/libpthread-2.33.so
7ff3576e5000-7ff3576f4000 r-xp 00006000 00:21 2248972                    /usr/lib/x86_64-linux-gnu/libpthread-2.33.so
7ff3576f4000-7ff3576f9000 r--p 00015000 00:21 2248972                    /usr/lib/x86_64-linux-gnu/libpthread-2.33.so
7ff3576f9000-7ff3576fa000 ---p 0001a000 00:21 2248972                    /usr/lib/x86_64-linux-gnu/libpthread-2.33.so
7ff3576fa000-7ff3576fb000 r--p 0001a000 00:21 2248972                    /usr/lib/x86_64-linux-gnu/libpthread-2.33.so
7ff3576fb000-7ff3576fc000 rw-p 0001b000 00:21 2248972                    /usr/lib/x86_64-linux-gnu/libpthread-2.33.so
7ff3576fc000-7ff357700000 rw-p 00000000 00:00 0 
7ff357700000-7ff357701000 r--p 00000000 00:21 284142                     /usr/share/runtime/locale/de/lib/de_DE.utf8/LC_TELEPHONE
7ff357701000-7ff357702000 r--p 00000000 00:21 283898                     /usr/share/runtime/locale/de/lib/de_DE.utf8/LC_MEASUREMENT
7ff357702000-7ff357703000 r--p 00000000 00:21 283698                     /usr/share/runtime/locale/de/lib/de_DE.utf8/LC_IDENTIFICATION
7ff357703000-7ff35770b000 rw-s 00000000 00:39 701                        /tmp/hsperfdata_snoweuph/2361
7ff35770b000-7ff35770c000 ---p 00000000 00:00 0 
7ff35770c000-7ff35770d000 r--p 00000000 00:00 0 
7ff35770d000-7ff35770e000 ---p 00000000 00:00 0 
7ff35770e000-7ff357727000 r-xp 00000000 00:21 724466                     /home/snoweuph/.jdks/corretto-16.0.2/lib/libjli.so
7ff357727000-7ff357926000 ---p 00019000 00:21 724466                     /home/snoweuph/.jdks/corretto-16.0.2/lib/libjli.so
7ff357926000-7ff357927000 r--p 00018000 00:21 724466                     /home/snoweuph/.jdks/corretto-16.0.2/lib/libjli.so
7ff357927000-7ff357928000 rw-p 00019000 00:21 724466                     /home/snoweuph/.jdks/corretto-16.0.2/lib/libjli.so
7ff357928000-7ff35792a000 rw-p 00000000 00:00 0 
7ff35792a000-7ff35792b000 r--p 00000000 00:21 2246395                    /usr/lib/x86_64-linux-gnu/ld-2.33.so
7ff35792b000-7ff357951000 r-xp 00001000 00:21 2246395                    /usr/lib/x86_64-linux-gnu/ld-2.33.so
7ff357951000-7ff35795a000 r--p 00027000 00:21 2246395                    /usr/lib/x86_64-linux-gnu/ld-2.33.so
7ff35795a000-7ff35795c000 r--p 0002f000 00:21 2246395                    /usr/lib/x86_64-linux-gnu/ld-2.33.so
7ff35795c000-7ff35795e000 rw-p 00031000 00:21 2246395                    /usr/lib/x86_64-linux-gnu/ld-2.33.so
7ffe591d4000-7ffe591f7000 rw-p 00000000 00:00 0                          [stack]
7ffe591f7000-7ffe591fb000 r--p 00000000 00:00 0                          [vvar]
7ffe591fb000-7ffe591fd000 r-xp 00000000 00:00 0                          [vdso]
ffffffffff600000-ffffffffff601000 --xp 00000000 00:00 0                  [vsyscall]


VM Arguments:
jvm_args: -Dfile.encoding=UTF-8 -Duser.country=DE -Duser.language=de -Duser.variant 
java_command: org.euph.Main
java_class_path (initial): /home/snoweuph/Git/GameEngine/GameEngine/build/classes/java/main:/home/snoweuph/Git/GameEngine/GameEngine/build/resources/main:/home/snoweuph/.gradle/caches/modules-2/files-2.1/org.lwjgl/lwjgl-assimp/3.3.1/312072f451794f25670aebb0160ce6ec88aff842/lwjgl-assimp-3.3.1.jar:/home/snoweuph/.gradle/caches/modules-2/files-2.1/org.lwjgl/lwjgl-assimp/3.3.1/79fdb4d7fc27bc61579eb3803c8c389b8e57af1f/lwjgl-assimp-3.3.1-natives-linux.jar:/home/snoweuph/.gradle/caches/modules-2/files-2.1/org.lwjgl/lwjgl-bgfx/3.3.1/4243b7d255d885980f10c36edfb678729493685e/lwjgl-bgfx-3.3.1.jar:/home/snoweuph/.gradle/caches/modules-2/files-2.1/org.lwjgl/lwjgl-bgfx/3.3.1/6ae3c5e24f748c6e4d0f2a724bfdbf9d5a7ec6b6/lwjgl-bgfx-3.3.1-natives-linux.jar:/home/snoweuph/.gradle/caches/modules-2/files-2.1/org.lwjgl/lwjgl-glfw/3.3.1/cbac1b8d30cb4795149c1ef540f912671a8616d0/lwjgl-glfw-3.3.1.jar:/home/snoweuph/.gradle/caches/modules-2/files-2.1/org.lwjgl/lwjgl-glfw/3.3.1/81716978214ecbda15050ca394b06ef61501a49e/lwjgl-glfw-3.3.1-natives-linux.jar:/home/snoweuph/.gradle/caches/modules-2/files-2.1/org.lwjgl/lwjgl-libdivide/3.3.1/ed21d21e4f3d508908ef1a23d885e73983f244ea/lwjgl-libdivide-3.3.1.jar:/home/snoweuph/.gradle/caches/modules-2/files-2.1/org.lwjgl/lwjgl-libdivide/3.3.1/c4312cccbfae5fea8f9e3f72b367c3a0af6b20a2/lwjgl-libdivide-3.3.1-natives-linux.jar:/home/snoweuph/.gradle/caches/modules-2/files-2.1/org.lwjgl/lwjgl-meshoptimizer/3.3.1/8cc3325a9bba8beba08190f909a6f0003d96ad8f/lwjgl-meshoptimizer-3.3.1.jar:/home/snoweuph/.gradle/caches/modules-2/files-2.1/org.lwjgl/lwjgl-meshoptimizer/3.3.1/b881a520004d291093c2540e2f398f4c2173e8a8/lwjgl-meshoptimizer-3.3.1-natives-linux.jar:/home/snoweuph/.gradle/caches/modules-2/files-2.1/org.lwjgl/lwjgl-nfd/3.3.1/622318116996ddcff449b46cb38f0fdee39b8ac3/lwjgl-nfd-3.3.1.jar:/home/snoweuph/.gradle/caches/modules-2/files-2.1/org.lwjgl/lwjgl-nfd/3.3.1/2e007667e04ed3281152ae5c6e677fb1c2211691/lwjgl-nfd-3.3.1-natives-linux.jar:/home/snoweuph/.gradle/caches/mo
Launcher Type: SUN_STANDARD

[Global flags]
     intx CICompilerCount                          = 4                                         {product} {ergonomic}
     uint ConcGCThreads                            = 2                                         {product} {ergonomic}
     uint G1ConcRefinementThreads                  = 8                                         {product} {ergonomic}
   size_t G1HeapRegionSize                         = 2097152                                   {product} {ergonomic}
    uintx GCDrainStackTargetSize                   = 64                                        {product} {ergonomic}
   size_t InitialHeapSize                          = 262144000                                 {product} {ergonomic}
   size_t MarkStackSize                            = 4194304                                   {product} {ergonomic}
   size_t MaxHeapSize                              = 4164943872                                {product} {ergonomic}
   size_t MaxNewSize                               = 2497708032                                {product} {ergonomic}
   size_t MinHeapDeltaBytes                        = 2097152                                   {product} {ergonomic}
   size_t MinHeapSize                              = 8388608                                   {product} {ergonomic}
    uintx NonNMethodCodeHeapSize                   = 5839372                                {pd product} {ergonomic}
    uintx NonProfiledCodeHeapSize                  = 122909434                              {pd product} {ergonomic}
    uintx ProfiledCodeHeapSize                     = 122909434                              {pd product} {ergonomic}
    uintx ReservedCodeCacheSize                    = 251658240                              {pd product} {ergonomic}
     bool SegmentedCodeCache                       = true                                      {product} {ergonomic}
   size_t SoftMaxHeapSize                          = 4164943872                             {manageable} {ergonomic}
     bool UseCompressedClassPointers               = true                           {product lp64_product} {ergonomic}
     bool UseCompressedOops                        = true                           {product lp64_product} {ergonomic}
     bool UseG1GC                                  = true                                      {product} {ergonomic}

Logging:
Log output configuration:
 #0: stdout all=warning uptime,level,tags
 #1: stderr all=off uptime,level,tags

Environment Variables:
PATH=/app/bin:/usr/bin
LD_LIBRARY_PATH=
SHELL=/bin/sh
DISPLAY=:99.0
LANG=de_DE.UTF-8

Signal Handlers:
SIGSEGV: [libjvm.so+0xf67e20], sa_mask[0]=11100100010111111101111111111110, sa_flags=SA_RESTART|SA_SIGINFO
SIGBUS: [libjvm.so+0xf67e20], sa_mask[0]=11100100010111111101111111111110, sa_flags=SA_RESTART|SA_SIGINFO
SIGFPE: [libjvm.so+0xf67e20], sa_mask[0]=11100100010111111101111111111110, sa_flags=SA_RESTART|SA_SIGINFO
SIGPIPE: [libjvm.so+0xe05b30], sa_mask[0]=11100100010111111101111111111110, sa_flags=SA_RESTART|SA_SIGINFO
SIGXFSZ: [libjvm.so+0xe05b30], sa_mask[0]=11100100010111111101111111111110, sa_flags=SA_RESTART|SA_SIGINFO
SIGILL: [libjvm.so+0xf67e20], sa_mask[0]=11100100010111111101111111111110, sa_flags=SA_RESTART|SA_SIGINFO
SIGUSR2: [libjvm.so+0xe05200], sa_mask[0]=00100000000000000000000000000000, sa_flags=SA_RESTART|SA_SIGINFO
SIGHUP: [libjvm.so+0xe05140], sa_mask[0]=11100100010111111101111111111110, sa_flags=SA_RESTART|SA_SIGINFO
SIGINT: [libjvm.so+0xe05140], sa_mask[0]=11100100010111111101111111111110, sa_flags=SA_RESTART|SA_SIGINFO
SIGTERM: [libjvm.so+0xe05140], sa_mask[0]=11100100010111111101111111111110, sa_flags=SA_RESTART|SA_SIGINFO
SIGQUIT: [libjvm.so+0xe05140], sa_mask[0]=11100100010111111101111111111110, sa_flags=SA_RESTART|SA_SIGINFO
SIGTRAP: [libjvm.so+0xf67e20], sa_mask[0]=11100100010111111101111111111110, sa_flags=SA_RESTART|SA_SIGINFO


---------------  S Y S T E M  ---------------

OS:
NAME=Freedesktop.org
VERSION="21.08.14 (Flatpak runtime)"
VERSION_ID=21.08.14
ID=org.freedesktop.platform
PRETTY_NAME="Freedesktop.org 21.08.14 (Flatpak runtime)"
BUG_REPORT_URL=https://gitlab.com/freedesktop-sdk/freedesktop-sdk/issues
uname: Linux 5.17.5-300.fc36.x86_64 #1 SMP PREEMPT Thu Apr 28 15:51:30 UTC 2022 x86_64
OS uptime: 0 days 0:30 hours
libc: glibc 2.33 NPTL 2.33 
rlimit (soft/hard): STACK 8192k/infinity , CORE infinity/infinity , NPROC 63055/63055 , NOFILE 1048576/1048576 , AS infinity/infinity , CPU infinity/infinity , DATA infinity/infinity , FSIZE infinity/infinity , MEMLOCK 8192k/8192k
load average: 9,11 5,89 3,98

/proc/meminfo:
MemTotal:       16262536 kB
MemFree:          911832 kB
MemAvailable:    7708748 kB
Buffers:           16948 kB
Cached:          6920360 kB
SwapCached:           28 kB
Active:          2969624 kB
Inactive:       10978104 kB
Active(anon):      15644 kB
Inactive(anon):  7116744 kB
Active(file):    2953980 kB
Inactive(file):  3861360 kB
Unevictable:        4812 kB
Mlocked:            4812 kB
SwapTotal:       8388604 kB
SwapFree:        8384252 kB
Dirty:             38056 kB
Writeback:             0 kB
AnonPages:       7015096 kB
Mapped:          1696708 kB
Shmem:            121972 kB
KReclaimable:     316960 kB
Slab:             648008 kB
SReclaimable:     316960 kB
SUnreclaim:       331048 kB
KernelStack:       30704 kB
PageTables:        66180 kB
NFS_Unstable:          0 kB
Bounce:                0 kB
WritebackTmp:          0 kB
CommitLimit:    16519872 kB
Committed_AS:   15924408 kB
VmallocTotal:   34359738367 kB
VmallocUsed:      208672 kB
VmallocChunk:          0 kB
Percpu:            47488 kB
HardwareCorrupted:     0 kB
AnonHugePages:    120832 kB
ShmemHugePages:        0 kB
ShmemPmdMapped:        0 kB
FileHugePages:         0 kB
FilePmdMapped:         0 kB
CmaTotal:              0 kB
CmaFree:               0 kB
HugePages_Total:       0
HugePages_Free:        0
HugePages_Rsvd:        0
HugePages_Surp:        0
Hugepagesize:       2048 kB
Hugetlb:               0 kB
DirectMap4k:     1322744 kB
DirectMap2M:    15278080 kB
DirectMap1G:     1048576 kB

/sys/kernel/mm/transparent_hugepage/enabled: <Not Available>
/sys/kernel/mm/transparent_hugepage/defrag (defrag/compaction efforts parameter): <Not Available>

Process Memory:
Virtual Size: 8038732K (peak: 8103992K)
Resident Set Size: 89440K (peak: 89440K) (anon: 30872K, file: 57912K, shmem: 656K)
Swapped out: 0K
C-Heap outstanding allocations: 8430K

/proc/sys/kernel/threads-max (system-wide limit on the number of threads): 126110
/proc/sys/vm/max_map_count (maximum number of memory map areas a process may have): 65530
/proc/sys/kernel/pid_max (system-wide limit on number of process identifiers): 4194304

Steal ticks since vm start: 0
Steal ticks percentage since vm start:  0,000

CPU: total 8 (initial active 8) (8 cores per cpu, 2 threads per core) family 23 model 1 stepping 1 microcode 0x8001138, cx8, cmov, fxsr, ht, mmx, 3dnowpref, sse, sse2, sse3, ssse3, sse4a, sse4.1, sse4.2, popcnt, lzcnt, tsc, tscinvbit, avx, avx2, aes, clmul, bmi1, bmi2, adx, sha, fma, vzeroupper, clflush, clflushopt
CPU Model and flags from /proc/cpuinfo:
model name	: AMD Ryzen 5 1400 Quad-Core Processor
flags		: fpu vme de pse tsc msr pae mce cx8 apic sep mtrr pge mca cmov pat pse36 clflush mmx fxsr sse sse2 ht syscall nx mmxext fxsr_opt pdpe1gb rdtscp lm constant_tsc rep_good nopl nonstop_tsc cpuid extd_apicid aperfmperf rapl pni pclmulqdq monitor ssse3 fma cx16 sse4_1 sse4_2 movbe popcnt aes xsave avx f16c rdrand lahf_lm cmp_legacy svm extapic cr8_legacy abm sse4a misalignsse 3dnowprefetch osvw skinit wdt tce topoext perfctr_core perfctr_nb bpext perfctr_llc mwaitx cpb hw_pstate ssbd ibpb vmmcall fsgsbase bmi1 avx2 smep bmi2 rdseed adx smap clflushopt sha_ni xsaveopt xsavec xgetbv1 xsaves clzero irperf xsaveerptr arat npt lbrv svm_lock nrip_save tsc_scale vmcb_clean flushbyasid decodeassists pausefilter pfthreshold avic v_vmsave_vmload vgif overflow_recov succor smca sme sev

Online cpus: 0-7
Offline cpus: 8-31
BIOS frequency limitation: 2500000
Frequency switch latency (ns): 0
Available cpu frequencies: 2500000 2250000 1550000 
Current governor: schedutil
Core performance/turbo boost: 0

Memory: 4k page, physical 16262536k(911200k free), swap 8388604k(8384252k free)

vm_info: OpenJDK 64-Bit Server VM (16.0.2+7) for linux-amd64 JRE (16.0.2+7), built on Jul 22 2021 01:08:17 by "jenkins" with gcc 7.3.1 20180303 (Red Hat 7.3.1-5)

END.
