#
# A fatal error has been detected by the Java Runtime Environment:
#
#  SIGSEGV (0xb) at pc=0x00007f87c5b64b74, pid=8571, tid=8573
#
# JRE version: OpenJDK Runtime Environment Corretto-16.0.2.7.1 (16.0.2+7) (build 16.0.2+7)
# Java VM: OpenJDK 64-Bit Server VM Corretto-16.0.2.7.1 (16.0.2+7, mixed mode, sharing, tiered, compressed oops, compressed class ptrs, g1 gc, linux-amd64)
# Problematic frame:
# C  [liblwjgl_remotery.so+0x5b74]
#
# Core dump will be written. Default location: Core dumps may be processed with "/usr/lib/systemd/systemd-coredump %P %u %g %s %t %c %h" (or dumping to /home/snoweuph/Git/GameEngine/GameEngine/core.8571)
#
# If you would like to submit a bug report, please visit:
#   https://github.com/corretto/corretto-jdk/issues/
# The crash happened outside the Java Virtual Machine in native code.
# See problematic frame for where to report the bug.
#

---------------  S U M M A R Y ------------

Command Line: -Dfile.encoding=UTF-8 -Duser.country=DE -Duser.language=de -Duser.variant org.euph.Main

Host: AMD Ryzen 5 1400 Quad-Core Processor, 8 cores, 15G, Freedesktop.org 21.08.14 (Flatpak runtime)
Time: Tue Jul 26 06:09:20 2022 CEST elapsed time: 1.735010 seconds (0d 0h 0m 1s)

---------------  T H R E A D  ---------------

Current thread (0x00007f8800023c90):  JavaThread "main" [_thread_in_native, id=8573, stack(0x00007f8804d67000,0x00007f8804e68000)]

Stack: [0x00007f8804d67000,0x00007f8804e68000],  sp=0x00007f8804e66740,  free space=1021k
Native frames: (J=compiled Java code, A=aot compiled Java code, j=interpreted, Vv=VM code, C=native code)
C  [liblwjgl_remotery.so+0x5b74]

Java frames: (J=compiled Java code, j=interpreted, Vv=VM code)
j  org.lwjgl.util.remotery.RemoteryGL.rmt_UnbindOpenGL()V+0
j  org.euph.Main.main([Ljava/lang/String;)V+93
v  ~StubRoutines::call_stub

siginfo: si_signo: 11 (SIGSEGV), si_code: 1 (SEGV_MAPERR), si_addr: 0x0000000000000010

Register to memory mapping:

RAX=0x00007f88006dca90 points into unknown readable memory: 0x0000000000000000 | 00 00 00 00 00 00 00 00
RBX=0x00007f8800634400 points into unknown readable memory: 0x00007f88006d0840 | 40 08 6d 00 88 7f 00 00
RCX=0x00007f88006dd800 points into unknown readable memory: 0x00007f88006dd4f0 | f0 d4 6d 00 88 7f 00 00
RDX=0x00007f88006dca90 points into unknown readable memory: 0x0000000000000000 | 00 00 00 00 00 00 00 00
RSP=0x00007f8804e66740 is pointing into the stack for thread: 0x00007f8800023c90
RBP=0x0 is NULL
RSI=0x00007f8804e66768 is pointing into the stack for thread: 0x00007f8800023c90
RDI=0x00007f88006d0840 points into unknown readable memory: 0x00007f8f00000070 | 70 00 00 00 8f 7f 00 00
R8 =0x0000000056e70e8d is an unknown value
R9 =0x0000000000000002 is an unknown value
R10=0x00007f87c5b6e91a: <offset 0x000000000000f91a> in /tmp/lwjglsnoweuph/3.3.1-build-7/liblwjgl_remotery.so at 0x00007f87c5b5f000
R11=0x0000000716f11e78 is an oop: java.lang.Class 
{0x0000000716f11e78} - klass: 'java/lang/Class'
R12=0x0000000056e70e8d is an unknown value
R13=0x00007f87c5d70224: <offset 0x0000000000211224> in /tmp/lwjglsnoweuph/3.3.1-build-7/liblwjgl_remotery.so at 0x00007f87c5b5f000
R14=0x00007f880048caf0 points into unknown readable memory: 0x00007f880047cae0 | e0 ca 47 00 88 7f 00 00
R15=0x00007f8800023c90 is a thread


Registers:
RAX=0x00007f88006dca90, RBX=0x00007f8800634400, RCX=0x00007f88006dd800, RDX=0x00007f88006dca90
RSP=0x00007f8804e66740, RBP=0x0000000000000000, RSI=0x00007f8804e66768, RDI=0x00007f88006d0840
R8 =0x0000000056e70e8d, R9 =0x0000000000000002, R10=0x00007f87c5b6e91a, R11=0x0000000716f11e78
R12=0x0000000056e70e8d, R13=0x00007f87c5d70224, R14=0x00007f880048caf0, R15=0x00007f8800023c90
RIP=0x00007f87c5b64b74, EFLAGS=0x0000000000010246, CSGSFS=0x002b000000000033, ERR=0x0000000000000004
  TRAPNO=0x000000000000000e

Top of Stack: (sp=0x00007f8804e66740)
0x00007f8804e66740:   00007f8804e66800 00007f8805bb5bf2
0x00007f8804e66750:   00007f8804e668a0 00000000000003d8
0x00007f8804e66760:   00007f8800024f18 00007f88006dca90
0x00007f8804e66770:   00000007171d6c70 00007f8800023c90 

Instructions: (pc=0x00007f87c5b64b74)
0x00007f87c5b64a74:   8d 35 8b 9e 00 00 48 f7 d2 48 01 c2 31 c0 0f 1f
0x00007f87c5b64a84:   40 00 66 2e 0f 1f 84 00 00 00 00 00 48 39 c2 0f
0x00007f87c5b64a94:   84 07 ff ff ff 0f b6 0c 30 84 c9 41 88 0c 02 0f
0x00007f87c5b64aa4:   84 f7 fe ff ff 48 83 c0 01 48 83 f8 3f 75 dd e9
0x00007f87c5b64ab4:   e8 fe ff ff c6 44 24 1f 00 e9 6e ff ff ff e8 f9
0x00007f87c5b64ac4:   ba ff ff 66 0f 1f 84 00 00 00 00 00 41 57 41 56
0x00007f87c5b64ad4:   41 55 41 54 55 53 48 83 ec 58 4c 8b 35 b3 b7 20
0x00007f87c5b64ae4:   00 64 48 8b 04 25 28 00 00 00 48 89 44 24 48 31
0x00007f87c5b64af4:   c0 4d 85 f6 0f 84 82 01 00 00 49 8b 6e 50 49 89
0x00007f87c5b64b04:   fc 49 89 f5 8b 7d 1c e8 90 bb ff ff 48 85 c0 48
0x00007f87c5b64b14:   89 c3 0f 84 94 01 00 00 49 8b 76 18 4c 89 e2 48
0x00007f87c5b64b24:   89 df 4c 89 e9 e8 42 e7 ff ff 48 8b 9b 80 00 00
0x00007f87c5b64b34:   00 41 89 c4 48 8b 3b 48 8d 74 24 28 c7 43 1c 01
0x00007f87c5b64b44:   00 00 00 48 8b 6b 10 e8 80 f4 ff ff 85 c0 0f 85
0x00007f87c5b64b54:   28 04 00 00 48 8b 44 24 28 48 c7 40 60 00 00 00
0x00007f87c5b64b64:   00 48 c7 40 68 01 00 00 00 c7 40 10 00 00 00 00
0x00007f87c5b64b74:   8b 75 10 c7 40 40 00 00 00 00 48 c7 40 28 00 00
0x00007f87c5b64b84:   00 00 44 89 60 0c 48 89 68 20 89 f2 48 c7 40 30
0x00007f87c5b64b94:   00 00 00 00 48 c7 40 38 00 00 00 00 c1 e2 06 48
0x00007f87c5b64ba4:   c7 40 48 00 00 00 00 48 c7 40 50 00 00 00 00 41
0x00007f87c5b64bb4:   8d 8c 14 b9 79 37 9e 89 f2 48 c7 40 58 00 00 00
0x00007f87c5b64bc4:   00 c1 ea 02 01 ca 31 f2 8b 75 40 89 d1 89 d7 c1
0x00007f87c5b64bd4:   e1 06 c1 ef 02 8d 8c 0e b9 79 37 9e 83 c6 01 01
0x00007f87c5b64be4:   f9 31 ca 48 83 7d 28 00 89 50 10 89 75 40 0f 84
0x00007f87c5b64bf4:   48 04 00 00 48 8b 55 30 48 89 42 38 48 89 45 30
0x00007f87c5b64c04:   48 89 43 10 c7 43 1c 00 00 00 00 48 8b 5c 24 28
0x00007f87c5b64c14:   83 7b 68 01 0f 86 c2 03 00 00 48 8d 74 24 30 31
0x00007f87c5b64c24:   ff 48 8b 2d 6c b6 20 00 e8 3f b9 ff ff 66 0f ef
0x00007f87c5b64c34:   c0 48 69 44 24 30 40 42 0f 00 f2 0f 10 0d 2a a0
0x00007f87c5b64c44:   00 00 f2 48 0f 2a 44 24 38 f2 0f 59 05 13 a0 00
0x00007f87c5b64c54:   00 48 2b 45 08 66 0f 2e c1 48 89 c2 0f 83 5a 03
0x00007f87c5b64c64:   00 00 f2 48 0f 2c c0 48 01 d0 48 89 43 50 0f 1f 


Stack slot to memory mapping:
stack at sp + 0 slots: 0x00007f8804e66800 is pointing into the stack for thread: 0x00007f8800023c90
stack at sp + 1 slots: 0x00007f8805bb5bf2: <offset 0x0000000000c04bf2> in /home/snoweuph/.jdks/corretto-16.0.2/lib/server/libjvm.so at 0x00007f8804fb1000
stack at sp + 2 slots: 0x00007f8804e668a0 is pointing into the stack for thread: 0x00007f8800023c90
stack at sp + 3 slots: 0x00000000000003d8 is an unknown value
stack at sp + 4 slots: 0x00007f8800024f18 points into unknown readable memory: 0x0000000000000105 | 05 01 00 00 00 00 00 00
stack at sp + 5 slots: 0x00007f88006dca90 points into unknown readable memory: 0x0000000000000000 | 00 00 00 00 00 00 00 00
stack at sp + 6 slots: 0x00000007171d6c70 is an oop: java.lang.Class 
{0x00000007171d6c70} - klass: 'java/lang/Class'
stack at sp + 7 slots: 0x00007f8800023c90 is a thread


---------------  P R O C E S S  ---------------

Threads class SMR info:
_java_thread_list=0x00007f8794000b60, length=11, elements={
0x00007f8800023c90, 0x00007f8800177a10, 0x00007f8800178f90, 0x00007f88001a5ef0,
0x00007f88001a7440, 0x00007f88001a8960, 0x00007f88001aa440, 0x00007f88001abaa0,
0x00007f88001b5030, 0x00007f88001bc820, 0x00007f88001c2420
}

Java Threads: ( => current thread )
=>0x00007f8800023c90 JavaThread "main" [_thread_in_native, id=8573, stack(0x00007f8804d67000,0x00007f8804e68000)]
  0x00007f8800177a10 JavaThread "Reference Handler" daemon [_thread_blocked, id=8580, stack(0x00007f87dc08c000,0x00007f87dc18d000)]
  0x00007f8800178f90 JavaThread "Finalizer" daemon [_thread_blocked, id=8581, stack(0x00007f87c76ff000,0x00007f87c7800000)]
  0x00007f88001a5ef0 JavaThread "Signal Dispatcher" daemon [_thread_blocked, id=8582, stack(0x00007f87c7386000,0x00007f87c7487000)]
  0x00007f88001a7440 JavaThread "Service Thread" daemon [_thread_blocked, id=8583, stack(0x00007f87c7285000,0x00007f87c7386000)]
  0x00007f88001a8960 JavaThread "Monitor Deflation Thread" daemon [_thread_blocked, id=8584, stack(0x00007f87c7184000,0x00007f87c7285000)]
  0x00007f88001aa440 JavaThread "C2 CompilerThread0" daemon [_thread_blocked, id=8585, stack(0x00007f87c7083000,0x00007f87c7184000)]
  0x00007f88001abaa0 JavaThread "C1 CompilerThread0" daemon [_thread_blocked, id=8586, stack(0x00007f87c6f82000,0x00007f87c7083000)]
  0x00007f88001b5030 JavaThread "Sweeper thread" daemon [_thread_blocked, id=8587, stack(0x00007f87c6e81000,0x00007f87c6f82000)]
  0x00007f88001bc820 JavaThread "Notification Thread" daemon [_thread_blocked, id=8588, stack(0x00007f87c6d80000,0x00007f87c6e81000)]
  0x00007f88001c2420 JavaThread "Common-Cleaner" daemon [_thread_blocked, id=8590, stack(0x00007f87c6b7d000,0x00007f87c6c7e000)]

Other Threads:
  0x00007f8800175450 VMThread "VM Thread" [stack: 0x00007f87dc18f000,0x00007f87dc28f000] [id=8579]
  0x00007f88001be2f0 WatcherThread [stack: 0x00007f87c6c80000,0x00007f87c6d80000] [id=8589]
  0x00007f8800073680 GCTaskThread "GC Thread#0" [stack: 0x00007f87defbe000,0x00007f87df0be000] [id=8574]
  0x00007f8800084630 ConcurrentGCThread "G1 Main Marker" [stack: 0x00007f87deebc000,0x00007f87defbc000] [id=8575]
  0x00007f88000856c0 ConcurrentGCThread "G1 Conc#0" [stack: 0x00007f87dedba000,0x00007f87deeba000] [id=8576]
  0x00007f880013b3c0 ConcurrentGCThread "G1 Refine#0" [stack: 0x00007f87dc4b0000,0x00007f87dc5b0000] [id=8577]
  0x00007f880013c3e0 ConcurrentGCThread "G1 Service" [stack: 0x00007f87dc3ae000,0x00007f87dc4ae000] [id=8578]

Threads with active compile tasks:

VM state: not at safepoint (normal execution)

VM Mutex/Monitor currently owned by a thread: None

Heap address: 0x0000000707c00000, size: 3972 MB, Compressed Oops mode: Zero based, Oop shift amount: 3

CDS archive(s) mapped at: [0x0000000800000000-0x0000000800bf7000-0x0000000800bf7000), size 12546048, SharedBaseAddress: 0x0000000800000000, ArchiveRelocationMode: 0.
Compressed class space mapped at: 0x0000000800c00000-0x0000000840c00000, reserved size: 1073741824
Narrow klass base: 0x0000000800000000, Narrow klass shift: 3, Narrow klass range: 0x100000000

GC Precious Log:
 CPUs: 8 total, 8 available
 Memory: 15881M
 Large Page Support: Disabled
 NUMA Support: Disabled
 Compressed Oops: Enabled (Zero based)
 Heap Region Size: 2M
 Heap Min Capacity: 8M
 Heap Initial Capacity: 250M
 Heap Max Capacity: 3972M
 Pre-touch: Disabled
 Parallel Workers: 8
 Concurrent Workers: 2
 Concurrent Refinement Workers: 8
 Periodic GC: Disabled

Heap:
 garbage-first heap   total 260096K, used 10232K [0x0000000707c00000, 0x0000000800000000)
  region size 2048K, 5 young (10240K), 0 survivors (0K)
 Metaspace       used 2969K, committed 3136K, reserved 1056768K
  class space    used 181K, committed 256K, reserved 1048576K

Heap Regions: E=young(eden), S=young(survivor), O=old, HS=humongous(starts), HC=humongous(continues), CS=collection set, F=free, OA=open archive, CA=closed archive, TAMS=top-at-mark-start (previous, next)
|   0|0x0000000707c00000, 0x0000000707c00000, 0x0000000707e00000|  0%| F|  |TAMS 0x0000000707c00000, 0x0000000707c00000| Untracked 
|   1|0x0000000707e00000, 0x0000000707e00000, 0x0000000708000000|  0%| F|  |TAMS 0x0000000707e00000, 0x0000000707e00000| Untracked 
|   2|0x0000000708000000, 0x0000000708000000, 0x0000000708200000|  0%| F|  |TAMS 0x0000000708000000, 0x0000000708000000| Untracked 
|   3|0x0000000708200000, 0x0000000708200000, 0x0000000708400000|  0%| F|  |TAMS 0x0000000708200000, 0x0000000708200000| Untracked 
|   4|0x0000000708400000, 0x0000000708400000, 0x0000000708600000|  0%| F|  |TAMS 0x0000000708400000, 0x0000000708400000| Untracked 
|   5|0x0000000708600000, 0x0000000708600000, 0x0000000708800000|  0%| F|  |TAMS 0x0000000708600000, 0x0000000708600000| Untracked 
|   6|0x0000000708800000, 0x0000000708800000, 0x0000000708a00000|  0%| F|  |TAMS 0x0000000708800000, 0x0000000708800000| Untracked 
|   7|0x0000000708a00000, 0x0000000708a00000, 0x0000000708c00000|  0%| F|  |TAMS 0x0000000708a00000, 0x0000000708a00000| Untracked 
|   8|0x0000000708c00000, 0x0000000708c00000, 0x0000000708e00000|  0%| F|  |TAMS 0x0000000708c00000, 0x0000000708c00000| Untracked 
|   9|0x0000000708e00000, 0x0000000708e00000, 0x0000000709000000|  0%| F|  |TAMS 0x0000000708e00000, 0x0000000708e00000| Untracked 
|  10|0x0000000709000000, 0x0000000709000000, 0x0000000709200000|  0%| F|  |TAMS 0x0000000709000000, 0x0000000709000000| Untracked 
|  11|0x0000000709200000, 0x0000000709200000, 0x0000000709400000|  0%| F|  |TAMS 0x0000000709200000, 0x0000000709200000| Untracked 
|  12|0x0000000709400000, 0x0000000709400000, 0x0000000709600000|  0%| F|  |TAMS 0x0000000709400000, 0x0000000709400000| Untracked 
|  13|0x0000000709600000, 0x0000000709600000, 0x0000000709800000|  0%| F|  |TAMS 0x0000000709600000, 0x0000000709600000| Untracked 
|  14|0x0000000709800000, 0x0000000709800000, 0x0000000709a00000|  0%| F|  |TAMS 0x0000000709800000, 0x0000000709800000| Untracked 
|  15|0x0000000709a00000, 0x0000000709a00000, 0x0000000709c00000|  0%| F|  |TAMS 0x0000000709a00000, 0x0000000709a00000| Untracked 
|  16|0x0000000709c00000, 0x0000000709c00000, 0x0000000709e00000|  0%| F|  |TAMS 0x0000000709c00000, 0x0000000709c00000| Untracked 
|  17|0x0000000709e00000, 0x0000000709e00000, 0x000000070a000000|  0%| F|  |TAMS 0x0000000709e00000, 0x0000000709e00000| Untracked 
|  18|0x000000070a000000, 0x000000070a000000, 0x000000070a200000|  0%| F|  |TAMS 0x000000070a000000, 0x000000070a000000| Untracked 
|  19|0x000000070a200000, 0x000000070a200000, 0x000000070a400000|  0%| F|  |TAMS 0x000000070a200000, 0x000000070a200000| Untracked 
|  20|0x000000070a400000, 0x000000070a400000, 0x000000070a600000|  0%| F|  |TAMS 0x000000070a400000, 0x000000070a400000| Untracked 
|  21|0x000000070a600000, 0x000000070a600000, 0x000000070a800000|  0%| F|  |TAMS 0x000000070a600000, 0x000000070a600000| Untracked 
|  22|0x000000070a800000, 0x000000070a800000, 0x000000070aa00000|  0%| F|  |TAMS 0x000000070a800000, 0x000000070a800000| Untracked 
|  23|0x000000070aa00000, 0x000000070aa00000, 0x000000070ac00000|  0%| F|  |TAMS 0x000000070aa00000, 0x000000070aa00000| Untracked 
|  24|0x000000070ac00000, 0x000000070ac00000, 0x000000070ae00000|  0%| F|  |TAMS 0x000000070ac00000, 0x000000070ac00000| Untracked 
|  25|0x000000070ae00000, 0x000000070ae00000, 0x000000070b000000|  0%| F|  |TAMS 0x000000070ae00000, 0x000000070ae00000| Untracked 
|  26|0x000000070b000000, 0x000000070b000000, 0x000000070b200000|  0%| F|  |TAMS 0x000000070b000000, 0x000000070b000000| Untracked 
|  27|0x000000070b200000, 0x000000070b200000, 0x000000070b400000|  0%| F|  |TAMS 0x000000070b200000, 0x000000070b200000| Untracked 
|  28|0x000000070b400000, 0x000000070b400000, 0x000000070b600000|  0%| F|  |TAMS 0x000000070b400000, 0x000000070b400000| Untracked 
|  29|0x000000070b600000, 0x000000070b600000, 0x000000070b800000|  0%| F|  |TAMS 0x000000070b600000, 0x000000070b600000| Untracked 
|  30|0x000000070b800000, 0x000000070b800000, 0x000000070ba00000|  0%| F|  |TAMS 0x000000070b800000, 0x000000070b800000| Untracked 
|  31|0x000000070ba00000, 0x000000070ba00000, 0x000000070bc00000|  0%| F|  |TAMS 0x000000070ba00000, 0x000000070ba00000| Untracked 
|  32|0x000000070bc00000, 0x000000070bc00000, 0x000000070be00000|  0%| F|  |TAMS 0x000000070bc00000, 0x000000070bc00000| Untracked 
|  33|0x000000070be00000, 0x000000070be00000, 0x000000070c000000|  0%| F|  |TAMS 0x000000070be00000, 0x000000070be00000| Untracked 
|  34|0x000000070c000000, 0x000000070c000000, 0x000000070c200000|  0%| F|  |TAMS 0x000000070c000000, 0x000000070c000000| Untracked 
|  35|0x000000070c200000, 0x000000070c200000, 0x000000070c400000|  0%| F|  |TAMS 0x000000070c200000, 0x000000070c200000| Untracked 
|  36|0x000000070c400000, 0x000000070c400000, 0x000000070c600000|  0%| F|  |TAMS 0x000000070c400000, 0x000000070c400000| Untracked 
|  37|0x000000070c600000, 0x000000070c600000, 0x000000070c800000|  0%| F|  |TAMS 0x000000070c600000, 0x000000070c600000| Untracked 
|  38|0x000000070c800000, 0x000000070c800000, 0x000000070ca00000|  0%| F|  |TAMS 0x000000070c800000, 0x000000070c800000| Untracked 
|  39|0x000000070ca00000, 0x000000070ca00000, 0x000000070cc00000|  0%| F|  |TAMS 0x000000070ca00000, 0x000000070ca00000| Untracked 
|  40|0x000000070cc00000, 0x000000070cc00000, 0x000000070ce00000|  0%| F|  |TAMS 0x000000070cc00000, 0x000000070cc00000| Untracked 
|  41|0x000000070ce00000, 0x000000070ce00000, 0x000000070d000000|  0%| F|  |TAMS 0x000000070ce00000, 0x000000070ce00000| Untracked 
|  42|0x000000070d000000, 0x000000070d000000, 0x000000070d200000|  0%| F|  |TAMS 0x000000070d000000, 0x000000070d000000| Untracked 
|  43|0x000000070d200000, 0x000000070d200000, 0x000000070d400000|  0%| F|  |TAMS 0x000000070d200000, 0x000000070d200000| Untracked 
|  44|0x000000070d400000, 0x000000070d400000, 0x000000070d600000|  0%| F|  |TAMS 0x000000070d400000, 0x000000070d400000| Untracked 
|  45|0x000000070d600000, 0x000000070d600000, 0x000000070d800000|  0%| F|  |TAMS 0x000000070d600000, 0x000000070d600000| Untracked 
|  46|0x000000070d800000, 0x000000070d800000, 0x000000070da00000|  0%| F|  |TAMS 0x000000070d800000, 0x000000070d800000| Untracked 
|  47|0x000000070da00000, 0x000000070da00000, 0x000000070dc00000|  0%| F|  |TAMS 0x000000070da00000, 0x000000070da00000| Untracked 
|  48|0x000000070dc00000, 0x000000070dc00000, 0x000000070de00000|  0%| F|  |TAMS 0x000000070dc00000, 0x000000070dc00000| Untracked 
|  49|0x000000070de00000, 0x000000070de00000, 0x000000070e000000|  0%| F|  |TAMS 0x000000070de00000, 0x000000070de00000| Untracked 
|  50|0x000000070e000000, 0x000000070e000000, 0x000000070e200000|  0%| F|  |TAMS 0x000000070e000000, 0x000000070e000000| Untracked 
|  51|0x000000070e200000, 0x000000070e200000, 0x000000070e400000|  0%| F|  |TAMS 0x000000070e200000, 0x000000070e200000| Untracked 
|  52|0x000000070e400000, 0x000000070e400000, 0x000000070e600000|  0%| F|  |TAMS 0x000000070e400000, 0x000000070e400000| Untracked 
|  53|0x000000070e600000, 0x000000070e600000, 0x000000070e800000|  0%| F|  |TAMS 0x000000070e600000, 0x000000070e600000| Untracked 
|  54|0x000000070e800000, 0x000000070e800000, 0x000000070ea00000|  0%| F|  |TAMS 0x000000070e800000, 0x000000070e800000| Untracked 
|  55|0x000000070ea00000, 0x000000070ea00000, 0x000000070ec00000|  0%| F|  |TAMS 0x000000070ea00000, 0x000000070ea00000| Untracked 
|  56|0x000000070ec00000, 0x000000070ec00000, 0x000000070ee00000|  0%| F|  |TAMS 0x000000070ec00000, 0x000000070ec00000| Untracked 
|  57|0x000000070ee00000, 0x000000070ee00000, 0x000000070f000000|  0%| F|  |TAMS 0x000000070ee00000, 0x000000070ee00000| Untracked 
|  58|0x000000070f000000, 0x000000070f000000, 0x000000070f200000|  0%| F|  |TAMS 0x000000070f000000, 0x000000070f000000| Untracked 
|  59|0x000000070f200000, 0x000000070f200000, 0x000000070f400000|  0%| F|  |TAMS 0x000000070f200000, 0x000000070f200000| Untracked 
|  60|0x000000070f400000, 0x000000070f400000, 0x000000070f600000|  0%| F|  |TAMS 0x000000070f400000, 0x000000070f400000| Untracked 
|  61|0x000000070f600000, 0x000000070f600000, 0x000000070f800000|  0%| F|  |TAMS 0x000000070f600000, 0x000000070f600000| Untracked 
|  62|0x000000070f800000, 0x000000070f800000, 0x000000070fa00000|  0%| F|  |TAMS 0x000000070f800000, 0x000000070f800000| Untracked 
|  63|0x000000070fa00000, 0x000000070fa00000, 0x000000070fc00000|  0%| F|  |TAMS 0x000000070fa00000, 0x000000070fa00000| Untracked 
|  64|0x000000070fc00000, 0x000000070fc00000, 0x000000070fe00000|  0%| F|  |TAMS 0x000000070fc00000, 0x000000070fc00000| Untracked 
|  65|0x000000070fe00000, 0x000000070fe00000, 0x0000000710000000|  0%| F|  |TAMS 0x000000070fe00000, 0x000000070fe00000| Untracked 
|  66|0x0000000710000000, 0x0000000710000000, 0x0000000710200000|  0%| F|  |TAMS 0x0000000710000000, 0x0000000710000000| Untracked 
|  67|0x0000000710200000, 0x0000000710200000, 0x0000000710400000|  0%| F|  |TAMS 0x0000000710200000, 0x0000000710200000| Untracked 
|  68|0x0000000710400000, 0x0000000710400000, 0x0000000710600000|  0%| F|  |TAMS 0x0000000710400000, 0x0000000710400000| Untracked 
|  69|0x0000000710600000, 0x0000000710600000, 0x0000000710800000|  0%| F|  |TAMS 0x0000000710600000, 0x0000000710600000| Untracked 
|  70|0x0000000710800000, 0x0000000710800000, 0x0000000710a00000|  0%| F|  |TAMS 0x0000000710800000, 0x0000000710800000| Untracked 
|  71|0x0000000710a00000, 0x0000000710a00000, 0x0000000710c00000|  0%| F|  |TAMS 0x0000000710a00000, 0x0000000710a00000| Untracked 
|  72|0x0000000710c00000, 0x0000000710c00000, 0x0000000710e00000|  0%| F|  |TAMS 0x0000000710c00000, 0x0000000710c00000| Untracked 
|  73|0x0000000710e00000, 0x0000000710e00000, 0x0000000711000000|  0%| F|  |TAMS 0x0000000710e00000, 0x0000000710e00000| Untracked 
|  74|0x0000000711000000, 0x0000000711000000, 0x0000000711200000|  0%| F|  |TAMS 0x0000000711000000, 0x0000000711000000| Untracked 
|  75|0x0000000711200000, 0x0000000711200000, 0x0000000711400000|  0%| F|  |TAMS 0x0000000711200000, 0x0000000711200000| Untracked 
|  76|0x0000000711400000, 0x0000000711400000, 0x0000000711600000|  0%| F|  |TAMS 0x0000000711400000, 0x0000000711400000| Untracked 
|  77|0x0000000711600000, 0x0000000711600000, 0x0000000711800000|  0%| F|  |TAMS 0x0000000711600000, 0x0000000711600000| Untracked 
|  78|0x0000000711800000, 0x0000000711800000, 0x0000000711a00000|  0%| F|  |TAMS 0x0000000711800000, 0x0000000711800000| Untracked 
|  79|0x0000000711a00000, 0x0000000711a00000, 0x0000000711c00000|  0%| F|  |TAMS 0x0000000711a00000, 0x0000000711a00000| Untracked 
|  80|0x0000000711c00000, 0x0000000711c00000, 0x0000000711e00000|  0%| F|  |TAMS 0x0000000711c00000, 0x0000000711c00000| Untracked 
|  81|0x0000000711e00000, 0x0000000711e00000, 0x0000000712000000|  0%| F|  |TAMS 0x0000000711e00000, 0x0000000711e00000| Untracked 
|  82|0x0000000712000000, 0x0000000712000000, 0x0000000712200000|  0%| F|  |TAMS 0x0000000712000000, 0x0000000712000000| Untracked 
|  83|0x0000000712200000, 0x0000000712200000, 0x0000000712400000|  0%| F|  |TAMS 0x0000000712200000, 0x0000000712200000| Untracked 
|  84|0x0000000712400000, 0x0000000712400000, 0x0000000712600000|  0%| F|  |TAMS 0x0000000712400000, 0x0000000712400000| Untracked 
|  85|0x0000000712600000, 0x0000000712600000, 0x0000000712800000|  0%| F|  |TAMS 0x0000000712600000, 0x0000000712600000| Untracked 
|  86|0x0000000712800000, 0x0000000712800000, 0x0000000712a00000|  0%| F|  |TAMS 0x0000000712800000, 0x0000000712800000| Untracked 
|  87|0x0000000712a00000, 0x0000000712a00000, 0x0000000712c00000|  0%| F|  |TAMS 0x0000000712a00000, 0x0000000712a00000| Untracked 
|  88|0x0000000712c00000, 0x0000000712c00000, 0x0000000712e00000|  0%| F|  |TAMS 0x0000000712c00000, 0x0000000712c00000| Untracked 
|  89|0x0000000712e00000, 0x0000000712e00000, 0x0000000713000000|  0%| F|  |TAMS 0x0000000712e00000, 0x0000000712e00000| Untracked 
|  90|0x0000000713000000, 0x0000000713000000, 0x0000000713200000|  0%| F|  |TAMS 0x0000000713000000, 0x0000000713000000| Untracked 
|  91|0x0000000713200000, 0x0000000713200000, 0x0000000713400000|  0%| F|  |TAMS 0x0000000713200000, 0x0000000713200000| Untracked 
|  92|0x0000000713400000, 0x0000000713400000, 0x0000000713600000|  0%| F|  |TAMS 0x0000000713400000, 0x0000000713400000| Untracked 
|  93|0x0000000713600000, 0x0000000713600000, 0x0000000713800000|  0%| F|  |TAMS 0x0000000713600000, 0x0000000713600000| Untracked 
|  94|0x0000000713800000, 0x0000000713800000, 0x0000000713a00000|  0%| F|  |TAMS 0x0000000713800000, 0x0000000713800000| Untracked 
|  95|0x0000000713a00000, 0x0000000713a00000, 0x0000000713c00000|  0%| F|  |TAMS 0x0000000713a00000, 0x0000000713a00000| Untracked 
|  96|0x0000000713c00000, 0x0000000713c00000, 0x0000000713e00000|  0%| F|  |TAMS 0x0000000713c00000, 0x0000000713c00000| Untracked 
|  97|0x0000000713e00000, 0x0000000713e00000, 0x0000000714000000|  0%| F|  |TAMS 0x0000000713e00000, 0x0000000713e00000| Untracked 
|  98|0x0000000714000000, 0x0000000714000000, 0x0000000714200000|  0%| F|  |TAMS 0x0000000714000000, 0x0000000714000000| Untracked 
|  99|0x0000000714200000, 0x0000000714200000, 0x0000000714400000|  0%| F|  |TAMS 0x0000000714200000, 0x0000000714200000| Untracked 
| 100|0x0000000714400000, 0x0000000714400000, 0x0000000714600000|  0%| F|  |TAMS 0x0000000714400000, 0x0000000714400000| Untracked 
| 101|0x0000000714600000, 0x0000000714600000, 0x0000000714800000|  0%| F|  |TAMS 0x0000000714600000, 0x0000000714600000| Untracked 
| 102|0x0000000714800000, 0x0000000714800000, 0x0000000714a00000|  0%| F|  |TAMS 0x0000000714800000, 0x0000000714800000| Untracked 
| 103|0x0000000714a00000, 0x0000000714a00000, 0x0000000714c00000|  0%| F|  |TAMS 0x0000000714a00000, 0x0000000714a00000| Untracked 
| 104|0x0000000714c00000, 0x0000000714c00000, 0x0000000714e00000|  0%| F|  |TAMS 0x0000000714c00000, 0x0000000714c00000| Untracked 
| 105|0x0000000714e00000, 0x0000000714e00000, 0x0000000715000000|  0%| F|  |TAMS 0x0000000714e00000, 0x0000000714e00000| Untracked 
| 106|0x0000000715000000, 0x0000000715000000, 0x0000000715200000|  0%| F|  |TAMS 0x0000000715000000, 0x0000000715000000| Untracked 
| 107|0x0000000715200000, 0x0000000715200000, 0x0000000715400000|  0%| F|  |TAMS 0x0000000715200000, 0x0000000715200000| Untracked 
| 108|0x0000000715400000, 0x0000000715400000, 0x0000000715600000|  0%| F|  |TAMS 0x0000000715400000, 0x0000000715400000| Untracked 
| 109|0x0000000715600000, 0x0000000715600000, 0x0000000715800000|  0%| F|  |TAMS 0x0000000715600000, 0x0000000715600000| Untracked 
| 110|0x0000000715800000, 0x0000000715800000, 0x0000000715a00000|  0%| F|  |TAMS 0x0000000715800000, 0x0000000715800000| Untracked 
| 111|0x0000000715a00000, 0x0000000715a00000, 0x0000000715c00000|  0%| F|  |TAMS 0x0000000715a00000, 0x0000000715a00000| Untracked 
| 112|0x0000000715c00000, 0x0000000715c00000, 0x0000000715e00000|  0%| F|  |TAMS 0x0000000715c00000, 0x0000000715c00000| Untracked 
| 113|0x0000000715e00000, 0x0000000715e00000, 0x0000000716000000|  0%| F|  |TAMS 0x0000000715e00000, 0x0000000715e00000| Untracked 
| 114|0x0000000716000000, 0x0000000716000000, 0x0000000716200000|  0%| F|  |TAMS 0x0000000716000000, 0x0000000716000000| Untracked 
| 115|0x0000000716200000, 0x0000000716200000, 0x0000000716400000|  0%| F|  |TAMS 0x0000000716200000, 0x0000000716200000| Untracked 
| 116|0x0000000716400000, 0x0000000716400000, 0x0000000716600000|  0%| F|  |TAMS 0x0000000716400000, 0x0000000716400000| Untracked 
| 117|0x0000000716600000, 0x0000000716600000, 0x0000000716800000|  0%| F|  |TAMS 0x0000000716600000, 0x0000000716600000| Untracked 
| 118|0x0000000716800000, 0x0000000716800000, 0x0000000716a00000|  0%| F|  |TAMS 0x0000000716800000, 0x0000000716800000| Untracked 
| 119|0x0000000716a00000, 0x0000000716a00000, 0x0000000716c00000|  0%| F|  |TAMS 0x0000000716a00000, 0x0000000716a00000| Untracked 
| 120|0x0000000716c00000, 0x0000000716d20328, 0x0000000716e00000| 56%| E|  |TAMS 0x0000000716c00000, 0x0000000716c00000| Complete 
| 121|0x0000000716e00000, 0x0000000717000000, 0x0000000717000000|100%| E|CS|TAMS 0x0000000716e00000, 0x0000000716e00000| Complete 
| 122|0x0000000717000000, 0x0000000717200000, 0x0000000717200000|100%| E|CS|TAMS 0x0000000717000000, 0x0000000717000000| Complete 
| 123|0x0000000717200000, 0x0000000717400000, 0x0000000717400000|100%| E|CS|TAMS 0x0000000717200000, 0x0000000717200000| Complete 
| 124|0x0000000717400000, 0x0000000717600000, 0x0000000717600000|100%| E|CS|TAMS 0x0000000717400000, 0x0000000717400000| Complete 
|1984|0x00000007ffc00000, 0x00000007ffd76000, 0x00000007ffe00000| 73%|OA|  |TAMS 0x00000007ffc00000, 0x00000007ffc00000| Untracked 
|1985|0x00000007ffe00000, 0x00000007ffe88000, 0x0000000800000000| 26%|CA|  |TAMS 0x00000007ffe00000, 0x00000007ffe00000| Untracked 

Card table byte_map: [0x00007f87e7521000,0x00007f87e7ce3000] _byte_map_base: 0x00007f87e3ce3000

Marking Bits (Prev, Next): (CMBitMap*) 0x00007f8800074230, (CMBitMap*) 0x00007f8800074270
 Prev Bits: [0x00007f87e2f4f000, 0x00007f87e6d5f000)
 Next Bits: [0x00007f87df13f000, 0x00007f87e2f4f000)

Polling page: 0x00007f88067c4000

Metaspace:

Usage:
  Non-class:      2,72 MB used.
      Class:    181,50 KB used.
       Both:      2,90 MB used.

Virtual space:
  Non-class space:        8,00 MB reserved,       2,81 MB ( 35%) committed,  1 nodes.
      Class space:        1,00 GB reserved,     256,00 KB ( <1%) committed,  1 nodes.
              Both:        1,01 GB reserved,       3,06 MB ( <1%) committed. 

Chunk freelists:
   Non-Class:  2,56 MB
       Class:  3,63 MB
        Both:  6,19 MB

MaxMetaspaceSize: 17179869184,00 GB
CompressedClassSpaceSize: 1,00 GB
 - commit_granule_bytes: 65536.
 - commit_granule_words: 8192.
 - virtual_space_node_default_size: 1048576.
 - enlarge_chunks_in_place: 1.
 - new_chunks_are_fully_committed: 0.
 - uncommit_free_chunks: 1.
 - use_allocation_guard: 0.
 - handle_deallocations: 1.


Internal statistics:

num_allocs_failed_limit: 0.
num_arena_births: 82.
num_arena_deaths: 0.
num_vsnodes_births: 2.
num_vsnodes_deaths: 0.
num_space_committed: 47.
num_space_uncommitted: 0.
num_chunks_returned_to_freelist: 0.
num_chunks_taken_from_freelist: 152.
num_chunk_merges: 0.
num_chunk_splits: 94.
num_chunks_enlarged: 64.
num_purges: 0.

CodeHeap 'non-profiled nmethods': size=120028Kb used=203Kb max_used=203Kb free=119824Kb
 bounds [0x00007f87f006f000, 0x00007f87f02df000, 0x00007f87f75a6000]
CodeHeap 'profiled nmethods': size=120028Kb used=978Kb max_used=978Kb free=119049Kb
 bounds [0x00007f87e8b38000, 0x00007f87e8da8000, 0x00007f87f006f000]
CodeHeap 'non-nmethods': size=5704Kb used=1521Kb max_used=1534Kb free=4183Kb
 bounds [0x00007f87e85a6000, 0x00007f87e8816000, 0x00007f87e8b38000]
 total_blobs=1591 nmethods=666 adapters=839
 compilation: enabled
              stopped_count=0, restarted_count=0
 full_count=0

Compilation events (20 events):
Event: 1,261 Thread 0x00007f88001abaa0  656       3       org.lwjgl.system.MemoryStack::getPointerAddress (15 bytes)
Event: 1,261 Thread 0x00007f88001abaa0 nmethod 656 0x00007f87e8c29890 code [0x00007f87e8c29a20, 0x00007f87e8c29b30]
Event: 1,261 Thread 0x00007f88001abaa0  657       3       org.lwjgl.system.MemoryStack::setPointer (17 bytes)
Event: 1,261 Thread 0x00007f88001abaa0 nmethod 657 0x00007f87e8c29c10 code [0x00007f87e8c29de0, 0x00007f87e8c2a0c0]
Event: 1,261 Thread 0x00007f88001abaa0  658       3       org.lwjgl.system.MemoryStack::nASCII (20 bytes)
Event: 1,262 Thread 0x00007f88001abaa0 nmethod 658 0x00007f87e8c2a210 code [0x00007f87e8c2a400, 0x00007f87e8c2a8b0]
Event: 1,525 Thread 0x00007f88001aa440  659       4       java.lang.Math::max (11 bytes)
Event: 1,525 Thread 0x00007f88001aa440 nmethod 659 0x00007f87f00a1010 code [0x00007f87f00a1180, 0x00007f87f00a11d8]
Event: 1,552 Thread 0x00007f88001abaa0  660       3       org.lwjgl.system.Checks::checkSafe (13 bytes)
Event: 1,552 Thread 0x00007f88001abaa0 nmethod 660 0x00007f87e8c2aa90 code [0x00007f87e8c2ac40, 0x00007f87e8c2aee0]
Event: 1,552 Thread 0x00007f88001abaa0  661       3       org.lwjgl.system.MemoryUtil::memAddressSafe (21 bytes)
Event: 1,553 Thread 0x00007f88001abaa0 nmethod 661 0x00007f87e8c2b010 code [0x00007f87e8c2b1e0, 0x00007f87e8c2b4a0]
Event: 1,559 Thread 0x00007f88001abaa0  662       3       org.lwjgl.glfw.GLFW::glfwGetTimerFrequency (9 bytes)
Event: 1,559 Thread 0x00007f88001abaa0 nmethod 662 0x00007f87e8c2b610 code [0x00007f87e8c2b7c0, 0x00007f87e8c2b8e0]
Event: 1,559 Thread 0x00007f88001abaa0  664       1       org.euph.engine.displaySystem.Window::getDelta (5 bytes)
Event: 1,559 Thread 0x00007f88001abaa0 nmethod 664 0x00007f87f00a1710 code [0x00007f87f00a18a0, 0x00007f87f00a1970]
Event: 1,559 Thread 0x00007f88001abaa0  665       1       jdk.internal.math.FloatingDecimal$BinaryToASCIIBuffer::setSign (6 bytes)
Event: 1,559 Thread 0x00007f88001abaa0 nmethod 665 0x00007f87f00a1a10 code [0x00007f87f00a1ba0, 0x00007f87f00a1c70]
Event: 1,712 Thread 0x00007f88001abaa0  666   !   3       java.net.URL::set (114 bytes)
Event: 1,714 Thread 0x00007f88001abaa0 nmethod 666 0x00007f87e8c2b990 code [0x00007f87e8c2bbe0, 0x00007f87e8c2c6b0]

GC Heap History (0 events):
No events

Deoptimization events (10 events):
Event: 0,227 Thread 0x00007f8800023c90 Uncommon trap: trap_request=0xffffff45 fr.pc=0x00007f87f007057c relative=0x000000000000005c
Event: 0,227 Thread 0x00007f8800023c90 Uncommon trap: reason=unstable_if action=reinterpret pc=0x00007f87f007057c method=java.lang.String.isLatin1()Z @ 10 c2
Event: 0,227 Thread 0x00007f8800023c90 DEOPT PACKING pc=0x00007f87f007057c sp=0x00007f8804e63ec0
Event: 0,227 Thread 0x00007f8800023c90 DEOPT UNPACKING pc=0x00007f87e85f3424 sp=0x00007f8804e63e70 mode 2
Event: 0,274 Thread 0x00007f8800023c90 DEOPT PACKING pc=0x00007f87e8b3dcee sp=0x00007f8804e64730
Event: 0,274 Thread 0x00007f8800023c90 DEOPT UNPACKING pc=0x00007f87e85f3bba sp=0x00007f8804e63ba0 mode 0
Event: 0,573 Thread 0x00007f8800023c90 Uncommon trap: trap_request=0xffffff54 fr.pc=0x00007f87f0097800 relative=0x0000000000000060
Event: 0,573 Thread 0x00007f8800023c90 Uncommon trap: reason=speculate_null_assert action=make_not_entrant pc=0x00007f87f0097800 method=sun.misc.Unsafe.putLong(Ljava/lang/Object;JJ)V @ 7 c2
Event: 0,573 Thread 0x00007f8800023c90 DEOPT PACKING pc=0x00007f87f0097800 sp=0x00007f8804e66430
Event: 0,573 Thread 0x00007f8800023c90 DEOPT UNPACKING pc=0x00007f87e85f3424 sp=0x00007f8804e663c8 mode 2

Classes unloaded (0 events):
No events

Classes redefined (0 events):
No events

Internal exceptions (18 events):
Event: 0,126 Thread 0x00007f8800023c90 Exception <a 'java/lang/NoSuchMethodError'{0x0000000717319580}: 'java.lang.Object java.lang.invoke.DirectMethodHandle$Holder.invokeStatic(java.lang.Object)'> (0x0000000717319580) 
thrown [./src/hotspot/share/interpreter/linkResolver.cpp, line 790]
Event: 0,127 Thread 0x00007f8800023c90 Exception <a 'java/lang/NoSuchMethodError'{0x000000071731ccd0}: 'java.lang.Object java.lang.invoke.DirectMethodHandle$Holder.invokeStaticInit(java.lang.Object)'> (0x000000071731ccd0) 
thrown [./src/hotspot/share/interpreter/linkResolver.cpp, line 790]
Event: 0,145 Thread 0x00007f8800023c90 Exception <a 'java/lang/NoSuchMethodError'{0x00000007173847a8}: 'void java.lang.invoke.DirectMethodHandle$Holder.invokeStatic(java.lang.Object, java.lang.Object)'> (0x00000007173847a8) 
thrown [./src/hotspot/share/interpreter/linkResolver.cpp, line 790]
Event: 0,147 Thread 0x00007f8800023c90 Exception <a 'java/lang/NoSuchMethodError'{0x0000000717389bd8}: 'void java.lang.invoke.DirectMethodHandle$Holder.invokeSpecial(java.lang.Object, java.lang.Object, java.lang.Object)'> (0x0000000717389bd8) 
thrown [./src/hotspot/share/interpreter/linkResolver.cpp, line 790]
Event: 0,152 Thread 0x00007f8800023c90 Exception <a 'java/lang/NoSuchMethodError'{0x0000000717003d70}: 'java.lang.Object java.lang.invoke.DirectMethodHandle$Holder.invokeStatic(java.lang.Object, java.lang.Object, int)'> (0x0000000717003d70) 
thrown [./src/hotspot/share/interpreter/linkResolver.cpp, line 790]
Event: 0,155 Thread 0x00007f8800023c90 Exception <a 'java/lang/NoSuchMethodError'{0x000000071700fee0}: 'void java.lang.invoke.DelegatingMethodHandle$Holder.delegate(java.lang.Object, java.lang.Object, int, java.lang.Object)'> (0x000000071700fee0) 
thrown [./src/hotspot/share/interpreter/linkResolver.cpp, line 790]
Event: 0,156 Thread 0x00007f8800023c90 Exception <a 'java/lang/NoSuchMethodError'{0x0000000717014208}: 'int java.lang.invoke.DirectMethodHandle$Holder.invokeSpecial(java.lang.Object, java.lang.Object, java.lang.Object)'> (0x0000000717014208) 
thrown [./src/hotspot/share/interpreter/linkResolver.cpp, line 790]
Event: 0,200 Thread 0x00007f8800023c90 Exception <a 'sun/nio/fs/UnixException'{0x00000007170caec8}> (0x00000007170caec8) 
thrown [./src/hotspot/share/prims/jni.cpp, line 579]
Event: 0,249 Thread 0x00007f8800023c90 Exception <a 'java/lang/NoSuchMethodError'{0x0000000717162f18}: 'int java.lang.invoke.DirectMethodHandle$Holder.invokeStaticInit(java.lang.Object, java.lang.Object, int, long)'> (0x0000000717162f18) 
thrown [./src/hotspot/share/interpreter/linkResolver.cpp, line 790]
Event: 0,250 Thread 0x00007f8800023c90 Exception <a 'java/lang/NoSuchMethodError'{0x00000007171689e8}: 'java.lang.Object java.lang.invoke.DirectMethodHandle$Holder.newInvokeSpecial(java.lang.Object, java.lang.Object, int)'> (0x00000007171689e8) 
thrown [./src/hotspot/share/interpreter/linkResolver.cpp, line 790]
Event: 0,255 Thread 0x00007f8800023c90 Exception <a 'java/lang/NoSuchMethodError'{0x000000071717afb8}: 'int java.lang.invoke.DirectMethodHandle$Holder.invokeStaticInit(java.lang.Object, java.lang.Object, long, long)'> (0x000000071717afb8) 
thrown [./src/hotspot/share/interpreter/linkResolver.cpp, line 790]
Event: 0,257 Thread 0x00007f8800023c90 Exception <a 'java/lang/NoSuchMethodError'{0x0000000717181360}: 'java.lang.Object java.lang.invoke.DirectMethodHandle$Holder.newInvokeSpecial(java.lang.Object, java.lang.Object, long)'> (0x0000000717181360) 
thrown [./src/hotspot/share/interpreter/linkResolver.cpp, line 790]
Event: 0,261 Thread 0x00007f8800023c90 Exception <a 'java/lang/NoSuchMethodError'{0x00000007171854b8}: 'java.lang.Object java.lang.invoke.Invokers$Holder.linkToTargetMethod(java.lang.Object, long, java.lang.Object)'> (0x00000007171854b8) 
thrown [./src/hotspot/share/interpreter/linkResolver.cpp, line 790]
Event: 0,264 Thread 0x00007f8800023c90 Exception <a 'java/lang/NoSuchMethodError'{0x000000071718cf60}: 'int java.lang.invoke.DirectMethodHandle$Holder.invokeStaticInit(java.lang.Object, java.lang.Object, java.lang.Object, long)'> (0x000000071718cf60) 
thrown [./src/hotspot/share/interpreter/linkResolver.cpp, line 790]
Event: 0,323 Thread 0x00007f8800023c90 Exception <a 'sun/nio/fs/UnixException'{0x0000000716e81ca8}> (0x0000000716e81ca8) 
thrown [./src/hotspot/share/prims/jni.cpp, line 579]
Event: 0,371 Thread 0x00007f8800023c90 Exception <a 'sun/nio/fs/UnixException'{0x0000000716f05d50}> (0x0000000716f05d50) 
thrown [./src/hotspot/share/prims/jni.cpp, line 579]
Event: 0,521 Thread 0x00007f8800023c90 Exception <a 'sun/nio/fs/UnixException'{0x0000000716f64e98}> (0x0000000716f64e98) 
thrown [./src/hotspot/share/prims/jni.cpp, line 579]
Event: 0,539 Thread 0x00007f8800023c90 Exception <a 'sun/nio/fs/UnixException'{0x0000000716f75d20}> (0x0000000716f75d20) 
thrown [./src/hotspot/share/prims/jni.cpp, line 579]

Events (20 events):
Event: 0,248 loading class java/util/function/LongPredicate done
Event: 0,252 loading class jdk/internal/access/foreign/MemorySegmentProxy
Event: 0,252 loading class jdk/internal/access/foreign/MemorySegmentProxy done
Event: 0,270 loading class java/nio/InvalidMarkException
Event: 0,271 loading class java/nio/InvalidMarkException done
Event: 0,271 loading class java/nio/BufferUnderflowException
Event: 0,271 loading class java/nio/BufferUnderflowException done
Event: 0,303 Thread 0x00007f87a012bba0 Thread added: 0x00007f87a012bba0
Event: 0,304 Protecting memory [0x00007f87c61cc000,0x00007f87c61d0000] with protection modes 0
Event: 0,317 loading class jdk/internal/misc/ScopedMemoryAccess$Scope
Event: 0,317 loading class jdk/internal/misc/ScopedMemoryAccess$Scope done
Event: 0,324 loading class java/lang/NoSuchFieldError
Event: 0,324 loading class java/lang/NoSuchFieldError done
Event: 0,328 loading class jdk/internal/reflect/UnsafeQualifiedStaticIntegerFieldAccessorImpl
Event: 0,328 loading class jdk/internal/reflect/UnsafeQualifiedStaticIntegerFieldAccessorImpl done
Event: 0,372 Loaded shared library /tmp/lwjglsnoweuph/3.3.1-build-7/liblwjgl_remotery.so
Event: 0,493 Thread 0x00007f87a012bba0 Thread exited: 0x00007f87a012bba0
Event: 0,522 Loaded shared library /tmp/lwjglsnoweuph/3.3.1-build-7/liblwjgl_opengl.so
Event: 1,191 Executing  VM operation: Cleanup
Event: 1,191 Executing  VM operation: Cleanup done


Dynamic libraries:
707c00000-717600000 rw-p 00000000 00:00 0 
717600000-7ffc00000 ---p 00000000 00:00 0 
7ffc00000-7ffd00000 rw-p 00000000 00:00 0 
7ffd00000-7ffd76000 rw-p 00cb8000 00:21 724464                           /home/snoweuph/.jdks/corretto-16.0.2/lib/server/classes.jsa
7ffd76000-7ffe00000 rw-p 00000000 00:00 0 
7ffe00000-7ffe88000 rw-p 00c30000 00:21 724464                           /home/snoweuph/.jdks/corretto-16.0.2/lib/server/classes.jsa
7ffe88000-800000000 rw-p 00000000 00:00 0 
800000000-800003000 rwxp 00001000 00:21 724464                           /home/snoweuph/.jdks/corretto-16.0.2/lib/server/classes.jsa
800003000-80043c000 rw-p 00004000 00:21 724464                           /home/snoweuph/.jdks/corretto-16.0.2/lib/server/classes.jsa
80043c000-800bf7000 r--p 0043d000 00:21 724464                           /home/snoweuph/.jdks/corretto-16.0.2/lib/server/classes.jsa
800bf7000-800c00000 ---p 00000000 00:00 0 
800c00000-800c20000 rw-p 00000000 00:00 0 
800c20000-800c40000 ---p 00000000 00:00 0 
800c40000-800c60000 rw-p 00000000 00:00 0 
800c60000-840c00000 ---p 00000000 00:00 0 
558b26c00000-558b26c01000 r-xp 00000000 00:21 724575                     /home/snoweuph/.jdks/corretto-16.0.2/bin/java
558b26e01000-558b26e02000 r--p 00001000 00:21 724575                     /home/snoweuph/.jdks/corretto-16.0.2/bin/java
558b26e02000-558b26e03000 rw-p 00002000 00:21 724575                     /home/snoweuph/.jdks/corretto-16.0.2/bin/java
558b28a65000-558b28a86000 rw-p 00000000 00:00 0                          [heap]
7f8744000000-7f8744021000 rw-p 00000000 00:00 0 
7f8744021000-7f8748000000 ---p 00000000 00:00 0 
7f8748000000-7f8748021000 rw-p 00000000 00:00 0 
7f8748021000-7f874c000000 ---p 00000000 00:00 0 
7f874c000000-7f874c021000 rw-p 00000000 00:00 0 
7f874c021000-7f8750000000 ---p 00000000 00:00 0 
7f8750000000-7f8750021000 rw-p 00000000 00:00 0 
7f8750021000-7f8754000000 ---p 00000000 00:00 0 
7f8756ffe000-7f8756fff000 ---p 00000000 00:00 0 
7f8756fff000-7f87577ff000 rw-p 00000000 00:00 0 
7f87577ff000-7f8757800000 ---p 00000000 00:00 0 
7f8757800000-7f8758000000 rw-p 00000000 00:00 0 
7f8758000000-7f8758021000 rw-p 00000000 00:00 0 
7f8758021000-7f875c000000 ---p 00000000 00:00 0 
7f875c000000-7f875c021000 rw-p 00000000 00:00 0 
7f875c021000-7f8760000000 ---p 00000000 00:00 0 
7f8760000000-7f876005a000 rw-p 00000000 00:00 0 
7f876005a000-7f8764000000 ---p 00000000 00:00 0 
7f8764000000-7f8764021000 rw-p 00000000 00:00 0 
7f8764021000-7f8768000000 ---p 00000000 00:00 0 
7f8768000000-7f8768082000 rw-p 00000000 00:00 0 
7f8768082000-7f876c000000 ---p 00000000 00:00 0 
7f876c000000-7f876c082000 rw-p 00000000 00:00 0 
7f876c082000-7f8770000000 ---p 00000000 00:00 0 
7f8770000000-7f877008e000 rw-p 00000000 00:00 0 
7f877008e000-7f8774000000 ---p 00000000 00:00 0 
7f8774000000-7f8774021000 rw-p 00000000 00:00 0 
7f8774021000-7f8778000000 ---p 00000000 00:00 0 
7f87781a2000-7f87781f8000 r-xp 00000000 00:39 390                        /tmp/lwjglsnoweuph/3.3.1-build-7/liblwjgl_opengl.so
7f87781f8000-7f87783f7000 ---p 00056000 00:39 390                        /tmp/lwjglsnoweuph/3.3.1-build-7/liblwjgl_opengl.so
7f87783f7000-7f87783f8000 r--p 00055000 00:39 390                        /tmp/lwjglsnoweuph/3.3.1-build-7/liblwjgl_opengl.so
7f87783f8000-7f87783f9000 rw-p 00056000 00:39 390                        /tmp/lwjglsnoweuph/3.3.1-build-7/liblwjgl_opengl.so
7f877c000000-7f877c021000 rw-p 00000000 00:00 0 
7f877c021000-7f8780000000 ---p 00000000 00:00 0 
7f87801f5000-7f8780919000 r--p 00000000 00:21 283095                     /usr/lib/x86_64-linux-gnu/GL/default/lib/libLLVM-12.so
7f8780919000-7f8782ce0000 r-xp 00724000 00:21 283095                     /usr/lib/x86_64-linux-gnu/GL/default/lib/libLLVM-12.so
7f8782ce0000-7f8783cf9000 r--p 02aeb000 00:21 283095                     /usr/lib/x86_64-linux-gnu/GL/default/lib/libLLVM-12.so
7f8783cf9000-7f8783f97000 r--p 03b03000 00:21 283095                     /usr/lib/x86_64-linux-gnu/GL/default/lib/libLLVM-12.so
7f8783f97000-7f8783f9f000 rw-p 03da1000 00:21 283095                     /usr/lib/x86_64-linux-gnu/GL/default/lib/libLLVM-12.so
7f8783f9f000-7f8784000000 rw-p 00000000 00:00 0 
7f8784000000-7f8784021000 rw-p 00000000 00:00 0 
7f8784021000-7f8788000000 ---p 00000000 00:00 0 
7f8788000000-7f8788021000 rw-p 00000000 00:00 0 
7f8788021000-7f878c000000 ---p 00000000 00:00 0 
7f878cb64000-7f878cb65000 ---p 00000000 00:00 0 
7f878cb65000-7f878d365000 rw-p 00000000 00:00 0 
7f878d4a6000-7f878d4a7000 ---p 00000000 00:00 0 
7f878d4a7000-7f878dca7000 rw-p 00000000 00:00 0 
7f878dca7000-7f878de4d000 r--p 00000000 00:21 283019                     /usr/lib/x86_64-linux-gnu/GL/default/lib/dri/libgallium_dri.so
7f878de4d000-7f878eefd000 r-xp 001a6000 00:21 283019                     /usr/lib/x86_64-linux-gnu/GL/default/lib/dri/libgallium_dri.so
7f878eefd000-7f878f34e000 r--p 01256000 00:21 283019                     /usr/lib/x86_64-linux-gnu/GL/default/lib/dri/libgallium_dri.so
7f878f34e000-7f878f47e000 r--p 016a6000 00:21 283019                     /usr/lib/x86_64-linux-gnu/GL/default/lib/dri/libgallium_dri.so
7f878f47e000-7f878f5d4000 rw-p 017d6000 00:21 283019                     /usr/lib/x86_64-linux-gnu/GL/default/lib/dri/libgallium_dri.so
7f878f5d4000-7f878f7ff000 rw-p 00000000 00:00 0 
7f878f7ff000-7f878f800000 ---p 00000000 00:00 0 
7f878f800000-7f8790000000 rw-p 00000000 00:00 0 
7f8790000000-7f8790021000 rw-p 00000000 00:00 0 
7f8790021000-7f8794000000 ---p 00000000 00:00 0 
7f8794000000-7f8794024000 rw-p 00000000 00:00 0 
7f8794024000-7f8798000000 ---p 00000000 00:00 0 
7f8798000000-7f8798021000 rw-p 00000000 00:00 0 
7f8798021000-7f879c000000 ---p 00000000 00:00 0 
7f879c000000-7f879c021000 rw-p 00000000 00:00 0 
7f879c021000-7f87a0000000 ---p 00000000 00:00 0 
7f87a0000000-7f87a0135000 rw-p 00000000 00:00 0 
7f87a0135000-7f87a4000000 ---p 00000000 00:00 0 
7f87a4000000-7f87a4021000 rw-p 00000000 00:00 0 
7f87a4021000-7f87a8000000 ---p 00000000 00:00 0 
7f87a8000000-7f87a8021000 rw-p 00000000 00:00 0 
7f87a8021000-7f87ac000000 ---p 00000000 00:00 0 
7f87ac000000-7f87ac1c9000 rw-p 00000000 00:00 0 
7f87ac1c9000-7f87b0000000 ---p 00000000 00:00 0 
7f87b0000000-7f87b0021000 rw-p 00000000 00:00 0 
7f87b0021000-7f87b4000000 ---p 00000000 00:00 0 
7f87b4000000-7f87b4021000 rw-p 00000000 00:00 0 
7f87b4021000-7f87b8000000 ---p 00000000 00:00 0 
7f87b8000000-7f87b8021000 rw-p 00000000 00:00 0 
7f87b8021000-7f87bc000000 ---p 00000000 00:00 0 
7f87bc000000-7f87bc021000 rw-p 00000000 00:00 0 
7f87bc021000-7f87c0000000 ---p 00000000 00:00 0 
7f87c0000000-7f87c0021000 rw-p 00000000 00:00 0 
7f87c0021000-7f87c4000000 ---p 00000000 00:00 0 
7f87c4016000-7f87c4025000 r--p 00000000 00:21 295902                     /usr/lib/x86_64-linux-gnu/libtinfo.so.6.2
7f87c4025000-7f87c403e000 r-xp 0000f000 00:21 295902                     /usr/lib/x86_64-linux-gnu/libtinfo.so.6.2
7f87c403e000-7f87c404d000 r--p 00028000 00:21 295902                     /usr/lib/x86_64-linux-gnu/libtinfo.so.6.2
7f87c404d000-7f87c404e000 ---p 00037000 00:21 295902                     /usr/lib/x86_64-linux-gnu/libtinfo.so.6.2
7f87c404e000-7f87c4052000 r--p 00037000 00:21 295902                     /usr/lib/x86_64-linux-gnu/libtinfo.so.6.2
7f87c4052000-7f87c4053000 rw-p 0003b000 00:21 295902                     /usr/lib/x86_64-linux-gnu/libtinfo.so.6.2
7f87c4053000-7f87c4055000 r--p 00000000 00:21 289226                     /usr/lib/x86_64-linux-gnu/libffi.so.7.1.0
7f87c4055000-7f87c405b000 r-xp 00002000 00:21 289226                     /usr/lib/x86_64-linux-gnu/libffi.so.7.1.0
7f87c405b000-7f87c405c000 r--p 00008000 00:21 289226                     /usr/lib/x86_64-linux-gnu/libffi.so.7.1.0
7f87c405c000-7f87c405d000 ---p 00009000 00:21 289226                     /usr/lib/x86_64-linux-gnu/libffi.so.7.1.0
7f87c405d000-7f87c405e000 r--p 00009000 00:21 289226                     /usr/lib/x86_64-linux-gnu/libffi.so.7.1.0
7f87c405e000-7f87c405f000 rw-p 0000a000 00:21 289226                     /usr/lib/x86_64-linux-gnu/libffi.so.7.1.0
7f87c405f000-7f87c4075000 r--p 00000000 00:21 287179                     /usr/lib/x86_64-linux-gnu/libvulkan.so.1.2.198
7f87c4075000-7f87c40a7000 r-xp 00016000 00:21 287179                     /usr/lib/x86_64-linux-gnu/libvulkan.so.1.2.198
7f87c40a7000-7f87c40bc000 r--p 00048000 00:21 287179                     /usr/lib/x86_64-linux-gnu/libvulkan.so.1.2.198
7f87c40bc000-7f87c40bf000 r--p 0005c000 00:21 287179                     /usr/lib/x86_64-linux-gnu/libvulkan.so.1.2.198
7f87c40bf000-7f87c40c0000 rw-p 0005f000 00:21 287179                     /usr/lib/x86_64-linux-gnu/libvulkan.so.1.2.198
7f87c40c0000-7f87c40c3000 r--p 00000000 00:21 282911                     /usr/lib/x86_64-linux-gnu/GL/default/lib/libdrm_amdgpu.so.1.0.0
7f87c40c3000-7f87c40c9000 r-xp 00003000 00:21 282911                     /usr/lib/x86_64-linux-gnu/GL/default/lib/libdrm_amdgpu.so.1.0.0
7f87c40c9000-7f87c40cb000 r--p 00009000 00:21 282911                     /usr/lib/x86_64-linux-gnu/GL/default/lib/libdrm_amdgpu.so.1.0.0
7f87c40cb000-7f87c40cc000 r--p 0000a000 00:21 282911                     /usr/lib/x86_64-linux-gnu/GL/default/lib/libdrm_amdgpu.so.1.0.0
7f87c40cc000-7f87c40cd000 rw-p 0000b000 00:21 282911                     /usr/lib/x86_64-linux-gnu/GL/default/lib/libdrm_amdgpu.so.1.0.0
7f87c40cd000-7f87c40d1000 r--p 00000000 00:21 290105                     /usr/lib/x86_64-linux-gnu/libelf-0.185.so
7f87c40d1000-7f87c40e2000 r-xp 00004000 00:21 290105                     /usr/lib/x86_64-linux-gnu/libelf-0.185.so
7f87c40e2000-7f87c40e6000 r--p 00015000 00:21 290105                     /usr/lib/x86_64-linux-gnu/libelf-0.185.so
7f87c40e6000-7f87c40e7000 ---p 00019000 00:21 290105                     /usr/lib/x86_64-linux-gnu/libelf-0.185.so
7f87c40e7000-7f87c40e8000 r--p 00019000 00:21 290105                     /usr/lib/x86_64-linux-gnu/libelf-0.185.so
7f87c40e8000-7f87c40e9000 rw-p 0001a000 00:21 290105                     /usr/lib/x86_64-linux-gnu/libelf-0.185.so
7f87c40e9000-7f87c40eb000 r--p 00000000 00:21 282903                     /usr/lib/x86_64-linux-gnu/GL/default/lib/libdrm_radeon.so.1.0.1
7f87c40eb000-7f87c40f2000 r-xp 00002000 00:21 282903                     /usr/lib/x86_64-linux-gnu/GL/default/lib/libdrm_radeon.so.1.0.1
7f87c40f2000-7f87c40f6000 r--p 00009000 00:21 282903                     /usr/lib/x86_64-linux-gnu/GL/default/lib/libdrm_radeon.so.1.0.1
7f87c40f6000-7f87c40f7000 r--p 0000c000 00:21 282903                     /usr/lib/x86_64-linux-gnu/GL/default/lib/libdrm_radeon.so.1.0.1
7f87c40f7000-7f87c40f8000 rw-p 0000d000 00:21 282903                     /usr/lib/x86_64-linux-gnu/GL/default/lib/libdrm_radeon.so.1.0.1
7f87c40f8000-7f87c40fa000 r--p 00000000 00:21 282958                     /usr/lib/x86_64-linux-gnu/GL/default/lib/libdrm_nouveau.so.2.0.0
7f87c40fa000-7f87c40ff000 r-xp 00002000 00:21 282958                     /usr/lib/x86_64-linux-gnu/GL/default/lib/libdrm_nouveau.so.2.0.0
7f87c40ff000-7f87c4100000 r--p 00007000 00:21 282958                     /usr/lib/x86_64-linux-gnu/GL/default/lib/libdrm_nouveau.so.2.0.0
7f87c4100000-7f87c4101000 ---p 00008000 00:21 282958                     /usr/lib/x86_64-linux-gnu/GL/default/lib/libdrm_nouveau.so.2.0.0
7f87c4101000-7f87c4102000 r--p 00008000 00:21 282958                     /usr/lib/x86_64-linux-gnu/GL/default/lib/libdrm_nouveau.so.2.0.0
7f87c4102000-7f87c4103000 rw-p 00009000 00:21 282958                     /usr/lib/x86_64-linux-gnu/GL/default/lib/libdrm_nouveau.so.2.0.0
7f87c4103000-7f87c4108000 r--p 00000000 00:21 299153                     /usr/lib/x86_64-linux-gnu/libzstd.so.1.5.0
7f87c4108000-7f87c4205000 r-xp 00005000 00:21 299153                     /usr/lib/x86_64-linux-gnu/libzstd.so.1.5.0
7f87c4205000-7f87c4215000 r--p 00102000 00:21 299153                     /usr/lib/x86_64-linux-gnu/libzstd.so.1.5.0
7f87c4215000-7f87c4216000 r--p 00111000 00:21 299153                     /usr/lib/x86_64-linux-gnu/libzstd.so.1.5.0
7f87c4216000-7f87c4217000 rw-p 00112000 00:21 299153                     /usr/lib/x86_64-linux-gnu/libzstd.so.1.5.0
7f87c4217000-7f87c421a000 r--p 00000000 00:21 287603                     /usr/lib/x86_64-linux-gnu/libz.so.1.2.11
7f87c421a000-7f87c4228000 r-xp 00003000 00:21 287603                     /usr/lib/x86_64-linux-gnu/libz.so.1.2.11
7f87c4228000-7f87c422e000 r--p 00011000 00:21 287603                     /usr/lib/x86_64-linux-gnu/libz.so.1.2.11
7f87c422e000-7f87c422f000 r--p 00016000 00:21 287603                     /usr/lib/x86_64-linux-gnu/libz.so.1.2.11
7f87c422f000-7f87c4230000 rw-p 00017000 00:21 287603                     /usr/lib/x86_64-linux-gnu/libz.so.1.2.11
7f87c4230000-7f87c4255000 r--p 00000000 00:21 283831                     /usr/share/runtime/locale/de/share/de/LC_MESSAGES/libc.mo
7f87c4255000-7f87c4258000 r--p 00000000 00:21 293049                     /usr/lib/x86_64-linux-gnu/libgcc_s.so.1
7f87c4258000-7f87c426a000 r-xp 00003000 00:21 293049                     /usr/lib/x86_64-linux-gnu/libgcc_s.so.1
7f87c426a000-7f87c426d000 r--p 00015000 00:21 293049                     /usr/lib/x86_64-linux-gnu/libgcc_s.so.1
7f87c426d000-7f87c426e000 r--p 00017000 00:21 293049                     /usr/lib/x86_64-linux-gnu/libgcc_s.so.1
7f87c426e000-7f87c426f000 rw-p 00018000 00:21 293049                     /usr/lib/x86_64-linux-gnu/libgcc_s.so.1
7f87c426f000-7f87c4310000 r--p 00000000 00:21 297042                     /usr/lib/x86_64-linux-gnu/libstdc++.so.6.0.29
7f87c4310000-7f87c4422000 r-xp 000a1000 00:21 297042                     /usr/lib/x86_64-linux-gnu/libstdc++.so.6.0.29
7f87c4422000-7f87c448d000 r--p 001b3000 00:21 297042                     /usr/lib/x86_64-linux-gnu/libstdc++.so.6.0.29
7f87c448d000-7f87c448e000 ---p 0021e000 00:21 297042                     /usr/lib/x86_64-linux-gnu/libstdc++.so.6.0.29
7f87c448e000-7f87c4499000 r--p 0021e000 00:21 297042                     /usr/lib/x86_64-linux-gnu/libstdc++.so.6.0.29
7f87c4499000-7f87c449c000 rw-p 00229000 00:21 297042                     /usr/lib/x86_64-linux-gnu/libstdc++.so.6.0.29
7f87c449c000-7f87c449f000 rw-p 00000000 00:00 0 
7f87c449f000-7f87c44a2000 r--p 00000000 00:21 285859                     /usr/lib/x86_64-linux-gnu/libxcb-xfixes.so.0.0.0
7f87c44a2000-7f87c44a5000 r-xp 00003000 00:21 285859                     /usr/lib/x86_64-linux-gnu/libxcb-xfixes.so.0.0.0
7f87c44a5000-7f87c44a7000 r--p 00006000 00:21 285859                     /usr/lib/x86_64-linux-gnu/libxcb-xfixes.so.0.0.0
7f87c44a7000-7f87c44a8000 r--p 00007000 00:21 285859                     /usr/lib/x86_64-linux-gnu/libxcb-xfixes.so.0.0.0
7f87c44a8000-7f87c44a9000 rw-p 00008000 00:21 285859                     /usr/lib/x86_64-linux-gnu/libxcb-xfixes.so.0.0.0
7f87c44a9000-7f87c44aa000 r--p 00000000 00:21 291660                     /usr/lib/x86_64-linux-gnu/libxshmfence.so.1.0.0
7f87c44aa000-7f87c44ab000 r-xp 00001000 00:21 291660                     /usr/lib/x86_64-linux-gnu/libxshmfence.so.1.0.0
7f87c44ab000-7f87c44ac000 r--p 00002000 00:21 291660                     /usr/lib/x86_64-linux-gnu/libxshmfence.so.1.0.0
7f87c44ac000-7f87c44ad000 r--p 00002000 00:21 291660                     /usr/lib/x86_64-linux-gnu/libxshmfence.so.1.0.0
7f87c44ad000-7f87c44ae000 rw-p 00003000 00:21 291660                     /usr/lib/x86_64-linux-gnu/libxshmfence.so.1.0.0
7f87c44ae000-7f87c44b1000 r--p 00000000 00:21 290613                     /usr/lib/x86_64-linux-gnu/libxcb-sync.so.1.0.0
7f87c44b1000-7f87c44b4000 r-xp 00003000 00:21 290613                     /usr/lib/x86_64-linux-gnu/libxcb-sync.so.1.0.0
7f87c44b4000-7f87c44b5000 r--p 00006000 00:21 290613                     /usr/lib/x86_64-linux-gnu/libxcb-sync.so.1.0.0
7f87c44b5000-7f87c44b6000 ---p 00007000 00:21 290613                     /usr/lib/x86_64-linux-gnu/libxcb-sync.so.1.0.0
7f87c44b6000-7f87c44b7000 r--p 00007000 00:21 290613                     /usr/lib/x86_64-linux-gnu/libxcb-sync.so.1.0.0
7f87c44b7000-7f87c44b8000 rw-p 00008000 00:21 290613                     /usr/lib/x86_64-linux-gnu/libxcb-sync.so.1.0.0
7f87c44b8000-7f87c44b9000 r--p 00000000 00:21 286385                     /usr/lib/x86_64-linux-gnu/libxcb-present.so.0.0.0
7f87c44b9000-7f87c44ba000 r-xp 00001000 00:21 286385                     /usr/lib/x86_64-linux-gnu/libxcb-present.so.0.0.0
7f87c44ba000-7f87c44bb000 r--p 00002000 00:21 286385                     /usr/lib/x86_64-linux-gnu/libxcb-present.so.0.0.0
7f87c44bb000-7f87c44bc000 r--p 00002000 00:21 286385                     /usr/lib/x86_64-linux-gnu/libxcb-present.so.0.0.0
7f87c44bc000-7f87c44bd000 rw-p 00003000 00:21 286385                     /usr/lib/x86_64-linux-gnu/libxcb-present.so.0.0.0
7f87c44bd000-7f87c44bf000 r--p 00000000 00:21 290923                     /usr/lib/x86_64-linux-gnu/libxcb-dri3.so.0.0.0
7f87c44bf000-7f87c44c1000 r-xp 00002000 00:21 290923                     /usr/lib/x86_64-linux-gnu/libxcb-dri3.so.0.0.0
7f87c44c1000-7f87c44c2000 r--p 00004000 00:21 290923                     /usr/lib/x86_64-linux-gnu/libxcb-dri3.so.0.0.0
7f87c44c2000-7f87c44c3000 r--p 00004000 00:21 290923                     /usr/lib/x86_64-linux-gnu/libxcb-dri3.so.0.0.0
7f87c44c3000-7f87c44c4000 rw-p 00005000 00:21 290923                     /usr/lib/x86_64-linux-gnu/libxcb-dri3.so.0.0.0
7f87c44c4000-7f87c44c8000 r--p 00000000 00:21 286773                     /usr/lib/x86_64-linux-gnu/libexpat.so.1.8.6
7f87c44c8000-7f87c44e7000 r-xp 00004000 00:21 286773                     /usr/lib/x86_64-linux-gnu/libexpat.so.1.8.6
7f87c44e7000-7f87c44f1000 r--p 00023000 00:21 286773                     /usr/lib/x86_64-linux-gnu/libexpat.so.1.8.6
7f87c44f1000-7f87c44f2000 ---p 0002d000 00:21 286773                     /usr/lib/x86_64-linux-gnu/libexpat.so.1.8.6
7f87c44f2000-7f87c44f4000 r--p 0002d000 00:21 286773                     /usr/lib/x86_64-linux-gnu/libexpat.so.1.8.6
7f87c44f4000-7f87c44f5000 rw-p 0002f000 00:21 286773                     /usr/lib/x86_64-linux-gnu/libexpat.so.1.8.6
7f87c44f5000-7f87c44f6000 r--p 00000000 00:21 291828                     /usr/lib/x86_64-linux-gnu/libxcb-shm.so.0.0.0
7f87c44f6000-7f87c44f7000 r-xp 00001000 00:21 291828                     /usr/lib/x86_64-linux-gnu/libxcb-shm.so.0.0.0
7f87c44f7000-7f87c44f8000 r--p 00002000 00:21 291828                     /usr/lib/x86_64-linux-gnu/libxcb-shm.so.0.0.0
7f87c44f8000-7f87c44f9000 r--p 00002000 00:21 291828                     /usr/lib/x86_64-linux-gnu/libxcb-shm.so.0.0.0
7f87c44f9000-7f87c44fa000 rw-p 00003000 00:21 291828                     /usr/lib/x86_64-linux-gnu/libxcb-shm.so.0.0.0
7f87c44fa000-7f87c44fc000 r--p 00000000 00:21 292005                     /usr/lib/x86_64-linux-gnu/libxcb-dri2.so.0.0.0
7f87c44fc000-7f87c44fe000 r-xp 00002000 00:21 292005                     /usr/lib/x86_64-linux-gnu/libxcb-dri2.so.0.0.0
7f87c44fe000-7f87c44ff000 r--p 00004000 00:21 292005                     /usr/lib/x86_64-linux-gnu/libxcb-dri2.so.0.0.0
7f87c44ff000-7f87c4500000 r--p 00004000 00:21 292005                     /usr/lib/x86_64-linux-gnu/libxcb-dri2.so.0.0.0
7f87c4500000-7f87c4501000 rw-p 00005000 00:21 292005                     /usr/lib/x86_64-linux-gnu/libxcb-dri2.so.0.0.0
7f87c4501000-7f87c450d000 r--p 00000000 00:21 289839                     /usr/lib/x86_64-linux-gnu/libxcb-glx.so.0.0.0
7f87c450d000-7f87c4516000 r-xp 0000c000 00:21 289839                     /usr/lib/x86_64-linux-gnu/libxcb-glx.so.0.0.0
7f87c4516000-7f87c451b000 r--p 00015000 00:21 289839                     /usr/lib/x86_64-linux-gnu/libxcb-glx.so.0.0.0
7f87c451b000-7f87c451c000 ---p 0001a000 00:21 289839                     /usr/lib/x86_64-linux-gnu/libxcb-glx.so.0.0.0
7f87c451c000-7f87c451e000 r--p 0001a000 00:21 289839                     /usr/lib/x86_64-linux-gnu/libxcb-glx.so.0.0.0
7f87c451e000-7f87c451f000 rw-p 0001c000 00:21 289839                     /usr/lib/x86_64-linux-gnu/libxcb-glx.so.0.0.0
7f87c451f000-7f87c4524000 r--p 00000000 00:21 286717                     /usr/lib/x86_64-linux-gnu/libdrm.so.2.4.0
7f87c4524000-7f87c452f000 r-xp 00005000 00:21 286717                     /usr/lib/x86_64-linux-gnu/libdrm.so.2.4.0
7f87c452f000-7f87c4533000 r--p 00010000 00:21 286717                     /usr/lib/x86_64-linux-gnu/libdrm.so.2.4.0
7f87c4533000-7f87c4534000 r--p 00013000 00:21 286717                     /usr/lib/x86_64-linux-gnu/libdrm.so.2.4.0
7f87c4534000-7f87c4535000 rw-p 00014000 00:21 286717                     /usr/lib/x86_64-linux-gnu/libdrm.so.2.4.0
7f87c4535000-7f87c4542000 r--p 00000000 00:21 282897                     /usr/lib/x86_64-linux-gnu/GL/default/lib/libglapi.so.0.0.0
7f87c4542000-7f87c4550000 r-xp 0000d000 00:21 282897                     /usr/lib/x86_64-linux-gnu/GL/default/lib/libglapi.so.0.0.0
7f87c4550000-7f87c4569000 r--p 0001b000 00:21 282897                     /usr/lib/x86_64-linux-gnu/GL/default/lib/libglapi.so.0.0.0
7f87c4569000-7f87c456a000 ---p 00034000 00:21 282897                     /usr/lib/x86_64-linux-gnu/GL/default/lib/libglapi.so.0.0.0
7f87c456a000-7f87c456e000 r--p 00034000 00:21 282897                     /usr/lib/x86_64-linux-gnu/GL/default/lib/libglapi.so.0.0.0
7f87c456e000-7f87c456f000 rw-p 00038000 00:21 282897                     /usr/lib/x86_64-linux-gnu/GL/default/lib/libglapi.so.0.0.0
7f87c456f000-7f87c4570000 rw-p 00000000 00:00 0 
7f87c4570000-7f87c458c000 r--p 00000000 00:21 282913                     /usr/lib/x86_64-linux-gnu/GL/default/lib/libGLX_mesa.so.0.0.0
7f87c458c000-7f87c45cc000 r-xp 0001c000 00:21 282913                     /usr/lib/x86_64-linux-gnu/GL/default/lib/libGLX_mesa.so.0.0.0
7f87c45cc000-7f87c45de000 r--p 0005c000 00:21 282913                     /usr/lib/x86_64-linux-gnu/GL/default/lib/libGLX_mesa.so.0.0.0
7f87c45de000-7f87c45df000 ---p 0006e000 00:21 282913                     /usr/lib/x86_64-linux-gnu/GL/default/lib/libGLX_mesa.so.0.0.0
7f87c45df000-7f87c45e2000 r--p 0006e000 00:21 282913                     /usr/lib/x86_64-linux-gnu/GL/default/lib/libGLX_mesa.so.0.0.0
7f87c45e2000-7f87c45e3000 rw-p 00071000 00:21 282913                     /usr/lib/x86_64-linux-gnu/GL/default/lib/libGLX_mesa.so.0.0.0
7f87c45e3000-7f87c45e4000 ---p 00000000 00:00 0 
7f87c45e4000-7f87c4de4000 rw-p 00000000 00:00 0 
7f87c4de4000-7f87c4de5000 ---p 00000000 00:00 0 
7f87c4de5000-7f87c55e5000 rw-p 00000000 00:00 0 
7f87c55e5000-7f87c56e5000 rw-s 00000000 00:58 43                         /dev/shm/ring-buffer-52KcQW (deleted)
7f87c56e5000-7f87c57e5000 rw-s 00000000 00:58 43                         /dev/shm/ring-buffer-52KcQW (deleted)
7f87c57e5000-7f87c58e5000 rw-s 00000000 00:58 42                         /dev/shm/ring-buffer-ZyYCTz (deleted)
7f87c58e5000-7f87c59e5000 rw-s 00000000 00:58 42                         /dev/shm/ring-buffer-ZyYCTz (deleted)
7f87c59e5000-7f87c5a26000 r--p 00000000 00:21 295921                     /usr/lib/x86_64-linux-gnu/libGLdispatch.so.0.0.0
7f87c5a26000-7f87c5a65000 r-xp 00041000 00:21 295921                     /usr/lib/x86_64-linux-gnu/libGLdispatch.so.0.0.0
7f87c5a65000-7f87c5a78000 r--p 00080000 00:21 295921                     /usr/lib/x86_64-linux-gnu/libGLdispatch.so.0.0.0
7f87c5a78000-7f87c5a79000 ---p 00093000 00:21 295921                     /usr/lib/x86_64-linux-gnu/libGLdispatch.so.0.0.0
7f87c5a79000-7f87c5a95000 r--p 00093000 00:21 295921                     /usr/lib/x86_64-linux-gnu/libGLdispatch.so.0.0.0
7f87c5a95000-7f87c5a96000 rw-p 000af000 00:21 295921                     /usr/lib/x86_64-linux-gnu/libGLdispatch.so.0.0.0
7f87c5a96000-7f87c5a9e000 rw-p 00000000 00:00 0 
7f87c5a9e000-7f87c5aa1000 r--p 00000000 00:21 286279                     /usr/lib/x86_64-linux-gnu/libGLX.so.0.0.0
7f87c5aa1000-7f87c5abc000 r-xp 00003000 00:21 286279                     /usr/lib/x86_64-linux-gnu/libGLX.so.0.0.0
7f87c5abc000-7f87c5abf000 r--p 0001e000 00:21 286279                     /usr/lib/x86_64-linux-gnu/libGLX.so.0.0.0
7f87c5abf000-7f87c5ac0000 r--p 00020000 00:21 286279                     /usr/lib/x86_64-linux-gnu/libGLX.so.0.0.0
7f87c5ac0000-7f87c5ac1000 rw-p 00021000 00:21 286279                     /usr/lib/x86_64-linux-gnu/libGLX.so.0.0.0
7f87c5ac1000-7f87c5ad1000 rw-p 00000000 00:00 0 
7f87c5ad1000-7f87c5b1a000 r--p 00000000 00:21 288686                     /usr/lib/x86_64-linux-gnu/libGL.so.1.7.0
7f87c5b1a000-7f87c5b3a000 r-xp 00049000 00:21 288686                     /usr/lib/x86_64-linux-gnu/libGL.so.1.7.0
7f87c5b3a000-7f87c5b4e000 r--p 00069000 00:21 288686                     /usr/lib/x86_64-linux-gnu/libGL.so.1.7.0
7f87c5b4e000-7f87c5b4f000 ---p 0007d000 00:21 288686                     /usr/lib/x86_64-linux-gnu/libGL.so.1.7.0
7f87c5b4f000-7f87c5b5d000 r--p 0007d000 00:21 288686                     /usr/lib/x86_64-linux-gnu/libGL.so.1.7.0
7f87c5b5d000-7f87c5b5e000 rw-p 0008b000 00:21 288686                     /usr/lib/x86_64-linux-gnu/libGL.so.1.7.0
7f87c5b5e000-7f87c5b5f000 rw-p 00000000 00:00 0 
7f87c5b5f000-7f87c5b70000 r-xp 00000000 00:39 1255                       /tmp/lwjglsnoweuph/3.3.1-build-7/liblwjgl_remotery.so
7f87c5b70000-7f87c5d6f000 ---p 00011000 00:39 1255                       /tmp/lwjglsnoweuph/3.3.1-build-7/liblwjgl_remotery.so
7f87c5d6f000-7f87c5d70000 r--p 00010000 00:39 1255                       /tmp/lwjglsnoweuph/3.3.1-build-7/liblwjgl_remotery.so
7f87c5d70000-7f87c5d71000 rw-p 00011000 00:39 1255                       /tmp/lwjglsnoweuph/3.3.1-build-7/liblwjgl_remotery.so
7f87c5d71000-7f87c5d72000 r--p 00000000 00:21 287500                     /usr/lib/x86_64-linux-gnu/libX11-xcb.so.1.0.0
7f87c5d72000-7f87c5d73000 r-xp 00001000 00:21 287500                     /usr/lib/x86_64-linux-gnu/libX11-xcb.so.1.0.0
7f87c5d73000-7f87c5d74000 r--p 00002000 00:21 287500                     /usr/lib/x86_64-linux-gnu/libX11-xcb.so.1.0.0
7f87c5d74000-7f87c5d75000 r--p 00002000 00:21 287500                     /usr/lib/x86_64-linux-gnu/libX11-xcb.so.1.0.0
7f87c5d75000-7f87c5d76000 rw-p 00003000 00:21 287500                     /usr/lib/x86_64-linux-gnu/libX11-xcb.so.1.0.0
7f87c5d7b000-7f87c5d7d000 r--p 00000000 00:21 296983                     /usr/lib/x86_64-linux-gnu/libXfixes.so.3.1.0
7f87c5d7d000-7f87c5d80000 r-xp 00002000 00:21 296983                     /usr/lib/x86_64-linux-gnu/libXfixes.so.3.1.0
7f87c5d80000-7f87c5d81000 r--p 00005000 00:21 296983                     /usr/lib/x86_64-linux-gnu/libXfixes.so.3.1.0
7f87c5d81000-7f87c5d82000 r--p 00005000 00:21 296983                     /usr/lib/x86_64-linux-gnu/libXfixes.so.3.1.0
7f87c5d82000-7f87c5d83000 rw-p 00006000 00:21 296983                     /usr/lib/x86_64-linux-gnu/libXfixes.so.3.1.0
7f87c5dbe000-7f87c5dc2000 r--p 00000000 00:21 296376                     /usr/lib/x86_64-linux-gnu/libXext.so.6.4.0
7f87c5dc2000-7f87c5dce000 r-xp 00004000 00:21 296376                     /usr/lib/x86_64-linux-gnu/libXext.so.6.4.0
7f87c5dce000-7f87c5dd1000 r--p 00010000 00:21 296376                     /usr/lib/x86_64-linux-gnu/libXext.so.6.4.0
7f87c5dd1000-7f87c5dd2000 r--p 00012000 00:21 296376                     /usr/lib/x86_64-linux-gnu/libXext.so.6.4.0
7f87c5dd2000-7f87c5dd3000 rw-p 00013000 00:21 296376                     /usr/lib/x86_64-linux-gnu/libXext.so.6.4.0
7f87c5dd3000-7f87c5dd4000 r--p 00000000 00:21 288895                     /usr/lib/x86_64-linux-gnu/libXxf86vm.so.1.0.0
7f87c5dd4000-7f87c5dd7000 r-xp 00001000 00:21 288895                     /usr/lib/x86_64-linux-gnu/libXxf86vm.so.1.0.0
7f87c5dd7000-7f87c5dd8000 r--p 00004000 00:21 288895                     /usr/lib/x86_64-linux-gnu/libXxf86vm.so.1.0.0
7f87c5dd8000-7f87c5dd9000 r--p 00004000 00:21 288895                     /usr/lib/x86_64-linux-gnu/libXxf86vm.so.1.0.0
7f87c5dd9000-7f87c5dda000 rw-p 00005000 00:21 288895                     /usr/lib/x86_64-linux-gnu/libXxf86vm.so.1.0.0
7f87c5dda000-7f87c5de7000 r--p 00000000 00:21 289198                     /usr/lib/x86_64-linux-gnu/libxcb.so.1.1.0
7f87c5de7000-7f87c5dfa000 r-xp 0000d000 00:21 289198                     /usr/lib/x86_64-linux-gnu/libxcb.so.1.1.0
7f87c5dfa000-7f87c5e03000 r--p 00020000 00:21 289198                     /usr/lib/x86_64-linux-gnu/libxcb.so.1.1.0
7f87c5e03000-7f87c5e04000 ---p 00029000 00:21 289198                     /usr/lib/x86_64-linux-gnu/libxcb.so.1.1.0
7f87c5e04000-7f87c5e05000 r--p 00029000 00:21 289198                     /usr/lib/x86_64-linux-gnu/libxcb.so.1.1.0
7f87c5e05000-7f87c5e06000 rw-p 0002a000 00:21 289198                     /usr/lib/x86_64-linux-gnu/libxcb.so.1.1.0
7f87c5e06000-7f87c5e24000 r--p 00000000 00:21 298752                     /usr/lib/x86_64-linux-gnu/libX11.so.6.4.0
7f87c5e24000-7f87c5eb8000 r-xp 0001e000 00:21 298752                     /usr/lib/x86_64-linux-gnu/libX11.so.6.4.0
7f87c5eb8000-7f87c5f46000 r--p 000b2000 00:21 298752                     /usr/lib/x86_64-linux-gnu/libX11.so.6.4.0
7f87c5f46000-7f87c5f47000 ---p 00140000 00:21 298752                     /usr/lib/x86_64-linux-gnu/libX11.so.6.4.0
7f87c5f47000-7f87c5f4a000 r--p 00140000 00:21 298752                     /usr/lib/x86_64-linux-gnu/libX11.so.6.4.0
7f87c5f4a000-7f87c5f4e000 rw-p 00143000 00:21 298752                     /usr/lib/x86_64-linux-gnu/libX11.so.6.4.0
7f87c5f4e000-7f87c5fa5000 r-xp 00000000 00:39 389                        /tmp/lwjglsnoweuph/3.3.1-build-7/libglfw.so
7f87c5fa5000-7f87c61a4000 ---p 00057000 00:39 389                        /tmp/lwjglsnoweuph/3.3.1-build-7/libglfw.so
7f87c61a4000-7f87c61a7000 r--p 00056000 00:39 389                        /tmp/lwjglsnoweuph/3.3.1-build-7/libglfw.so
7f87c61a7000-7f87c61a9000 rw-p 00059000 00:39 389                        /tmp/lwjglsnoweuph/3.3.1-build-7/libglfw.so
7f87c61a9000-7f87c61cc000 rw-p 00000000 00:00 0 
7f87c62cd000-7f87c6338000 r-xp 00000000 00:39 388                        /tmp/lwjglsnoweuph/3.3.1-build-7/liblwjgl.so
7f87c6338000-7f87c6537000 ---p 0006b000 00:39 388                        /tmp/lwjglsnoweuph/3.3.1-build-7/liblwjgl.so
7f87c6537000-7f87c6538000 r--p 0006a000 00:39 388                        /tmp/lwjglsnoweuph/3.3.1-build-7/liblwjgl.so
7f87c6538000-7f87c6539000 rw-p 0006b000 00:39 388                        /tmp/lwjglsnoweuph/3.3.1-build-7/liblwjgl.so
7f87c6539000-7f87c6553000 r-xp 00000000 00:21 724469                     /home/snoweuph/.jdks/corretto-16.0.2/lib/libzip.so
7f87c6553000-7f87c6752000 ---p 0001a000 00:21 724469                     /home/snoweuph/.jdks/corretto-16.0.2/lib/libzip.so
7f87c6752000-7f87c6753000 r--p 00019000 00:21 724469                     /home/snoweuph/.jdks/corretto-16.0.2/lib/libzip.so
7f87c6753000-7f87c6754000 rw-p 00000000 00:00 0 
7f87c6754000-7f87c6768000 r-xp 00000000 00:21 724471                     /home/snoweuph/.jdks/corretto-16.0.2/lib/libnet.so
7f87c6768000-7f87c6968000 ---p 00014000 00:21 724471                     /home/snoweuph/.jdks/corretto-16.0.2/lib/libnet.so
7f87c6968000-7f87c6969000 r--p 00014000 00:21 724471                     /home/snoweuph/.jdks/corretto-16.0.2/lib/libnet.so
7f87c6969000-7f87c696a000 rw-p 00015000 00:21 724471                     /home/snoweuph/.jdks/corretto-16.0.2/lib/libnet.so
7f87c696a000-7f87c697c000 r-xp 00000000 00:21 724472                     /home/snoweuph/.jdks/corretto-16.0.2/lib/libnio.so
7f87c697c000-7f87c6b7b000 ---p 00012000 00:21 724472                     /home/snoweuph/.jdks/corretto-16.0.2/lib/libnio.so
7f87c6b7b000-7f87c6b7c000 r--p 00011000 00:21 724472                     /home/snoweuph/.jdks/corretto-16.0.2/lib/libnio.so
7f87c6b7c000-7f87c6b7d000 rw-p 00012000 00:21 724472                     /home/snoweuph/.jdks/corretto-16.0.2/lib/libnio.so
7f87c6b7d000-7f87c6b81000 ---p 00000000 00:00 0 
7f87c6b81000-7f87c6c7e000 rw-p 00000000 00:00 0 
7f87c6c7e000-7f87c6c7f000 ---p 00000000 00:00 0 
7f87c6c7f000-7f87c6d80000 rw-p 00000000 00:00 0 
7f87c6d80000-7f87c6d84000 ---p 00000000 00:00 0 
7f87c6d84000-7f87c6e81000 rw-p 00000000 00:00 0 
7f87c6e81000-7f87c6e85000 ---p 00000000 00:00 0 
7f87c6e85000-7f87c6f82000 rw-p 00000000 00:00 0 
7f87c6f82000-7f87c6f86000 ---p 00000000 00:00 0 
7f87c6f86000-7f87c7083000 rw-p 00000000 00:00 0 
7f87c7083000-7f87c7087000 ---p 00000000 00:00 0 
7f87c7087000-7f87c7184000 rw-p 00000000 00:00 0 
7f87c7184000-7f87c7188000 ---p 00000000 00:00 0 
7f87c7188000-7f87c7285000 rw-p 00000000 00:00 0 
7f87c7285000-7f87c7289000 ---p 00000000 00:00 0 
7f87c7289000-7f87c7386000 rw-p 00000000 00:00 0 
7f87c7386000-7f87c738a000 ---p 00000000 00:00 0 
7f87c738a000-7f87c7487000 rw-p 00000000 00:00 0 
7f87c7487000-7f87c76ff000 r--p 00000000 00:21 283765                     /usr/share/runtime/locale/de/lib/de_DE.utf8/LC_COLLATE
7f87c76ff000-7f87c7703000 ---p 00000000 00:00 0 
7f87c7703000-7f87c7950000 rw-p 00000000 00:00 0 
7f87c7950000-7f87c7c00000 ---p 00000000 00:00 0 
7f87c7c00000-7f87c7d20000 rw-p 00000000 00:00 0 
7f87c7d20000-7f87c7d60000 rw-p 00000000 00:00 0 
7f87c7d60000-7f87c7d80000 rw-p 00000000 00:00 0 
7f87c7d80000-7f87c8000000 ---p 00000000 00:00 0 
7f87c8000000-7f87c8021000 rw-p 00000000 00:00 0 
7f87c8021000-7f87cc000000 ---p 00000000 00:00 0 
7f87cc000000-7f87cc021000 rw-p 00000000 00:00 0 
7f87cc021000-7f87d0000000 ---p 00000000 00:00 0 
7f87d0000000-7f87d0021000 rw-p 00000000 00:00 0 
7f87d0021000-7f87d4000000 ---p 00000000 00:00 0 
7f87d4000000-7f87d4021000 rw-p 00000000 00:00 0 
7f87d4021000-7f87d8000000 ---p 00000000 00:00 0 
7f87d8000000-7f87d8021000 rw-p 00000000 00:00 0 
7f87d8021000-7f87dc000000 ---p 00000000 00:00 0 
7f87dc000000-7f87dc001000 r--p 00000000 00:21 284954                     /usr/lib/x86_64-linux-gnu/libXau.so.6.0.0
7f87dc001000-7f87dc003000 r-xp 00001000 00:21 284954                     /usr/lib/x86_64-linux-gnu/libXau.so.6.0.0
7f87dc003000-7f87dc004000 r--p 00003000 00:21 284954                     /usr/lib/x86_64-linux-gnu/libXau.so.6.0.0
7f87dc004000-7f87dc005000 r--p 00003000 00:21 284954                     /usr/lib/x86_64-linux-gnu/libXau.so.6.0.0
7f87dc005000-7f87dc006000 rw-p 00004000 00:21 284954                     /usr/lib/x86_64-linux-gnu/libXau.so.6.0.0
7f87dc006000-7f87dc037000 rw-p 00000000 00:00 0 
7f87dc037000-7f87dc08c000 r--p 00000000 00:21 283752                     /usr/share/runtime/locale/de/lib/de_DE.utf8/LC_CTYPE
7f87dc08c000-7f87dc090000 ---p 00000000 00:00 0 
7f87dc090000-7f87dc18d000 rw-p 00000000 00:00 0 
7f87dc18d000-7f87dc18e000 ---p 00000000 00:00 0 
7f87dc18e000-7f87dc3ac000 rw-p 00000000 00:00 0 
7f87dc3ac000-7f87dc3ad000 ---p 00000000 00:00 0 
7f87dc3ad000-7f87dc4ae000 rw-p 00000000 00:00 0 
7f87dc4ae000-7f87dc4af000 ---p 00000000 00:00 0 
7f87dc4af000-7f87dedb8000 rw-p 00000000 00:00 0 
7f87dedb8000-7f87dedb9000 ---p 00000000 00:00 0 
7f87dedb9000-7f87deeba000 rw-p 00000000 00:00 0 
7f87deeba000-7f87deebb000 ---p 00000000 00:00 0 
7f87deebb000-7f87defbc000 rw-p 00000000 00:00 0 
7f87defbc000-7f87defbd000 ---p 00000000 00:00 0 
7f87defbd000-7f87df527000 rw-p 00000000 00:00 0 
7f87df527000-7f87e2f3f000 ---p 00000000 00:00 0 
7f87e2f3f000-7f87e3337000 rw-p 00000000 00:00 0 
7f87e3337000-7f87e6d4f000 ---p 00000000 00:00 0 
7f87e6d4f000-7f87e6ddc000 rw-p 00000000 00:00 0 
7f87e6ddc000-7f87e751f000 ---p 00000000 00:00 0 
7f87e751f000-7f87e759e000 rw-p 00000000 00:00 0 
7f87e759e000-7f87e7ce1000 ---p 00000000 00:00 0 
7f87e7ce1000-7f87e7d60000 rw-p 00000000 00:00 0 
7f87e7d60000-7f87e84a3000 ---p 00000000 00:00 0 
7f87e84a3000-7f87e85a6000 rw-p 00000000 00:00 0 
7f87e85a6000-7f87e8816000 rwxp 00000000 00:00 0 
7f87e8816000-7f87e8b38000 ---p 00000000 00:00 0 
7f87e8b38000-7f87e8da8000 rwxp 00000000 00:00 0 
7f87e8da8000-7f87f006f000 ---p 00000000 00:00 0 
7f87f006f000-7f87f02df000 rwxp 00000000 00:00 0 
7f87f02df000-7f87f75a6000 ---p 00000000 00:00 0 
7f87f75a6000-7f8800000000 r--s 00000000 00:21 724451                     /home/snoweuph/.jdks/corretto-16.0.2/lib/modules
7f8800000000-7f88006df000 rw-p 00000000 00:00 0 
7f88006df000-7f8804000000 ---p 00000000 00:00 0 
7f880400f000-7f8804010000 rwxp 00000000 00:00 0 
7f8804012000-7f8804013000 rw-p 00000000 00:00 0 
7f8804013000-7f8804014000 r-xp 00053000 00:39 388                        /tmp/lwjglsnoweuph/3.3.1-build-7/liblwjgl.so
7f8804014000-7f8804015000 rw-p 00000000 00:00 0 
7f8804015000-7f8804016000 r--p 00000000 00:21 283945                     /usr/share/runtime/locale/de/lib/de_DE.utf8/LC_NUMERIC
7f8804016000-7f8804017000 r--p 00000000 00:21 283813                     /usr/share/runtime/locale/de/lib/de_DE.utf8/LC_TIME
7f8804017000-7f8804018000 r--p 00000000 00:21 283876                     /usr/share/runtime/locale/de/lib/de_DE.utf8/LC_MONETARY
7f8804018000-7f8804019000 r--p 00000000 00:21 283674                     /usr/share/runtime/locale/de/lib/de_DE.utf8/LC_MESSAGES/SYS_LC_MESSAGES
7f8804019000-7f880401a000 r--p 00000000 00:21 283895                     /usr/share/runtime/locale/de/lib/de_DE.utf8/LC_PAPER
7f880401a000-7f8804726000 rw-p 00000000 00:00 0 
7f8804726000-7f880480c000 ---p 00000000 00:00 0 
7f880480c000-7f8804811000 rw-p 00000000 00:00 0 
7f8804811000-7f88048f7000 ---p 00000000 00:00 0 
7f88048f7000-7f880491b000 r-xp 00000000 00:21 724468                     /home/snoweuph/.jdks/corretto-16.0.2/lib/libjava.so
7f880491b000-7f8804b1b000 ---p 00024000 00:21 724468                     /home/snoweuph/.jdks/corretto-16.0.2/lib/libjava.so
7f8804b1b000-7f8804b1c000 r--p 00024000 00:21 724468                     /home/snoweuph/.jdks/corretto-16.0.2/lib/libjava.so
7f8804b1c000-7f8804b1d000 rw-p 00025000 00:21 724468                     /home/snoweuph/.jdks/corretto-16.0.2/lib/libjava.so
7f8804b1d000-7f8804b1e000 rw-p 00000000 00:00 0 
7f8804b1e000-7f8804b21000 r--p 00000000 00:21 2248421                    /usr/lib/x86_64-linux-gnu/libnss_files-2.33.so
7f8804b21000-7f8804b28000 r-xp 00003000 00:21 2248421                    /usr/lib/x86_64-linux-gnu/libnss_files-2.33.so
7f8804b28000-7f8804b2a000 r--p 0000a000 00:21 2248421                    /usr/lib/x86_64-linux-gnu/libnss_files-2.33.so
7f8804b2a000-7f8804b2b000 r--p 0000b000 00:21 2248421                    /usr/lib/x86_64-linux-gnu/libnss_files-2.33.so
7f8804b2b000-7f8804b2c000 rw-p 0000c000 00:21 2248421                    /usr/lib/x86_64-linux-gnu/libnss_files-2.33.so
7f8804b2c000-7f8804b32000 rw-p 00000000 00:00 0 
7f8804b32000-7f8804b33000 r--p 00000000 00:21 284137                     /usr/share/runtime/locale/de/lib/de_DE.utf8/LC_NAME
7f8804b33000-7f8804b34000 r--p 00000000 00:21 283970                     /usr/share/runtime/locale/de/lib/de_DE.utf8/LC_ADDRESS
7f8804b34000-7f8804b39000 rw-p 00000000 00:00 0 
7f8804b39000-7f8804b40000 ---p 00000000 00:00 0 
7f8804b40000-7f8804b5b000 r-xp 00000000 00:21 724470                     /home/snoweuph/.jdks/corretto-16.0.2/lib/libjimage.so
7f8804b5b000-7f8804d5a000 ---p 0001b000 00:21 724470                     /home/snoweuph/.jdks/corretto-16.0.2/lib/libjimage.so
7f8804d5a000-7f8804d5c000 r--p 0001a000 00:21 724470                     /home/snoweuph/.jdks/corretto-16.0.2/lib/libjimage.so
7f8804d5c000-7f8804d5d000 rw-p 0001c000 00:21 724470                     /home/snoweuph/.jdks/corretto-16.0.2/lib/libjimage.so
7f8804d5d000-7f8804d5f000 r--p 00000000 00:21 2247724                    /usr/lib/x86_64-linux-gnu/librt-2.33.so
7f8804d5f000-7f8804d63000 r-xp 00002000 00:21 2247724                    /usr/lib/x86_64-linux-gnu/librt-2.33.so
7f8804d63000-7f8804d65000 r--p 00006000 00:21 2247724                    /usr/lib/x86_64-linux-gnu/librt-2.33.so
7f8804d65000-7f8804d66000 r--p 00007000 00:21 2247724                    /usr/lib/x86_64-linux-gnu/librt-2.33.so
7f8804d66000-7f8804d67000 rw-p 00008000 00:21 2247724                    /usr/lib/x86_64-linux-gnu/librt-2.33.so
7f8804d67000-7f8804d6b000 ---p 00000000 00:00 0 
7f8804d6b000-7f8804e68000 rw-p 00000000 00:00 0 
7f8804e68000-7f8804e75000 r--p 00000000 00:21 2246123                    /usr/lib/x86_64-linux-gnu/libm-2.33.so
7f8804e75000-7f8804f14000 r-xp 0000d000 00:21 2246123                    /usr/lib/x86_64-linux-gnu/libm-2.33.so
7f8804f14000-7f8804faf000 r--p 000ac000 00:21 2246123                    /usr/lib/x86_64-linux-gnu/libm-2.33.so
7f8804faf000-7f8804fb0000 r--p 00146000 00:21 2246123                    /usr/lib/x86_64-linux-gnu/libm-2.33.so
7f8804fb0000-7f8804fb1000 rw-p 00147000 00:21 2246123                    /usr/lib/x86_64-linux-gnu/libm-2.33.so
7f8804fb1000-7f880626d000 r-xp 00000000 00:21 724461                     /home/snoweuph/.jdks/corretto-16.0.2/lib/server/libjvm.so
7f880626d000-7f880646c000 ---p 012bc000 00:21 724461                     /home/snoweuph/.jdks/corretto-16.0.2/lib/server/libjvm.so
7f880646c000-7f8806521000 r--p 012bb000 00:21 724461                     /home/snoweuph/.jdks/corretto-16.0.2/lib/server/libjvm.so
7f8806521000-7f8806555000 rw-p 01370000 00:21 724461                     /home/snoweuph/.jdks/corretto-16.0.2/lib/server/libjvm.so
7f8806555000-7f88065b2000 rw-p 00000000 00:00 0 
7f88065b2000-7f88065d4000 r--p 00000000 00:21 2249850                    /usr/lib/x86_64-linux-gnu/libc-2.33.so
7f88065d4000-7f8806738000 r-xp 00022000 00:21 2249850                    /usr/lib/x86_64-linux-gnu/libc-2.33.so
7f8806738000-7f8806783000 r--p 00186000 00:21 2249850                    /usr/lib/x86_64-linux-gnu/libc-2.33.so
7f8806783000-7f8806787000 r--p 001d0000 00:21 2249850                    /usr/lib/x86_64-linux-gnu/libc-2.33.so
7f8806787000-7f8806789000 rw-p 001d4000 00:21 2249850                    /usr/lib/x86_64-linux-gnu/libc-2.33.so
7f8806789000-7f8806792000 rw-p 00000000 00:00 0 
7f8806792000-7f8806793000 r--p 00000000 00:21 2248554                    /usr/lib/x86_64-linux-gnu/libdl-2.33.so
7f8806793000-7f8806795000 r-xp 00001000 00:21 2248554                    /usr/lib/x86_64-linux-gnu/libdl-2.33.so
7f8806795000-7f8806796000 r--p 00003000 00:21 2248554                    /usr/lib/x86_64-linux-gnu/libdl-2.33.so
7f8806796000-7f8806797000 r--p 00003000 00:21 2248554                    /usr/lib/x86_64-linux-gnu/libdl-2.33.so
7f8806797000-7f8806798000 rw-p 00004000 00:21 2248554                    /usr/lib/x86_64-linux-gnu/libdl-2.33.so
7f8806798000-7f880679e000 r--p 00000000 00:21 2248972                    /usr/lib/x86_64-linux-gnu/libpthread-2.33.so
7f880679e000-7f88067ad000 r-xp 00006000 00:21 2248972                    /usr/lib/x86_64-linux-gnu/libpthread-2.33.so
7f88067ad000-7f88067b2000 r--p 00015000 00:21 2248972                    /usr/lib/x86_64-linux-gnu/libpthread-2.33.so
7f88067b2000-7f88067b3000 ---p 0001a000 00:21 2248972                    /usr/lib/x86_64-linux-gnu/libpthread-2.33.so
7f88067b3000-7f88067b4000 r--p 0001a000 00:21 2248972                    /usr/lib/x86_64-linux-gnu/libpthread-2.33.so
7f88067b4000-7f88067b5000 rw-p 0001b000 00:21 2248972                    /usr/lib/x86_64-linux-gnu/libpthread-2.33.so
7f88067b5000-7f88067b9000 rw-p 00000000 00:00 0 
7f88067b9000-7f88067ba000 r--p 00000000 00:21 284142                     /usr/share/runtime/locale/de/lib/de_DE.utf8/LC_TELEPHONE
7f88067ba000-7f88067bb000 r--p 00000000 00:21 283898                     /usr/share/runtime/locale/de/lib/de_DE.utf8/LC_MEASUREMENT
7f88067bb000-7f88067bc000 r--p 00000000 00:21 283698                     /usr/share/runtime/locale/de/lib/de_DE.utf8/LC_IDENTIFICATION
7f88067bc000-7f88067c4000 rw-s 00000000 00:39 2237                       /tmp/hsperfdata_snoweuph/8571
7f88067c4000-7f88067c5000 ---p 00000000 00:00 0 
7f88067c5000-7f88067c6000 r--p 00000000 00:00 0 
7f88067c6000-7f88067c7000 ---p 00000000 00:00 0 
7f88067c7000-7f88067e0000 r-xp 00000000 00:21 724466                     /home/snoweuph/.jdks/corretto-16.0.2/lib/libjli.so
7f88067e0000-7f88069df000 ---p 00019000 00:21 724466                     /home/snoweuph/.jdks/corretto-16.0.2/lib/libjli.so
7f88069df000-7f88069e0000 r--p 00018000 00:21 724466                     /home/snoweuph/.jdks/corretto-16.0.2/lib/libjli.so
7f88069e0000-7f88069e1000 rw-p 00019000 00:21 724466                     /home/snoweuph/.jdks/corretto-16.0.2/lib/libjli.so
7f88069e1000-7f88069e3000 rw-p 00000000 00:00 0 
7f88069e3000-7f88069e4000 r--p 00000000 00:21 2246395                    /usr/lib/x86_64-linux-gnu/ld-2.33.so
7f88069e4000-7f8806a0a000 r-xp 00001000 00:21 2246395                    /usr/lib/x86_64-linux-gnu/ld-2.33.so
7f8806a0a000-7f8806a13000 r--p 00027000 00:21 2246395                    /usr/lib/x86_64-linux-gnu/ld-2.33.so
7f8806a13000-7f8806a15000 r--p 0002f000 00:21 2246395                    /usr/lib/x86_64-linux-gnu/ld-2.33.so
7f8806a15000-7f8806a17000 rw-p 00031000 00:21 2246395                    /usr/lib/x86_64-linux-gnu/ld-2.33.so
7ffc44f06000-7ffc44f29000 rw-p 00000000 00:00 0                          [stack]
7ffc44fd5000-7ffc44fd9000 r--p 00000000 00:00 0                          [vvar]
7ffc44fd9000-7ffc44fdb000 r-xp 00000000 00:00 0                          [vdso]
ffffffffff600000-ffffffffff601000 --xp 00000000 00:00 0                  [vsyscall]


VM Arguments:
jvm_args: -Dfile.encoding=UTF-8 -Duser.country=DE -Duser.language=de -Duser.variant 
java_command: org.euph.Main
java_class_path (initial): /home/snoweuph/Git/GameEngine/GameEngine/build/classes/java/main:/home/snoweuph/Git/GameEngine/GameEngine/build/resources/main:/home/snoweuph/.gradle/caches/modules-2/files-2.1/org.lwjgl/lwjgl-assimp/3.3.1/312072f451794f25670aebb0160ce6ec88aff842/lwjgl-assimp-3.3.1.jar:/home/snoweuph/.gradle/caches/modules-2/files-2.1/org.lwjgl/lwjgl-assimp/3.3.1/79fdb4d7fc27bc61579eb3803c8c389b8e57af1f/lwjgl-assimp-3.3.1-natives-linux.jar:/home/snoweuph/.gradle/caches/modules-2/files-2.1/org.lwjgl/lwjgl-bgfx/3.3.1/4243b7d255d885980f10c36edfb678729493685e/lwjgl-bgfx-3.3.1.jar:/home/snoweuph/.gradle/caches/modules-2/files-2.1/org.lwjgl/lwjgl-bgfx/3.3.1/6ae3c5e24f748c6e4d0f2a724bfdbf9d5a7ec6b6/lwjgl-bgfx-3.3.1-natives-linux.jar:/home/snoweuph/.gradle/caches/modules-2/files-2.1/org.lwjgl/lwjgl-glfw/3.3.1/cbac1b8d30cb4795149c1ef540f912671a8616d0/lwjgl-glfw-3.3.1.jar:/home/snoweuph/.gradle/caches/modules-2/files-2.1/org.lwjgl/lwjgl-glfw/3.3.1/81716978214ecbda15050ca394b06ef61501a49e/lwjgl-glfw-3.3.1-natives-linux.jar:/home/snoweuph/.gradle/caches/modules-2/files-2.1/org.lwjgl/lwjgl-libdivide/3.3.1/ed21d21e4f3d508908ef1a23d885e73983f244ea/lwjgl-libdivide-3.3.1.jar:/home/snoweuph/.gradle/caches/modules-2/files-2.1/org.lwjgl/lwjgl-libdivide/3.3.1/c4312cccbfae5fea8f9e3f72b367c3a0af6b20a2/lwjgl-libdivide-3.3.1-natives-linux.jar:/home/snoweuph/.gradle/caches/modules-2/files-2.1/org.lwjgl/lwjgl-meshoptimizer/3.3.1/8cc3325a9bba8beba08190f909a6f0003d96ad8f/lwjgl-meshoptimizer-3.3.1.jar:/home/snoweuph/.gradle/caches/modules-2/files-2.1/org.lwjgl/lwjgl-meshoptimizer/3.3.1/b881a520004d291093c2540e2f398f4c2173e8a8/lwjgl-meshoptimizer-3.3.1-natives-linux.jar:/home/snoweuph/.gradle/caches/modules-2/files-2.1/org.lwjgl/lwjgl-nfd/3.3.1/622318116996ddcff449b46cb38f0fdee39b8ac3/lwjgl-nfd-3.3.1.jar:/home/snoweuph/.gradle/caches/modules-2/files-2.1/org.lwjgl/lwjgl-nfd/3.3.1/2e007667e04ed3281152ae5c6e677fb1c2211691/lwjgl-nfd-3.3.1-natives-linux.jar:/home/snoweuph/.gradle/caches/mo
Launcher Type: SUN_STANDARD

[Global flags]
     intx CICompilerCount                          = 4                                         {product} {ergonomic}
     uint ConcGCThreads                            = 2                                         {product} {ergonomic}
     uint G1ConcRefinementThreads                  = 8                                         {product} {ergonomic}
   size_t G1HeapRegionSize                         = 2097152                                   {product} {ergonomic}
    uintx GCDrainStackTargetSize                   = 64                                        {product} {ergonomic}
   size_t InitialHeapSize                          = 262144000                                 {product} {ergonomic}
   size_t MarkStackSize                            = 4194304                                   {product} {ergonomic}
   size_t MaxHeapSize                              = 4164943872                                {product} {ergonomic}
   size_t MaxNewSize                               = 2497708032                                {product} {ergonomic}
   size_t MinHeapDeltaBytes                        = 2097152                                   {product} {ergonomic}
   size_t MinHeapSize                              = 8388608                                   {product} {ergonomic}
    uintx NonNMethodCodeHeapSize                   = 5839372                                {pd product} {ergonomic}
    uintx NonProfiledCodeHeapSize                  = 122909434                              {pd product} {ergonomic}
    uintx ProfiledCodeHeapSize                     = 122909434                              {pd product} {ergonomic}
    uintx ReservedCodeCacheSize                    = 251658240                              {pd product} {ergonomic}
     bool SegmentedCodeCache                       = true                                      {product} {ergonomic}
   size_t SoftMaxHeapSize                          = 4164943872                             {manageable} {ergonomic}
     bool UseCompressedClassPointers               = true                           {product lp64_product} {ergonomic}
     bool UseCompressedOops                        = true                           {product lp64_product} {ergonomic}
     bool UseG1GC                                  = true                                      {product} {ergonomic}

Logging:
Log output configuration:
 #0: stdout all=warning uptime,level,tags
 #1: stderr all=off uptime,level,tags

Environment Variables:
PATH=/app/bin:/usr/bin
LD_LIBRARY_PATH=
SHELL=/bin/sh
DISPLAY=:99.0
LANG=de_DE.UTF-8

Signal Handlers:
SIGSEGV: [libjvm.so+0xf67e20], sa_mask[0]=11100100010111111101111111111110, sa_flags=SA_RESTART|SA_SIGINFO
SIGBUS: [libjvm.so+0xf67e20], sa_mask[0]=11100100010111111101111111111110, sa_flags=SA_RESTART|SA_SIGINFO
SIGFPE: [libjvm.so+0xf67e20], sa_mask[0]=11100100010111111101111111111110, sa_flags=SA_RESTART|SA_SIGINFO
SIGPIPE: [libjvm.so+0xe05b30], sa_mask[0]=11100100010111111101111111111110, sa_flags=SA_RESTART|SA_SIGINFO
SIGXFSZ: [libjvm.so+0xe05b30], sa_mask[0]=11100100010111111101111111111110, sa_flags=SA_RESTART|SA_SIGINFO
SIGILL: [libjvm.so+0xf67e20], sa_mask[0]=11100100010111111101111111111110, sa_flags=SA_RESTART|SA_SIGINFO
SIGUSR2: [libjvm.so+0xe05200], sa_mask[0]=00100000000000000000000000000000, sa_flags=SA_RESTART|SA_SIGINFO
SIGHUP: [libjvm.so+0xe05140], sa_mask[0]=11100100010111111101111111111110, sa_flags=SA_RESTART|SA_SIGINFO
SIGINT: [libjvm.so+0xe05140], sa_mask[0]=11100100010111111101111111111110, sa_flags=SA_RESTART|SA_SIGINFO
SIGTERM: [libjvm.so+0xe05140], sa_mask[0]=11100100010111111101111111111110, sa_flags=SA_RESTART|SA_SIGINFO
SIGQUIT: [libjvm.so+0xe05140], sa_mask[0]=11100100010111111101111111111110, sa_flags=SA_RESTART|SA_SIGINFO
SIGTRAP: [libjvm.so+0xf67e20], sa_mask[0]=11100100010111111101111111111110, sa_flags=SA_RESTART|SA_SIGINFO


---------------  S Y S T E M  ---------------

OS:
NAME=Freedesktop.org
VERSION="21.08.14 (Flatpak runtime)"
VERSION_ID=21.08.14
ID=org.freedesktop.platform
PRETTY_NAME="Freedesktop.org 21.08.14 (Flatpak runtime)"
BUG_REPORT_URL=https://gitlab.com/freedesktop-sdk/freedesktop-sdk/issues
uname: Linux 5.17.5-300.fc36.x86_64 #1 SMP PREEMPT Thu Apr 28 15:51:30 UTC 2022 x86_64
OS uptime: 0 days 2:28 hours
libc: glibc 2.33 NPTL 2.33 
rlimit (soft/hard): STACK 8192k/infinity , CORE infinity/infinity , NPROC 63055/63055 , NOFILE 1048576/1048576 , AS infinity/infinity , CPU infinity/infinity , DATA infinity/infinity , FSIZE infinity/infinity , MEMLOCK 8192k/8192k
load average: 5,38 6,10 5,67

/proc/meminfo:
MemTotal:       16262536 kB
MemFree:          761104 kB
MemAvailable:    6759288 kB
Buffers:           10248 kB
Cached:          6212252 kB
SwapCached:          280 kB
Active:          5319732 kB
Inactive:        8707880 kB
Active(anon):     941704 kB
Inactive(anon):  7000208 kB
Active(file):    4378028 kB
Inactive(file):  1707672 kB
Unevictable:        4852 kB
Mlocked:            4852 kB
SwapTotal:       8388604 kB
SwapFree:        8043004 kB
Dirty:              4960 kB
Writeback:           164 kB
AnonPages:       7809552 kB
Mapped:          1289100 kB
Shmem:            136796 kB
KReclaimable:     256060 kB
Slab:             593768 kB
SReclaimable:     256060 kB
SUnreclaim:       337708 kB
KernelStack:       31472 kB
PageTables:        72612 kB
NFS_Unstable:          0 kB
Bounce:                0 kB
WritebackTmp:          0 kB
CommitLimit:    16519872 kB
Committed_AS:   18135124 kB
VmallocTotal:   34359738367 kB
VmallocUsed:      209308 kB
VmallocChunk:          0 kB
Percpu:            47488 kB
HardwareCorrupted:     0 kB
AnonHugePages:    120832 kB
ShmemHugePages:        0 kB
ShmemPmdMapped:        0 kB
FileHugePages:         0 kB
FilePmdMapped:         0 kB
CmaTotal:              0 kB
CmaFree:               0 kB
HugePages_Total:       0
HugePages_Free:        0
HugePages_Rsvd:        0
HugePages_Surp:        0
Hugepagesize:       2048 kB
Hugetlb:               0 kB
DirectMap4k:     1945336 kB
DirectMap2M:    14655488 kB
DirectMap1G:     1048576 kB

/sys/kernel/mm/transparent_hugepage/enabled: <Not Available>
/sys/kernel/mm/transparent_hugepage/defrag (defrag/compaction efforts parameter): <Not Available>

Process Memory:
Virtual Size: 8188652K (peak: 8273676K)
Resident Set Size: 108940K (peak: 109272K) (anon: 36760K, file: 69124K, shmem: 3056K)
Swapped out: 0K
C-Heap outstanding allocations: 8833K

/proc/sys/kernel/threads-max (system-wide limit on the number of threads): 126110
/proc/sys/vm/max_map_count (maximum number of memory map areas a process may have): 65530
/proc/sys/kernel/pid_max (system-wide limit on number of process identifiers): 4194304

Steal ticks since vm start: 0
Steal ticks percentage since vm start:  0,000

CPU: total 8 (initial active 8) (8 cores per cpu, 2 threads per core) family 23 model 1 stepping 1 microcode 0x8001138, cx8, cmov, fxsr, ht, mmx, 3dnowpref, sse, sse2, sse3, ssse3, sse4a, sse4.1, sse4.2, popcnt, lzcnt, tsc, tscinvbit, avx, avx2, aes, clmul, bmi1, bmi2, adx, sha, fma, vzeroupper, clflush, clflushopt
CPU Model and flags from /proc/cpuinfo:
model name	: AMD Ryzen 5 1400 Quad-Core Processor
flags		: fpu vme de pse tsc msr pae mce cx8 apic sep mtrr pge mca cmov pat pse36 clflush mmx fxsr sse sse2 ht syscall nx mmxext fxsr_opt pdpe1gb rdtscp lm constant_tsc rep_good nopl nonstop_tsc cpuid extd_apicid aperfmperf rapl pni pclmulqdq monitor ssse3 fma cx16 sse4_1 sse4_2 movbe popcnt aes xsave avx f16c rdrand lahf_lm cmp_legacy svm extapic cr8_legacy abm sse4a misalignsse 3dnowprefetch osvw skinit wdt tce topoext perfctr_core perfctr_nb bpext perfctr_llc mwaitx cpb hw_pstate ssbd ibpb vmmcall fsgsbase bmi1 avx2 smep bmi2 rdseed adx smap clflushopt sha_ni xsaveopt xsavec xgetbv1 xsaves clzero irperf xsaveerptr arat npt lbrv svm_lock nrip_save tsc_scale vmcb_clean flushbyasid decodeassists pausefilter pfthreshold avic v_vmsave_vmload vgif overflow_recov succor smca sme sev

Online cpus: 0-7
Offline cpus: 8-31
BIOS frequency limitation: 2500000
Frequency switch latency (ns): 0
Available cpu frequencies: 2500000 2250000 1550000 
Current governor: schedutil
Core performance/turbo boost: 0

Memory: 4k page, physical 16262536k(761104k free), swap 8388604k(8043004k free)

vm_info: OpenJDK 64-Bit Server VM (16.0.2+7) for linux-amd64 JRE (16.0.2+7), built on Jul 22 2021 01:08:17 by "jenkins" with gcc 7.3.1 20180303 (Red Hat 7.3.1-5)

END.
